<?xml version="1.0"?>
<ZopeData>
  <record id="1" aka="AAAAAAAAAAE=">
    <pickle>
      <global name="File" module="OFS.Image"/>
    </pickle>
    <pickle>
      <dictionary>
        <item>
            <key> <string>__name__</string> </key>
            <value> <string>test-workbook9.xlsx</string> </value>
        </item>
        <item>
            <key> <string>content_type</string> </key>
            <value> <string>application/vnd.openxmlformats-officedocument.spreadsheetml.sheet</string> </value>
        </item>
        <item>
            <key> <string>precondition</string> </key>
            <value> <string></string> </value>
        </item>
        <item>
            <key> <string>title</string> </key>
            <value> <string></string> </value>
        </item>
      </dictionary>
    </pickle>
  </record>
</ZopeData>
