<?xml version="1.0"?>
<ZopeData>
  <record id="1" aka="AAAAAAAAAAE=">
    <pickle>
      <global name="File" module="OFS.Image"/>
    </pickle>
    <pickle>
      <dictionary>
        <item>
            <key> <string>_EtagSupport__etag</string> </key>
            <value> <string>ts44321548.3</string> </value>
        </item>
        <item>
            <key> <string>__name__</string> </key>
            <value> <string>test-workbook9.xlsx</string> </value>
        </item>
        <item>
            <key> <string>content_type</string> </key>
            <value> <string>application/vnd.openxmlformats-officedocument.spreadsheetml.sheet</string> </value>
        </item>
        <item>
            <key> <string>data</string> </key>
            <value>
              <persistent> <string encoding="base64">AAAAAAAAAAI=</string> </persistent>
            </value>
        </item>
        <item>
            <key> <string>precondition</string> </key>
            <value> <string></string> </value>
        </item>
        <item>
            <key> <string>size</string> </key>
            <value> <int>399903</int> </value>
        </item>
        <item>
            <key> <string>title</string> </key>
            <value> <string></string> </value>
        </item>
      </dictionary>
    </pickle>
  </record>
  <record id="2" aka="AAAAAAAAAAI=">
    <pickle>
      <global name="Pdata" module="OFS.Image"/>
    </pickle>
    <pickle>
      <dictionary>
        <item>
            <key> <string>data</string> </key>
            <value> <string encoding="base64">UEsDBBQABgAIAAAAIQA6P9G4rAEAAHMHAAATAAgCW0NvbnRlbnRfVHlwZXNdLnhtbCCiBAIooAAC
AAAAAAAAAAAAAAAAAAAAAAAAAAAAAAAAAAAAAAAAAAAAAAAAAAAAAAAAAAAAAAAAAAAAAAAAAAAA
AAAAAAAAAAAAAAAAAAAAAAAAAAAAAAAAAAAAAAAAAAAAAAAAAAAAAAAAAAAAAAAAAAAAAAAAAAAA
AAAAAAAAAAAAAAAAAAAAAAAAAAAAAAAAAAAAAAAAAAAAAAAAAAAAAAAAAAAAAAAAAAAAAAAAAAAA
AAAAAAAAAAAAAAAAAAAAAAAAAAAAAAAAAAAAAAAAAAAAAAAAAAAAAAAAAAAAAAAAAAAAAAAAAAAA
AAAAAAAAAAAAAAAAAAAAAAAAAAAAAAAAAAAAAAAAAAAAAAAAAAAAAAAAAAAAAAAAAAAAAAAAAAAA
AAAAAAAAAAAAAAAAAAAAAAAAAAAAAAAAAAAAAAAAAAAAAAAAAAAAAAAAAAAAAAAAAAAAAAAAAAAA
AAAAAAAAAAAAAAAAAAAAAAAAAAAAAAAAAAAAAAAAAAAAAAAAAAAAAAAAAAAAAAAAAAAAAAAAAAAA
AAAAAAAAAAAAAAAAAAAAAAAAAAAAAAAAAAAAAAAAAAAAAAAAAAAAAAAAAAAAAAAAAAAAAAAAAAAA
AAAAAAAAAAAAAAAAAAAAAAAAAAAAAAAAAAAAAAAAAAAAAAAAAAAAAAAAAAAAAAAAAAAAAAAAAADM
Vc1O8zAQvH8S7xD5ihoXkBD61JQDP0dAAh7A2NvE1LEt7wLt27NxS4WqtlFFJbgkceydmd2VZ0eX
s9YV75DQBl+Jk3IoCvA6GOvrSjw/3Q4uRIGkvFEueKjEHFBcjo/+jZ7mEbDgaI+VaIjifylRN9Aq
LEMEzzuTkFpFvEy1jEpPVQ3ydDg8lzp4Ak8D6jDEeHQNE/XmqLiZ8e+FkhfrRXG1ONdRVULF6KxW
xELluzdrJIMwmVgNJui3lqFLjAmUwQaAWlfGZJkxPQIRJ4ZCbuR8jVCvkdq2E503NsckcLgW0yN0
WYmSI3My2NiIx1yuLaq6ne2V2B73Gncnc89dT9ZA8aAS3amWSyxnTn6ENH0JYVru5t23A7kTZaus
/0p1B38+jDK/Tg4spMsvA++p4/SP6Dj7JR3EVxtkfv68JRmmpwFIcwd44GwXoH3MjUpgHolNoz64
gO/YPTpMUh+dBLn8+Hndl0A9vFo5fdXwVT1w8Ve4u/jZwR9SiMhDIsH+Ar7ctYseRAaCRBZW/rrJ
dFaMbNz7E67NHehGmAGzgVvmkTn+BAAA//8DAFBLAwQUAAYACAAAACEAtVUwI/UAAABMAgAACwAI
Al9yZWxzLy5yZWxzIKIEAiigAAIAAAAAAAAAAAAAAAAAAAAAAAAAAAAAAAAAAAAAAAAAAAAAAAAA
AAAAAAAAAAAAAAAAAAAAAAAAAAAAAAAAAAAAAAAAAAAAAAAAAAAAAAAAAAAAAAAAAAAAAAAAAAAA
AAAAAAAAAAAAAAAAAAAAAAAAAAAAAAAAAAAAAAAAAAAAAAAAAAAAAAAAAAAAAAAAAAAAAAAAAAAA
AAAAAAAAAAAAAAAAAAAAAAAAAAAAAAAAAAAAAAAAAAAAAAAAAAAAAAAAAAAAAAAAAAAAAAAAAAAA
AAAAAAAAAAAAAAAAAAAAAAAAAAAAAAAAAAAAAAAAAAAAAAAAAAAAAAAAAAAAAAAAAAAAAAAAAAAA
AAAAAAAAAAAAAAAAAAAAAAAAAAAAAAAAAAAAAAAAAAAAAAAAAAAAAAAAAAAAAAAAAAAAAAAAAAAA
AAAAAAAAAAAAAAAAAAAAAAAAAAAAAAAAAAAAAAAAAAAAAAAAAAAAAAAAAAAAAAAAAAAAAAAAAAAA
AAAAAAAAAAAAAAAAAAAAAAAAAAAAAAAAAAAAAAAAAAAAAAAAAAAAAAAAAAAAAAAAAAAAAAAAAAAA
AAAAAAAAAAAAAAAAAAAAAAAAAAAAAAAAAAAAAAAAAAAAAAAAAAAAAAAAAAAAAAAAAAAAAAAAAAAA
AAAAAAAAAAAAAAAAAAAAAAAAAIySz07DMAzG70i8Q+T76m5ICKGlu0xIuyFUHsAk7h+1jaMkQPf2
hAOCSmPb0fbnzz9b3u7maVQfHGIvTsO6KEGxM2J712p4rZ9WD6BiImdpFMcajhxhV93ebF94pJSb
Ytf7qLKLixq6lPwjYjQdTxQL8exypZEwUcphaNGTGahl3JTlPYa/HlAtPNXBaggHeweqPvo8+bK3
NE1veC/mfWKXToxAnhM7y3blQ2YLqc/bqJpCy0mDFfOc0xHJ+yJjA54m2lxP9P+2OHEiS4nQSODz
PN+Kc0Dr64Eun2ip+L3OPOKnhOFNZPhhwcUPVF8AAAD//wMAUEsDBBQABgAIAAAAIQD09Qc7GwEA
AFkEAAAaAAgBeGwvX3JlbHMvd29ya2Jvb2sueG1sLnJlbHMgogQBKKAAAQAAAAAAAAAAAAAAAAAA
AAAAAAAAAAAAAAAAAAAAAAAAAAAAAAAAAAAAAAAAAAAAAAAAAAAAAAAAAAAAAAAAAAAAAAAAAAAA
AAAAAAAAAAAAAAAAAAAAAAAAAAAAAAAAAAAAAAAAAAAAAAAAAAAAAAAAAAAAAAAAAAAAAAAAAAAA
AAAAAAAAAAAAAAAAAAAAAAAAAAAAAAAAAAAAAAAAAAAAAAAAAAAAAAAAAAAAAAAAAAAAAAAAAAAA
AAAAAAAAAAAAAAAAAAAAAAAAAAAAAAAAAAAAAAAAAAAAAAAAAAAAAAAAAAAAAAAAAAAAAAAAAAAA
AAAAAAAAAAAAAAAAAAC8lM9KxDAQxu+C7xDmbtN2dRXZdA+KsFddHyCk06Zsm5RM/NO3NxRJLSz1
UvYSmBnyfb9MMtntv7uWfaKjxhoBWZICQ6Ns2ZhawPvx5eYBGHlpStlagwIGJNgX11e7V2ylD5tI
Nz2xoGJIgPa+f+SclMZOUmJ7NKFSWddJH0JX816qk6yR52m65e6vBhQzTXYoBbhDuQF2HPrg/L+2
rapG4bNVHx0af8aCf1l3Io3og6h0NXoBMUV8rGySQAz8PMz9mjBKtupJy8ZMMDG1BJGvCRGPP0HE
1G9H8iWY7MIw2RLMdk0Y0tJh+eZdGAWaujNLL8HcrQrjhzZMXny1NMZL9rdr2vswzzi5jyEf13gf
fPYhFD8AAAD//wMAUEsDBBQABgAIAAAAIQAYh3CytgEAACsDAAAPAAAAeGwvd29ya2Jvb2sueG1s
jFJBbtswELwH6B9YIteEEmU7tWEpQJEWDVAUPTjxmRFXFhGKVEg6co7tN/KRPiP5UZdyLdtBDj1x
l8TMzsxyfrlpNHkE55U1OU3PE0rAlFYqs8rpzeLr2SdKfBBGCm0N5PQJPL0sPpzMO+vu76y9J0hg
fE7rENoZY76soRH+3LZg8KWyrhEBW7divnUgpK8BQqMZT5IJa4QydMswc//DYatKlXBly3UDJmxJ
HGgRUL6vVetpMa+UhtutIyLa9odoUPdGU6KFD1+kCiBzOsbWdnB04dbt57XS+DrNkoyyYjD50xEp
AqTTZIQhUSKhEmsdFuh1Nwrv+YjzSYTFXG4VdH7PEFuyWSojbZfTbII5P+26FMV0/ctSyVDnlCfT
8XD3DdSqDqjpgiNIlEE9wkLcRR04ih3M6qPFmf1JTO/75fnlz+uv198c1xiTv0Z3WLuZwsJdy57k
PQC6HABYDwAep74HyA4AsQ4YGK5USQm44wHf58p6ApSKQSoDMu7ouPsn/6EDWuw8pB9Pv5/yOTsA
HTHsMcLLN7DsDeyQBCeXQpe45HjEhNLReMK3+e7+efEXAAD//wMAUEsDBBQABgAIAAAAIQBkAb2B
swYAANobAAATAAAAeGwvdGhlbWUvdGhlbWUxLnhtbOxZz24bRRi/I/EOo72X2ImdxlGdKnbsBtq0
UewW9Thej71Tz+6sZsZJfavSIxIIURAXJODCAQGRWsQlfQf3GQJFUKS+At/M7K534g1J2ggENId4
d/b3/f8z3+xeuXo/ZGiXCEl5VPfK75Q8RCKf92k0rHu3u+1LKx6SCkd9zHhE6t6ESO/q2ttvXcGr
KiAhQUAfyVVc9wKl4tWFBenDMpbv8JhE8GzARYgV3IrhQl/gPeAbsoXFUml5IcQ08lCEQ2A7/Xr6
4/RweoBuDQbUJ95ayr/FQEikpF7wmeho7iQl+urZ/vRg+nT6ZHrw7AFcP4Xfjwxtf1TWFHIim0yg
XczqHoju870uua88xLBU8KDulcyft7B2ZQGvJkRMnUCbo2ubv4QuIeiPFo1MMexlQsvtSu3yRsbf
AJiax7VarWarnPEzAOz7YLnVJc+z0l4pN1KeOZC9nOfdLFVLFRef4780p3Ot0WhUa4kulqkB2cvK
HH6ltFxZX3TwBmTx1Tl8pbHebC47eAOy+OU5fPtybbni4g0oYDQazaF1QNvthHsGGXC2WQhfAfhK
KYHPUJANWbZpEQMeqbPmXojvcdEGAk3IsKIRUpOYDLAPid7EYU9QrAXiVYJzT+ySL+eWtGwkfUFj
VffeizEUzYzfy8PvXh4+Ri8PD472nxzt/3T08OHR/g+Wl0O4iaNhnvDFNx//8cUD9PvjL188+rQY
L/P4X77/4OennxQDoaJmGj3/7ODXJwfPP//wt28fFcDXBe7l4V0aEolukj20w0OwzTjG1Zz0xPko
ugGmDgUOgHcB65YKHODNCWZFuAZxnXdHQDMpAl4b33N07QRirGiB5OtB6AC3OGcNLgodcF3Lynm4
O46GxcLFOI/bwXi3SHYTR05oW+MYumqalI7vmwFx1NxmOFJ4SCKikH7GR4QUWHeXUsevW9QXXPKB
QncpamBa6JIu7TmJNCPapCHEZVJkM4Ta8c3WHdTgrMjqDbLrIqEgMCtQvkuY48ZreKxwWMSyi0OW
d/gNrIIiJTsT4edxLakg0kPCOGr1iZRFNLcE2JsL+nUM/asw7FtsErpIoeioiOcNzHkeucFHzQCH
cRG2Q6Mgj31XjiBFMdrmqgi+xd0K0fcQBxydGO47lDjhPr0R3KZDR6VZgugnY1EQy2uEO/nbmbAB
JqbLQIt3OnVIo79q24xC37YS3rTturcOm1hR8Wwea9Yn4f6FLXoDj6NtAlUxv0W96dBvOrT3n+/Q
J9XyxfflWSuGLq0HEjt7m0k8PPMgPqCMddSEkRvSzOISNqR+GxY1H3NOJdlBLQ7gUlc2CHRwQ4EN
DRJcvU9V0AlwDHN82dNMhjJhPZQo5hLOk2a5kLfGw1lA2dNoVZ9TbCeRWG3xvl1e0svpcSRjY7Qa
mjNwKmhJMzirsKXLCVOw7VWElbVSZ5ZWNqqZJulIy0zWLjbneHB5ZhosZt6ESQfBfAReXoY3BVo0
nH8wI33tdxujNCwmChcZIhngPklipO2ej1HZBCnNlTlDtB02GfTZ8hSv5aTVNNvXkHaWIOXFVU4Q
l0bvdaKUZvAsSsDteDmyKF+cLEJ7da9WXax6yMdx3RvA0RkuwxiiLvVwidkQXlH5Sti0P7WYTZXP
ollLDXOLoAxvR6zf5wx2+kAspNrAMrCpYR4lKcAiLcnqv1gFt16UAQXd6GxaLK1AMvxjWoAf3dCS
wYD4Kh/s3Ir2nb1NWikfKyI6QX8P9dhY7GAIv05VsKdPJbwBMR1B38DrO+1t88htzknR5V+aGZxd
xywOcNJudYmmlWzhpiFlOpi7nHpgW6Huxrjzm2JK/oJMyafx/8wUvZ/AK4mlvo6ADy+UBUa6Uuoe
Fyrg0IXigPptAYOE6R2QLfAKGB5DUsFrbfMryK7+tTVneZiyhpOl2qFDJCjsRyoQhGxDWzLZdwqz
crJ3WZYsYWQyKqeujK3aPbJLWFf3wGW9t3sogFQ33SRpAwZ3PP/c+6SCekM95OTrzelk2d5ra+Dv
nnxsMYNRbh82A03q/0zFbDyY7aqW3pCne2/eEP1gNmZV0qoAYbmtoJaU/SuqcM6t1nasOYsXq6ly
EMV5i2ExG4hieLGE9D/Y/6jwmf1AojfULt+B3org+4ZmBmkDWX3JDh5IN0i72IPByS7aZNKsrGuT
0Ul7Ld2sL3jSzeQec7bW7CzxPqezs+HMFefU4kU6O/Gw42u7dqKrIbLHSxSWBunBxgTGfFzLf/zi
vXsQ6A34jDBmSppkgk9ZAsMM3TF1AMVvJRrStT8BAAD//wMAUEsDBBQABgAIAAAAIQB+wYrlYAEA
AHQCAAAYAAAAeGwvd29ya3NoZWV0cy9zaGVldDMueG1sjJLBasMwDIbvg72D8b1x2q3bGpKUQSnr
YTDGtrvjKIlpbAXbXdu3n5KQMuilNwlJn3/9cro+mZb9gvMabcbnUcwZWIWltnXGv7+2sxfOfJC2
lC1ayPgZPF/n93fpEd3eNwCBEcH6jDchdIkQXjVgpI+wA0uVCp2RgVJXC985kOUwZFqxiOMnYaS2
fCQk7hYGVpVWsEF1MGDDCHHQykD6faM7P9GMugVnpNsfuplC0xGi0K0O5wHKmVHJrrboZNHS3qf5
o1QTe0iu8EYrhx6rEBFOjEKvd16JlSBSnpaaNuhtZw6qjL/OucjTwZwfDUf/L2a91wXivi/syozH
fau46t0OXn84VkIlD234xOMb6LoJdNglae9XSMrzBrwi7wgTLZaXRzcySKJ2soZ36WptPWuhGrqe
OXMjJo4oDtj1s8+ELDAENFPW0HWBrhhHD5xViGFKerWX/5L/AQAA//8DAFBLAwQUAAYACAAAACEA
j6rCjvIDAAD0CQAAGAAAAHhsL3dvcmtzaGVldHMvc2hlZXQyLnhtbKRWzXLbNhC+d6bvwPLUHkKK
1I9ljaRMXY/H1iiZ1LLbM0SCIkYkwQKQZOXWvkZfpI+RvFE+ABRF0mqamV4k8CP2291vF1hO377k
mbOnQjJezNzA67kOLSIes2Izc5+f7t6MXUcqUsQk4wWduUcq3bfz77+bHrjYypRS5YChkDM3Vaqc
+L6MUpoT6fGSFniTcJEThUex8WUpKImNUZ75Ya838nPCCtcyTMS3cPAkYRG95dEup4WyJIJmRCF+
mbJSntjy6FvociK2u/JNxPMSFGuWMXU0pK6TR5OHTcEFWWfI+yUYkOjEbR5e0ecsElzyRHmg822g
r3O+9q99MM2nMUMGWnZH0GTm3oST57Hrz6dGn98YPcjG2lFkvaIZjRSNUSbX0fKvOd/qjQ+AemCU
ZoNmJJFie/oLzbKZ+76PCv5hfGAJB37tobk+ebszBfsgnJgmZJepR364p2yTKrgdQgCtwyQ+3lIZ
oQBw7IVDzRrxDBT4dXKGTkLb5OTF/B9YrNKZe+060U4qnv9un4PKyu4P0HjGQC8qi2DgDa96/QAO
vmqK19YUi8oUJCmLY6p7+uvGo5MxFie/PW88HA5G46v/cHx1ssWisg1dZ02lumNar0uefSuUqcEt
UWQ+FfzgoPdhKUuiT1I4CWGqFQ/HXh1CXYV/KwLU1zw3IVphPw+m/h71jSr0VtPrkHSp9LY7Cwxq
4N4CSAWOpeHotTkWFYfutVcOlhfdvtdoMl89v/txGU6Ww5+mfmKMO9S/XrR+rBxCgzqmfjumVbVl
VOfx9Ap5biI+5K4110ejqfnl7j4Ji911GJ347zWT7vYLyizsuyAwL8N2/Mv+JdScWVSrWYxO4o8V
a1ObQZt7VW1paNNEWkoMOkro7uv3PX0CLogyRNC22WBXa9JtOc2p+7puOQvY60L34L0FcDPUHB15
FnZHYNujI8FyYLTroKvKpJF1E2lljexa9be3nMlapSza3nAEhrN4QQJdNyPBQpNgly1kpwRLrdR+
fkZb7nHl/G/3t5oEtTqrbIFz+gsLBFatYbtHliMT4BltBaiHf/N8NO7UC5LYQWDHi73acio2ZgxJ
J+I7PS50IWvUTr4VJp9pki7enzyZ68mvX2DCpMeSiowV2+baEunrQkxYPHPFQ4yqKc4zxUrUJjTy
1KbVdhyGjEfm02Hmfvr70z+f//z8V/DDzzCNmSwzcuzAenjWJPBfkg19R8SGFdLJaIL0eh6OrLDj
0qwVh3+s0CRrrjD9Tk8pPoUozkDPQxgJ5+r0ACead0XVrnRKgmxX7CO+QHBKuGCYuVXAJRdKEKYa
ORsVY0EO+Ho7K2GHfv29Nv8CAAD//wMAUEsDBBQABgAIAAAAIQA+9ctuAQEAAG8CAAAjAAAAeGwv
d29ya3NoZWV0cy9fcmVscy9zaGVldDIueG1sLnJlbHOsksFOwzAMhu9IvEPkO0k7JITQ0l0G0g5c
YDxAaNw2WutESUbXt8dCTNBpiMtutn/l92c7y9Vh6MUHxuQ8aShlAQKp9tZRq+Ft+3RzDyJlQ9b0
nlDDhAlW1fXV8gV7k/lR6lxIgl0oaehyDg9KpbrDwSTpAxIrjY+DyZzGVgVT70yLalEUdyr+9oBq
5ik2VkPc2FsQ2ylw5/+9fdO4Gte+3g9I+UwLZaMZeTK2NLHFrEHKYy0dg1IyMqjzNItL0oToKGN8
xZwZKs2oTjR1kpfy3dFfkOUlITtefuwd7X7wvi8xjqOcjIx7dZSeveVDPR54KDJfO1Szb1J9AgAA
//8DAFBLAwQUAAYACAAAACEA46f/a8oAAACsAQAAIwAAAHhsL2RyYXdpbmdzL19yZWxzL2RyYXdp
bmcxLnhtbC5yZWxzvJDLagMxDEX3gfyD0T7WzCxKCPFkUwrZlvQDhK3xOB0/sN3S/H1Nskkg0F2X
krjnHrQ//PhFfHMuLgYFvexAcNDRuGAVfJzeNlsQpVIwtMTACi5c4DCuV/t3Xqi2UJldKqJRQlEw
15p2iEXP7KnImDi0yxSzp9rGbDGR/iTLOHTdC+Z7BowPTHE0CvLRDCBOl9Sa/2bHaXKaX6P+8hzq
kwp0vnU3IGXLVYGU6Nk4uu0HeU4W8LlG/28afdPgqwc+/Hj8BQAA//8DAFBLAwQKAAAAAAAAACEA
9J7n8Hk2AAB5NgAAEwAAAHhsL21lZGlhL2ltYWdlMi5qcGf/2P/gABBKRklGAAEBAQBgAGAAAP/b
AEMABQMEBAQDBQQEBAUFBQYHDAgHBwcHDwsLCQwRDxISEQ8RERMWHBcTFBoVEREYIRgaHR0fHx8T
FyIkIh4kHB4fHv/bAEMBBQUFBwYHDggIDh4UERQeHh4eHh4eHh4eHh4eHh4eHh4eHh4eHh4eHh4e
Hh4eHh4eHh4eHh4eHh4eHh4eHh4eHv/AABEIAlgAoAMBIgACEQEDEQH/xAAfAAABBQEBAQEBAQAA
AAAAAAAAAQIDBAUGBwgJCgv/xAC1EAACAQMDAgQDBQUEBAAAAX0BAgMABBEFEiExQQYTUWEHInEU
MoGRoQgjQrHBFVLR8CQzYnKCCQoWFxgZGiUmJygpKjQ1Njc4OTpDREVGR0hJSlNUVVZXWFlaY2Rl
ZmdoaWpzdHV2d3h5eoOEhYaHiImKkpOUlZaXmJmaoqOkpaanqKmqsrO0tba3uLm6wsPExcbHyMnK
0tPU1dbX2Nna4eLj5OXm5+jp6vHy8/T19vf4+fr/xAAfAQADAQEBAQEBAQEBAAAAAAAAAQIDBAUG
BwgJCgv/xAC1EQACAQIEBAMEBwUEBAABAncAAQIDEQQFITEGEkFRB2FxEyIygQgUQpGhscEJIzNS
8BVictEKFiQ04SXxFxgZGiYnKCkqNTY3ODk6Q0RFRkdISUpTVFVWV1hZWmNkZWZnaGlqc3R1dnd4
eXqCg4SFhoeIiYqSk5SVlpeYmZqio6Slpqeoqaqys7S1tre4ubrCw8TFxsfIycrS09TV1tfY2dri
4+Tl5ufo6ery8/T19vf4+fr/2gAMAwEAAhEDEQA/AOW8F+GPDVx4O0Wefw9pMssmnwPI72UbM7GN
SSSVyST3rX/4RLwr/wBC1ov/AIAx/wDxNHgP/kR9B/7Btt/6KWtqulJNHzFWrPnevUxf+ES8K/8A
QtaL/wCAMf8A8TR/wiXhX/oWtF/8AY//AImtqinyoz9rU/mZi/8ACJeFf+ha0X/wBj/+Jo/4RLwr
/wBC1ov/AIAx/wDxNbVFHKg9rU/mZi/8Il4V/wCha0X/AMAY/wD4mj/hEvCv/QtaL/4Ax/8AxNbV
FHKg9rU/mZi/8Il4V/6FrRf/AABj/wDiaP8AhEvCv/QtaL/4Ax//ABNbVFHKg9rU/mZi/wDCJeFf
+ha0X/wBj/8AiaP+ES8K/wDQtaL/AOAMf/xNbVFHKg9rU/mZi/8ACJeFf+ha0X/wBj/+Jo/4RLwr
/wBC1ov/AIAx/wDxNbVFHKg9rU/mZi/8Il4V/wCha0X/AMAY/wD4mj/hEvCv/QtaL/4Ax/8AxNbV
FHKg9rU/mZi/8Il4V/6FrRf/AABj/wDiaP8AhEvCv/QtaL/4Ax//ABNbVFHKg9rU/mZi/wDCJeFf
+ha0X/wBj/8AiayPGnhjw1b+Dtang8PaTFLHp87xullGrIwjYgghcgg967GsXx5/yI+vf9g25/8A
RTUmkkaUqs+dah4D/wCRH0H/ALBtt/6KWtqvMPEWsano3wy8JzaXePaySWsCOygHK+QDjkGuP/4T
nxd/0Hbj/vhP/iannUdDqWBnWbmmt3+Z7/RXgH/Cc+Lv+g7cf98J/wDE0f8ACc+Lv+g7cf8AfCf/
ABNHtUP+y6n8y/H/ACPf6K8d+H/izxHqPjHT7K91aae3ldg6MqANhGPYeor7G+EHhDw3rfg9b7VN
Kiurn7RIu9mYHAxgcGn7RWuZPAzVRU7q9rnjdFfRmpfDLwfdWbwQaWLORh8s0TtuQ9jySD9K8IXR
bmPxcnh+cZmF6ts+O/z4yPw5pxmmZ18JOja/UyqK+kpvhx4MaF1j0KBGZSFbe/ynsfvV4Z4H023u
vHWn6VqUAmha4aKaNsjdgNwcc9RSU0x1cHOlKKb3MCivXvjN4T8PaF4Whu9J0uK1na7SMurMSVKs
SOSfQV5v4M05NW8V6Zp0ib4p7lVkX1Qct+gNNSTVzOrQlTqeze5k0V9Fax8OPCTaTeC00SGK4MD+
U4dyVfadp6+uK8d+FOmWWseN7TT9TtVuLd45C8bEgEhCR096SmmrmlXBzpzjFtanL0V9Kn4ceCj/
AMwCD/v4/wD8VXkvxb8EReF7iG900u2nXJKBWOTFJjO3PcEZI+hoU02VWwNSlHmdmjhKK9813wL4
St/BV9fw6JAlzHp0kqOHfKuIyQevrVX4a+CvC+q+B9M1DUNHhnupkYySM7gsQ7DsfQUvaKxX1Cpz
8t1tc8NrF8ef8iPr3/YNuf8A0U1e6fD/AMFaRJ4y8SaPrGnpdR2Lp9nDlhhGJIPB7rtrz79p3R9N
0O21ux0q0S1tzoUshRSSNxSUE8k+g/KhyvoTHDThy1H3t+J4R47/AOSWeD/+veD/ANJxUPwo0Cz8
QRywXXh+bUVTULSOWeBJmeKCQt5p+Q4G0KCCfU/hN47/AOSWeD/+veD/ANJxT/hzaafeeCWtdV1+
Xw/Y3Pie0hur9Nx8qP7POckAjv3PA6ngVlPc9nCfA/V/ma2m/D21Gj2jT+DfFM90sCSMZrOSIyyP
O0TJIq7guxCko2nJCkHg8bM/ws0S5iup49J1OzV4p7a3EljdR+XMJJPLmZcP8oRIxliFbfnir/h/
4WeCPELasdE+PN1dppVrJeXhGnT/ALqBDy5JcBgP9nOe1VvDuheCdK8UeFtQ8NfGCfxPqD67BEbH
7NNEGiIJLYY9vU8HOOtI6jyj4XZ/4T7SgRgh3yP+2bV9/fAP/kQx/wBfUn9K+A/hl/yULTf+usn/
AKA9ffnwD/5EMf8AX1J/Sn9k4Zf72v8AD+p0nhpNaTUNZ/tRmNu16TYhmBIh2j06DOcA+9ea2tlF
f/tD3GwZjt5PPb2ZYlH/AKERXZeKPiR4c0Rrq1M8lzf25KG2SNh8+OhYjAHvXJfAcXGq+Jde8Q3e
DLIFViOm52LHH02iqV0mzOrKE6kKUXfW/wBx64LiI3r2m798sayEeikkD9Qa8Kgsv7O+PyW+3arX
7SoPZ0Lf1Ne0x6WqeIZtYFxKWltktzEcbAFYsCO+fmNeeeMbEQfHHw3eqMLdrgn1ZA4P6FaUXYvF
wclFvpJFz9oX/kTLf/r+T/0Fq4T4DWX2nx4twRkWltJJ9CfkH/oRr0r406PqWteFYLXSrN7qZbtH
KoQCF2sM8/UVifAPRbnTX1uS/t2guUlS2KtjK4G4jI/3lqk/cMKtJyxkXbQ9OiuYpLqa2RsyQhS4
9N2cfyrw34fWP9m/HGWwAwsEt0F/3SpK/oRXs9lpi22t6hqQuJXa9EYaNsbU2AgY785NefS2P2T9
oa3mC4W7s2mHufLZT+q1MepviYtuEn0kb3xL8UXfhi50OW3EbQXF2Y7lGXJZMDoexGc0nxstVufh
1qLEZa3KSr7EOB/ImoPix4d1HxFLoNvYw7kivC9xISAI0wMk/l2qz8ablLf4camGIDTbI19yXB/k
DQug6vNarfa36Gl4m/5JxqX/AGCpf/RRqn8H/wDkm2kf9c3/APQ2q54m/wCScal/2Cpf/RRqj8IM
/wDCtNJwcHy35/4G1LoWv46/w/qjXt9JFv4tu9WjAAu7SOOT/eRjg/kw/Kvn79rr/W65/wBi+/8A
6BLX0L4V1RdZ8P2mpADdKhDgdnUlWH5g189ftdf63XP+xff/ANAlpx3Znibezi49Wj558d/8ks8H
/wDXvB/6TisrS0a5+DmuxwAu9nrdndzqOqQtFNEH+m9lU+hYetavjv8A5JZ4P/694P8A0nFcn4Q8
Q3vhnWV1C0jguI3jaC6tLhd0N3C334pF7qR+IIBGCBSnua4T4H6v8z0z9mP/AI8Pib/2Jt3XEfBS
J5Pij4dkVfkt7kXMz9o4o1LyOT2AVSSfau68AXX9mLr178M7jQ5bLXdOksdR0/XrmOG40qNvvMHc
gTRDJ+Zck8blyBnjNW1jRfDmg3XhnwjOb64vUEera2UKfaIwc/Z7dTykOQNzHDSYHAUYMnUUvhgQ
3xA0xl6GWQj/AL4avuz4J61o1h4KW3vtWsLWX7TI2ya4RGwcYOCa+BfBDainimxbSI4JL4M3kpMc
ITsbOfwzXrdpF8V712Wz0LS7llG5hDvkKj1ODwK0jqjzsQ3Cuppra2rt1PS/iDPDc+NtXuLeaOaJ
7lmR0YMrD1BHWvTvgdqGiaT4TlN9q2n2tzcXTO0ctyiMFACjgnPY18wef8TAcHTdDBHbzT/jSfaP
iX/0DdC/7+n/ABq3qrHBRvTqupeP3n1Hp/xMml+I0mkzz6cmiCV0S4zjgKSG37tuCR+taPjHVNBu
/EnhfUYNa0yT7HfOJSt1GdiNG3J54GVHPuK+TPtHxL/6B2h/9/T/AI0LN8TGYKul6IzHgBZCSf1p
cqN1XqNNScXrfc+3v+Ep8Nf9DBpP/gZH/jVDR9a8M2RvXPiHSd1zdPOf9Mj74A7+iivi/wA/4l/9
A3Qv+/h/xo8/4lf9A3Qv+/p/xqeRGrxc27+7959ReF/iZLfeN7rTtSuNOt9JUyiCdjsztb5SXLY5
Famuar4fk+IXh3V4tb0xkiiuYZmF1GQgKZXJzxzkfjXyfaL8Vbx2jtNE0q5dV3MsRdyB3JAPSmQn
4ozyiKDSNGlkOfkRmYnHXgGqsjKNapy2k09b7n24fFPhkAk+IdKwOf8Aj8j/AMa8Z+MvjW28Qyw6
VpUhksLdjI8uCBLJjAwPQDP1Jrwln+J6xJK2k6Ksb52OXYBsdcHPOKb5/wATdu7+zNE25xnzDjPp
1ojFJhXrVKseW8V8z7A8Q+IdBk8B6hbR65przNpskaxrdIWLeURgDOc57VT+Fmv6HZ/D7Sra71nT
redI3DRyXKKy/O3UE5FfJX2j4l/9A3Qv+/p/xoNx8Sup07Qv+/p/xpcug/rE+fnvHa259OfBTxPp
1pYanpmpaja2qxXbS27TzKgZXJyASecEZ/4FXnH7VN9Zagmt3Fhd291F/YEi74ZA652S5GRxnkV5
bM/xQhfy5tJ0aNwAdjuynB5HBNTaw+sv8N9fOuw2sV39husLbnKbPKOPx607K9zJ1JKEKbadmtmc
h41hmn+F3hBYIZZWFvASEQtj9wPSuA+wX/8Az43XP/TFv8K+gfAZx4H0HH/QNtv/AEUtbOT60clx
wx7o3hy31f5nzKdPvmxmwuj/ANsG/wAKBYX/ABixuv8Avy3+FfTWT60ZPrS9kX/ar/l/H/gHhHwy
tLuLx1pcktpcIgd8s8TAD923fFfV/hC5abwmun6Zr9tomoR6l9ouHmn8rzIdoAIb+Lac/L71w+T6
02rULKxyVsY6k+e3Sx6Xa/8ACLz2M897d6VfF5bxtSu7hfLupG/5YtAo6Annj8anguPB6Tx2503Q
GjS4sozIyAlo5I8zMTnnaeM/w/WvLaKfKQsVb7KPUrnTvDVp4bSWeDR1tpbOd0lLZu5JVmZYTH6r
gYPqOtW9LHhXR/EsF/b3WihJdVJt2jkDeVbtbsBn+78/r0NeUSzzSxxRyzO6QrsiVmJEa5zgegzU
NLlH9ZSaajsepPB4M/sOzEqaQZzLCJ2SRQwl8/8Aejrkx7c8Y27cHNLp8nhC/h1lLi00Cx2XEsVv
KoXiJVOxtpIJycfMhyTjPFeW4pKfKH1m32UeifBy+03Tvt811eW8U7yRKUnnESrGDuMoyPmZWA+X
PIqDQZ7DQvilNdW+qwXNtHHNJFdSONrs0RIyRgZLHGPwrgqKOUhYhqMVbZ3PXEvPBmpJpLFrRVe2
vLiO0nZSkFzI0ZKMCQMZD7d2BUc954U+ynT4o9JOmDWSssbMGZEkhC+bGc8hXJ5HQDFeT0Ucpp9b
b+yj1aeP4cw3VhGn2OWOW4FtKWbhBCrjzGI6LI+zJ7j8apajL4astNvbqSx8PXGsR6fHut7cb7bz
jKR8i5wTsOTj2rzaijlJeKvtFHrmqT+Eb7V9MumbSrlkZE1D7TIAZD9mAj2tyNgIwRwNw54ry34/
RaXFpniBdIktWt20eVmW2UKiP5Lbl+UlcjjO3jmqtY/jv/kR9e/7Btx/6Kak42RSr+0klbqmHgP/
AJEfQf8AsG23/opa2qxfAf8AyI+g/wDYNtv/AEUtbVVHYwq/xJeoUUUUyAooooAKKKKACiqtzqFj
bnEtygb+6Dk/pVVtdsR91bhx6rGaLgalFZA8Q6fuwwuE92iNXbbULK4IEVzGWP8ACTg/rRcLFqii
igAooooAKKKKACsXx5/yI+vf9g25/wDRTVtVi+PP+RH17/sG3P8A6KalLYul/Ej6h4D/AORH0H/s
G23/AKKWtqsXwH/yI+g/9g22/wDRS1tUR2Cr/El6hRRRTICiiqer38WnWhmfBZuI0/vGgBdS1C3s
Yg0py7fdRerVQsbfUtbYySy/ZbMHB29/YeprDgaS/v1eRizyuAW/u5PavTLDSZnsoWhaJItvyLno
OlS2XCNy14b8O+DNPgSfU7hHmYZ8tVMjD/eOMD6CujTVvA9uCkemM69MmIn+tcs2jXp/5awf99Gm
jRL3OTLB/wB9H/CoZ1xqKK0SOpmvfA12hSSwliz/ABLGRj9TXI+KPDPha4jM+nXSHJxtVTFKn4dG
FWRo16RxJDj/AHj/AIUx9Dv26SwD8T/hQEp8+6PP7yXVPD06qzfabVj8pbofbPY1taVqVrqUHmW7
/MvDIeqmtbXfDty2kXTXMsDRIm4gE5zkAY98nNeT29zcafeLc2zFXU4I7MPQ1aZzzproen0VR0XU
YdUsVuYuG6OndWq9VGOwUUUUAFYvjz/kR9e/7Btz/wCimrarF8ef8iPr3/YNuf8A0U1KWxdL+JH1
DwH/AMiPoP8A2Dbb/wBFLW1WL4D/AORH0H/sG23/AKKWtqiOwVf4kvUKKKKZAnfmuD1m/wD7R1N3
BzEh2Rj29fxrq/Et0bTQ7qYHDldi/U8VwFn2B9qTHFGxbS+Q8bqOVYN9a9b0W7j/ALCtrhpEWLyt
xdjgAZPWvHx0r0zw0VPhqyjkRXjaLDIw4PJqWVF2LEXiNWuJXaBxa4/d7VzI2O+PQ9h1qQeJLLP+
ovfxg/8Ar1Xh0q0812kkZkP3Ezjb65NUtfhtrT7OLdWBkL5JbPTH+NSaqSZs/wDCT2IH+ovvwh/+
vS6Xr/2m4aO4jEAZv3Izkgdg3uf/AK1VbHTbGWwtpZVfdJEHY78cmptMsILGZpi/nS5/dkjhB6+5
9+1AXiifxldiDwpqcxI+WIHHvvWvA3l3Bs9T717N4/kL+C9WwekK8Z6fOteKlj3PaqQJ3Rp+FtVO
nauu5sQTERyL/I/hXpdeMzHnjvXqnhi7N7oNpcMcsU2sfccVSZFVdTSooopmQVi+PP8AkR9e/wCw
bc/+imrarF8ef8iPr3/YNuf/AEU1KWxdL+JH1DwH/wAiPoP/AGDbb/0UtbVYvgP/AJEfQf8AsG23
/opa2qI7BV/iS9QooopkHOfEFyNGiQfxzjP4AmuPtG6Gux8epu0mB+yXC5/EEVxUKlHKHqrYpMuO
xsIcoK9D8PybdEtFz/yyHT6mvNoG4HNdn4eug+mRoT80ZKHP5ipYjphce9c94vk3T2HPIEvT6LVv
z6yPEEm+5shxwJT/AOg0io7nUabLt0mwHUfZk/lVjz/TFY0M+2xsVz0to/5Uv2j3NAmhfGkufB2q
84/crz/20WvIGOFPPNei+O7zy/DItw3z3s6jb32R8k/99FfyNebTkAAZwPSmaw2KsrZIx25r0f4a
uW8OlT0WdgPyBrzY/M4A6nivSPhqmPDrP/C9w5H0AApoKvwnT0UUVRzhWL48/wCRH17/ALBtz/6K
atqsXx5/yI+vf9g25/8ARTUpbF0v4kfUPAf/ACI+g/8AYNtv/RS1tVi+A/8AkR9B/wCwbbf+ilra
ojsFX+JL1CiiimQZvie0N7oV1Coy4Teo915rzyZQ3l3CkYkXk/7Veq159rOmtY6vNY4/0e6zLbEe
vVlHuPSkyo9ilBIRW3oeoLbzlZGAjkG1j/dPY1zHmSQymN/vD9fpVmKdWHB5pFNHfNKVJDdR1rNv
vOkvBNIVEMalIwOSc4yWP4cCs7SdWQKtrePtUcRy4J2eze38q1xLJBKjgrkEOh4ZT6EdiKkS01Lm
Z4beEXLKH2ALHjDIgHy7vr+frUlsfNZt0gjiRS8sjfdjQdSf881QDNIr3NxOsUQOZJ5Dxk/qT7Dm
sbW9bW5i+x2YaKzU5O778rf3m/oO31oSuG5R8V6r/aWoNJGpS3jURwIeqoO59yck+5Nc3ctnceoN
W7t+Tz+VUQrzTLHGMs3GP8apm0NBIhhJJiOEG0e7Hp/jXrfhezNh4esrZhh1jDuP9puT/OuD8M6S
NT1qG2AJtLMiS4bHDN2H4nj6Zr048mhIyqyvoFFFFUZhWL48/wCRH17/ALBtz/6KatqsXx5/yI+v
f9g25/8ARTUpbF0v4kfUPAf/ACI+g/8AYNtv/RS1tVi+A/8AkR9B/wCwbbf+ilraojsFX+JL1Cii
imQFUdc0yLVLEwM5ilQh4ZV+9G46EVeptAr2OBl06TU5W06aHydbhXc8Ax/pK/8APSH1z3Tr3HoM
GaOe1kxIOAcbsV6brml2WrW6x3W5JIm3wzxNtkiYd1YcisO9vjADB4x0+TUIRwmtaagEwH/TePo3
161J0Ran6nIrNuT3q5p+r3NlhU2yR5yYpBuU+/t+FbMPhvS9VQTeHNf0zUQ4yIxKIJx7GN+9Vrjw
P4hifB0q/P8AuwlwR9QaLg4NdDG1PU7u+dZLmYvt+4gG1UHsBwKrLPkdSMdq3V8Fa9n59MvVX1eH
YPzJAqCXTdH0pv8AibavZQOvWFJPPlPsEjzz9SKA5H2MpIpbg7Y1+Xux6VqQadLBKun2iedqUwyV
P/LFePnf068D8T2Bu6Y15qmI/D9jJptqRg6jegecR/0yQcL9Rk+4rrdC0my0i2aK1BZ3O6WaQ5eQ
9ck/j0pomT5dB2gaVBo+nLaQfM33pX7yP3NaFNp1MxuFFFFAwrF8ef8AIj69/wBg25/9FNW1WL48
/wCRH17/ALBtz/6KalLYul/Ej6h4D/5EfQf+wbbf+ilrarF8B/8AIj6D/wBg22/9FLW1RHYKv8SX
qFFFFMgKaykjinUUriKc8EjA4NZl7Y3JUsshUAdc4rZuJhEOBliOB0/E+1ZdzP5jZc+c3YHhR9B3
/Gk2XG5w2t+F1vZGZY42kPJdEwSfcjrWY3h/xXCAlrq93Gg6KZ3H8iK9DklkP8RA9BwBUJJP/wBe
p1OmNVo8+fwz4kuRsvdRuJ1PVTKzfzJrY0Tw0tlIpMcSyerpz19TXUjipVZsex7HmgUqrfQls7S6
AGXLe9acEUqj5qz7Wd4Wyh2j+7/Cfw7Vr286zJleGHUVSOeVxyAgc0+iiqJCiiigArF8ef8AIj69
/wBg25/9FNW1WL48/wCRH17/ALBtz/6KalLYul/Ej6h4D/5EfQf+wbbf+ilrarF8B/8AIj6D/wBg
22/9FLW1RHYKv8SXqFFFFMgKZNII0LGn1RvSZZhGPur1pMEVJS8zkk8Hr71GY8CrmwAdKFiLHAP4
ntSsVcomLJIFQvtBwBuPr2q7P82UQEJ/6F9ai8pEXc+GJ6J/j7VA7kEe08MMH9KmEeOtMQKzlR94
DJFWIlx8rfd/lTC4wR+1SRM8DhlOQKm8v3pdgx0qrCuXonEiBl70/tVOyJRzH/CeRVymiAooopjC
sXx5/wAiPr3/AGDbn/0U1bVYvjz/AJEfXv8AsG3P/opqUti6X8SPqHgP/kR9B/7Btt/6KWtqsXwH
/wAiPoP/AGDbb/0UtbVEdgq/xJeoUUUUyBCcAk1UjGQWPVuTVpxlCB3FRhcfhSER7c06RMRKo6v8
x+nYU/bxU7plh9B/KkO5QMPPSoriECFiR0IrU8qoL+Pbak/7QpDRn2UQMTHAyXb8easeVx0FS6ZF
m1JP/PRv51YMdANlQLjAOKXHtViRMAH3pm31pibIsYKt/dNWqh29qlHQU0IWiiimMKxfHn/Ij69/
2Dbn/wBFNW1WL48/5EfXv+wbc/8AopqUti6X8SPqHgP/AJEfQf8AsG23/opa2qxfAf8AyI+g/wDY
Ntv/AEUtbVEdgq/xJeoUUUUyAphFPptAhMcVcwMj6D+VVKsZ549B/KkMbJcQxyiJjz3PZai1GSJ7
cqjqSWHANMa0zKMNtTqfX6U77HFj78n6UrAJpzRR2u13UMXY4J9TxUv2iFpfLDdvvdifSovscYH3
3/MU0Wo8w7jlBzjufagCeccD61FipJeQB2zTKYhAORT6QClpgFFFFAwrF8ef8iPr3/YNuf8A0U1b
VYvjz/kR9e/7Btz/AOimpS2LpfxI+oeA/wDkR9B/7Btt/wCilrarF8B/8iPoP/YNtv8A0UtbVEdg
q/xJeoUUUUyAPSig9KKBDafk560lFAC7m9aNzetJRQAuTjrSZNFFFhgcmm06igQUetFHrQAUUUUD
CsXx5/yI+vf9g25/9FNW1WL48/5EfXv+wbc/+impS2LpfxI+oeA/+RH0H/sG23/opa2qxfAf/Ij6
D/2Dbb/0UtbVEdgq/wASXqFFFFMgD0ooooEFFFFAwooooAKKKKACiiigAooooAKKKKACsXx5/wAi
Pr3/AGDbn/0U1bVYvjz/AJEfXv8AsG3P/opqUti6X8SPqHgP/kR9B/7Btt/6KWtqsXwH/wAiPoP/
AGDbb/0UtbVEdgq/xJeoUUUUyAooooAKKKKACiiigAooooAKKKKACiiigAooooAKxfHn/Ij69/2D
bn/0U1bVYvjz/kR9e/7Btz/6KalLYul/Ej6h4D/5EfQf+wbbf+ilrarF8B/8iPoP/YNtv/RS1tUR
2Cr/ABJeoUUUUyAooooAKKKKACiiigAooooAKKKKACiiigAooooAKxfHn/Ij69/2Dbn/ANFNW1WL
48/5EfXv+wbc/wDopqUti6X8SPqHgP8A5EfQf+wbbf8Aopa2qxfAf/Ij6D/2Dbb/ANFLW1RHYKv8
SXqFFFFMgKKKKACiiigAooooAKKKKACiiigAooooAKKKKACsXx5/yI+vf9g25/8ARTVtVi+PP+RH
17/sG3P/AKKalLYul/Ej6h4D/wCRH0H/ALBtt/6KWtqsXwH/AMiPoP8A2Dbb/wBFLW1RHYKv8SXq
FFFFMgKKKKACiiigAooooAKKKKACiiigAooooAKKKKACsXx5/wAiPr3/AGDbn/0U1bVYvjz/AJEf
Xv8AsG3P/opqUti6X8SPqHgP/kR9B/7Btt/6KWtqsXwH/wAiPoP/AGDbb/0UtbVEdgq/xJeoUUUU
yAooooAKKKKACiiigAooooAKKKKACiiigAooooAKxfHn/Ij69/2Dbn/0U1bVYvjz/kR9e/7Btz/6
KalLYul/Ej6h4D/5EfQf+wbbf+ilrarF8B/8iPoP/YNtv/RS1tUR2Cr/ABJeoUUUUyAooooAKKKK
ACiiigAooooAKKKKACiiigAooooAKxfHn/Ij69/2Dbn/ANFNW1WL48/5EfXv+wbc/wDopqUti6X8
SPqHgP8A5EfQf+wbbf8Aopa2qxfAf/Ij6D/2Dbb/ANFLW1RHYKv8SXqFFFFMgKKKKACiiigAoooo
AKKKKACiiigAooooAKKKKACsXx5/yI+vf9g25/8ARTVtVi+PP+RH17/sG3P/AKKalLYul/Ej6h4D
/wCRH0H/ALBtt/6KWtqsXwH/AMiPoP8A2Dbb/wBFLW1RHYKv8SXqFFFFMgKKKKACiiigAooooAKK
KKACiiigAooooAKKKKACsXx5/wAiPr3/AGDbn/0U1bVYvjz/AJEfXv8AsG3P/opqUti6X8SPqHgP
/kR9B/7Btt/6KWtqsXwH/wAiPoP/AGDbb/0UtbVEdgq/xJeoUUUUyAooooAKKKKACiiigAooooAK
KKKACiiigAooooAKxfHn/Ij69/2Dbn/0U1bVYvjz/kR9e/7Btz/6KalLYul/Ej6h4D/5EfQf+wbb
f+ilrarF8B/8iPoP/YNtv/RS1tUR2Cr/ABJeoUUUUyAooooAKKKF5NABRTmGBTaACiiigAooooAK
KKKACiiigArF8ef8iPr3/YNuf/RTVtVi+PP+RH17/sG3P/opqUti6X8SPqHgP/kR9B/7Btt/6KWt
qsXwH/yI+g/9g22/9FLW1RHYKv8AEl6hQOSKKAcEH0pmZLsX0qKn+Z/srTKEMKKKKADJPU0UUUCC
iiigYUUUUAFFFFABRRRQAVi+PP8AkR9e/wCwbc/+imrarF8ef8iPr3/YNuf/AEU1KWxdL+JH1DwH
/wAiPoP/AGDbb/0UtbVYvgP/AJEfQf8AsG23/opa2qI7BV/iS9QooopkBRRRQAUUUUAFFFFABRRR
QAUUUUAFFFFABRRRQAVi+PP+RH17/sG3P/opq2qxfHn/ACI+vf8AYNuf/RTUpbF0v4kfUPAf/Ij6
D/2Dbb/0UtbVYvgP/kR9B/7Btt/6KWunsLeOWEs6ZO7HU+1KOw6ivUl6lKirWoQxxbNi43Zzz9Kq
1Rm9AooooAKKKKACiiigAooooAKKKKACiiigAooooAKxfHn/ACI+vf8AYNuf/RTVtVi+PP8AkR9e
/wCwbc/+impS2LpfxI+o3wIf+KI0H/sG2/8A6KWugt7uSCMoqoQTn5hXN+BW/wCKJ0L/ALB1v/6K
WtjdQloFW/O/Ut3N09xt3Ko25xtFQ5qLdRuosRqSZozUe6jdTAlzSZqPdRuosBLmkzUe6jdRYCXN
Gai3UbqLASZpc1Fuo3UWAkzS5qLdRuosBLmjNRbqN1FgJc1jeOz/AMURr3/YNuP/AEU1am6sfx03
/FE67/2Drj/0U1JrQul/Ej6jPAx/4orQ/wDsHW//AKKWtnI9aw/BB/4ovQ/+wdb/APota2KStYdV
e+/UkyPWjI9aueHz/pj/APXM/wAxWlrH/IOl/wCA/wAxRoCp3jcwcj1oyPWo6KehnYkyPWjI9ajo
o0CxwmrQanYeINNjg8QaheazeX3mPbrIRbJahvmzFyFAXADdS1UdW1PVRpuu+LI9UvI5dK1Q28Fm
shEDRxuqFXToWbcTnqMjFdBB4Q8jXZ9Zj8QasLm4kVphuj2uqnhPucKOmBU954R0261Z755rpYpZ
kuJ7NZMQTSrja7LjrwO+DgZqLHcqsE1fX+tUVfEk1xaePvD00V5eiK5iuhLbeewibZCWX5Omcnqf
b0rAs73VYfDWj+MW1m9lur29jE9s0xNuY5JCmxY+i7QRgjniu6v9Jt73WdN1SWSUTaf5vlqpG1vM
Xad3GelZdp4M0y3v4pluLx7SCc3MFi8ubeKQ5O5VxnqSQCcAmm0TTqwUUn/W+h1OR60ZHrUdFVoc
diTI9aMj1qOijQLEmR60ZHrUdFGgWJMj1rG8ckf8IVrnP/MOuP8A0U1atY/jc/8AFF65/wBg64/9
FtSdrGlJe+vU3fh9p9nJ4B8Ou8OWbS7Yk7j18pfejVVSG+kiiXaq4wM57Vl+BNauYvBOgxKkJVNN
t1BIPaJR61uW1o2reZdySiJy20qqZHAHvSW1zataUmkZ8c8kZLRuyMRjKnFYHizxTq1hqmn6TYWY
v5r5ZWCzXRjVQgyecH/IrptUsvsPlfvfM35/h24xj3964jxP4aHiLxh4fF3Zi402PzkuCXxsLKNv
AIJ59Kb20JpJKdpbf8A1NB8UadqmlW1680Vm8+V8iaVQwYOUIHPI3AgEda0l1KxaSaNb22LwAtMo
lXMYHUsO341m3fw9WXxirR2tvHp0GjeRazGFSsM/mEjaucggc5/WuG8H+EtTstY0/wC26e6LaCVb
idpITHOGBBA2rvcEnOHNLmZrKjT1d7HXeDfEr6roh1bU7vTII5pSIUjkwY17K5J5bjPGOD0rduNR
sreRY7i8t4ncAqjyqpbJwMA+p4ryt/BuqR6NopXS95hgmS5tojCGEjNxId4Kn5eM9QOldHovhqVN
d0iTVLOK6istHEIklKyCOYSAgDPOQM4OKSbCpSp3clLudcmr6awkK6jaMIhukxMp2DOMnnjkEfWp
WvbVbUXbXMItyA3mlwEwehz0rzW48H3zeErcQ2Ecd+uoPPdonl+ZcR+Y5UbjlTwUIDccVMPDWqw+
HtNVtOF5Ha6hJcyaZJMmHjbO0dAmVJ3benJp3fYToU+kup2PhzWpNUv9XiJgaG0uligeLnchjVsk
5IPLHpWNonja8u7yyF5o629nf3MltbTR3AdvMQsPmTAIB2nnmpvAGn3Vg2ry3GlR6XHdXYmhtkdW
CrsUH7vA5BrK0PwaIvDWoMbKO0124FyiXDNuKh3baQQSBlSOnOKWo+WknJPy/I7aLV9Nkdki1Gzd
lDMyrMpIC/ePXt39KqT+JtFhvbSzOo27yXbssflyKwBC7uSDxkdM9eK4W20LUmvI2h8Kw6WsOk3F
o7xzRHzpWUBeh6E5wTzzzWjB4WWBfCYi0e2T7IjNfEJHkSeRjc39478c888+9O7fQTo0o7v8vM7a
01Owu5DHaX1tO4XeVjlVjt9cA9KRdV05kmcX9qVg/wBcwmXEf+9zx+Nec2Pg/UIdI0GK1so7C+Wy
u4bydCgZXePCbiDlufTOKz7TwjrSaXeRR6VLbzDTXtdplhAnc7cAbACRkEguc0cz7FLD02/jPW7a
8t7pGe2uIplVipaNwwBHUcd6l3mqOk2dpp1hHa2drDaxhRlIlCjOOenfirO4VSONpX0Jd5rI8bMT
4M1z/sH3H/otq08j1rJ8akf8Idrf/YPn/wDRbUpbF0vjXqReC2/4o/Rf+wfB/wCi1rq9I1SC0tWi
lSRiXLDaB6D39q5Dwaf+KQ0bn/lwg/8ARa1q7h60lqi5tqo2jW1nUIb3yfKWRdm7O8Adceh9qpWs
qxXMUrZKo6sQO4BqtuHrRn3pmbbbudN/b1p/zzn/AO+R7e9c9uqLcPWjcPWgcpOW5LurV8O6V/ak
k7y3AtrS2TzJ5iM7R2AHqaxc+9bfhjVbS0ivtP1ESfY76NUd48b4yDwR6iuPMJV44eTofFptq7XV
2l1aV7eZthY03VSqbf1b8dyW9sdFltGl0nUppJldU+z3EYVpM8ZXFW7jRtC06ZLLVdWnW9wPNEMQ
ZIiR0J7/AIVJPrel6boDWGn3C6hOSPLla0EXlAHJyTyxNR6jP4Y1q9Op3N9dWE0mDPbrDvywGDtb
PGfevCjWxbdpuoqfvapXk9uW65bpb7x33drX9J06G8eVy00vp1v9qze3X5XGS+Gvs66qLi53NZwJ
NCyfdlVicGmaPpOmS+H31bUbq6hRbnyMRIG6gHPP1rQi8Q6Vfy6rDczPY2s1tFbWp8syFUUnqB/j
VexudA/4R650W41aSNPtvmpKtsxLoFA6du/eo+s4/wBm41eZS5oX5Yt+7Zc1rJre999fIr2OG5k6
fK1aW763dr6roZPiHTDpN6kazLcQTRiWCZRgSIehx61m7q0/FOrQajcwR2cbR2lpCsEAc/MwHc/W
shSpI3MQueSOeK+hwEq8sPB1/itr/wAG2idt/M8rExpqrJU9iTdRupkjIHOxmZexYYP5ZNNz712G
FiXdRuqLcPWjcPWgLEu6snxo3/FH61/2D5//AEW1aOfesrxkf+KP1nn/AJcJ/wD0W1J7F0l769Tq
fh8T/wAIF4e/7Blt/wCilqnrrH+1Zv8AgP8A6CKd4ChRvA2gEtNzptseJnA/1S+9aKWNrNPOZYy7
K4UFnYnG1T61MTprRcm15lPw0x+3vj/nkf5itTXSf7Km/wCA/wDoQrJ1iNLEwtaboWcMGKucnp71
Tt7iae4ihmnlkjd1VlZyQRmqMU+VcpBuPrS7q6L+zLH/AJ4f+Pt/jXMbqNCZQ5dyXdSbj61q6Ja2
1zaM8se9g5XO4jjA9DUWu28FqIPJTZv3Z5JzjHrRdByO1yvYH/T7f/rqv8xXSrqVi0M0wvbYxW7F
ZnEo2xsOoY54I96+bPiV48u7u+l0rRrh4LWJtkk0bYaVh1wR0XPp1rR8W/avDvwusvDtsJzLefvL
vZuI7O+fxwPoKhyT2O2nhnFR5t5HqcM8c0YkhlSRT0ZGBB/Gn7q+YdIuNXtZvtGlSXcbqeWg3dff
H9a90+D/AIuj16VtD8QWpi1ZVLwuwZBOg68dmHX3GfSnGaYq2AlDWLudVu96TcfWt9tPsxdRoIfl
ZGJG5uoK+/uah1SytILCSWKLay4wdxPce9VdHI6TRj7qN3vUW6ujtNPs5LWGRocsyKxO5uTj60aE
xhzbGBuPrS7ql1VI4L+SKIbUXGBnPYVV3U9BNWdiXd71leMW/wCKR1j/AK8J/wD0W1aG6szxe2fC
WsD/AKcZ/wD0W1J7F0vjRa8GazcQ+DtFiVItqWECjIOeI1966TSp7m6ilmWSJC0nI2E8hQPX6VyP
g+xu38JaM6Q5VrGAg7h08tfet6wvU09HtrhJBIH3YXB6ge9TbQ2k37R3L9/ay3U8MUk6DCuwKxn1
UevvVa4082MX2tZw7RMrBSmM8j3p8Gox3F2phimbZG2R8o6lff2p2pyyS2TxC3lUsVALFcZ3D3p6
icU9St/bt1/ch/I/41Jb6QJYI5ftO3eobGzpkfWs/wDs+8/54f8Aj6/41s2dw4tIQLeYgRryCvPH
1o9CYpt+8O06CaBZoYp49qSdWjJzlVP973rL8dG4j0C9uPOTfBZzSpsQjkAe/vVs6pFbXEySxzBi
4bAwcfKB6+1RT3MGqCW1EUzo9vJG4+UHDYHc0rMtOOx83fDbSDrHiy3V1LQ25+0TfRSMA/ViBXq0
GtyCXX9XuJT/AGbY5ghj7MyD5z+LHaPpXE6Jqlv8PB4g0q/sbltYmIjgkAXYEHKnOehJycegqTR9
Sg8SafpPgzS7e4DSyq9474G9R88h69zURdj0MRB1JXa00+7ds6LTdOvNE8B6NDYzJDrPiO8RkVIx
+6V/mLdegTH03VV+I2ryad8S/D+nWkyvLps8bPKV+YtIUBBwem0D8zWvrHjTwjpvi21u72XUJbvS
bU28VvFEpiV2UZYHPXHy+1cL4OtL3xr8TW1aS3d4VuvtdwQfuKDlVyeM8AY+vpQ30HTgn+8kv6Z9
Bapd3NlLDIWikZlZeEIx9339qptqc99ttHEarKyqWUHI5HvTfEEpfyN0Tpjd94jnp6E1n2b7byEg
EkSKcDvyK0PKk3ext/2KP+fr/wAc/wDr1Vh1q4jiSNUi2ooUZB7fjWp9ok/59pvzT/4qsCOxu3RX
WHKsAQdw6fnQtRyVvhNC3tm1TfdvKsbFtpULkcAe9KdIAnWL7T95WbOzpgj396hsL1NOR7a4SQSB
9xC4OMge9WYNRjubxTDFM22Nsj5R1K+/tRqNKPXchvtMFtatP9o37McbMZyQPX3rmPFzA+FNX/68
Zv8A0Wa6/U5ZJbJ4hbyqWKgFiuM7h71y3jCxu08Jay7w4VbGck7hwPLb3oew4x/eKyNPwTeW6eDN
DVp4gV0+3BBcZH7tag1WVHv5WRlZTjBU5B4rhvD3xX8PadoGnadNaao0lraxwsyRRlSyoFJGX6cV
bj+MPhpWlJstWw7bh+6j9AP+entUqSR1VcNUk3odnoc8cV4zSOqKUIyxx3FalzeW7RKBPETvQ4Dj
+8K84Pxh8NmdZPsWrYVWX/VR9yP+mntTL74veG57V4ls9WDNjrEmOuf+elHOiVhqqVrHp/222/5+
If8AvsVFaXluLSFTPECEUEFxxxXkP/CzdB/59NS/79p/8XWvb/GHw3HBHGbLVsqoU4iTsP8ArpRz
IFQqveJ12qyo9/IyMrKcYIOR0FS6HPHHds0jqilCMscdxXGR/GHw0rSk2WrYdtw/dR+gH/PT2oPx
h8NmdZPsWrYVWX/VR9yP+mntRzon6rUvex0vj3w3oXiqzQXckcd1GQsVxGw3qCeQfUd8H9K574b+
C28JapqeoTX1jeSmHy7Jlk25zyd2fu5IUd+9RzfGHw26BRZatkMrcxR9iD/z09qf/wALk8Nf8+Ws
f9+o/wD45SvE3UK6jy20MDSvhVJe3P27X9ftozMxkljg+ZiSckbj0/I16l4XsNF8P2UlhpggghDg
5LglztXknvzmvMv+Fm6D/wA+mpf9+0/+LrR034t+HbWAxvZ6qcsW+WKP0H+3QuVbCksRU0kjvteu
IpfJ8uRHxuztbOOlUbSRVu4mJAUSKST25rlT8YfDZnWT7Fq2FVl/1Ufcj/pp7UTfGHw26BRZatkM
rcxR9iD/AM9PanzoxeFqN3semfbbb/n4h/77FRWd5braRAzxAhFBBcZHFed/8Lk8Nf8APlrH/fqP
/wCOUy3+MPhuOCOM2WrZVQpxEnYf9dKOZF/V6nY67VZUe/lZGVlOMFTkHipdDnjivGaR1RShGWOO
4rjI/jD4aVpSbLVsO24fuo/QD/np7UH4w+GzOsn2LVsKrL/qo+5H/TT2o50QsLUvex6Pc3lu0SgT
xE70OA4/vCs3xteW7eDNcUTxFm0+4AAccny2rh774veG57V4ls9WDNjrEmOuf+elYOs/EPRL3SL2
yitr9ZJ7d4kLRoACykDPz9OaHJNGkaFVTXunldFFFYnrhRRRQAUUUUAFFFFABRRRQAUUUUAFFFFA
BRRRQAUUUUAFFFFAH//ZUEsDBBQABgAIAAAAIQB+wYrlYAEAAHQCAAAYAAAAeGwvd29ya3NoZWV0
cy9zaGVldDEueG1sjJLBasMwDIbvg72D8b1x2q3bGpKUQSnrYTDGtrvjKIlpbAXbXdu3n5KQMuil
NwlJn3/9cro+mZb9gvMabcbnUcwZWIWltnXGv7+2sxfOfJC2lC1ayPgZPF/n93fpEd3eNwCBEcH6
jDchdIkQXjVgpI+wA0uVCp2RgVJXC985kOUwZFqxiOMnYaS2fCQk7hYGVpVWsEF1MGDDCHHQykD6
faM7P9GMugVnpNsfuplC0xGi0K0O5wHKmVHJrrboZNHS3qf5o1QTe0iu8EYrhx6rEBFOjEKvd16J
lSBSnpaaNuhtZw6qjL/OucjTwZwfDUf/L2a91wXivi/syozHfau46t0OXn84VkIlD234xOMb6LoJ
dNglae9XSMrzBrwi7wgTLZaXRzcySKJ2soZ36WptPWuhGrqeOXMjJo4oDtj1s8+ELDAENFPW0HWB
rhhHD5xViGFKerWX/5L/AQAA//8DAFBLAwQUAAYACAAAACEAarZiz/cEAACRFAAADQAAAHhsL3N0
eWxlcy54bWzMGMtu20bwXqD/QNBAD0UpkjLlSIooN5IjIEBaGLAL9FDAWJFLaeEll10uHSlBgeSU
Q4699xvaQ4E+UPQX5D/q7C4pUZZl0a0cVzpwH/Oe2ZnZ7R3PYmpcYZ4Rlvim23BMAycBC0ky8c1v
zkdW2zQygZIQUZZg35zjzDzuf/pJLxNzis+mGAsDSCSZb06FSLu2nQVTHKOswVKcwE7EeIwETPnE
zlKOUZhJpJjaTcc5smNEElNT6MZBHSIx4pd5agUsTpEgY0KJmCtaphEH3ReThHE0piDqzPVQUNJW
kw3yMQk4y1gkGkDOZlFEArwpZcfu2ECp30vyeBSLzAhYngiw1nLJ0DsvQt/0PNPQOg9ZCFJcWJ8b
B18cHDgNx/ns+5yJp9dvG3pwYT397s5diatBLf05Pt4kcWF9eWGZdr9nF+L1exFLKlKCS5X23cuE
vUpGck/LLsH6vey1cYUorLiSSMAo44YAF4LsaiVBMdYQQ0TJmBMJFqGY0Llebiq8KeIZxIIi1XQ8
uaYiocCNCfhFLtqa63befDL2zRH8HPhJjIcUYCzF/J8Z4HbjP+MEUWNAUXApjVLLAWu2zh9ZVfLI
/Es3N4+k/T5unEOCFc8omST6fGR5Chk34CQVUpZSskc5gYKTS/zIQuwKzQdMA+qIZHCeCKXLxN6C
xC4X+j0oMQLzZAQToxifz1NIjQlUQ+k7W8PtgJ5wNHebrfoIGaMklFJMhtWEfGgagsjS4zSedDqd
tnvUbrc73qHreSoLjwtwkoR4hqEaHalEbFfUqCvyTQmWaXlYpOWH53U0bI2GJ9Jo9+GlPAIeHTMe
wikri7UH1tRL/R7FkQCqnEym8itYKnkwIaAJ6PdCgiYsQRSGdolRfiUm9EPQ+vimmELrUmaSmxaX
gB+NQy2JlLZK2VrgYJTSJrXgtfnqWy/GIcnjOvYr2e/A2NRvB8ItGu7AuEvHIlQg8AJM6ZkMkW+j
ZfQ1QdFZVGkToSmTLZDsGOUQ8ksx1JGmJxCB25A6W5EMlKZ0/nUejzEfqeZbsVCrMo+tZgN1QlZz
VaFirPKLqcmcciZwINTlQGVhu6qd1rWiptv+V3oas2inwhUrNU2jaqUlthZZ66ha123Gq9CCjLo3
WtD5740WiLii5UIHX1hI6zgoPFdXyzVqYL49UgMD7pEaCLpOrRKT8roFN5BJIkNU3lkFCeTFJYAp
1neLWbT9xFScvmaO+iynjJPXcGglU5nfVTl/WJavOErP8QwqvnK1vcENnLk7j9yw6Xpu2IwhfYXd
lZzuSdRV9+J9E5VO3ZlG7yspHLe9E60Iekfq1rG/6ZEKthzeXi1uqLn15FTDeI9nR75t4FOOIzIr
o1XWCqgOlZK4VhCXpcSQV3zfXPy4+G3x9+LX67fX7+D/YfHn4o/Fz2VGAK+Mc0Kh/5W1oi0P3waB
nxa/XH+4fr/4C5B/LxHBYhXEG1UMhAtnqzqtdoV8P1IVfCku0AhxhHIqzpebvrkaf6W6GTiMBdQp
uWJCkfDN1filbDjd1f0TmMc8Vx2+NJLq9Is+e9X72hUQW8EALKSElxk0mPA1ck58883zwZPOyfNR
02o7g7blHeKW1WkNTqyWNxycnIw6TtMZ/gAmkW91XXgP+g9vYerNDhKt63UzCi9mvLBVofvZas03
KxOtvUqaIDY016USdrZ8S+z/AwAA//8DAFBLAwQUAAYACAAAACEAl6Jh9osBAAAHBgAAFAAAAHhs
L3NoYXJlZFN0cmluZ3MueG1sxJThSsMwEMe/C75DzHdNW3SKtB1zsM9+0AfIulsbliZdkm7Ob/oa
voiPsb2Rl9XNQWFMKCxNCpdc+P+4y13cfyslWYCxQquEhjcBJaAyPREqT+jry+j6gRLruJpwqRUk
dAWW9tPLi9haR/CusgktnKseGbNZASW3N7oChSdTbUru0DQ5s5UBPrEFgCsli4Kgx0ouFCWZrpVL
6D0ltRLzGoaNfUfT2Io0duk8Zi6NmTf8Mjif8WffyYJLBA4pS+NMS22IQ3kk3O6YkVaucRkYwSV5
kjybed8pL4VcNUfR9nLBjYVf5yi49XtsK7JX96pHhE0+TugIR4DDXz9QH3IpxkacrLwNIjR4pVDa
HOIsm2Ac4NSo9o9YdEoDLRpxRhrTohmfkca1aHZZino+o0dfbKdZWrVIsNrdQIpcNa/M1hWWf2ZE
5TzZjvOEyuqUs25xWmfEDM6IJNpIp7edToOj9yT7TojNaUmAAE7/NQ67NukPW1vrr/X35mPzGV4N
wj93ho08/QEAAP//AwBQSwMECgAAAAAAAAAhAD0PYI28sAUAvLAFABQAAAB4bC9tZWRpYS9pbWFn
ZTEuanBlZ//Y/+AAEEpGSUYAAQEBANwA3AAA/9sAQwACAQEBAQECAQEBAgICAgIEAwICAgIFBAQD
BAYFBgYGBQYGBgcJCAYHCQcGBggLCAkKCgoKCgYICwwLCgwJCgoK/9sAQwECAgICAgIFAwMFCgcG
BwoKCgoKCgoKCgoKCgoKCgoKCgoKCgoKCgoKCgoKCgoKCgoKCgoKCgoKCgoKCgoKCgoK/8AAEQgD
mwTPAwEiAAIRAQMRAf/EAB8AAAEFAQEBAQEBAAAAAAAAAAABAgMEBQYHCAkKC//EALUQAAIBAwMC
BAMFBQQEAAABfQECAwAEEQUSITFBBhNRYQcicRQygZGhCCNCscEVUtHwJDNicoIJChYXGBkaJSYn
KCkqNDU2Nzg5OkNERUZHSElKU1RVVldYWVpjZGVmZ2hpanN0dXZ3eHl6g4SFhoeIiYqSk5SVlpeY
mZqio6Slpqeoqaqys7S1tre4ubrCw8TFxsfIycrS09TV1tfY2drh4uPk5ebn6Onq8fLz9PX29/j5
+v/EAB8BAAMBAQEBAQEBAQEAAAAAAAABAgMEBQYHCAkKC//EALURAAIBAgQEAwQHBQQEAAECdwAB
AgMRBAUhMQYSQVEHYXETIjKBCBRCkaGxwQkjM1LwFWJy0QoWJDThJfEXGBkaJicoKSo1Njc4OTpD
REVGR0hJSlNUVVZXWFlaY2RlZmdoaWpzdHV2d3h5eoKDhIWGh4iJipKTlJWWl5iZmqKjpKWmp6ip
qrKztLW2t7i5usLDxMXGx8jJytLT1NXW19jZ2uLj5OXm5+jp6vLz9PX29/j5+v/aAAwDAQACEQMR
AD8A+XmvnEj7ZDnBHA/zzTUuSEZXy7bOGP8AKsc6ohmdPMVcseUGKlgnuZZAhYkY5wa/F6sV0PnK
c7m7aXzl0fzMrjCr/drQXWppFECsvH8Wa5+GQiUPHwVTHAx+dWbdyjASSYDcYI7Vgk7lzcepo3Go
mdx+/JBGOT19qqyapJCWCucp93nt6VXEiPckrHkg/LTL4OyhnjUHdniupK0bmbldkC3onuzKSwQn
5senrWva3g8kxJkO4wCT2rAlaaI/KAQOpFSnXIoioLAkAUpV5JWFy6nZwXIWMF9xJ5bb0rSjvbe1
tmfgHbk4PNcXpfjSNIhGx+dT0HcVFfeJhcSEZ27h0zXVhnFrmFJpHQa94gikDql2x7HFcdquoySD
ZHMCM8knmkvbp5w0m9geuBWbOFEOM5yc4zyaqvUXLocz3C3ui9yfmywb5uOldP4enkZvlfIP3h6n
tXMWa7clTg9Tn611Xh17dgUDYb2rw6qcmV9k6rTRIjJ5a8n+LdW9p88qxmJmyqjH+9msnTITFtcj
IA6ircErLNubIAOcY6iudUncItKNi/dzQpvheTLfxHPesm7khdzsBP41NcTpK5kKYJqFUYOWOMfS
rlS5loClaSsNht2lbLPjHQntUzxTPJsd2zjGQegozHKQknH0q7FIkTrtXJHUkcYpKDirGrdxq2Ts
NyuD8uPmqKWF1IxluMYJwK1PMt33Inb72RjFVpfKiUguSx4VSa2prlepnU1loOtYDAFKKxGP7xq8
paWHasrcnLA9qq2rPEm5nPIxt7mrKTOECKpx15HSun4tjGWgyW4kt22ea2TxjsasvqrKoxMwyMYH
QAVTvikYwx+Zv4T0qiblkGxwfYCtG4x1tqEdzZl1aWeAK8zA44qIX064dmLFe+cfpWZHMxwSPlB5
WrZV5IvMYjceuPSsJYiUdEb2uaNtcsPuMPm+9xnI7099QMc5O0sduCcflWPZzyPyD93PFXUieQAC
TnuKw+tESpqxoJdtcK25SvHLHvUD30yvhyxA6Z9KfHD5UWJyTnqD1qtPNASVVyNx4BPStFiLxMbJ
bFq0u5OZS+MHIA61ahvvtL5DHg8kjpWXHOgCgHo3AzWhbSBJg7AY7471zVZJodmX4ZIxJuiTG08+
5q1aXixEptyB0NVbdCQCq98n3qSQZI2jGTjkVz801sarWNi/HqBVtySsMnkelI88s/zLJuIPI9qz
vNmhyM5GfSnRagEJVsAnoBWj95K4XlA1IZQhDJlG9Aa0LSVtwySTu6msGKYtICrE5PORitC0nfzd
h4GeprSmrSHzX3Ojt2RkJI2hRlfarFtM0mRKxYEZXkdqy4JJXiDEZKjH196twFoMSoAGKY5rS9i1
JNlmRfLO8AguOR3qpPK6yNJtJAI7VN56MoDMcjOc1IjpJHtKDp1Peuuj72xnV2RXiuw+A8zKU+6e
xFE0jI2QWYswIGf61Bes0IOFBHYVAl7IWyBxnAAr0Kel7mF0bFhqE/nFy2VycE9RVg6gyyb4ZQuf
uEZ69z1rPEkoVJd2FUbgFPc05r9U29SNuBgVhiU2hxabNi2uVA8zz2K7crx371b+2pNHvlHJTjcT
yTWBZ3QEa7ZCN3y/jWnFMpUKzZww+Y9jXj1Uzph8JLNIhiEbIxG7IZn6e2e9Pi1TISGF3VkPJOeK
r3NwqR/cLZk4x/OqaXJaXYFzufc244ya8uqmpXZ0w1R0NvPGVUecWAGBlf5Z6UFmKZUsq8j52zjj
gj8aoWD7GBAO7OT6VaeUOo3MCVI47GuWScnoTL3XqKtzFbYLLI6twXHc+9W1I8s5fnB3MD1qirSI
vkZyrHJUjj1psfmO3lIG5UnjoAanrYV0TsZFCSwMcMSJMsDx6D0FXLSPzgudxIwTtfAI9KrW1oJg
IlAweHGea1LCFYgFB5U/dPQVtTopO6LjuX9MhcKVuGd1buDz7CrcrxxqZHAY7CTyAVqil01sQsr/
ADLngDpST3UgAEaIVJ5PqK9rCuKiom9myydV2TbQ8m0qCQJMYGeRVa/1aeNwUIBJxsBHGen6VTvJ
SiBo5R8ikBiMkCqzSsR5sTlnBAViOgIr0FiHTTS0MZNSWpbfWJ40JEjHjKtkgkdDzWXqk88r+Uxf
OOAzcjmn3c8gCKWDYXC+9QuJ55N8kmcjBycfWmsQ5ozs1sUpGZWYwgcHATPWi0XfH5chYBcgDdgA
+lXDaGMBolAHXce1NktPMwYhkA5wOuP61hKXMrMlxsxYpTbSllLEhCR83Q1W1GPaQyyMV2/KD3PU
1YhhCq7Mh3emelRTxhyvmPlc4GTXFVk09BRp2uUfKy5ZnZgw52nv6VXuZnG5cO3yheV7Zq/tRQwt
yOpDYqpexlIjITyPesfaO47GZIzlifMkOecHgZ9qpzxSs4HmttbkkHOPar8u6TKKTnOKX7KkJX92
uMc560nKSEVYoZIRkOwzgDJ+6K0bZCZG8qXnZwHaoXYs3koo5I2mr9tAsmFdBvBGaUnzWD2aepZt
ziJYFkLA9x0q0Q5iWKTL54Uk/pTbdQTsZV8thxipdpYebnntxRy30EopbFSV9igBDgGqdxGZkCsz
NzkBh0rUe3aVSV7HrjpUcsBhYqcsNvzMaSp8rstikrsyZNPnJKlhg8jA5qO60u5MZbYPlHVR933r
oLa2jwGV8DHGRUrWu5SY8FSvOTXVTqcrsayp3icrDps2AjMQVGGIOOau2dpNHtXDEZ9elay6aECs
SMY+bNXYNLKRhg2329a9GnWVjlqUbszDZ+cCVUbG/iIzg1Qv9OLErGSGBGc11CWoRRDsyWXnA4qE
aeqZZ4wdv97qa2hXWtjnlSRzdrpcucFSFc4UZGB61bg0eOSNZSDld24Y59K2xpSjcEBIbGARjBqe
KzYscKFUrhj15rOdW61Qo0rHPrpkYbDZ2p91z3NadhphRI4mk5DBgD0OfWrbRRRvsWLCjkd9xqzb
KpKscLngkc4qVJuPL0NKcEmQQacgyH3MT8q4Pf0+laun6Wof94m3OE+YdD9fSpbYI4GdpHIII/Wt
SwTzZFV1AAwFHXNccoRjLVXOtQcmTafYtFITEFwwxknCmrYR4ZGdZACzBRnnHHSnlY4xhxg4yV9P
8KjlmWNzIFU8n5c9fSn7KMUbWURZjD5XkHcQTnep4NVDMxeT98AVf5Mcbcik+2sB5bsoIHT0qndX
jKfPCj5gQRjrWcY2RE9SW71HywfMdm3EDPeqLam8blpHZiNwUKxw3oMVFe3UtxI/nKo2gEkcZrMn
mkgd/LcHI4rRxpqxlflN231p47VSFJKtkEnPPuO4qrPqbTM0ku3duJCB+Prisxb+ZMHBGMAE/wBK
qalqQUbFLHjPXkHvXZSrWtcOY17vUS8ZG4o+3J2n5QP5CsfUNWkCKgkEiuSB8pyTjr7+lQzaqlvA
7BuqDvnvWTeawrFy0jcKwy54PfrWzqwk9y+ZrQnmvXVgY5UyuSUduPfBpJLmPyUUt5e0HzCB261i
/wBpWrM0rFdoCg59xzUN3rlu2dshKgbQTziuetptsTZlm81CaMF/MfayEZ3n14qhLq8hYGUlTJ8z
FTwPb6VWndpZfOyAzHJUtximny3HnspyTiPHHIry5J8zM5q499UkkdmJZYw28lWORntVe+vW3Kwu
CBnDAE4wfWq93MxkIjQKrAD6kd6qybTMoZdzAHJVvyFYtOTt0IbSjYzvEU6oweFwT1BMg49a5TVN
SdINyzE5BJO48duK6TWEFzCI5I+eQ0aj9a5+XSIbojK/IoOWducZ4ApUlCNXcyszAuNQmYsgYllT
JJPB/wDr07RTIZC7yjcRt27snPXOQeKllsJIVaEwuHZQylOmMnj9Kk06wn8x2hHzhgQpGMDv9a9i
krrUqMEzptCuW8vDzEAlR8rnPTHf3rsvDayCULnAKktk53e9cpoaEGMbcscCQ54Bz6V2GlCVYw3m
FjuI2Y4IzWsqS3O6jTXMaTTSyFRCWACkKTWnppIIdpVbtj09zVJYzInyg4U8Fe3tWtpwkB8149u4
neG4OAOlRY7+VI0reISQsZchiM5X7341n6pbwtKJWOVUHBVua0vtkRtBL5CpI4yQeeaytTuopdpi
ZdgBGCfz/WuSrSurjlBJaHP6vEsKsBMSDwVPeuea8KXJaSQuBnaCccela+s3gcmNpl4OVWuZvrxb
eQQwqSCp3EDoevSvNqQa2OGqmWbi/EpADlSvzBCc9+nrUNxfPBIsstzk5YhSB355rG1DWsfLK37x
QGyUAOPSsu/1zK+UY97eZk/N2x09q4nTcmcstDp11cyYIZiM5JJOK2NOuyrLHgkE5XHf3NcNo2uO
r+dKq7HYFVJyAPSun0+/z8qEAFs/L2ranhVNanO5yhodbYSPczCEynP8TV1+j2DzLs6shGcnnmuG
0S8cuEyMlgc98V6D4Zu4mKK85yQcsFxnNd1LBpNF0aic9Vc6HR9PktgH8tgAPlO7pV65t1miK/MF
yCm3ghs0ulXMJ2W4mJ/vDbnitL7IjETumMqQWU8nHoK9T2LgrI+iw8YNaGZDbSNDtLfMd2B/ifSi
WxLbW4BHRMEHPqMVpFRBARBHlv7tPtoB5e6NUYfxYXnGOvtWTT5kzaVNO5y2p2TyoZZWIJOWLE5N
ch4k0hZGaSBZCx6nGCR/9avRtcaJIDLCgUEbghXLY6Vx+ttCsX7kAgHPXqahxblzHi4mCizz+Swl
idlhUgluDV+C1RlEUsh3qMDJq/KimcuFXJOMetKNOaVi5CKEGBzzXXRpuVjz4xUpEEV7dBkin2kx
nIBPerrStOzgy4yvCE8Z/wAKozxxRsPly3r61GJik245y3yjJ+7xXsQaSsb8pduNOLqyRsR0JU88
+1Zd9pzjfIkp3g5yG6VqQ6gNySFwR0BB7Uy+kjkhLDb83JC+1ZzjeIvZpGJFDmNtqtuYdFHLex9q
a0U/2dkfrjjcMY/PvVyQRR4dYm+Y8Z7D8KhnuFEypBnDHJGOM/SvKq1XGVh8tosw7q28wqjqdw6b
jjJ9/aszUtJJLOASz4DckDHoK6m+tnnfyypZ2OTjHQVTvNNkkUQsp45wOMe1YRalJ2M3T5onM2lv
KJC5YqeykfdHpWjDF5qgqpUHHJHWrsemSqg/c9QDwM5Hr9aalu8Dl92Vz9xjj8Kl+6ZpO9ghWK3j
KoGVs8471raVLmMS/wAat8pI7GqLwlpB5KnD9cjpVizQw3SMjHpyN3HtVU6vvGyizoLLVLiCIPuw
QOR2p0l8WkUL0zyP71UJZGuYtqjDZ6VCZ5Fk8thggcGuxz9pGzK53HQ2IiwLCY5JHRCBUF5egxOW
Y9MEH2qgL3duEpKnoGB61TubyRpxCXyen4VxVqjRSaZFeSvcTOY0OCd7Ddj/AD0otQ7OLZZThgDx
0znvTJpktziQ/MW6D0rT8O2TPIbiSP5M/Kxrg9rJzsVZsfYwXUYLLvBJAUH+VVdRjuY5GaQsWUEE
McAn866WC0jGSykgNkKT1pToVvdR+WzOjtljn0//AFV0ToSmrpjTcUc1FfHO8OULKBw5wT2HP41Z
N8UVZ7fcSFyuSDyTzxVnUPD6W0ikxjaQQoVcFvf9KotEs7KZQyKE+UZyTzXPHnhLlZV76nwhcyyC
5IA+bdlkQ4A59a0tJu2gBDzYYnnmsi6JSeQyDJ3YWliuHVwQAeOrcV9RKKZlH3UdZbXiSKdshZsc
E0576RtwZQWwNmTWJY38xIjXAOOq9aknmHmBec45JqPZXYOVzbtLiUXCl2A45APap71muv8AVgei
4as6w3tb4aTAPU57VfsYEmGWJBbhAtFSLUbDTRVeKQOTk47is26tZPu45Hf2NdCLJvMPzZHowqG5
09nlAC4B4yAK4XKMnY013MW2tpWP7tVJC9hzWha6bvRZCQTnoT1q7baVF5gk2sHzg571LDYxwhxN
k7QSp9ya78OuWFjCrNX0M+6WONvLKEbsjk9Kx7yLcxQyYAPY8iuh1K3VlOxfnAz+Fc9ctIhMzqQC
eOKmq1axinzMW3hBl2NJ/DjGa6XQo0RAV4J6muXjYkeYWKlT0A+9W9odxIxSMPkZzwa89o0atGx3
+lT+VEju24HjFaK3YLlj8ox6Vz+nTyIisxGMjj04rU88spynTrUc1nYgkmuInBcDBJ6VDBK2wuxz
yabKRu3Z7ZxUSTEK0ankcine4r2dy2twFbcOD6EVct5nnUO3rjHasdH+75x+btg9a2dOmVogFjzg
9MUcl9TVVLlqAtIDG4OGOSTVS7leK4yGyMY6VbaRpCEUfMTwVOBTZbJhIGkQHnkDrUuSTsTPuJav
hwDwQnNWIbmYMYw+QRwT3qtNBI0wKIGLH+E9quR2xyiiMcLzzVqqkjHVu5DO0p3LMgyDg+1UZnji
O45LHpxxWpeQMtuJ0xubsTwD71ny+aznCqoHWpc22VDR3ZEl2GDK4xxnirVvcB9qKnJ96x5WkWRm
DAAmr+j753SMk8sMmvPxNV89onTF8yNmysJpmWO3TOST071s2GmPC4L24LHg5Hek0WEqcsx5O0Z7
Ct6BYsjegOO+f1rGm7R94ZSn0vzbMKsPJ7kVi3eghm2op3A8jHSuuFy5IRlCgjGfSlks7eNSWTBH
R/WvQpUXVjdGbgkrnMWujJtBaIcDGT1q3DpEKKmwkkcAGtNLePzuHGCMmnTLEQPkIPqvQ1tHCNvV
EJXIoYRbRbeD9KhnAb5kUZB4yalNwCNjp97njtTZo42XdHL93hgR3p+wtIE+V3Kc8rqmTtznkZqq
twVuM7OT930FJewyZJbC7Tltpz16VUaS4icEnlein+Ks5wSWhctbG1bSlnUOVb2zWxZxxSpuLkMP
xrnbK4jEioYgF4H1NdJphRIvlQhScA981nB21J5S7azlACOwwc+tXTdFoOAMjAGKzCjoWiHG47sn
tWhYRxsoUOCCP1qnJWJLcMQmiZmjwy9M01wQrBiVI6Vathnah+lJe2m/JU9enHeumjJRJk2Yczyy
loi2fSm7XR96qdue1WZLVg20kbt3A705Gi2iLAJ9BXaql3YjluPi3vGAin19KdiUAJ5eD6g0KDFn
BJUgfKaVpY8Ext8w/SlK8jSKSRLp1uCdzIcc7TnvWxbzxyJ5b4O3sOtY0NxMsYIYbQeeatm6Plrt
J68/LWM6aWp0RVomgbdGOfP2GqV3YI0uBKcnkn0qaKZZpN/GO1E7oD8wyCRmvHxOHg9TWm7SEtpT
CgJwQOhJ7U19RKZAB2ls0k+C3mKmAB93FUzcmeQxYxgda81RdNm84qRpQ3ckzBhKcd81PaXIUjEp
xjseKyIZpIzhjx2IqZbiRTlQAuOp9aTUpM5+XlOjsrgHdIIwCBgNWlZ3kJTaPvMODXK6bey/daY4
PTIrZtCwkErHgDgCumEOVFw3NK5nJHmuAMHAYHn3qOa7ViqqCFAyW9fakmKSx7UXHPNMliCgxhsi
uuElFaHRexHNJNJkvFtB64PJ+tVi8qvsCcZqUNH5xBZs+pFMugq/N97JAGDWE8Q+f1J5YsTiQEkk
lemfenxW5dAXYZHGT2qB2zu2McAgcmrMLmBAzkHnkZrRYnTRicLbDWUNGsZlUkc4zUU+FPJCnPVT
yKs3U0bRqEgAGcjjms24lO8kLkZyG/pVxq367mTi7lppIo1wWwCPvHvVO8uh5oEUIAC8c/rUdxfR
SR7WY5PJGPwqnNcY+6/OcFj3HpXPOo27CasiaaZYzlVPzY3EVG4LggtyOxqOeaVU5QEHGCDUEt6T
CxVidxxnGOfStIQU9zNu5DcMYZSqsOFzu9TUUV25dt3LDj2xjrSyukaBGIIPAFR2gcZTjcCcj+la
yhG+gi/bo0xVljGB05q/DG3Jbv8AeNVrcLHJvkjXGMAK3U1ZgS4YgyMduRwB61ny2ZXMXoXiO5In
Az9zH61IGXYIkbv1qtHGqOGTIweQV5xUipIjspcE56jvW0KfMSXY4wAF8xenT1NMu42WEgRZPXA5
qWFwSG25x1Iq2YPMg3owA9DVThyRKh8RnIzqgKRKSByMdKs2qK2AUAbd0FKsRWYL5YIHTJ4NWbUR
+bujChVONpPWvPcpxdzuhZjltFVt5i2hjknGanWwLsEJ4C8kjirMcXnKNr4IOCak8qTaqkfLycKe
vPWumnUcluTUgkUBDldqsMr0HrRtQqUWPHHLnvV57WEtmNcEHgEYxx1qqIn4ikIKKBjd3JNdcaiU
TiaVx8cTeQFJBI65pHtSqbkHHVhVqJ0hVFaNXzkEEYNRm6TyyYmzuyBleg96cm3G9xWiUbqydiCg
IK8tjv7U+0WFVOSRg5OR/DSz3YwSkRwQOc81AZvKfepLgfeB71rCcWtyWorU1bK4gDELt2471o2l
5b53eYAd+Tg9q5yGV/K3gALnC89qmtLpYWwzKT1KsP0rGpNXNaT6nSXV0PMaVGcnHXrkVSlu3TdL
5m/PTnoKojUQMjYwOPxqvLqEKNkL16gGrnO8NEdDiXLq8igRWEu84xmqVzfl9o8w8Z79qo3OpAhg
pPHbFZF7rzxnbGxyeu4cYrJSujGejNi6vkyRI53BcHHNZB1WQ3WSwIBxjP61mS64zMYll2n+E9cm
qH28XMuYS6ls5z3rKrVfKrLY5W25G1cawYY8wON0fIJbJOe1Z97q9w5LeYcso+WquQFBb5s9AfWo
51MpGG+Y9DVU6jkkWoO9xJr6a5i2ofl7nuPas69vpkiEalsFc+laElg0eA67T2C9Tmq9zp0uQRCM
A11001JJl2ZmtLJICsvzBvvEDmnWLorfZ3BAIOBjINTXViYGZlznsOlRKpgUIAOecg1u6MZamb5o
vUdHCRJnHzDgmi5XAZ2lfhwcDpSLdJETLJ949qbJMjgscjdz1rGVC2pnOdyldyk53ggn7tQvcwjH
lR7MenVqkuJliiaWX6DNZV3exRg7VLbRuIXrXBOPLKxk2rjNQuDI20j2yvp71UhgWRlWSTeASNmz
PFOtrS7vLgeYuVDBvvY49D7e9b1ro00S+aqBiBjZu/qO1c0acpSui4XlsjAfw6Vg3rM3Iydo4Len
tSwaG0Ox3ibdkAh1GRjk9K7CHR0Ct5YB+cMdoIAx9amOj/KUKjO0uwx3PNetQ5uWzOyFLTYw9L0e
JJPOhhXn7vGBW7plrJEvltjcDg1CtnJC5gODH29K07XyVbeoye6gegrsV5anXSspWsaGmrBFlWjy
23A+vatCxjwPML/MeueeKxYLsTMEkPU9j6VYk1N0yiyADgbcYqKnuas7XKEkaV1cRIow4wVwc9q5
7UL+YO4iXCL6HgmrVzfzTjyFRSuDgEc5rOudPuJoyqS7cgAha57trYzlsYGr3QZmXq2MjP8AKuY1
G+ljjKyuSFfdvVuee1dNqmh3gjbIyQeCa4LxObqxDhozkE5wcVzug5M86s2V9Uv7di0aXJYg4LMO
MVz1zqwjdkSc/MAGJwTn6elU9W15owQkwUhSzH0rlb3XppJS6yZyMk4wcU4YVOWx585N6HoWj6vw
ucH5cHnqa6vS9aZJkCsTkdVbpXkPh7xNH5ioXJYA7g3H0rttC1mGYCWGQlXXk9wfTFdUMMo9Dlm5
XPTdN1OUMN0pDDlie/NdzoviCJUWCKRg2CSCeleO2fiOKEeYJQFzjpx/9eum0fxAJow6z7dzdSOn
FdKpRjpYulK0j2HQvFx8xGBK72ztD9h713mi+IbeWJRcHEm7qecA9a8B0TxBIJvIdtoI4C/xCuos
/FbJtw2AFXy1Y8Aj1olqrHtYeu0tz2I3EZuSsSgHIKgHt+NDX8METKHwQMDB+9Xl9t49IYNPM7Nu
B3BsD2/CrMfjv5AT0L5UDqT6muSUV3PQ+tQsdRreqAKYy/7rbyZGzyOw/OuK1vUowSUZiQeCRxVX
VvF73EIVWGHbceec89R27Vl/b3mTcMjHYN1rn5uVnmYiopsnjnYz5lfbx0q9E0Z5XBz1zXOTX0sb
5kIb8avW2sKpUswyR1ruw84o8+LtI1LnyguQB7FqzJ1JY5lGASSwAovb3eu+Nt4qJJFZSZTndjaM
16MJps6VJMSe5khTyCSP7ue9MuLspEcS7m6FaJVlnTeQu3HCk8qKo6k4gjPHXpg0q9RctxvQWTVE
Q5ViCOvNJFeNMNikHqeRWdbmOZ23hgvruHNWrEFwVAAIPBI614c1Lm1EveZrQXACK0rHJ4Jx6VHM
yyKCIgxZgSx64pjq8kYkZvkHUA96cdmQwGBt2sRzx1qYyUUy3Bp6BENyNGuOMFSTg4HaiS1YNveN
Sp5VT0P1p4TDIEJPy9AalEU+N7EbegDEd6U7SV0DTKUEamQRzKI8EnAPGO9WIkJBdIkK9c9+KLmJ
VmAe3yqod2D3z1qzFaq65DYVOi46GslckbbSkoRIuB61FcxrnfnNPAMA2u47moGnVtyoxJYYBx0r
phVXKEkkrjxGjLudap3HyOQqDIbJ+lSSX0q5QsPSofM8w4bp3xU1YymrmdypGfNmffHkY4z6V1Hh
Uq0YR0ODweelc/tTzMQEA+prb8O3jxXCR7MjuR0rzfd9rqzqoxcjoktR5ZAkC/U1djt1kKxrI24R
4J7UyK2ilAlTgYwF65qzGpZ/KWP+Hr6V7FCXLY1dPSxUuYS25TFkn7oHVT0Ncx4igNq2CuM4CBIz
kCu0uJGBKq+cD5tw6DHWub8RW6oP3jZXPyjJyf04q8RSjOHNFamMk4H5y3zIl2VWXKqSST3zVhJ3
lZAEAXHBJrPuWl87fIGJHU44NT2TsR5k8ZJB4XHB/wAK9dJIwk4uKNeG5azUs2z0xUb6hLduYlYK
AeV7Y9aqNdLM3KcYwNvapdKhmeXKoGJOOfSqTsYJtM6XRbFiFDYxuB5Paug0vSSzM0afePY/dqjp
EbCHDbSvGGArpNOti8RaMhdwAyKmtpC5MZOT1IWtEjTYVG7tUMdus0rQvHgr0yP61tm0hbaAvJOA
c1EdOZjsCYIbqfSvJ+0dNtDM+xMylIX5xyQO1IdNKH5lSTAypccn2rUgsX8wFjhCcbSKk1SLyYBK
doAJ5A6Yrsg2oHNL4jkNWiW3jZmPzN84O3qPSud1GXMRZQ2WPIBwK6XX53CFF2gPk8HJrnpLEzL5
pIJJycdqy3HHuZ8YYkgR5VeCSa3dEH75Gxj5cDB4rOh04tIEc5y3IBrpdJ0lI41bYAVPy4GaynGS
WhvzRcdTZ0uQmPbKeB6dc1cScgqNwbJw+TVGwjdd3y9+1adnbRbt5TDHt61yyWpmldjZJpIJC6cg
rwc8CnQzo53Lgv3p9xbAArs+960lpZybtgkUAnsOaqCVzKbaZLFBNcyq5TBHatPTbYq7Fm7Z68UW
1hLCieXIHyoJyP0rVtdORIczWhAJ6g12xhHlBSdhLCOGZQzD7xwKv/Y0RgqbgVXAyOtN0yyAm8t0
A2J09KvSDzE3RqQwHy4/rXmVdEPm7mZDYGC6B2n5jkjFWxZHezFQCR0HarLlI9srL+8C5CkdTT5i
m3cq/OevOfwrmbvoxWZk3XmwIdqBix4ArLuYGcZ5baCRnjNbGreZFhYlz7g9Kz5lkA2kLyw2g9q0
qTbiVHeximyl+0IDKWyeNwre0DSp5Jv3USMccEN1qJdPW4kcRyDIUb1Izkf0roPD9tEjIfJVTnjD
8muKSUqib0OmKsi9aI1uUVYgAeMDsa0BEqnzJCFDNhjjIIFRpC7DAHCtkEjAB7jNKGkmba8bbQOQ
3TOa6acEpjJ5AUh4PGAct70sl1bxwYeZiXwBg8ClaXNrmRyGK424zWVqV4YAAMldvzZGOK9ejF2V
hSV4l6OcCT7wCgY+Y9T60PqERVAuV3DnJ6+tc7/ajSKEWRgxIOT1A+lTXGtgNjOCwO0E9a7adOVz
G7SL11OLVw6lmG7IQjoff2qr/bi3Mm2NyBH/AKwFsD/69Z19qjBnkXltuCu7rxWdNemWYbVVoyoJ
bGM1FSm7mbnE2bpGuUMycYbJJbBH4+lUy8sRkVJHJyMgt196qwaq9wgXK+ZgpnPA54GKllga4g+d
Djfx8udzY/SvPrW6G8Ltal7THlMmUnX5nJRN2SPb1z9a7Dw7LLIpiDrx8xViOvf3rl9JsQ0quRgs
B82OenFdj4V0p2AKKxY4PzA5J7DiuKEHz3RdkaaafIFH2dAcryW7UW5NlJsaLAJ4b1rWsrd0iUPG
mc/MQ/PHr6VFeWrkloVLd0G39K0nCXKc8tGMglibKtNgjkACnuVYFUky2cbqqo08SMLiAiT7vHHF
LLIPJGZGDEDduGAamE2mkJakE6wxzFl3FlHI9DUEpREyvHPIPWkvruEQ7UyD1Zz/ADrPm1F9pO7O
cAE967ITV9RXsXJruGGXaJScjoaQX3mAgsvXjFZEt/5j7iR8vt1qa1kDOBj0PFdsZRaHF3djbsiJ
YypcgH0FXIEnZ1VCHULk+pqhpjlVJAOMEHNa0CLuQbDyuMr0ocW0dS0Vh+xkiH7w4yOPrUr2iNGP
mOc/nViytbdo/KRfmIJGRxU8lmsKJKyAYXkjNeZiIo1gktTNvYVXEZcgHOc9ay1QbnjQ/Lnr3rZu
0859xTOBwTxVKaGKIFWXlj1Ary6yWiOiOpFbRbiNkh696mulZU+dc4FV4XaAF0Zsg8Yq8TJdBW4A
64PWsPtWIcUyOwiUMAH59M1uWBG0Mc8eves2ysnDl8Lwe9alrHIhzkEenpWntOUiCuXoZEkJAwPr
TvtMcfy5XIGcGqbTEEbT9ahkmIfBGcjBqZV4pGpNc3IYlhgZpBF5qjygxYnJHYVGluHw4lJXp071
ctYREyrHIBnnJHH0J9a4J1rysNXuMg01FRSYMgjJLDqaspZNEhEoUBsEHGR9K0La0JVZPu8/3Dxk
U42ytGE+dQF+YlRTjO+x0xpNxuYl4WiO07t0fYfdNZmqpIHV4gy85ycVvahYhbUo4GV/hJ5+tYeo
RKPvucdcYzXVC6MpwkkZs927IFfCyYI3r35qlczSAbmOAhyDnmrUy2wfKpnH4YqhcmMMZCDy3yj2
rspwi1dnG22BuDINwmYjrz2NQL5kaFwxGT3P60vmRkgYyO4Axio4WBbayk5PGT0rppkNJD1dY180
qM56ntUkNypXfGUUHnDDPNRyQMQ0QYY/hPeoJEMWC0fHTii7bJNqG5j3gMQu9cFlbA//AF1osqPE
rF2GSdxx6DNYFlIJPlTZ5gkwN57eorRi1VmPlrMD8/yuOh47ccVk5xuS3qaxdBCB5uDt69yKdbzI
VVnIG3t3I71Whe1Me3BZ2bHynuOaf5zTDcsRTk7kPGPTmuyhyuJE6lnoaUMxSMRoAQeStaVuyunk
MSokwQ56dK577XEwMqAgjP3TkH0rTtrqaMAbcAfeRuT069/0qqySjcqlU97U0VtjDatKmWbbuQjp
nPenpaI7CWcAF2yFCj0yelQfazPCEL7WKBlUp/hVu3nCBI0b5jjIbI5PBGSK4K2ju9j0YziidJPs
6EpGI0U/Ow7/AIHtUsc6RRtJGEG75lGDyKryOY8xqxIORuU8ZzwOaqyXDM5RdoUH5sjnPbmueCSg
KrNM0J7zymWCUJgqWZiCSD6deKqF7hiI1QMJMnJPX6VF5tswKl1LBQCN3X3z61PGCz7gw2KoPqP8
iumNRcpy2TFjkYyMHYIMHdzkYpWuDMgkjiwANoIXA5HYVFLbSQlC5AbecZONwPtzUZyZxHufcr/M
Sc/oP50+fSxL3FuVhk+47MScYUkVCQUjO4scjAQAc46UPujlAbKshBbL8EU0O0weJJQXUna4waIy
SejE9RJGkAMZ4YKPlI7+n1qNruSKcqwA3cnsQPrUMs04UQPKdysWXJrPnkuXO9iCO6s2Mg1Faabs
jSklexpS6nGCGFwcFODWVqHiJIFJMoYL6d6rSyXGGhtmA2kcEcAfjWNqLNKzqHwFOMVcWzd8z2L9
14sEz+ZklccKrYrNudWa5gkJYptPCZ61kXIaIZ3k+hXrUUkkggDKxPrnrW0Hd2ZhVvYmTXMyMqnj
HJ71pWI/dmGNmYDlcHmsG3gZpFkMABIAIHTNdBpkEzlQkYGDzz1qZJ81omMIN6s1La3KRKgVTk8Z
OSD3qeOB1k+ePIAyCe1FlCUZVORg+lakVlIXJbDYHI7EdqUPdR1KFkrGaLGTO8oWycqWPI/+tUtz
avtOMZwBz275rXNgEjV3Tk9Biql1YbCUO3J9+orsotuzZfLY5++VXm8sAZ9cCsfUrRI5Dnrnkit+
/snjn84cqDgisu4tgJHyRgt3rsi/d1M6sF0OeuUk3FtmQTxzzURuQD5cmF/GtPULFIwSq5IHOD0r
NFjLJLvYKfQ1okpLQ8uqmmDfZ3jBZiQ3aoEsIpgYxMMuSBtwcH1qzNasAZHAOOyip9KsHY+Zs46k
7MEVzzpx5tjnjeTJfDfh+SFt6Q5UIckx5/OugttHWP8A0hnDEEEZ6Y9B6VNpNs0kIWJcY4AkB5Pc
4rc0/T2ztCgKOcNH19sVioRU7I9XCwVrGXp3h15CyPHj5cKd34596uSaAXBEYw56/LjIres9K3hW
8vBxgMx6flVye1jNnunXBXgMvrXRGyjsejCDOIvNIjVDE8abg3BA5FUprcQAxCPBxlmJ6GulvLJH
downl85Zz3rE1NGVvJWRSTnAI4xTU+UrltuZM02T5hIBC5Pv9KntLR7mUZJAf17gdaiWyeaXy9uB
j7x9K2dNhLupwoyP7prOUnJ6glYm07RmecHyNyHHcHNbq+GbZGwsYDDkKB7UaBbOGEjYACDBA+tX
XmkkKsrDaN3JGDW1OKeptFXRzmseG0RWLouT1x2rzzxl4Ks7yCRnjUSNnIHJr0vVLppsxbiG27Q3
tXL65brJAzv8xHAzw3FdaoxaOOvDmPmT4k+DrzTZ/OtgGAJIHtXk2pahc2twzz5znAGeoNfUXjvR
orgOduWI4x2z1FeA/ErwktvdPOsb5BHfoM01QSdzypx5NWc9pmt3Fu5lxtwegbNdZoHi8x4AfaT6
8c1wclhIxMaz8g5b0xUtlfSWhwnHfkVMqbjJpGU480Ue16Tr1uyoWk443buhNdJpfiRWMZZAoyTk
dhjpXi2g+JCjbvNCnAyC+c11eh+Jnkk2ST5XYNuO5pN3MXBxPYbHXGdVEkiqVUbgR1H161q2XiO3
ljEyXe1sfKDnn615bp+tOgUEjbGpIbPPNaNn4jnc+WCWz0VRWVRaXNqdVxPU7PVDEvySAZXJUHIP
1FWk1mQxbVuCSTwK89sPFMvlMrEkEYGAM/pW/pOrLdybQQrbMqc4/wAmuCoknc6PbaG2bpi7SPMf
m4IDd81J9riQ7jJnpjJ5GayZbtBLsikUnHOe5pj6lIsgWVUHyetYqMGzKVXqaFxeYk+WP8c077Q7
KNnLfpWatwkyZ8/B/wBqpIpSAG3naD1FW5KBClfU0IdRnKlChAzxk1oWuqRIhMihiQfwrIgdpJC6
4Zc9DxU6FPMZwvBGMehrrpzdirs0n1G2Me8ADB49qoXlzDdSAA8dz2NL5LFgMhQ3fNRsiwsyZzjn
5RxVqo2rDlUlYjW2VQYUA9Sc/pU1uI4JAwJUZ7c0WzmYbVAyGy2RT2Xyk2snUjp0+tYVYaXRvS2L
qyo0G2Oc4JzgjmpEJeUKo+QjkmqMHDFUUnaeTWnp7RnO5fwNZ+z5kdabsIRMpbEYP93HpSwK+4B2
OWXIQ9qsTEyjcilMdgKrSh0CsJBvx949vakqWpE1Ytw2CiRZfOLZH4Y70l0gtiq7iSTkg85ptoJ5
Fwr4GP5VLIrGIO2cg54qatH3dDIglhTy8nPzdeOlU7gJDEcOM54q9dSSquQN5xwB2rNupI5IjuBz
noa4mnF2B6qxVmKk8gEnvmka5Dx+Wi8gY4qCeRiTzgL+dMLkq3lsysP1pTrOKtcIQbZasuJD5nJx
0ArRsJWhlykYIXvmsi0LMgkYnJ4JBrXsWj+6oPTnJ6V5Fab57noUkkjrNE1RJIgGjwcZBrUt5kdi
5JBzjFcnavKgBD4x/dq/BrDxfN5u0kjqK76GNimkzolCyujdkuI03Ahjt69uK5zX9SEzrvuCoIz1
Jx9eKnvdQkunLC5VATgk8ZGK53Ur+RyNkYbIwQpxkDpzXrwrxqRsjkkrvU+DbnS5hGpLHAf5Se9E
FvJcSmJ02jOMjpXT63bhpQsaAKp7DissWpV8o42+uOpr3K75FZHDFKZUi0wRhvMyCOAAOtaWkaUn
mLkbpAQWI4q1Yac8xWTf856kitbT9NMcwWVMZXr6VhSqO5lOMY7l/SbSJRuaE8cAA1vWEfmhflK5
GHBH3fpVCyVIogVUEA9+prRt1iY5QMoHbd2rau7wOaMrS0J5hsjAC7cH5eO9LcAFWKHGcAED0pru
skmJJORxtJqytqdpH90dB3ryJRad0bqoQxW4ikLXHzbjgDOAKi1KKLymbJGzkHqP/r1owQBExICx
POc8iob6JGKrGn1J6CrVWSjqRKSi7nIajppkkOS2/Zxgd6qWfh+e5Xy40ZmIxuHAz6V2tn4fa9ug
sasdpCswXiul0XwBtkWZ4CRuwBs4x61rSXM7sXO3sjzOx8B37rmS3yexJ6muh0nwvdJH5DQHIHPP
WvVtO8GQzShTahVPQFeBV678GW9tDk2i7R2HBNdVSOhqo1bXPJofCtxb5ORuJ6U+50428hjlypA6
9q9AuNFh807owOflGOAP8axfEGjQWwM20Ng5B9K82skmTJuGpy0lqu7BlyM8ACn2loiyhllIycgk
Dj6VZ+zBlLl+Qec9vekQIJQ3lqQrYTaoH1rlhNxlcylK6NSy2OvkQxE7ecnv61qWyKFVVTjq2azN
PW3Y7ZCVYDO4GtuFlEamIBiowR3/ACrsjUdtDHmkiRIEC7wgAX+EjmpIrVxulD5GOhPeiyRVdtyA
bugrSjtY1UOYs45wO9ctSMn0KdR2M+SN7lQvCsB82KijtXgygb7wyM9q0ncRhiAuTk4x2qFolc/v
WO8/cGODXFOk73NPaaIxtStt435G1znGazRaS3E4aOIMOoGfwrbu7ZzIodcADG4jIzTdL0WX7V5p
I5Q4A7ZqFVjs0aU7yZXtNNjeI/u2SQHKKgPJ9609Nt1VN7KQScEHrmtJNIk8kZHzD7uR1q3FpBVj
thIHUg+uKh+87s7FTe5BBOgUDLAD73vSzGI5bfgHg/Snrp7qnlmNi2SVApZLGeNNuwjnLAjJrrpS
iJqzKVxLHsCeaQME4AIrG1GVXhYNMPlJHAOTmt+5tSQECsMLjcB1rH1bTzHEGlADAZQ4616NGqod
SJHLy33k3JWYFVYH8ahu7+MGMQSHOzkE5xzTtXtV8wgZLbiUyazG3NLz1HXjvXoU6yXU5KrL0d6n
lFVLNk9+p96Y0zhBCxyDwCTS2lsqsEViNwON3TNSmwKhRDgbRhiecUp1lymV7jNGnae7C+UNv8R2
jrXXadBESC+d6kcAVz2j2caSgjcNzfMoHYCuy8P2puAFU/K2NqqMHP8A+qvCr1VznVB6F3SrIrKF
MSKAMAhz+YHrXS6NbXNvIkkEmxGbBG4c+9VbGwihCKqgIqjcOpz71uWdgd6tHMihV+UjnJopSTZu
tjStbATMu+PO7Oc/KS2c59xS39sUi2+USxGSVXhef1qSxXYjSyKc85JGfmx1AParF/CFVhtYq23E
hGMHFdC+Emors5vU4PIVnYlsLyD1yayr6SWVfKYDCrk8d81ra1DIFacN1/2z071z91sZpEtWcDvk
5Pt+tYNWkZFK6mmDBSwwOlZ63JWTyriTMgznHqaluJMAvyvy5wx6Vl3PmSMkyOw3E4KnrW1Om5O5
D3J45TIAFkI2MTjb61oWtzHGc7juA6g1iRXMoUzNESucNmr9nM0yFZI+D0UdfpXTSup2ZcTpdLug
8isSBnoSa6CCeMjy1uBkDdlR39PpXJaQgXcY3PUnDiuh023B/eFsk4AI7iu16rQ2jub9pcM5VjED
sADe5rQgWOaEbgRnOQTx1rEs47hAfvYJ7VpafcbYzufIBx05rzq6OuDTRHf20Yl/dkkEEMR2rMvF
b7pJxjAJ71vTIkiOAApHbPWsm7iZpBAVHr1rx6zVzSzMhFZSfNTGP4+3WrscyyttjAPHLUTRsZMl
V2kcD1pbS2jkmZ9hXd0wa5Oa2oi1ZqQSrswx3HeryERqArkn1qtGI9/mJIMKPug1ajyrF1GAOQD6
1zylZ6Bawkhwu7cBzyTSiEuVfnjrg9alWJZ+UU7cZJHrTo4tybQw+bIIzzism4yeo7NipvaEGIjg
5CAcg1q2UW9mCxJuGDjvnFV7WBG2N5gUBSCMdfetTS4pI5c7AVYDblc8e9ZT0Rvh480ixFbl0DFy
CgG/A6HtTGt1iIHlt8xIdwc54zWmlrFKyskZj4+YgdD70ya1QoGeUNtAJOcZop3ex3cjitDnNQt2
yZEidjjk5rm9VEiRtFIpJY9jyK67WYYV3KTtJAxjPNczq8JJOWCJn5sjrXfSTuclVNI5y5mVhs27
djZGe59KrPAUXLuCScjIq/eWwMn3AwX0NRtaHONhweeT0rvp6LU49GVWiE26NODtHNSR2AI8t+OR
yB14qzb6b5mUOR3DeuKuW9k8o2yIQDxvNdFN3JmlYzJNO2xgLwx6N6VBLEPJBIBJIwrD071uz2Cq
W3OQFOC3YCs2exmDs0pJiXO1U6//AKq0cepi1oY0yEL5jTjcpyPLUfpUliZo12CQAfekZhk57Vpm
3WceU7INpB3EDB4qrJbrbXKhvmUvgkNkMcVxzpyVTyM3T6lm3nWJkSRCcANuB4Oepq9buXdo5GQB
hwzL2BrNi1B4pwUADEL5cY7c1uafa3WpbLaOItKMgbgcZPTJ7V00Xyj9m5aWGwLglYkQKqc5bOfa
tCKO4e3NyjSBw2EC4O3j1rt/Bf7M/wAV/GVv52k6EwQNwHyN3HUZr0n4X/sYfEB5ZR4oshbwynbK
JRgp6EYrvpUq1Z2UWzso5PiqjTjDfueCfaJHO+PI3HA479x7fhV3TzcG48opubGQDnJ+nqa+pNM/
4J76Db3yT3XifzYyf30Lrg59iD1r0y0/Zx+EWkafb20+hwSTW64SaRQxI9D71vS4ex+JneasvPQ9
ahkGMcrS0PjfTfh34z1qyFxY6O0gOfLKg5lGfrXXeGv2WfHGvaCly1uLaWVzujuBzHz/AJ5r6gvo
/DPhSA2mnaXDAYsGNwgOAe1ULfxTeajp0l7aWwUxZEo3Y355B4r2qXC+EpSXt530Paw/C7qRvJni
MX7D/iidi661FHiPPllwefrjjH9a0Iv2Mtdghikj1WNneMiXkDbz06V7HZ63NPbSXF3H5crfKGDN
164HrTY/FV9cNDazNsBlPmEn/HrXoQyfIqas4u50f6q0bXPnDxN+y78StIMipZrI4lODHKPnUdMA
iuT1L4T+L/DltLf6rp80aqoLBojgD1z3r7Qu/EtmZPKNzmRGDKA2AR75qC8uNJ8ThlvbG3kV8gxF
QeOhrmrcM5dOL9lOzZxVeF5S1jsfCDWF5JGyxo0pz8oUYJp8emTxsVuopEbOAoQZHHWvs6w+HXww
s5ZJk0GEFmGN6A9OtZ/jD4H+BPEMLjTljt3+8zIgHXpxXlLhDFNOUZpnl1uHcRS1ufIV7psiMHii
KAN0fGT7+1RP4cJdmZQpxxnB4r2bx38CPEeks7adCbm3UYSSP5iR3zXB3OiXli5s7iAx7SC24kH/
AOt9K8TGZbVwVTlqxZwwws4NqeljhbrQvsxEbsBjr85IxWFr2kyvEUgOGxk9q9F1fT0lYRmMc5PT
B21zGr6RLdznychUOM56jHU1z+z5Sp0eVHm95YzmUgwkAngk84p8WloY/wB0OdoBz65rfv4IxKYg
oDiT5nIzgVHFZRqiySjLEZbb2x7U0crppPUyrbTWhchs/KQMk1t2Nm6hGQgE9cjtTrWyRnEjABQc
7SOtasccZj+eIbcZ44xWUp8ruRKKasPtLfy1BDA/NnOOtaNrYRCQBoyAQMg1UtYIxIgDnA6LW1bx
KFDyMMFQPxrN1dTWEUkQGN12xhwEI4G3mqMtmShDDlixzjt6VtXECm32ozBuwAqrLabYRtTIzzj1
rrp1ldGlkcxeWf7s4k569KyX0xZmYvGSc9fWuvubdCzbYduOCpqjLZvGWby8EnI4rZV+Z2MGu5yO
radFDB5bHG09/Wsp1UKSoGRwSB1710niK1JEjSjBV/m468VzoibOxBjA5r1ac4qmjzaseZlCOQSS
bApYbflJ7+ua1dJt2lRXQ5Eq7QB1zVOLSZmlMqx7yzfdYHAFb2kaK8WVllBOM7jwAeorKrWgt0Y0
6LuaemWN4JV2typG/CjAGK6vSbCaVtjXOUAHzBAc5HT2rM0jSQpTcFXJI3nOK6XTLUhwAQXGS20Z
GPrXHKpd6Hr4WkSpaw+SIAQVUglRxTNQhaMPGihgFwuBwRmrcatGpjCBgwO5j6elQ3DR+SP3JyDt
xntVRm0eqqa5Tn9UikbfN5oO3gJ0rlNQu/JVl2AZHG3+Gun1y48svtcAbuMjpXHawjm4byScEZPv
TlU93U5ZxaGabcK0oWRycc4rXtr2QSl1T5cgda5jDJMXQZPbmtbTLvYwQqWx156Vh7UiLV9TsdNL
NExhz0AZR/jS3bXIkaJD14QDtVbw7fI8n2Zl7g8j71dNa+F5rtdsQBEjbht7YrppVG0dUEpRscfe
ruVR5TNjOdvUVh3dlcCB2VWBU5BYc/nXqieA5PKQlCxLZJ2fe9qqeIfh+zWp8qHbkYPH616VDm5k
c9SlKzPnPxVHGCyuPm3Eliea8k+IuktcSSRMcgoOFHUZzya+lvG/wwviG/0TcMHPy8k//XrxHx/4
L1S2lfzYmMaD5lKdBXdzcujPDxcZRR4jd6LEMvFaKwHAYNggD69ecVmX9hJE4+0BUOPmXGea7+bw
5MksiIpVAnyb4hyaxtQ0UpIwKkljn5l74rnqVY3OWlNs5KJHsZleOPco4OT1rodBk8wYeUoQMoNv
B9hUKaEyiTYGLEfL7GtbS9GKygNHnaMjPcGsJxTXMjWo1ym1pi3Doqbywz9wDnFakG8lYzISY1JR
h/FUWj6ZIpLkBQF/dsMjFdDYaOk8LSLGBIuNoz6159WVRiSSRJokMYCT7zs3bRn+8feuhsCtqiom
XIB+YdDzUFjpEnnbQv3QCX6YOPStG3hIReFbPAXHI96zurak2bLtk4kyflO1yWzxxS3EMU77o3bA
9BkY/Gn2sWCSoONuCB/FViKFvJ+pwOOgrFNKQ1BIy7hAGVVUqAODSfaZHbCnaCPmB52GtFogymMx
jg8kd6o3ds0bjy+A4+b3qpQ5lcaXvFqwum2qzgsf7wPFaUVzH5eCoYtyKzbayiTZFuI2rU0UeAAZ
hxnGDj8KuHMlZMpp3NMjYgKHr/nFNWXO5mcAjqPWqsNzNHhVbd/T3pUaVixZASF4Pqa1clbciTsi
7YwOXLbhg9T61caBSmY3BX0IqnpxLMHLheO9aifOoUMMdeneqc4uNkdFKV0UPKKvtXO3tU1o00WS
DkdqtpADNk7SOvSpDbx5L7cA8iilBLqbXZPa3iGPaxAB61RvjH5qxhScDr2NPYbTmQjnoRUMuCwV
m5A71tyRiy5SbRYtXYZ2y5IGNvTrVu3dioDKc4Pfis2CUK5SQZ2noKvJco0Z+zgAhec0pKDWpBFe
rIgYMMerbqypPmcB2brWhK8jRs7gsp6ZFUr754gw+Xnt2rzK0IN+6FijcuElAKAqvLMRz9KjaRXz
sJJ/h9M1XvbprckuxO3qD3qKC852K3yuePb1rhlHoOLaZbSUrERKcYOSBWrpk0ToVUEFiM/SsJmd
2Zgu7bjp0x61dsZwHJZm525I7VxVqZ2U6h1loYguVdAyjBAPWnSyNHGGCZPvWbplyTFwoxnnmtLy
Ll7Y7iyoGyCV7dq4LWmdbk5RuVrm8ZQRASPlywC5waydY8tX3lsR54Xbg5rWkjkhBWdM7+AyjBzW
VqFm4kL4ZmIHD8/pXr4WVlucVW58s3VmEeQRADcfnDDPFZD6crkssfAOFXHStcF5JyN5y2STt5A9
6kW0VYWaVT833CB1FfTYqrzSsZqCjEo2lkBIjBzjOOOnSrUU0cbF93B4GT0qSGFmjCrDtGcqSelS
fY1WAyBQc/xY4PtRQTvdM5anLsyza6gHXCryF44q/Z3DTxHOcD8BXP292wmKmHCnoM1qaQ3mR4Zg
gGcBiea6ppvQ5VHlkasLxu4dRlsckLWlCS43BshiOAeRWRYi2SRzJ1IwB6GrsNrI8nmRTkKoGBXP
OEYase7LjTSSS8QZxxyKWNBcuIo05zgrjrQPk/dPMST3VcitfwtprNdgyHowO5vSuJQbbQ3FdTo/
BfhuJItzqA4GTz+tdnpWiW5P2kL93nk1S0G1iRAzKANvpXRaYq8EHIz0K4r1KCUUkztoYfS5bi0W
Bo1mVAW25GKp6zbuIQo4yPmOOldGVhitBIOMDHHpXOa7PEZHUdDz1q68oxR2ukkjlL+xRQZCO/PN
c/rsMbQOjfxL8vFdXcxR+Y6HgnkVzuuJ87GAbhngGvIrSurnn1ox2OPMZ+zyBgA2Bhe//wBeqtsq
POVU7ScbS3Y1t3tnIGZlgPzLwAPumqDWKoxERDErkg9q40mjncIljTxKjooKHB5+vetixkWVvOCH
IyDjtisfT7aZpRuhbPbHTNb+kjy3G9fnGcDHWrp1LMzcY2sX9NszMoaZee2atTn7MOTjPoc1JavG
I2keVRs42+9QXcrTR5RQcc5Fdas43IlGzsU7q5RydsnLd17UokBZVySrHJI/hqu+PM3ltuegAqxG
XyNsQbI7VzVopLQlRdx1sPMYoMsN3Q1uWGkW0axnyjyPxqpo8UalWeEgFsHNdJZPbTMikBcDCn3F
ckaDvc7KHxXKkGnJG6lVJULg7ugq7FawiQ7IADtzmrj2sMiMYWxgAuT39hVbfGJDuk6kD6GlKDir
noKRFPYlZAAASV5x1py6SkcbNISxx61cRLaeQsgI7HmppreRiFiXjsfU+lKCfNYxqfEYEulFnxJg
+orI1bS8B1JyM5j78V2z20MpOFDSY+7jpWTqunQJvRWZSRxurshFoxlqrHm1/o6zu4mQZJ+UgdKx
28O7LokqFBOcsa72501PnJznOM1nvp6kFdoIB6kV0xqK1jjnqkYP9nrGojEQfPepYdNJiaRoQHPB
fHTFa8dvD5gZ1wCeCB0qwlpEVJVjjPGe9Z1KjUQjC7My0spDC0uxTjgHHNaekB7aQReZkdmX+GpR
ZRxqG3HGPTikJgEiiM8nj5RxXhVpyc7nUoWR11h5aqskaFgOfXNb2mWzPb4ZcDdkhV5z9a57wnHc
XihRGAi8Me9eg+HvDbzSAsik4GPp610UnM2jTk1oVbaIpkCPG35Qx55qxcRzyQJGDghcNj19TXb2
fge3UfvyM53Lgdanv/BkWCyxEHHDBa9KlBxjzFuhOx454itpkZ442PzA4+Xp61zV3bSb/MEuFfJB
C9PrXrmveCLi63KmCd3XbzXLP4BnSYrJGTkfMMfrUSpycrnK6U1I86v4EeHITeQvYVQms97lkOAc
Dhc7fpXp138LZzF5sSfu+gOKy7j4azWqiNbQs24guRggetdFPniKVGa1OD+wqGPnIVXPBI6/hVyx
0wxbW2bl6enuK6S+8LXECh1tyyoMldp+XPeiz0UeaFKuoYDGVzit405SYkrEFlosf39hDFelbema
ZkrFK4DcEYFTWFmjFUJ2rk85zxj1rUsrJ4TvVEIPfdzWsouMNDROxDLpoVsSEn1wcYpsKRRzq+cn
bjg1sxJH5W2VOCuQ2OTVG5srcEtCp3H7orzK7kldGl2iOaaKFRtUk92zVO8kWZlkAwAPlqe5UrCe
WBIxwKo3CyxoJCPlVONvUc9a8irO7H7SZDKAhUszk452KantIyc4UDAyOCPzqKB3c5d2dgDkrVm3
hlkx+5OTjOTxjPU1yttFKo7lyCLzUdVjXkAZ9T7VI0ciRbZ3HAwqjrTbNERhJFlRtOB6HPWrIWYy
mQxl1GMSAdKxj70maqT6jrV4xbFVixwOc+9TAoP3yog+bnJxwfTNVlciQwq21T0Yr0JqaFI7pzDK
cleD5g/LFauCS8y7y6FzSYlmn8zymwfvvjgfSt2ysHMoljIBYErk4DL6Vm6bZNJICVaMfc/dpjoO
fwrodPspJYWVGYqPmV2b5hiuapa7R6GFiuW5Ys40lO2Q5Oc5iPC4HcUlzFMqM8IjC8DDLye9XLew
2sQ7YLDkL1J7GtUeHUlcA7icD5nHXnkVtRiuh22Zwt4AQUKjCjHSuc1WxDyYlBA5PJ4r06/8OQqC
v2fLyJgKvX1z+lc7q/hd3YSTLjcMfLyOnPWvRp0Z2ucFeF1Y88uLC3DliytuHJFE2mwTLghRleQP
St/U9NhhUqEGOhGOQPWs6e38tCyOfu4JjGePr61pP3YnDGPJoyjaWLIw2YKYOAetWra2SJi5QgIC
rKT1JqzYRrIZJVTavUFm5UepqyLTIKqFODu81VDBmzjnOK3w+sSnFNGHcI7HLKOi4yOWHr6Utxa3
DAOIwAzAKWxux/hXRaZ4Q1LVLkmxtfPKoN0Me7dx0wAOlevfCz9mLW/Fk8N8sIS2lI823vod5U47
e1dNm7RW5vQy6ri37i0Pn238NaleSiGLTWJ52lIuvvXV/Df9l74i/Ee/iisNHmgXeR5rrhCMetfc
Xw6/ZY8BeFLNbvUbaEyJxskXIHsNw/Su4C6P4UsRb6Jo8KKZNuYVAycZBAHSvQpZRWrNOppE+gwn
DcG1znzP4H/4J56ZarDP8QFjXyXAdrWXImHqfQivWNE/Zk+B/hFN0GiwsynrMdxyOma3/EvizV42
UTQLLCMsGU4I/KuQu9Xt7tpLN9SuYxMcbZTyrdc9a9Slhstwzty877s+xwPD+GhFOyO1HiHw/pSP
b6fbJCsGFjVMfdqDV/Huy1SS33Thm+dkxgj0rzaae6juzYTzZkU5WUODke9UtR8Q6vpbKYoR5JT5
lGOcHlhXYsfZcsdO2h7dPKKWmlz0K58YTSTmI3DjEhZCORjA71lX3xCt5J5Fu5VIaMfKW5JB6153
c/EB7hpIY38oo+CsJzkdzgfWszWr+eCRJoJXC3UZEb7iecd/7tJ4yo4Xcjsp5bTjo1qd/Y3sniVp
rK3cqTEzQep46deaseFTdtF/Zt3OqTFyp2jGV/LnFcP8Ohqq6iJpJNhjcMrAZGMHK8cg10mia0+o
+IbhEl2PbuXU7gRjuD6VpCq5qGtzOrQUHJRWh2CWc5vz4e1QFBJASkoz85HSub8VWupxXw02xjQe
SSZnJ6jHU56V1Pj3xC1toEGv2/leZBGA21skH8q878TeP5bu0k1GFWR7iIKu2Tn3zXqVqEYRst73
PMwspOXkNvtTutUJa2vAzLGoQrnJx1wTWro+oXOnxLBNvDMCyt0OR1rz+78daPotkL2RDHKoKxtu
yXf8e1WvDHiq78faihS58qxh2i4mXIZsjnAI7+tclWNSPvt2ud9P2U3y6aHbv4sOsssWlFXMR+di
euOwFbN5NaRQxrMWhkIG3JOGc+5/lVL4faDpsF+5ljEdrG5MYXlmJ9aj8bSpqGsC5M7KGwFiUkBF
HGcDvXTCVTD4ZVIy1ucVRU6+I5ZRskdN4VtJjdNbr+8hyAysQcf5zWJ8WP2dLLxHcrNoFssM87bp
wBw2O5/wrSGv6R4S0qBYrhftU2DlsA+xP61f0fx1d7DNdTb1Zi20ryRjr16VeJxGGxNFU8Tq/wAj
y8RkyxF5RjofP3xB/Zv8Y+GJPLtbcSwggmYkYGevWvJfEfhjU9Pv5bO7Ub8/KqOCCPwr7sn8VaXq
1nGs+nR3KSPtOVzzXPeMf2dPBnjiwludKtINNuZjtd0iHB96+bx2UKTdTDu67HzmMyGcIvlPgy90
qNJGhZQP9gcZPrmqS2PlSbZlBKqCD179K+g/ij+xx4y8GwtPoanUo+S7RxAfjxzXjet+GNW8Ozmw
1O0eGUNnndzx2Jr5TERrUanLKNmfKYrCV8N8SMaRW8wuAwVuFUCpUKlkCvnPChj1PpVgWYhCyyuW
ZQArNx19aFgR49pULtOYwRya4HNuVzjUlLYktLcNJv8AlJHbNatsqfccDjofeqFtAkTkIMkAk56n
0rQtYpAuJtqrnJAbP61MpNo2g+hckhKruDDOOoqpOXMRiG8DqQtX4dgjEWcg9Mjp6VEIy0nlEqo6
E561MJXd7mj0M26gSVFIHCtxVS8t5JyAW2n+HjrWpPalFKRSr64qs9qwQEowJ6881tGpLm0M2rnL
alp07ExSjcecj1rFl0faMvEeT820flXcXNmilmCYI6ZrK1GzdVJaEkdQR0NelSxDsos550luYNvZ
2auEwWwRgFSMH3zWnY6REjmWTPHLADoO1V4YnW5JmTg/xZ5Arc01AYVAfDN8oVl6mt3eoKnCNy1Y
u6sNyklhtSM4+Y+1a0UrwNhGz8vzbTzjsMVmmZIZFIVSARzj25qWO8ESny+JAcgA569DzzTVNo7I
+5saMN3G8ZZozudQdy5H4Gm3l1F5O1mywjJHHWqyX6JHvVCQMfMGxhs81X1K7lWOR5pQHZxtUnOB
6nitvZvl0OmFXSzM3WHZyyIUXdk4bmuT1OEl2ZQzFCA2DxzWzrN8FIREUZzkiTrWBIsl6Wfz8beS
FbnArGa0M5tFAtG0yMYSxySwHYCtHTo5uGRwN/3lxkgdjVe2tVLKI0LuQf3eD+NXtMsWL7cMGJzG
B3FcklYwtqdRoULQSpOCAw6nPSvTvCt/aPCltNEuRgB9uPrXn2iQrImyYFgQA5KDP512Wg2hhfyw
ysABkljlRXXh5q51UVyno2n2OnTQrMgB3NgKBxT77QbN0FvKqkMvK45FZel39yuI41BDEZPb6Ct2
WZWYSZUngMewGOle7TkpQ9DotzI4bxd4Rt1RleEMB93jJA9eK8f+IfwyjvpWdIVGI8nb0PP86+g7
yznuQshbd8rAbRk5/wA4rndb8NLd28jwQnkchht/GnOrFq5x1sLGW58YeMfhhJaTyvFbbcNuHPQV
w2p+C2+0SrLEGQngkE547V9VeNfBNxLdynyVZQBtYd1rzzVvB8UYkZYdpJxyOn0ryqtWz3PFq4dU
3oeCt4HktixKZIOFB7VftfB32eNSbfBxg85+lemv4OYS7jHu54DDrU7eG7dLYAQEkZGaxqYp8iSM
o077nnulaDKrSsI84x+7Pp6V0GnacUUfuAc7Rv6bvYe9b9roKQq0ghDMTnOKnttGC5Zvm5yFA6Vh
Ur80SlTV7FGz08GAJIpjAY7Sec+1WbexaJllQksoxwM9+M1eW3GBujIfP7vngHuTUscBJJEhyCPu
jv2ri9srmnIrFFIguVUjaBg47nPWpESA4Uqfl4GDU62TNMRsbAH3euD9e9Tw2qFv3g5yODxVObtc
hU0yuoJzujwG6HFV57EOAMYx0+ta5tMfK5IQc59D6Uk9i5AzEcMMkYzg1tGreNi40tbmR/Z8e/zW
Q5xjA4pjW5iBdkG0cA961zaXBTJQEqCQAMZFZt8ivbs6vxnJABzTp1HcuUEilLOE3EyBNvOTTIdT
YzAAkjH3j0qrehrjfCrrlV9eDVRbkRRg53ruCg57nitVK7OadOzOggv4lyUBJPT0ra06aNoiN5yA
M81ytrKvl4Lc7vuDkn6VqadcywFQZMYOTkZOKw9o+fQcFZnSQyBd2w5yMfMeaVncKBs6juaq+ckg
+Rifl67cVLDHcSoAvPy4ya6YVbam97i3DRsgMI3HtUU7nyvLufvYB4FOuGkj+RoyB+VUprh0RmUk
knr1rtjLnWpLm1uW403yZiJC5A+bvUqTGEjEWTjJ96o21yyBTIc4Hr3FT2TvI2MtyD1rGpJIpe8X
XQSgiTuQQuelRT2KvGI8Ac9cVPDbSSqGTJB6AdeKtQWjEgSKRj1rnjFSkWlY5rUNIhkDbgC2Oo7V
gX2mvaSAQMWyeoHSu+voUXKtFzjB2qKxLjT4DPvbfgfd961lhVPVE7M5oPMHCfMAD1HQ1egad2UA
nrwR0xVy507DExsuM5IxUdnbOj/OGI3Y+boAa8utTSbTNaTcpG5oxJQKQOBksRxW3bxs8giiLNxn
ax4rnNMJWYtkMD8u3JrctLqW33RvkLkdOp9BXlyornuenFXhYmvooUVy7HbjLZyQT2xWXdq8KSCA
5yw25HJrZklV9sjIqsSPkJqjeRSom9T97lWI4HqK6aasc1SDPjx2SHUdpRsk8OozmntcXaILd2X1
8v0GajvIra2uGLjcc9iSS2f0FLuDScMWY/e3MOK+nqQbmmzz5SRZt/srOu8YOeitVu/gzCIyDs6q
D29az4DOJmAUjj5Spz+NX33TgY3sR1Bp8/K0Zct2UJYkVeJCGI/h7VNp93Lbtscs2eDTb2OPy8Mm
0p1xxmmW0LrcKI4c5OVxn9aPbN7idNWubmnyK8qiY7iScj0rVSLK4Rhx0XNZWl2twzrLswBnKk8i
tMqvmlETGMFmzUOonuQ4LluWTK0h2EAfNxjoPetvRLiGCRcbgw5Letc7BNMgBIBB6Z7VetdTkjKx
7VbJ+YDsKKbXMZ7Hq+ganCLMSyyFucD5h1rpNM1KGOINLJn5sqo6V5r4cFzfFI7e4yo6oOgNdlp+
n3YUKzMCvBAHetnUUY6HqUKlkkdDf61HcQ/eIKjqDWDe36NESXyec0y9trzD4DDismSG6WQlg3y8
4rmnVdTSxpVqaFi9nWRCqZ5HrWXewRn5nPXpjrU5lKnYhIJPQ0oPnplxg4x9K1VBOKbPKqz5mZst
pviKqAcDJqitlFHP8qkMecDpWwLU225yS27gZqFbXkkoCSfmwa56kFFGa1IbOyZB5e3GSTwOKsx6
dJEwcMpx1Jq3p8TgmNgAF6VdWFVjKrzz0xXFKCZoo6FKG+VR5TjDAcg0xnUqQxAHbaafq1kX/eAg
HHYVjSTSx3AiYkDsTWkajjHlZElzalqdSx2LkgetW7O0BAIm68k7elQ28M3klz0JGOKv2cflkKxB
HrWukldDgmnqW7W0ZCu3j5hkMM5rZ0/bHt3ncVJwAMYJqgmZRG0jcKcZWrtrIscu1JOCQeetCsdF
Pc1I4vMtf9YoAHIK9az7qcW3WVsZNSjWo4bcklcqflz61hjUXv7tgWBw2SO1ZVeW1up2KotjoNPf
KqzkNnk471oo8cnAG41kWV+FZUjQBdvINXIzE8gZZcN/CAa0w9FyXMZTab0NCNd6+Yi4A9TzVLVY
I5YzsiAI4BHcVciukjtt5VeegzUE1wHTkcfyrolyw1kjm53qc7e6ZLyQOM8c1RbTnMpRicHr8tdP
coJY/lXOKoTRMXYkkYHSuKrVV9BKKkrHOTWhMwcoMY4Iq3Z2zS/MDtAHepxBiUgqxAqWSFVh3hSB
2FZzmuVBGDvqZOoLGJRHsyD1aqsA3XCxxKRuOCauXxkd22jAIwOOlTaBapLdqjxn7w5rzpU5Tn5H
TFJ6M7r4faekQCMcgHIyOCO9ereF9Mtl/cgE79rIxHSvPfBqR27hAnVsewFeoeF2Z3WI5wFyuBxX
qYOFpJdDvw8LOzOmsbC0WHZJEQcc96sDRppXCx4OQNu70qXTbZ5Jsjp7iuo0+wC2oaaEEdcmvW5Y
2R2wg57o4+88IqiMphZj7CsPUvB0pUu0XHO0EV6ewBV1Q5DdG7qPQVg60kcsLGMt8pPGeauCjfYH
h4R1PNTp1vErReQAB8qgHIJqjf6SjA+aGdxyOBg/iK6e9iczny1Xdg/KwwFqncrEEKupBIzkDrW6
ppuyRlUjFx2OO1PQIFiYxIEc7S7HncPpiufvtHENwI0Q4PJG79a76ZFmhZCBszyD3/Gsa/tANwWN
QWGFYnJFdMaUIqx52IpQVmkcctk6PuiTHzZIQHkVqRQbWB80DA6huR7Y71dlsZ9hfcoIwAyHJI9x
Vi1shLmPygCQTv28jNc9flSsjm5LlWOSDgsCflIG49c9DVa7tgFEkkeQOML0HrWlc2LBV2OvyqQp
A/8ArVWdDFMsrQnbIvzN23fSvFxLSjojTl7mXPBGpYRsAAMg56Cq9zYoFLABivUg4yfyrWuLUTIw
Kn5RgAAZqpLG06+RC6t84zu4xXgVfjH7N2uZn2NAhnYZx1FWlhSNsYAjC7lB9amNg5jZ3GGA49Kj
jiEuGkzkH5q0lBciYQg76luxt3jARUO3O45NTyQSuMxyjnop7/WoYYidqGVuW/hPQVetSFjU8BQx
DHvXPyWehvZWsVbe2fHlkcDlsqMZ9qs2qSKmSvO8KQF7H9aljiCqUEPyk8MOv1qaN1ikHmOAVGQR
SlH3XJlQitjQ0uBVACZ3YBHynn2rcspkZtiq5JHz4wuPwrH0+7wMSo5O7AYHH41q2N0XiDJIQGfg
HrXFVXK2z16Hu07HSaHaxOinylcOAoXdyT75rasrSQRltzlkYLln7ZrI0ViRGJEKhRjGQQDWtBIs
bYlAIB+dyv8AL39K6MN8aZ2xirFfU1E0fnxqyhwMb1GQe4x/WsK8iyCceYCCpPUEjrz+Nb97M07B
YgSxxg7idvP5Diqsfh2/1FC1jEXVnbyxgY46/nX0NGnKojkrUXUnyxRwOsaPE1yW8nKtjCrjnj+l
c5f6cI5CApyH+4w/Ue9esz+AtYu45PM0h8gAYeLlV9VFVJPgN4h1mJ9T0y3ZXA4R+hXsRTr5fiWk
+VmUstxTV1E8qs4pvlVGb5OoZefw4rZ0TSZZZI2Fq8iu56LyCe5HORXT6f8AA7xZcXwt2QLKCSAY
Se/XOOlew/Cj4I63BIsuv2DQqmQxDAhl9cGqo4SvHSUWjfBZViK1SzRQ+EHwJvoZ4fEFtaooCHAK
g/jjtXu9t4htPB9l5tzboHUKJJI2wBx7VhXvjbS/A9qtskMeAhETRtgEf3eoxXkvxU/aJtNKsnV5
GiEwKyBsFQx6V6cZLDw5lufpuT5BGnFKUdD0nV/jP+/ltft58vJCs2SBznBpsPxbt4FW+t795Y8D
zk4IGemPSvmAfGqS0uzcX1s0sBbcZYupU+o6mtuDxXJ4ju1ufCcksSbMSBh978O+P1rFYmq/ebPr
v7NwkYpRR9HJ8RdHvLQ3kTl5FjAO0Z2j2x2rM1zxfoniWAJNbRIwBO/aAyhQMH8a8S0vxPqGh3Xn
6isqwOmHBQbSfz4rSl8cxCOFLCUbCvKRnJPHQ10xxM5rUhZfTg/cPQprSC/ke4069zIV2sGxwO3P
rWdLeW99bS2YkEkpyquxzkjgk1wdt46vLDVB9mkDRykEkPyje+etW7nx5ceH9WjM0StbNk7yATu7
0+RyauaRjOD0KkV/e6JrtxGU3xFyHEiZ4789hW5b6imrJJbNC0cqRBrZgR83Ncf4y8aw6jrMF3C/
lbowruqAF8noQOPxp2k6lLdrJDKJWnt2D2uTglM4bGOtXSalNQubVE0m2dP4L8Zy6drtxoOoqF3R
b7bDDll7EmtjS/F+l6TrGoa0IfKDMu6IMc5wMgCvHdV8UyHxh5WlygyWlxh2zhsH+ddh4ii8Q33h
/UNb8MywYMMc7R7QW3dCATXvZTCM2l2Z4ea1HTTlHZne6l4rOq6P4mihu5IYI7NZrRtuMgdce9eK
/D3xX4u1+fUoY0aeFR5tv5/UEjH41718Jfh5feK/heuq3lsq3F3pxMjZxweD/wDqo8A/s/DwvBPc
Rosu1VPCc4PUe9fZvBJxXVHwzx7pzep4J4y0rVdT1nQ/CFrNJNczDzLxUXOxQTnFd78OLa81PxBq
Gm6XaGKK0i2w7jwjDjOPevYvCH7NUdr4im8fiE29wYmig3c4DdSBW9ovwStPA+iajq94y75ZDLPJ
0+XsAO9Zzy1VrOXQdLOIUp2j1OMkum8NeGLe1kugbmSTEod8bU7kVhHxbdazrbT2dkuyzQs0zDg/
8C6CtDxvqmkWcUV9dFTPckpBGAAFHYnnivPdS8XLpTSaKlx+7wWu5l6HJzsz3rwc2oqnUSpuyR9N
lU1WT51qyXxL4yv11T7ZNdec7tuCd0HtWhpHjuaCaOa7jVFdTvDEjJx1I7GvPtZ8RWUM639woMm/
gBs59AfQVE+svrUvkxkxs6nHfPqT718dWqtTcm9T7OFBOEYWVj3jQPHltcWi/YG8nfyGaTcc+9dX
p/isxQG4GrKXAG0k5HXpXzdpXiyTw9YLpdqv2iQFVIZvvH1rsfDfi/UoraA6vKFiVCGhJAbr04rG
njZxd2zlrZXTnfQ+lNA8a6TeBbW7ulkGPm3DgmsP4n/s2/Dv4s6c93ArW90VDRtC4Gec4wRzmvOt
B8Q3GpyrJZOYI4QeC2eccdq7XwZ8Rbi0Ma6jNjYMFmYdvSu/6/hMVDkxMLrufLZpw77Vaa+R8xfF
X9mzxp4EvZgdDuprXkRyLEWG0c5OOnSvNpSsM7RzQY6pIJFxkdMAd6/SDS/H/hXxRu0nWhFKXBDM
AMYI6e9eafGj9kbwL4rt5NX8EaXBFOVZgkaFRvx1OK8PGZS+V1MPK8ex+cY/hytQqtxVrnxYscaP
uUnG3I54z6ZqxakRMWEBI68d/rWz468A6j4L1Z9M1OzhgOdrKjsQfestpIoTtglJ3AEZ7Nj+VeC1
KLcWfOulOlJxmtUWomDlZMfeBBUHgcVbDEQKskWQqgA+nvWbE2JFCjAQEycd60NKu4wAokVyV5Ge
n1pRg+gOTuSrYwSyDacFV4YVDcWMO3cqliB8pPcVbW5XzPJRFw65O00iQjlQe+B7VpFNSu9hNJIw
rmyVFJOSeue4qheWkLRqTGSMnJ6cV0z6dG5IkJwe47VnX9gYiSASFGCv1rZc0mT0OXurMM3ybVA+
6/cUtqQhMa5zn/WIfuirk4V59zuSVBwCvT/61VVu2fPliJCTlQ3UmvWwsG3cwUlFl6QpGBDFIRsJ
IOOmewqq7yF2G8SFuODyMc5/pUjN56ruDAcnO/FQzzP5DR+btyv3imcjPGa9B0mmauqrF1CAgjRW
XIB3Y4/Wq94CkpmWTzNvGOxbpToQ9zAJGRSCc8HFRo0aMUdsDBGwjvnrXVGg3EftFymDqttI7HLY
aXLHaOD+ArIltz5xKDa6qQpAwSK6yWwium3ynlOFC9DVNtERJS0FumT36mvOxNKUAU0zKis2kgUy
KCDhshec/j0rU06NM/aPKJdSQVJ9fTNTQaZG8ZjaQhScruHQ+tT29qkcxkMxZi2WYjjp0rxKs0nq
UnHc2NLMMvlCVSkakEDb97PrXoHhu1tZrMDcpMpIyOOnTmvP9NjkhdABnBG1yOoB/lXb+DtRltS6
s6MT8yAgYH0rTDzXNodNGSkzsrHTfLkV0A3AgcnOzjr9a07K2mAMjsVkLfMuzqPY1DpF5b3MiRuu
/kEqo6cdTW6lssciukQ2H+J8nGO1exCr7tj2aVOMoGS1o5DgJ1OQCT27VQ1G3/dSASjcwyQPQHpn
tXQzbVlMgi3Kf4gc1k6mYpIXwFAI+ZmfGazqVbK1zKvTitEebeM9Egkle4zkHdwOcV5t4k8PwzTB
1jwMcZHQeleueKoo5PlKyKQD90cE1xetWf2j908fzHk5PWvJq1ZOVmeLiqceh5u3hyIZKqN3oRxV
eXRhCFBgAPfjrXZT6S0fzFMgD8qq3VmZYiqphl5Ge9Spq9jzUnezOIu9Iy/ywt74PFOi0uCCAF1B
+pzXST6dIU3RIR2NVjYlBzFknjLVg619GXCLcjm7u0ckNbxk45G2odmzYhYg5+bd37/zrcNqI5WI
hOSeapy2D/fAGQ27B71ineSsb+yKsUANyNzbhnkDpiro0x5phMmMLwOOgqW2tDIhLptbORgdvSr9
pZSyKSCQmB0HSu+MVyidKxHFpX2lBKyLlDwMcYp1xpXyL8mSc7gRzW3pdqqE4Qlj1BWtCXTlmZZN
gBK88Vz1OZbGsaVtDibzTyGYxw4BHHOKx7yy2r8gPPGTXc3mk3IkZcZznbgdayLnw1fOGXyjkcmn
SrO1rDlRk3scBqWmLtBijdWzksB1Oe1Y15a/ZXbCo6mT5tw5xnP516HdeHLwSFktm6dCaxNV8PXK
gokAVf5GtfbKKuzkq0rnN2Bme48mWT5cZz7VtWNngYHc9T1xVW30s+aA/XPzH1rXsrXn5mI4GP8A
apKspvRHMoNM09NtEICycg/K3HQVo29tCAADjb90VWs7TykKMTuZc4z2NaNpFCFCkcEAE1105rZl
6LYzdYjnOAWGAcH2NZN1bSBwfM69q6m8sYjz97uazbuzhGZHTI7V3Qd1oZVkua5jQRXFs+ZMbSeV
Pc/hWnbEbdxIxt6D19agaJIlUElhnrUqr8wkB5IwFx2zXLWa6mtPY1bVJpphskBUYJU1ptbbQXLq
BtzjHSqOkyxRzYYc4FdALVbuPcg3HqQKxoV481ma8r6GNf2bJCpCqcj72OlYctu5lJNuVVTwR/Ou
tubdpQVYfpis86dKGKKCQ3tXZTqpXBw0Ofkt45gytJt4HQdaqC3+ySuSRuC8+lbd1YXNvKVVFy3A
BNVTZxvM0m0lsHjqOtc+MjGcOYKd4zKNuHBEjZGDxirkFw6OD5wJBwT3pk8DQYO3K9yKfBb+WpaI
feOcE140Vd2PUTaiavmljHIr7ggxllpZTG8DhATgjkGq9q3mAM4OCOM9DUrhIoydpIJ6A9a2SsQ4
qR8b65K66iSoDYJLMeu0dD/9aoFuFd22IDu5A24BHrnt9Kl19baO/LISJGOAhH3R1/HNWdJjBKpL
Cck4k/LgV9bi3TjFNHztOpzD9OMZTfHJtCqOSwyfwrUW0dsKxLMOmeuKINMikuFkEed3IOa2tH01
765WCJSSSDlhyK89z52kjsWiM7TPBk2ohZjEcM3y/Lkn2rs/DvwwFxHvaAqWGHyvJxXT+EPCS+TF
tizggrnp1rutG0VbVBJNADknC56V0/V3yXNYUpVNDyq/+Gs1krTRA8Afw9vSuNv4mglkSQFF5ABH
PXrX0Z4lsYBYhvK2+68gmvEPiPZQRXZlRMDJyV5/CuOtCcUZV6TpqxydxfGKUoGyMZArV8NWVxd3
C8e/BzXJyXqz3pj5QMSMV3/w5tSXRWBOwDd71tRXMl6HH1PR/BGllIVBjIYn72MZrvLDTgF2NHkH
+Id6xvClmfKBEYIAwqg966zSrVjtAjx14zWzemh7OGpe6Up9HiZSAMjHWue1TSWgO8gYNdrewNHE
cYAPQ+tczrUuAQyZAFCp8yuaV42Vjk9S0/ynMyLnjtVCNpgdhjx71q6lIjyeWrEY6Ed6zrm5ESFQ
ec966KklCKPHnR94SUSFdrDiq6RqJDhsY6U1NUj+5Kx64+XmnbFmJaPP+9Xl1q8W7ESg4RLdj5jM
dgH1JrVtSkakPFk9KyLCUrKFZgcVpGaZc7EG3HUmuWo9NCaTb3IdQMLRhd4yOtZjaZHczAgjIq9d
wI6b2P8A9emWCwwvlz19aalGS2AmeFFg2hgNo/Om2oUsoMdWHSJztCAk/dFTWmj3TgTAng8jFabR
KjdhG6pCWZcY6VHFewPMH37SOpzTNWW4tYGBBI6VhNezLMBGgI3dzXFVxC5loax0NfVb8hDDD8wH
UiqVg583ahIBbknio0uJ5MK2E3Ht3FWrTT7qVgWUlSfSkqntKmhqb2m4KDc3ODgZrZ061XyvMIG4
9j1FZvh7SZ5Pna2Pyjj3robTTpIwZHjK4HQ17uFV6SRE9tCNLRmTa6dOgqIzNGSjxY7YIrUWBn/e
KhPtUFzYHaZSQPmGc1liOeN7GRRDxJlRg96o3m6SRtiZyO1WrlGErxRjLewptvG/nDKk/LXhVa1p
WZrGm7XRVg04ld0ilQT6Uy+tSibIzlR1OK1zauz/ADNhdwwMVHf6ftQsw/h4461lKo5SsbQhdanJ
X8bISUjJwpPPrVnw+yh1kdNpz3qzfWxnXcq9OORUWkxGO68qYgjdwfSuiM+RJl8nLJHc6C7pKsu/
sAQp616Z4IupdyI0i8EYrybRblLV8qxYEdWGK7zwZ4gtxcrvIyDzzXoYV6nbSmkz2jRFUR73X5ye
D7etbr6jDHbeWG5A5rg7DxlarAGR+QmAcdKfN4ziYErJzj1zmvTbSO5VorVHUzapHFmRHABGDzWX
qk4eLfE4Bbrz0xXM3HjCN2KyynB6ZpkPiBHJJucrjOKXtEmN1VUQmpbg8k7ZbzBkLjgc1l3l5HtV
ZwMg8KTnjFP1zXoApMVwVGOc1x+qeIGE3lhup45rrhXSWm5w1aijoa88iozukg2AYCKe/rWXNqEO
4o74Ycj5ev1rLutZlOPs7gZ6jNVf7Vd5z5sh9mAzg/4U3VqfEzgqVfaM20uzPgxITxjrxn2qWOaY
qSVA3LyM9+maxLa+CuW8wc9D709dTdtsZmGRnOG5rmqVFy6mabubMUrODG07Kd+Q2e1RzRJInzhc
FvlLGqlpdPIx24IGCpbsfSpbiRSrCRQcLxtPfrXgYqqzqgotajHjkjl2MBsKkDAzUGxI/wB3j5QP
mBH5VKZBMPNCZBHB9Dimb5Qi7gCx9q8d1G5FqDvoyISwsNgUnCg4HeoJIY0yQjfMOc9qsQiPcZTG
oIJyCMkmq81wyDauAAfStnUcqdmTKFpXFDmEhmQgPxuHpVyGQSLteMDj5eKzpZ2YgyOxB7AdKtWc
4LgNJkgcA9hWcat5C6ovGUxgEtjA4IpBKgxISCc4xVeR0di7NwvPB4pIzlgwBAJzWU6z5bFt2ehr
WtwwXYdqk4C4PbtWpp90tvMjPPngjnkZrEjMSxhXkwxwCwHFWIJlCOkkZcK2AwbHIrjqNs9OjUR3
mjaoFbySinnHHRj61uRXVxMAnljjkgH+led6PqTJw7jG0FkJ756A12Oj6sskyGYAZfCMzgAL3+td
ODnGo1E7I1LySRpRG7u5BYQWjh24VUfBz7+v0r2H4U+ALmzszcajZJhgp/fx4J9axfhh4Bi1AxXp
uU+UhkkjbJPPevZFmtbPShbTCFm/56FDgj+hr9ByjARS5p9D6LAYNxak9bmbdy+GvDkPmy20EkYB
f5VGc1w+sfFnwdpM87WNplBw6rHjJzk8964n47fFWHwhM6QmXcTgInzAc+vQCvMvDWs614519NUX
RjJbuQWHmALnvwa9yniGpPl2R9TTwdKFP3tz6S0fXNI1ILq+jwg7+qOp24I7kVS8b/Hyy8IaTJHq
NkqOiAAquMcckHvXDz+OtH8E2kenx3ot2MRPlxS5Az1+teJfFD9o/wAPTXDaV4nnilG8bPsoLSBc
/exXDjMdzv3TvwuXQox55rzNbx1+0dpeu3tzDNqEcvmZ8tJJQXyR7Yrwfxx8WbVLhrbVjK8cj7IV
kLZQ/XoRTPiP4g8D63cNNpsEcoeMHe1sVYn1OOlcLp8XiC81hLGWS0NmZh5PmKeR9e2K8l0U7ymz
v+tyTSij0P4feLr3WpPsF7p6XcKt+4dyQdo+les+A0uLxmWCCa0mTJTy2zvGM9scfrWB8Ofg9fXd
hBexGBZFxl41yrD+ld3Jouu+FYInvyotGG77QF3GPHQjHSueNnoj0qd46yG6rqepahYzT2V4sjQk
ia2HDDHqh5rmX8TJqKSuLt7S5hUEBAFDAdx7+tXvFepOxN5bMI7yGINFeq42XB9Gx+XNeX+NPGNx
qkKa7aaTGrQMV1CBODCehbA9a7YQUVZnPVrOPwmjd+MdVsdbCi9khaQlo5WG5JF9Oen1q7qXxOki
1CSPVZ5m2xrJG7MCpYDoPWsK1ltPiBpQ8M3ssbnyy+mXShlJPXae1V9B0rU/EGjDR763Vprd2jKF
MFCDgNWNWtHqVCFayt1O71LW4fGvhW11fT7llnZ8YTHAHqK1fCPiltN1S3vb0qFBxMS2AQAMnn+V
ebXOpzfDmztJ7l1iRrjy5AVOSfUnp3q34n1SbUdHjvrSdoTKxDSI2Cp9PTkVxUq8oVk1sem4QlSf
NuekeK08OWvxUghtdoOoOn7xWHz5HA9zXqPh7Qb6z8dWnhK4tpDaXjIJlLYXb2BFfO/hS61PxLBa
ajdzCWbTbqISK4wQucZ/TNfdvhPwnY+ILPS/Ea2YZ4/K/e5BI4HrX32RYeNaUpxdtbnwWe4yVGmo
tHcaF4Bm8N+F7bRdIicLgKyleAua73TPBtktl9lFshDEZZl6AdqtaTa79Pt3l2ckE55PStKxZWJK
NvUnq3H0r7Z+6lyn5vUm5Teo2PQraK2S2jhUqvb3rhfjYBJ4el0m1Jj3xnzJcfd4zXonzKhC9ufn
9ccYry742sjwbJzKzmNmKqcA8dM1UHowoL9+j5C+NOoL4fuljjeBlERAZ5MAMfTOeleV634xsrjw
nJBe3M8cUcnzuTje2fvA9x2q9+0JrZ174gDwh4XnZbS2HmalMzjII6qK4HWprm++zajcKHso5fKh
SYYDbe/OM/0r4PPa8YzlBbn6jksW4c/Q7Sz1AS6Ql1NKkgYjGOrDGQD37VJpur6hDItzGyo1y+yI
RjO0Hvn9K8yvPF2sXd6qJO4SBcbIiDkDtnp+XpVbV/iF4jaRNO0O0WRlQMyquCozj8TXw1SUuZqO
p9mpxioyke/JohezjvReq6qcSucZ65/DpWhpc1tZs10t0kkRBADqSPqSe9cP4GlZNJhn13WJpJJo
wzQhy236+9W/EXifZD9m06GPduChSdwIPc471xyctjqgoN3fU6/TfiBc2KNbW1+HkL4WKPKjHuTW
1pfiVYrxb7XdTVk2sRGhJ49/evB0m8m/aS+vysxPDxvx34Aps/xFutKiAWZD8wCSzSH5ADjj1rmm
+aOpq407n0t4a+J1pCzXNvbBpAcRA53AZGeO3avY/hX8Tpr5Wg1CYAEhXIm6A+h9a+J/Cvj9L6OK
/udSR5gwcrBkHHrXsfgrX5I44LyJt0pdXC7+q5znArpyzF1qM9dux5WbZZh8TTutz1n4/wDwIs/H
OiXGuaRpbTzDlGEg7GvjvX9IuNI1eXTZoXheGRldHHQg44HpX3D8P/i+viCH+wLqDaWVlYSLxx3A
Fee/tCfDTw3aJNqdporPPckt9ohjDBSfqcj8a9XHYKjiKX1ih80fivEGR1qNRy7Hy9GGj/duWVWG
cEdVqa2ZIwdjsAc7gF6in6lbGO7Mc0jSBPlweMioFtojzFtKt0KqfyJrw/Y1Iq1j49xadmXYbkgl
FBBzk8du1WYXdYzJt2knI3HtVDy5kUxrKrbAOhzjPXP0q7EsrmMM5bauMlapYdukrhuTbGkZcZAI
5GfvVW1FQx2uBtxyB1PtV0Qyt+924A+6R0qvfrMkbFyOODkZ3Z9KcaTpiexyerHYXQDpwB3zWcfN
ACXCbgccrjpWzqNg0gKupDDqw6fWq1pZwM21WJIA3bhg9fSvfwip2VzzZztKxDc52oN53A5RCOKr
yM4hJySpPIDEY9selXZ7Zy/lnLckZIoitYB+7IKkjhm53fT2rs5ourYj2iIy2yJQQ+SRsXHyj3pl
yC8u9xlic59BTtQCWcodV/5acANkt7U75J48A5JUlT3HtW1SrFJRKVToUp5pvPCpggJ8oH9at2YV
4WLoFfjA9fWmrZqzMzbXcJjLCrEMcULLF52SV529P1rz675olxldkdxZRtwXbDck9dvtipI7IqfM
RQHVNpbPPtU00keGQndtYcE9KhlkkTegIXLdAw4AFfO4yMb2N4PUWKS4idZACcrtGPStbSdV8pQX
cqVTdnPesSS8RiVDZIwAo5qBryUE7B3OBXDQqSpzaZoqiR6Ro3jSJRzMVZdvzE4zx04rqrD4kRyw
nF0fkj6ryc+mP614lBqFwhBy/ByoyOtbFjrbZ2xPhjxgc161Oq1E9ChjNLHsA8ZCSJpjKquCGB7n
29+tVbzxBbvE5hkUsORv6Y9q84TWZpFEbStgnJI7YqymrTzgqjkhlxyOo9c0qlS6NfrFmdDqt4ry
B9wGT0BzWBqEKPIwTDEEgmpHu41jUu2Q3y7FHQj3qvLcbbgo4YAA5P0rzajbepx1pqSKtzYEII/s
4IxkGsS/sieWI4+9zzW7LeGaM7VySBzms27R2U4KM4bJy3ah25U0ea9zDkRh+72kEHmqc8UmflOc
etaeoNLg5wp7gDrVASSOpSRMOOwrnkODakUMBWJljxjvVaezhuJMsRjua0pY43Vkc5JXJPpUdosE
R2umSXx9KvD/ABHbDUZa2MPAVifUY7VsWukKY18kHBPpUmk2NvMruqbuevet2zsDGq4i2gDg5/pX
qQi3E2VK7KVnokTsGQdOGx61vaR4RmuX2gnDdyuat6JpqzXH3e+cYrudH0eKEiRYyM84q1Q5mdtP
D8zRzFl8Prc5MtuOMDOyrLfDeyYnbCPm+78teh6faRSxkGIYwOTVldLjMg8u3BIHy+1dNPDwg9jr
WDTR4/qHw2gj37YAO3KVymv/AAyiO8LEMZ5JTivom70a0KHfEA5OCpGRXI6/otsGkicEHByu3Ap1
MNC+pyVsEraI+Z9e8B/YR58EGB/uVnR6PhgZIjkHuMV7X4l8NxiMqqKVHUE1xGr6FFFIfk/EHmvL
qU1CV0eRVw8oSsjnY7AxqPlxkYB71aXT4toUg5x2q0scYkEWwkY64qykaMpIwOwFTCrd6nO6LTMW
SApGzEk4PQiq81sJI/uHnrmtxrQFDzn1J7VTntWAJXJH0r06dZKJk6bluYgtFBCLt3McHcOlLDa5
2ORnAODU88QE5LIeMkNT7eJz8sQwVHQ965q1VNMSi4ixRo7B44zkDnPFbuhXphH78Yz0qlBbE5WV
QCQMYqeeIQJgAgHueK8X286VTmWx0x2NRhFcK23qfuA1HLDHCNg4crx9ay4LqeFsFjgcjmrUepRt
uE5Yk9CR0r0KWLUkKzKus2bBlmVA2AAcDkmsC6I+1/IWj4JLAdPb3rfu7skcnjOFIPTjqa569mBn
AWXCqPmyOd3rWzk5qwJNsQRzyoUboHzg96rykk7QTlTzjtUxmmDZZx9TVRrh/tJk4HYYNcnspKZt
GroWLa/2yKJWOF6A1ZvtT2xxvGQF57ZrJEylyR97PDHpU6s7ncHGMflWvs2uoe1d9D5Q1YRPeGMy
BiF9eWXsOvWrumqJGICBSABtzwDVLUAl3fBhllDfIVzWnoGlyloj5LKGBLDJOTnrXsYqupSPGpQN
W2jYKF37dpGAO3rXc/D3SlvXDm3PzA7ju5HpXN2OkuZVDQEs3XNen/DPREs4RI42sOm45zTwcLrU
7acOf3TtPDvh6eOMPFHkAAAHiujhsmgjjDxLkghh6e9SeH7WPy45Z1HzcgL2+tbTaV9pAUDk9T7V
7Tpt0rI+gp4aMYI4DxdLKbXyEyOPlOa8P+I8NzDNIVViuDjH+FfTmq+DVvMIsOAzHt0+tcJ42+Dn
9oRyGW2LL/C23mvOqUHJ3R5mLpzk9EfKVrBcDUmV0ZQG7rya9T+GFvcmVAGO3OTuH6VtX3wUiiV5
Gjfdj5Pl70zw7oFzoV+iurBQwGTxk5qKdN0keTyNT949b8G6fczlIxGCOMuq9K9O0bwxHBZhXhJw
CckfnXJ/DCW1S2T7UyjHUAda9Rsrm0uIti89xzzXqU8Opxue3QceVWOB8X6NLp6u9umVAPB7V53q
DmSRnlPfgA17V410w3dlJtXDODn0xivAfFd+mmXzW4Vs7iA2aKlKVFXFX3KupMjMHWH7vXFY19jc
TsK+2Ofzq4by4nClj8ueSazNRvmknZYx3we9eRiK6a0Of2SauUnnjLMTkY9aiOrxQfKkrA9AAead
cs6oNsoBUkkFefas1srO+wgsw64714lTmnK6Zz1YRtY6nRb6G8gDh849TWuuydNqucnjFcZpc9zY
SGKMnhsnArpLG+E0YcMc9azVZ2SZxLRWL00MaxZDE88DIqrFBMkqsgDAnvVoSPcfLsH4DmtDQdIe
5lHmw5G7iuik52Eo3ZqeFvDc1wySSR5UAZzXUjQI0iOU6HrgVZ0fTFs7VWKA/KOBVqaYyYiHyhuu
RXoyglBN7nbTpKxx/iLwtDJE8qxFmAySBXH3XheSJyin+Lg45Feuz2KPGzOONvYVzf8AwjAvL8kB
h8w4/GuGpQjJXFUpqOpzuhfD2W+eNSAR/dK12vh/4cCJws9vkdAO1dR4R8IwwOhMILA/MT2rtrDw
xGpQqinnpiujCYWK3R10sMpRvI4rT/AEkaBBBxnPC1dl8EeYn+pIIXJ4r03TfDds0BLL0HTPQ1FP
occERZU49zXtRhGELGrwsVG55HqXhIwJiPK4xWHqFpPafI43DtmvT/EOnhZneNM85x+Fcjr2kxuv
mEANjkD1rlxKXsm0cM6KUtDjjpJuJjNtxkc/WpX08WgwsWSByTWt9kkiiOFwc9KpXLz72Z16Y4r5
Wu2ndl048uhnrCZSr7iAG545pbyFSM7SFJIGSKspukQRAlW3nAwOaiurgMoWFFK7vvEVnTkpPQ15
EtTEvY2gYKYwFIyrEZzWfBG4l3O43b/uLWzqeHTCkYQH5/TJ6VkxnZJlgAc53eorojJR0bJktC69
19niQdCByDWho+szQFSp+rZrGEoaUlm3Dtmp7WZUnCKhxjNdtGpZbmEptP3Tv9G8RyXMQjaY5B4w
etaf9qyx5UvjA7VxGm3wtFyWzjuBVyTxECM7+T1ya61iFNas3hW903L7WZkYKXyTzkmqlz4qkhh8
tA3Tk5rCutdaRxt2k4/v1XuLq58vdu68Yz2rnlWlGW43WdtDSn8VSzR4aY7em3PfNZ2oaozsTHks
ORzVP7Qzq6xsq55GBVKW/kVGCy4Ofmz613Yevo7s451JSLaapvZgGwc9yetW7e9QRB3bG05Jzyfa
sJ5DaqZg4bJyw9qfaXxLAgA45J3DGKVTEy5xQulqb8t6/lebE3Ocn5gP6VJFqKrHsIJJYZVhnI+t
YkGol9iu8fOST0NSW4Fu3mIoyxBkOc9fespV58pcdzqrXVERVDkMXAJVXyPr7VNHqTbi6pgb/uDn
Nc9BfIyG4+YgZwFGSce9Pg1OUsfJkbcSGIK8r7e9eXXrOSZvTaTN+SdydtsnHYE/Ln1pzmWQDzJG
GDhSP4vc+lZ1pdJuy0wLbfTBFWhcsItysoJPALZyK85s60kiWQzwsqSg55BOcgmqs8r4ZQo5PWlm
nOfOVxjG5VJ4OaoahfOpUAjluQp6UkmoGUmmy211iLawB9cDkVFFeRmf74Leue1Z8+qMcBZMZHao
ortp2IBCnjk96iUnGJldNm8lwVkJYjaw5AqeO7K4Hm/L7DpWMlwXTDzgMo5HrQlxMZVAuMJzuC9u
K5nUZSabOiW9aFcjDqFwAf4SafHdRyw+WgEa4J3Hnp1rJtLtmjHODvUdck+9TpKLZN6SNt5wxAJO
fQVzyc56o9GkuVG1Y3YjZI3Ctu5G5uvvivTvhd4HsfEafb9UvFZFfKoWIPPfHpmvItKlt7nUkkR9
8hxtUr82P5DFey/DJdXs7fypNPEaNyHQgliB157Y4xXvZDhoyqqU0e5k+GWMxC7Ho8Wq6F4Rshp2
n3EkciKpcq+Mdetc34+/aHGmaXJp2m3s3mhTxv4J/OuU+IHi5NOtZFgdhMxy6OcDHbIFeG+KvFul
PqDS6rqQByfMUkgHPYV9nPE1FP2cNEfreGwOGoUVJrVG947+L2jXr7dZ1KS4uHYbVmbp7DBxUdr8
XrHwh4auNVtleEIuVAlGCcZ3ZzXi3iXxT4XTUJb1r5Mhsja2ACOgOTzXlXx18eQR+E5rlPFJtYju
P71MK4x0HrXp4eN4xUjzsXjFSblZXO/8Qftt+J4dalNwgktNxUL54ZjnqRU1h+0FpFxp0mtQaQFZ
/mUzBSw/Fun5V8UeCviVY6p4qSDVtQtnginz8+4EDHXg4xxXtuqeNLC+0NB4d06OOBYfnkuSFWQ4
7E85/CnVw8fbJJHnwzDEexbnK56Hr/xph8YarFEt+sVw5CrFIV2kevy16J8ONLdJ4L17xJVL7nih
Uvub0r5k+G/w9/t7Uv7Qjmll23AdraGXAAznjH8q+qvhTod7a30FssVxBbxj97M1pjIxnrkfnXBj
IKLsj0srqzre9I928JeP7fT4oylhc2kvl7Rsi+Rh36cfmKua74usLu0kurfWmaCRirxpGSUPoyH+
YrkNX8RjwrpOLWOdjjchmYOCfw5Ga5e8+K1pr9qNQGoiwvVl+ZpwGjC47jjj+VcCjJw5lKyPoXXS
fK0dR5d9Ms2n2syTI+XSOReeeeQOlc2nhKDSp5/EkS+fIzYv9OkBCkZ646AVQ0PxPNc6ssmqu1vd
eZ8lzEMxygkYIx7Cux07WtOs7toZLJgzOT5+Cc/XHavPxOKnTfus6sNho1VdmXpemW2m6f8A274c
tVMcEpc2bAHyweuDzUR1FdFvpdehtnJmjD3MW8fdznPI61NpMOt2V7eXmn3AcSP8yNzx24x0rG8X
vbW9v/bUTl5EQi6t3JyEzyQPQHiuWWJcvi3O+OHcWmX9XfSfGlo1rdRkQSZ8sMM4fjBzk/5FYeua
ekWj3M0WqfLZht9vkkMPUYxzWSutHRmjv7eZjFMpDALlVPUHPat34c+J9K1zXpNB1Ugm/hLwTK5O
JFH3eeO1TQqSlXinqmXXjGnTcktbHe/BTw9p/ifRbfUbSJkaV1jlKLgs3BGfXNff/wADPDEmn+Hb
aG6xgxDcnJ2kDj8a+Kvgv4P1XTorJI74SSyTKCYl28qcrkdPavvb4Q3c99o0F5cYSXYFbIHBxgji
v13hyLjSZ+RcTzd0jtrMmK0MCQbSoG3dV2N4oYUbA6dPY96plkibJYMVXgHPekt543XbuKgAghz+
NfT2Z8Q02y1LcubZmRgTswR9K8F/aa+IL2Gh3l3DcGMQW7+Uyn+IDoa9p1i6ghtZHmcImMs6t047
V8Q/tx/E82d3L4e0JWkuJHUPEmDgZ/yawxmIWEwcqjPWyfC/WsWoNHy5eah4i8QaxqWngMsl9KGm
uiMMi5yTn3rJ8ceJ7M+Hzc3l0zWdl+5g2HIcrwener1z4lfS47rR7aPzry6yfOJwdw6jB6VzF14X
ndFN5fDZAxlkgRckvnODg1+NZhmU6uJfNI/ZcDgY4fDrliQ+EodSvL+OdLgR2oUEF2IZfTv05rp4
7C20O8juzEkD3L4JlwWfB6gk8A1n3XiHSra2W2tYwkmD5ny7vSsHVrvxPqmtQyzzebAsaKnmJghM
gk88YryeabbaZ6zhBJRav+h3174im8PwFYtZEcM0gM87ISzc9ARxVuDxz9rtRHoWju4kb5r2UcIv
TIGP51wvjXWrnR7C30iNkuJ3g2onQIP73Sul8BeIRpenRz6zYovlx/PLcY25x2Hv9K6qEZey5u5x
VqyU1FM2o/DN9rNuNP8ADVtO07y5a8n4QDHrWBrnw/1LSgX1OGW5l4I2jIXnrnOK9F0vxZf3ekxX
lrC8NuVygRcF/bHpWD4x1U+IrSWS6sr3fbqAYQeTzwcD0+tYSppaM6VKMtmcjoVyfB1+LmUoVcYQ
5BI9jk471674H8f31wqWcVpPCAgEl1sXbg+nNfLHjLxTpWl6uHvNGvZLiLG2EuQMZ6nPavUvgZ4r
Op3cUza3bWnnkAx3U4bbg8d6uOHlFqcepzSxcZXg+h9SeGfG0enXKXdrqjzGIBhhNrHsRzkHivZN
C1EfEHRFDW5VX4Z5FyTx1614/wCH08P3sMdtda5bCQ42vFIOhHNeieFdYj0cfZtNleQFRiXk57ZH
vXqZZVqUsQ4TXus8bOcPSxeE+HU8m+Mnhefw5ezWGpeFnIVcxXUcQBxnGSe/WvMDIYAI2fAGQhdM
Hr0r7G8UaFceJtDxpjRvIseWS5UMcjr1r5k+KXw88VaDdTT6jobIjyH99AMg5PTB4rbH4GpRk3FX
Xc/GM1y2VGpzLY55ZTIBmFVDKSQFGMj+VadhFGW82TaFJUMByW49KxNPtxayESo+3Pzjae351qR3
LqgmyIxJjDsp4HpXk+0vpJWPNhCKWpqy2pECqQoJ+8uT+HFUrizOD8zMxI+UAevUVYivIZS3lJvK
gADJ596nVxKqBpRhXyMAnj3rWlyzlZ7HNXSitDm9StsyyLMCZFwNpbH4YrMewmWRZmiYeqgg8V1d
1buZI84w/wDCRlV9eOtUDYLIGXeCqEgKuVOM16kI8h5PKpamNHp6qN8kTZClg2D8pJ4qKfT5ivmY
AVTwsZ7Z6VvGzaJQYN3DZAJ6e5Hemz2cLmSMvkBcjcuFJI5/GrvyyD2cTmLi0RgymPO3JIA+771E
ysuBGANxxuPTFbV1YNCfMWMBCMgZxz/WsC+ZbWRTNEwBJzznHPWsq1VxFypbEsQtomBd8DPCt3qW
WNFO8Kp3cjYOlUEulGC0Y2Z43VZiuFlG3ptGdobtXmTxPJUtcZTvJmU5bOepAPX6VFNM8x3mTnbz
npinXaO7ZjOSeOR1H9KiuoHMJBO0c4bNc80qi5nuHNK4y5nIjN2z5AHGOtQf2ohlG5vmYAkDtTJG
8iMQgKF68HO6oijmRGI+Rj83TOK5HSjzXRam0X474buHGRzV+zv0WYmU5OM/L1+lYiQYZm3AYGME
5zVuFwsOfK3HIAJPfFd8I00rMtVpRZ0tjewMixYUFeRkZxV6K6g8wMWbaDjdt4U9uPSubtLophW3
Dd0Pv/hV6G98wK0gJIHIHFRUilI1+sM2PtUKfuJV4X5UcPxj6U5rkSkLMzttG1Bt7d/as6F4iokA
7jAI6Y/GpdxjYyghm5IO3gA+tcU7Obv1J9pzIndYiuVclUByCM1mXC7nMfmZHXP41ZuZXiVmbaq4
24Vhuaqk0saKJXBIxhgp59sYrGcnBNGbdyldQO8gbzA2zhcHr9arG3WC4DFQcAn5vzrUQwsmyJWw
AfmYfxdcVHLaiTLLKrF48bCvQ1wKq7lRi07mVOJCGSSJVG3K4T+tJYWxmyCEA8vcWI6Vde0uLtFj
MpOE5UDoBV3S9GSIRxIhC4+ZSuMVrRlN1Dqp7k+h2tzbKqEptPGAM5J9a6G2hYYYnYoI+bjrWdYR
Q2wDArkkkgtz7E1pW1+mxtyLtDDkc4Y969yhGfJZs7qUlE19DEaTjc43Z5Fdnp14I41AK8jBJNcB
ZXohmEixjrzhc5/Oum0rWoCCsiqCOPYj1rqhFpK51U6tpHcafeRLBsHOB1A4rTtxFNCSCcdfeuJt
ddWJAI3IUrxz1H0rZ0vxACqxSvt4OefyreLV7noxrJpGtcgOGYSlSBg1zXiIIp/fEsM/Nmty41Jp
bYyK4VFHJBHNcX4o1uMMTK3zBuOaiTldsVWUVAxNZJcMWxtAIHFcdrkcRYjygSVyMVu6nrMckbO0
wKjtXKa1q0Wxo34IyQc9BXm4iejTPDrNMxbkeTcF2QKM9M9afE6HDEfeOQaz76/SWYkSZG0bdvrU
Ud80QwGIJ/T6V51NM4bo1RcxFXhYg4PbrVa5gjeMI5wB/Fmqsd7D5uGJDYw529RVg3CzJtaPnPT2
9a6I1HaxNind2u072bduPb0qG1RlkMjIcY6VYuJI3wyueGxgLwKrGRiRhzhumFqZtyjqYuDbL1iU
Z98qED+EiprltrgIuQR/FVW0lwmS5wOtWHZU2uUJGckg1504sqPuqzKk8cbHCy8ntUM11ujMSN90
4K1cmXLfu1x8ufeqN3afKdvGBkn39KKTmiuZFa8vI5FXdN93ouazLkl5SFAGOQPoamuCVYi4O4Af
Ljgg/wBaq3cxQiY4Kk/Q5/wr1qF2tRNpjzcIuY/LG4GqlxdqjFuAaje6BYhWwf4u9U5JWZ2MqkDs
DXXOG1jKcmi2ZQy4457rVmyi3R5AGB0JPWs23u1KkbeSOMVfsp41j5jJX0zz9awqRbCFR3PnCLQp
pJ2ZlJYudoLc9fSus0HRHiIWQKAOAuOnFPtNIAYshZhvPIwSPxrqLCyhiG5UwSBy468V0Km38RzU
42VyG1soyqxswDJjn1rpPD+rrprBHBAzyx6Y+lY09upUTLGRjgkGqd5ftDOsTSEc4BJzmvQoVOWy
O/DqzueyeEvGFtqE6wk8M3TtgV6PpM0V0qyKQcNnH6V4L4BkkD/JLn5hkjtXtXgNjIyK7ggAEn3r
2IVLqx7WHqOS1PQ9G8M2l8u19obHcVV8U+DIEtCzQdex7e9dV4TtI3gEqJ8yjnNL4pj/ANHY3Az8
vy+1V7trWOmVHm1Z4V4r8LRQoyQqu0AnkVwU/hiJp9u0kryp989a9h8bJA8DxRY3dDjrXnMqCLUt
jMMHgqT1Nc0+TY8jF0aajsX/AAdZyW0axsuAGGTnv6V6Fp1wyEKvVck89OO/rXM6BbRSoCqqeF24
HQ/571vsYIQG3DK8OQ3f1r06coqmjGjFKyTJ9c1Ob+zH+cfOpHzccV89fENo7XXHdW3EsTG3YDFe
v+LNVimjWMTEqpOwqfbvXinxQd1lM6EsQAcCuTH1b4ew8Q1tcyrzUU+UJKWJ4Zc1AbqCRC0URGD8
wJyfwrKuLiWHbPGWLuvzAdqu2KgoGCDOOHWvkqjnJGMWorcbcpJ5LOS23OWJHX2qvbRzXZZ2yPwx
Wl812RutWHqB0qa00uOGIknnk4zVRgrXZy1Z3Y6HTxHB5g27io5IqzYRbJCgT5QoLNnrVqyUmPyg
BkqMEjOKs29jtHUY3AcjvXn14PmSRmoqxJbR/Org5wM812XhKFHKM0YBbkba5FIvLJCjnuvpXV+D
dQ2OkjnaqnHHet8M7yT6FxijvoLFUtg6SL937+KiFlNLIpJyv96n2upWs4FuX2fLypPWg6hBCvDf
KnQA8kmvUlJNXOxcvKRX8bwQfZ7iTaQcAg9aj0SzS6uwY+CSMe9U/EGqeeyeWARuGRmr/hi8HnqM
DAbkAc1yqSUrExUZzPRPDWnt9x0GSPvYrqILWEIGSQDavH1Heuc8NarBuXJAUjHWuitboPMCqghS
O/UV6VKokrHtUIRdjT07yIrUyknkHj1NVtTmEShTKo4+Vanv7qxtLEJDIDkknHriuU1TX4gwEbgj
HVj0rfmvEurGCKetDzzIqMSitgsDya5zWDEU8mNCSvJOfvYrYvb8MxhGRhd7cdawtWmLONxILMCC
vGB6Vz4mpFU7I8yUE9TIlEW3BbaDztxniqF7FEGKeVlWGd6/yxWjNdRx4cj5dxVt3YVnXryQsoiw
pbPzq3Tj075r5TFzbZCinuUHuIQTJ5uOCR8gwPasi7vUMmRNgg8nk7s+1W9RkEpTyLoZLkZyACR1
rJaR0dZJbkE7iMbRnr61NGHNEwqVFF2Q24uJY8tM33vUDlfWoWtFZv3M25u7beD9alkJmVlictgH
Zk5JPqKvaRp94HDTx7dwGSTkAV3UsMm9TCU3KJUi0pkTMo3k9wOlKlm9u+85Azt57VspBGUOCMli
D+HSonjhblkIO7Jz3rsWGjF6GHNaNymiywoRkYYcAGom+0op81cnORWp9mUsN0BAPqOlQTW0pYFO
CDwQM/LWE6bjJ26FQTRn26SzTMix89QfSrBtZx87kD5fvEVPBYqknmSFtjNgEcVJebGjwrcbcA/j
XLOcm0jW9jGk2wrkryAcMDjvWVqdwdxZUz83OTV7VEeN+WJXbg1kSMxUO+c5renLUynGyuP+0ny3
maNgMAdaiE6vjZkAfwkVGZ3dxbuDgniprZEX52xjPGaqbcNbihLmLdmVKEDqVxjHX2q+rrHb4aRg
QONz4I/DvVKwg8objkkn7n9auwATDzHiyu7aqn+L1zWDqza3Nox1LENwyIluz7yDlSB98d+nSpCY
ldYgxJKlgw6L7H1otIElkVAQQgPt1NaS6WbhlyqYX7px2+lYSkluFnzqwaVvZFUNlT1J5OfrV2Ev
NLwcYHSprHw8oCqwRkJ3ZQ45re0rwrGWMkYyen0rBRbd0dcIykc/LZSKn3CcDCj0rK1CxuAGkHBJ
6dzXoM3h1rdAWkHQ5yvQVzPiCzOnlmSIuSflOKt05yVwlBxOJ1AXFuufLOPQGqaakVlCrKBj+Enp
WlrxaJWDHbgArmublgeK5aWJicnDk9KJUZKJyc3Kzei1KVstuIIIwc5rTtL5JLgStMNoOMgdzXM6
e155KAlADIcDOTirunGYTBIo8KpPmZXgAdD61m8LK2hVOonOzOtSXjM8g+XKqoPvwOlHzwoqRu0g
KkMqgHn2NHhLS9W8QuiWmJA+AjKO/WvZPh9+zsJUTU/EUsQiVSWBUjPfFbUcqr4qSUFoe5gMFi8Y
0qaOC+HfhXWXlbUJrBmiWTIkIxtH175rt9d+Lmn+CdIdBDsmkiwdzZ2j/Gj4mfFjw38NtKudPs4o
hGkZVIiASQOK+TPi98dIvECzTpqDgBiFSED156V9ngsqjg6Ch1P07KcrhlNPmm05M7z4pfHrVdUW
ZdNuNkkgwHIAzj3rxTWvG+oX0zyXbyO+Mna3Ga4ifx1qGo6iXnl2I7HK7uSf6CnX/irUrm0axt7Z
EUsHClySPXpXoww/LeW+x318wc9EzX/dXt4Y7vUUgi3AllG8/hXlX7TVppGxkv7rUbuPGLfyUKqu
B6Ajj6133hDxVbS6n9jlCTMoOI4xlen8XvXjP7Wup6+9y5XVZ4I1jJitrUFQPY1201N11G55dXlq
UrpX1OS+BfhZL3xa2rukcVtHIcLcMBuPoRXquseKIdS1ZNKFkskIl2qIlACkdvyrxT4LjWYLc6rJ
bu0e4tPNcD88fpXqOg3fh4avasNQ82WaQfugeWz/AC+tdFaPs25M421KaifRvwxm0TQdIW6tvDrI
7bS0sQ3Zb0GOv416zZ+J7ttAN8jzW4WL5FkOF9wQe9eQeAPEt1o9mtkLJZgmGVY5xlV/qa6XXviF
bf2IY0jnRAyl1LhiDnsK+arOpOfqfX4BclK/kO1f4ra7rYbTvtDlw37maKYqVbPcdKzbLxpr13qX
k3txHDcxPlVnVVDjuCRw2f61yl/9h1lXfR4/st0ZcpMgIbn2HWrnhHUNas4m0fX0ju1PKmWIZYdO
COcg9zVSUOXRGKq1XVs3qew+DfGttY6Y10mjuF37Lu0DZSMH+JfbPOK7LTddj0exk1X+0Be2sw+Z
VIyn4dc15HpCyaXJHqFm8lsm4I8qP8o54DAdq6xYfEttrEUV1pzRRyoWl2NhZMjhh2NeFiouT0Pp
sFVUYe8W9b8dan4f1FtSjlZrfy8lsE5U9vauP8cfE7VLyctGxeKdcwyGPHlcc9+aZ4yfUZJ1sZWZ
opAULspUH0B7Zrz3xLrt9aRjSRC5kgUhi38a9vpXmSj712j1J17QaTOi0D4nErdWN9G0vzDChsYH
tiut+D+pWU/j+2eaNRBa3AlUSN3PYH6GvDtA8Q3seoSTRRIziE5VlwVY9v0613vwxuWlk867jeJp
GOQo+8D6GvQwtPlktNtTzcRim4pNn3/+ztZ6T8QtXv8ASbK7W3m0m7jntZd/+sTOe3XpX218P44Y
tKQwLGoK5JXnk+ma/Oj9h+C9l+JEE2mak6umI7iPJIZQeP0zX6NeGRDDYpFboAWOWG7n/wCtX7Hw
81PB8yR+S8Szn9bcb3RtC5+1OJZmwSOF7flTbW9XLFCWGTtwPas+a7SG2yVPyt/e3Dk+lSz3As4j
EgADcKvQive1eh8y9Dkvjp40uPDngu71KIPtiU5IAzX5x+NPiNc+JPEeseIrwSTSwI8iSmP5ScnH
PtX1v+2f8Y08LaFL4J0zUEWWeFpZmd8bUHb61+bvxQ+IGoahp82h+GysFvNdGS6leTOVzk9K+N4t
x8KVGNKMj9A4UwM0vaNCxfESEarLqOoQq7uvEqOTg+ldT4fu7a9CPcFOnmS7zjqOgPf6148L2cX0
UdthULKCuOOepOe1d34Q8S2qSNArLPNG/wAsbtnb9exFfjtepzNy6n6vhly+69joLyESia6sbRBL
tIV84wDnjpyeOtaNvcTy6XCZbaM5Gx3QqWXjnjvWXDqVxquqyWty0kMLIGIiOdo74HpV/TnjAl0e
xhdhIWKNn5j/AICpp1ZxauayhHlZy15oJ1rWTcXN/IcNhI1HG30zWpfatHplxHaRaOskyICrXC71
jx+mfrXRQ2cOk2yyHSBJPIwj27Ru6dSe1Qatp+kaZpc194svbWCeMhYrRD9/Pr3avXwdWdT3JbHh
YujTgrx3JPCPxJ0S509dU8Q3968kL/ube34256njjHArqrHW5dc06a8fRZVV4sKInKlvc9s15bF4
u0SzdQ+hzrGWJBWVYY8emMV6D4P8Vae8KgTR2lo/QGcOSOpHPU12VadRR5lt0MMNWU5crZwXxLsL
aVfOm097XA2yXXkhsntzn/OK43w5HLaMb2PxHFKS+2NJbcJjnH417t41tNCk0WW8lXzraT5cryE9
DgV4XrnhGL7RJfeG9RRiJf3drOhILdtp471pR5mld6mOKh7OV47HungPVP7OW0udchuIkCbhfWzs
yN7dcV9GeBvGev32jW8Wl+S+Y8I5kwSM+w618bfD/wCPOraRp6eEfE/hW4gGSCkIGMDo3Ir3r4B/
FLwtPcxmx1W7QFgzxzoPlP8AhW0lOFZNkUakKlHkTPePDni7xJoN0qatEN065bc/yj8a619U8P6p
ZNJrM8MwYDzIyQ3B6c9q818Z+LNQWyae0kt9Qtkj3bI1KEetePaz8cLizuzNpzra87TEbncpHbIr
6OliZVMPyvbseLiMHh5ytVW57d40+GfgXU7rGiaJlnO0vAWAU/4Vy1z8DrmNHTToRNtjYvEzHhhX
L+CP2lvGF4n2aGC2TaNqvHP1Hqf8a9s+GHi4eJ7lBqVgDPIAo2vnfkdc140lg61XltZnJjOHcG6L
qKGh4brnhDWvDf8ApFzauo8ziMDp/hVRdUiDmISZ9WxhsDtj0r6j+Jvw9vdR0I3drpsSEqCQY9xb
g9/WvlL4leG9e8MajJdMGKhisgaMDAx0NcuMwUsI1OOx+cZtlvsLygtC+4hljeQt8zck5x9KrNEw
UKWL7jzuGB/9esbSPEPm2QLt0QAhlBOfatBbj7UFVY2yflcnAAHqO/WnRxEaiPlXTSehaEMLowaT
7wOWI6AdBTJLcCNmVznJwzHgfT1NPhGIlUS8AfMyEfrmq99JdRDaYyMHDHsR64rqp2crkSg0Vb9V
MDSiXDkZQjjjvXIa1K8DZCMQx+bn0712l6rpZgzptLRgEMvGP6Vy+vWavI0mfl6bfWvOzFyUvdB0
3y3MaO5mlVVRtowWwfTNTxNIGDMOC+FUnk0n2NI5TIjlOMKEHDCrttaeU6naDweG7e9eJJNtNsz5
JXEngaZWlViuT83qv4e9VTAFdWUbSFGCxzgg8Vf80K6iWQMR0x3+tIywRxbZVG4fkTipcp9AcTFv
7LKh1blTkLj/ADxVZrMvgyMQT1B7VvSWkTxfMpLFRwOoqre2UyD9xH8xOOR04qXNrUOUyVt0UnBb
d/Cc1ctbSVIvnjLfxZU1Nb2twSkhAbcSHAX7tSNBLauZ4myu/DDd0rphUUluJqwsIHl5B2v2JGeD
V+JWYhDET8wBxUemW329YwEO4/8ALRR1robPRljRpJ16DIJHeuujB1paByso22nGFVJU8tnHc1Ym
sZntHypIJOWHr2q3MpAZmGUUcfRqWbbIi+W4JwCFJ4wO31ravg1yXKhKxlFJEcyyMhAG0pjiozHt
LKkbHYoDknkD+da10sDxBiq5YjgKen0rK1COcyl5ldsvliuenpXzmMkoSNbKRAFBkzGysyLnbyDj
B9eKmSJZNm9Su1clugXI6/0qa3cCPO8sQeQRnB9OetC3cbMZl2kkbnAON2PavOhK7NCOztGRs25M
hJwrdAh71YRJDOT5ec4wwBHb9aktX2tvmBUlcqFUYz2zVy2s44ESAuW53BiB8vNezh0nBOwQvF7l
a3t3jj+aEqcFcNjgH09fpSyKI1AFySFwOmMY9asTJGqBkiPynnnoeeary27j93JMNrLuJz1x/wDX
r0qc7aI6FOz3LNrew5HzNkfL161oQ6j5TRujHKKVbccisHY8PIbZ82RmmXN+VQSGQjcMnBqpVbaA
6yT3OjXxLcINoZMRnij/AIWK9vKfMX+H5if0rh9Q1G4gkLRzE5HIzWHqmqzSHzEnb0xms/rFh/XJ
I9YX4rpNaiAv94kVg+IPG6XkvmJKMMeK84k1e5QbYmfIPykGkN9NL1LA4yRmrjWc4mUswqy3Omu/
ERaYktuxzx6elYms6i0lyGLKQ/BFNW4IhAdeoqndWsg+dm4Bzjqa55xblcwdeUiFLshUCpzjv602
a4dCzSnqucg96icfOQdxwSQR61Xu5SzAo4UEfMDUSilHYFLQtxXv2eRZWIb5cE/1q0+othQ/dflV
OOawRMnnNGzKMdD7VYtZ2lULHIfkPzZP50Qg59BJu5rO/mYcHc38Sr0qL7PskIRmDegPAxUdtcEg
RIwKg5JJ5+lXYnuMs4XYWwxQgED6fhTlhpyK5h1k8uwYA+bORVi3Uuu1lGD2x1p9ogaNpUjIyAVZ
uhoAkjcqjbsjjFZyw1pakvUdGFIJAxt6c859KjkhMcLZO5TliCelSq4RXVlHzD8vemQSFjhp9rMC
AT9elONGKewrmHqWnnzN7FWymQcZH/1qxNStJfIG6EBvvcP2rqrhHMkhKk5OTgc4rH1AQlSPKwfv
Djt3FdEacU9C1FtXOcilCs3IGevFLKUuRtZyDnrTruGRTkDAA+8BVLzSJMbicdsVvdGVSLsTxERS
DEgAUEc1JauN+PPXkdfSoJQXXzFHPrUD3pjPAHJ5OOM1lJNswUmjNsfAl+sRcw5AGFwcfpV99Ekt
rc+ZGTwO3TiveYfhpAyhvsY53DOzOTWTrPw5A3BLfCjjcfX6V6csPJna8LKMdDwO+vjCSjnYqqeK
56+12Oa4AVwwB7ivSPiP8PZraKSSOAg8kEV41r1u9tdmITbWU8g9hWUYz57WMoycHZnqfgTXBCIo
g3B5Jr3j4aXVvK0TMFA4zlq+SvCGuS2c67pcop67q9f8I/EiLT7dYDcFWIBzn0r2KacY3Z6OEr2e
ux9e6FrFhaWgjF2oK9eKp+IdS82Nj5/BGVJPWvBtL+L9x99bklP96t2D4my3lsXnbnHAJ603WjY9
f60rWNfxbfCUM7MML3Rea8p8SaikV95ke4YcHk1reI/F1zM5KMQScbQa43XtTQQF2k5J7152JlzR
sjysZNNNnaeEPGRihwZGVgeW65rb1HxIWRWOcN1NeOaB4pMd5IhuASHG0diM9RXRXvimWa04AKkE
s+e9a4XE8sUmeaqzsbOreJQTJFvwig4J/Q159411B7xMk5JORjuKt3Outt24DBlIAz1FY91LHeuE
K7mBIU/hRia3tFZEVKl7GXa2T3SLJLG2Bx171q2NhkbQxwMfeNXNOtFVtzwqobpxV2OJY93lAZHf
HFeXKEpKxEp2RTt9KaX7mBjqcVPHaomRsAwfm396vJbTbQwUZPPHemOmDiQ/LWUpOKsQmpC20Xlq
PLfcakVy0RaWMg55INJG0CHcJMH0omlL5Gwke/WuepytXbKE88vthiOGX+8ev41saNcNaz/6wF26
gNwKwVkRItvJO7HTmrUEzZ+TbwPXmsae1wu0dhaeIzCzRyNypB3Z6CmzeK7iWTyo2IHO1setc39p
LRjdt3Yxn2qa23ZUrLuHGeK6uaXKXzyaNS+1WRWVtzBs5OD3rY8PeIyqmVmKsO+Otche3ReYHdjP
DEdqvaVLPHIDOg2/wgHrWT3Cj8Z6honi07FBmwo7gVuN8QCqLFbS9QBuVa8tW9kt7XzVfYAORTIv
EJFwI/NwBjAzXXQqq2p7EK8qeh6/ceNbyeBftUhCKPlx9KyLjxTbzMFlbAzyT0x71yUevM9sR5pI
CgnBNUJdcmluW83IwcL3yPp3ro+sK2hFWupI79NYWaNpVn3nBG8jP5fhVLU72VznaWDMCCPTFc/Z
6s2yNGYYAyyKCBx2wakvta80ljGVXbuChuFPpgd68rGVk1cx9poWGnMiB4um7PP9ayp55fN8lGUl
OWyxHt1qaW/VLUuAUD4xtOTn3qjDIXleSRwODu+fhfwrxnJyZnUqJRH3CROzmTbgHhQOFHr09fSq
ctqZ4y7jbgNg7MEVchiEmxfNZyufn/vCnxWEZnEktpgv/ER7d69bC0lbU4XNTZTtbIh/L8oKAMgu
Ohq5CqRloBg7gMlQfxrQt9G8ogGTAI496DYNGxDMAQeCD/Ovchh4xhdCbdyo1qxtzIzAN0UAVCiB
LkOi7gByK0pIZEiEhkJI5JTpVIBY8szbQ3Ut1P0qORx1YOK2JnmikXhTkncM9CMdKri3dow4yCzc
AHovpT1kWVtkAOARkjtVm1hYw+bJKzfMQi9+tcldxdyluVmtlicKxyu75Ae1V720XYY0HPrWybZv
M24AEafMGA6+1VLlCG+ZsKVO/I+6a8iV+dGySsczfWEjr865yO1c/qdrNCdsR79DXcLFvbasQOcg
Gs7V9JDyB/J5U/NjvW9OSTMZanIW+0TAyjca07TT47lApUE7utE+jzQsWTjHIFaGkwPGgaZeD3rS
bvFkpJbEtro7+YuEVs8cda0oNKjVjCI8uq7gMVa0+2UEIRyFzn0rYt7GN1SU8Ek8hfauWzex0U48
xlWuiCRSqwYYncw245rTtdImjVWlQltuVwK29PsMEI65PTPetO20tJJWj2N0wM+lZzpycrtHZGiU
bDSkdgZIsAKCFxitvS7MxSMsRxuHQ1JFaCHKqvJHBPYCtHRdOkuZflB45JI7V00qbgk+50QjskUd
RtljjPmIWOCCVFcp4gszPE37ggAYAxzXod9ZhonVVyTyorn9XsnYNG+FIG45HX1r0IUU4irUpM8d
8R6U8seGhbj17+1YY0WZYhJ5X/LT5iD/AA49DXqOrabb+aWC/KP74wM1yuuWcMCsFT5tmAwPU56A
EVm6MpSS6HnToOO5zNlp7TYayAdj2Vh+VekfDX4R2/i9ALy1MbjazsuRt57+vFcz4E0+yudZRJF2
gucMnIUe4r6M8Mr4Y8PaLFPpwlX90A5UYB9T+Nexg8DSqR5pdD3+HsmWYVry2LfhL4UaN8NU8+e6
jkVYw6IY/mPHQ+9cz8Z/j1Y+GLGSBJxFI0f3EfaF9j71i/Gf40aZ4esSNPv2XbGS8RkG7Poe4IGc
18l/En4l3fjDUWv7/UdkRUkyGTh+eK9i8KXu00freCwGGwFP3UVfjx8cdR1y/mW1vQqXBOcOMLn1
7814re6+00psxOoUPiZmz1/A1T+Jfjmxsb1rfTX8yUE4OCdvPesPw9a/2q0mq3RcZwUUEnJ6ciui
jCpKKnI8/GYhSk7bnQyzQTXKw2m6SSR+BjaB+fvVvxNDJ4X0tIXuUa7uPvnPK47E+nNN03TZdFl+
3t884IZgUwAO307VzPiPUNX8W+K4NLhlkBe5Cl1fcAcgEY9PWt5yhCLa2OOMHL1PUP2dPClrdw3u
tXmZmEbfMgI/E5rzX49aVpeo3VxLdoVhSRl/fP1GenFfQegaPb+APBcekeYrzMmZERPmHuxFfNf7
T2pZnd7x0CRynlF2gnrgj+teXRqPE4zQ9WvRVDCR5tzzrxD4teSCPwZ4L0eSBFIB+zKWd846HHNd
v8Ifg9q2hXiX2ru8UtxzFHdSDK85yRyRXI+GPi/aTab/AGN4WittJ8p8T3ax75ZD3IZun4ete1fB
HT9T1O8TU4bN55Hxvurhi24evzHivcxPLSoWkeFShKpWtFaXPTfCenzaJEiJLE0rIAJfLB3L6D3q
Obwr4x1XUHg02+8oTEldtsXA54zivcPhT8L4tc2X+rWdoVQDbEAoIxyD1wa9hfQbHSdLWGPw3ab2
AKSj5ceuCOlfIPE3qvlR9zRy9OgryPkDwj8OPFFpqyf8JL4fkkQNtmlKEL7FTwR9K9l0P4M+CrJ1
1OeK/hY4bdMN6EHsMdPxruvFCzaRA0jJZ6vC/wDrLWYFXjOPuq38X41xek/E7RredrC/iuLJUO02
0hGUJPbP3lqa01KBrQwiovletzYvPhjpq3cc2h28VxHKgV4mG3cT2I6dM1iajY+JtNe60/RNLurk
aYwdrC++9Gg/ut3HWpPE3xptNCG230+C7hWPCGOXDD3475I61ymr/tLXmn6hY6rFbmFomEd3NJk5
jbjB46Vx+0pte87Hd7JpppG7reuaJdWcjf2b5EsiB7i0lTc0eOhFeQ+K57DXtOurmWJ0njnZUnWH
5gOxOO1eq6r4z0XxfM2tWqRtIFw6t1YH+E47Yrl/FFhZW/h6/TTdGx5ifOBgsD1z2/WuJ8stTplT
qX2PCbK0L6u9zGzvvz5iLyM46k9q9q+CtxBq8ukQzRxwObgRyqcbXAJ5/KuA0vT7TR9etby6bzIX
kAl5/hYgY+te3/Dr4XzvrL6dppcp5qXFlhiWBPVT2+td+DoznO6PJxFX2UfePrb9kfwbpenePL5d
PttnlTB8xjgqenIr7V8OpbQKjLwr/dwOnHNfO37JvhG60Bor6+tCLqK0VJ1xw6j7rEd6+hLBmjRL
lpQFRyAFGOtfs2UQlSwcVY/J84qRq4yTuTazYGaFUQlIxLhiTjcOoqrr1/b6VpcmoXk3lYTeX6gD
8au6jNJNcwiEhsv8xY9q4T4661P/AGFcWFrljOhjCoucZGM16U5cmp5kIqUkmfnh+2V8RNR+J3x6
1HSbHXWWygUKzK3y7cc4r558caXAdSSz0m4ZrYnYQSMv+le5/tD+ELfwV401a1a4jjuGhX5hnc+R
kgZr531/xHcW9qIlUkMSFmVMhdvOSe3WvxXiSrUnjJynveyP2vIoQhhoxS0sUdSvIbW9+zW7sjr8
rsRwvoOvNafhTU76O7H2C3M2RztwMnPQ1z+n6Jf65qjLHdbndw7JkAt+I616T8PNF/siTybvSWhE
a7fO5OcnnFfIO8nbqj6eDs2dHoNhdXLJeXImJaMAhB1GeldNpdynh941t5QJ5HOIAgZwD6n0rQ8P
Q+G9JsRqUg/dqhXfuy5GOwPejwd4F8Ra/d3PiCO1WG0mZik8ih3VBwASeg4zW8KXNqwnUsiHUdTi
TUJbnVLWViVC7m6InqAOhrEtp9FvdZMmm6XPdS/dju7xgxA9VBFejeIPCjQ6PGtghZSQX8pMs6++
P8a4XxFp2r6Bo0t7pmnoY3bCebFmRSTj8K78N+7Z5uKhKSOJ+IHg/SvFE5urZLmeSzkLTWrcI2Dy
eoB+lafhLUbbxTaHw9J5mjpbj935EALdOmOTWVaa7pFnp041O1Mc7ofMkVCcZPPXoah8O3WlwXhv
rUyS7gskckxBZxn8K9VVIulY8unh5U6vMvmeo6Fd6na2UuhWSyXSSKCr3fyBx3wCK4bxvrPhGVpr
G+SbTZFceS5UglsnODjFdTo3xAsLq0W+0iH7PdbihjnQsmAOnHHvWT4rtNe8TWUlxeabZ3FsV+Rr
fDKpPqrcisqdFRmmzor1F7J2Zi6ImkeJtLN+/jK2E9uhELSsAHx2b2rmNF/aBv8A4aa1Pp0k1svm
vtEsTb0fnsexrhNT8Z+HNG8Yf2RqWhfYfmKmS2fG3nJLJ6GvN/2h9W0aGVJfCNzJsVTPIpc78d8V
71DDRnUjd3ufKVsa6d5U9Gj9FP2f/j1c+MNGNlfzgM65yDu289P5Vw/x4utQstYeSKe3IkkO9GjC
kEnpx2r5I/Zj/aQ1S0+zy6ffT5RwJVaTaSPQjPWvpzxD8TPDfxM0gadq9vHHdSw/LLMuTwOMn/69
dc8M6FV8rurF08ZHF4de0fvJ/eP8DeKdT0+7gW8tFZAwUFZB0z/nrX1X8Drm0uFWW2u5LeQPlR5h
25xyAScV8ofCXR4b2F7O+uwCpIhmDc+wPNe+/CfxEfAF1HYajbpPBJIAJCwJXI6+9fL170sVeR9N
h5urhbRPrXw14vu47AaXrcvmRFMRFjuI+v8AjXGfGP4YWPiPTJbm3gW4E2SH24PT3qj4T8UpfMGS
ZJLdhlYWPI9c128PiOwurAwRwK0R+XOQNvrivboV44mHs5anyuPy2M3KNtz4r8X+GtS8Ha40SWck
cZbOZIyQM9OelauhaVdX1tEJY2DYwNjff/ya9Y+MOgXGtXU8FjHHNgdCwzxz1rjPB2l3lrefZ7iL
DhvmVcZTvxz1rylg3SrtN6dD8pzHL/q2KcVqjR0nwDJd2XmsMybSPK243D2J71sWPwz3ndND2DLk
/p9a7Pw+IriFVkCqAcADk/iK37exhZHjUgFBuHHevQpUtdTKOCcldnjfiLwCRCWSHDBsDPQ15zr+
kS2cpVl+Ysw6V9G69p0coO5sFh+8PIU/j2rzLxt4btxn5Mbs7Sx6H61nXw/PcmphbQ0PIbjEJww2
sDjLDoPpUilCWUtuGRzmpvEVv9gnMSPuVnIHy9MVmQmZgT5agg5O4ZyK8h4dRbR5zjKMWmTtEDPk
r8pkIXHXGKtJChXzDGx+XABOc/4VROJHWUOVA5CgYwPcVeghZRGgJwD0Jxn/ABrzal0zGyJobESw
+YIT8+e/IxUN3ZumCFI4z8x5NbFiqBDORtIOWLDHtTb1VeUAsjANnJXqMVyVKc5XsForc5to1hkK
h8A9VB5J9aecSt5QA656d60bywhgm2sF+8MAc1XWyNtKJijKGBOT9axpzanZsXs29S3o0X2eRSBy
enYVrTySInmRSFjzuT2FZSXKqnMpOeBiri3SSRiOMk99rV9HhKkPZuxoo2Wo6e/kvAAufcGmR3jy
yFIUBIbGQOlIqM6eWF2nsI6mtYZGKqI8OQS2zoRXozk3Awsiw6loirME24Jxwfas/U8lSJpNrt/A
pOQfWr6+bGMyxEIRlixzx0HFZep3B+0PbuW3AcHbjHrXyWYJJtnQklYgRfMCYAzknIODmrEUSR/u
po4wSwIReuT2zVa1SZlKyAkEfKU69RWpGVaFZJMYztDdRx0FeXSi5alS3FknWO4zMV6hhk9h0+tS
WcUc4afeGJG1cDGPc02TakQBC7hIAOen/wBanC4mt13KBtz8+cDjNevQulaxMHe9yR7Z55EBLIp4
LsOmKbLZpGcBickjPUnHapVv7W4cIB1GSS/GKlV4n2vK437cgL6mu1OMFdjMudcxGMIeeSoNZtyk
bJypAyOo9+lbt2T5LSeQq4ODleTWHqBZ8ksSB932rmdbmepE4pq5l36CWd7cgqc9R0rJu7EAPhej
du9bYwMFgTnPvVaaJWHLspHt1o5VLU57swJrUDPlZVsdDRbxFXBcg5XBrWms9375VEnuR0qqkMiX
Al8vcBxj0rsoUUlqTZIVrQSYTHbGahW33ZRAQoP8RzmtaC3eaPpyOAR0FWBpMPl/OCcj7hHWlUi4
OxotjmZ7Ixr5YPI9O/vWbdQARbm3MA2Gxxiuuv7BBFiOAgDqQO1ZculysGlEW0lDjPcVhJ3YzmDb
uZcGE4LZDLVm2gWRA0WS3IPOd3r+law8P3Bl/d7gxHIxkCr9joZSRTt3cYUgck+uK3w7dzRRuzMs
dPSSfZgKrdFxnOPwq/bRyxeXIY8+VkEMvI49vWt3RdBkc5wEJPHHb61oHw1MyAmPJVchl6HPc+te
3RwzqK4OMkYCqRGqld2E4VOwqJo5VGY48d2PpXSPob2583awwxGQvFZWoQKm/BP3Tn5cZqa+Bja5
DbRjrcFH8yZyST8y46VG8sCcFD/rPlx1xinzqjKOMZHIz/Ws65vkinfDDkYyexHevO9lyPULsdPq
CI7yRSAtjLKSQOvSs7UrsyZilkZeuwqOMVUub/zJOc8Nxkg8etVptVVgzAn72z7+PcmsrWkdNL4R
l5ASvmbjntg1k38rW5JZj7VfvLyNCUEisMDjNZGoShnJKgD3JqJ7odWLa0CPUDsEbyMoJ64qt9ok
kkDi4PzDgZ4qJ7uSUlYVJ29B/Ws24u4rFC8kn3Wxl2xwRXZSpc+iPNq+49T9A4vDSxWjeZagNgFt
w6A9MVzuu6JbeUVZQuW4auv1fUGg/cbFV3Ub8jAGPYVxnii7W3SSIzhyR/CPfNevpL4j7apRjGNm
eRfFWxj8t4kiJBBxk9a+ZfiFpCW+rM5AALknmvpL4mauJDIImAK5A56V85fFW+aSeQ4ALcdP1qo0
4PU+bxdNKVzlba8ZMxqCCrfLg9a2dM1a+Vlfk9MYNcxpcjTXQDsM/Wup05oUVWZSCox9azqYjkVi
KMeVnU6V4jnkVXaUg9q7K18QlLUBpyflBZc15TJqUVom8K3Bycdq1tG8VRvBmaTnpgVxqspOx0Oo
0dtc+LQjNjLHsTXPeINeMluzsVyRwE61kX3iXfM3lkDjiud1vxHJ5WwTbSD2okueOhyVat7mtY67
Jb3Yd5gv8VbD+KftkKP9rOUXOB3Oa8xk8R7pcTnAxjIFaWkausxKJk4+7gVjRSg3c5U21qdvBrAu
5sBnByPm9a0hnzkMnzbgdjdx9a53QpJCA/UkjdkZx9K7DRNOkvZAFAbnINbL39GPc09E06ScqoYj
nPAretfD8MkIeVT0yCe9S6Xpv2aNGGPnxg4rdjS3EOyRx8o61o4RUSYwaZzz2bINoQAD9Ky9SjCg
uAQM8kd66TVz5UbScBcda5u6uBIuM8ZPNeVVUU2Oa5SlJOivhSMjGKaL3zVKDnJqpfzlpDIg4Axh
RxTbffs2N1J+UV58nLmt0M+ZFmWRYrjCkc+2acl025SpOCcfMeaqRru5kbnJAJp8cuHCsQ5BGSeT
WCd3dml1Y3YLgRxHcwGeDTku5It5ZuMcepqkJCFYKcBvxp0bllKt3HBeumUl7MmTQ9JHZxEzd+Dj
tWzptyse1CQ3HBHWsTdtlx+AI70ouzCyktnY3ODWE5xUdS6TSdzqZr+Bod/zfTPWs1LqKSYRMGwe
uD71Vj1VJ2UStgnhOals5YHbcHAJbminiXBWR2e0Ny3voDFzu3RjgZqJXiSYEOdpPHPH41n3F6gY
rEFCg/MwHJqvDdF5ypBAHQE8V0RrRnHXcwlUuzqILtZYdpcfK24N0wPTFNN08rhzM7qW4HYc9ayI
rhI7cfvCd549Qf8ACrdpdYUQdg2Mj881xV4Ob0YlUaNV7iSZTG7gbehY8n6mltZYVGZVw6nAVH61
QivWm5kk2ll+4RxjPersTwO42Rguy/I2O3fNc1Oi1LUU5uRqaZHEJgrW+7+4QavQ2szuskiDaD8p
NR2Vqqsqy5wcZb0/+tW7ZWsX2dXjAxnAXOeDXtULU0TGmilJaxwSbUJ5HpxVe4jd23EEHpkdverd
xAYWOFJPXJJqpI7IvmK5YnsK9F1lBJSQ3HlILuby5AuzkDgZ/Wsm5vS07Arg7eRszipbu9nS4Cyp
znggVEsTtiQS4y3zFuuPpWc8RFxujJq47TI4t2XiG7qB71qxyKpDAkcY69u4pNP0S4kcKYCeRl05
21t6V4D1LUJNsJySSWB7VhVlU5Uoo0inJ6GVFtz5r/Kqg7DjB+lV7oCVcLCGwec9q7NvhpdyWxEy
sU2csemfWqZ8CXtkN2Mhjxn/APXXn1KbgzsjCXKcoLUrF5ZwoB4Xb1FU7m3AUl0L7hhQOwrodU0u
8swyS9gfnPTrWXJahM7JD74rFTcZGXK1uYE2msoOUVhnjmq8ChZgirlc4IrcurXC7TgZ6c1myWck
ZUDALgsD2rf2ytqS4tGvpMiJtVU+Q8N7+1dHZxW5XYiAfNlRnv6Vzek27KvmPnaI/wCH1rdghcxr
OPlIAYE9q0gozNIXijWt0jUZ3YxwCeuK1bJlabYiuuMHr14rGs2cxiXGRjditCK9ZiJQc55OO3tU
1IqL0OyErrU2ltwWWVyAP5itjR/LCNsICkgNz1rll1tGcFWGP7pHNX7fxHaoihDgjrx3qqL53ZnV
SkjeuoIfKBkxH/cZq5rXLnKtI06lQS3ljrS6pr6XdsFHDBQWy3GK5bWNWdCVwrFw2CD1z0HtXbd2
ujSUk0UNb1KM3RAMkj5x8pIAB9xXL+IC15hWBI3c7xkqK19TYSp5sUZO2PLbT36c1V0zSnu7sNJH
kYBIXjnPetaMZTq22Zzuk6s0jd+Efh61uS08kaghhvcrjArU+K/xh0zw3aPo+nvAzKMBlGeTxx71
k65qFj4T0k2yTyRkqWfD4GRjnjnvXzF8d/iX9smnt7XUXm2Eskh5wc/h0NfRUqaUFdH6VkeH+o4N
N6Nsd8Zf2grSDU3tICkl3IDw2DyeMfrXgvxC+J+sFW2zeWJT825AuSPQelGpX0BlmvjK01w25lZs
MPbrzXnXjXVmdBqmrzNIFH7pVUA5z046c104bD3e2521sROru9izbwvrmqJPeXyFHyWLSDk9xXcI
kttDCulSxfuVzy+ARjOTz1Aryfwlf6neXbaoXVQgyIiSRyewr0izgJ07zL27KpKAw6Bh2xXpVV7M
87lvLmN1Nevby3LwJgyrtyH7+g/GrXw/8PXh8WRWVnbk3WVkuGXrHg54PrWFo9hql8f7QhuTHCnJ
Q9lHpj1r1j9nLRorzxLczCIs+NqSA5Ck9yT2rysVV5KTXc9HBUPa4iKO+1K3bT9J+0SwsrGE8MQW
Y+pPUCvkP9qOxdL86nf3DSoXPkxjO31HOeTX2d42n09NO+zW1xGu2JhcSv3A9zXxf+1K1tLOmlW0
6zu7nZjBI9xWGTwtV5nuz0c5klFReyMT4Oaf4X1vU4bibSY3VCCI0Xbg+uR0NfZnwE+HM3iTUIAm
mi2hUrw6Z3AHjp7Yr5T/AGa/DVvd36W7oY4iQGiY4JOR1xX6CfB3wnqvhDRo7i1vbdUCFt5+baO3
r+VPO8Q4P2a6nHkeGVWTqvZbHsHh3WdI8JW8Wnp4NSeWJFQ3AVVQj1O7qan1bxX4ZuoxFrUVjFJG
26MLMAV5+uM1wGneNdV8R6odPjt0Ecf3riZNodiOwNTpeaM1/JZeKrCwn4JZFkTKntgE14FNSbUU
tD7B1qdOF7nT+J7HQ7ieO4tr9IoT8xk/1i9Ohx3+leZeMvDvg/W7opqFyCBDs8whcYznGTkg10Os
+IdJ8A==</string> </value>
        </item>
        <item>
            <key> <string>next</string> </key>
            <value>
              <persistent> <string encoding="base64">AAAAAAAAAAM=</string> </persistent>
            </value>
        </item>
      </dictionary>
    </pickle>
  </record>
  <record id="3" aka="AAAAAAAAAAM=">
    <pickle>
      <global name="Pdata" module="OFS.Image"/>
    </pickle>
    <pickle>
      <dictionary>
        <item>
            <key> <string>data</string> </key>
            <value> <string encoding="base64">/B5unzLbrdALGjHcrEjjII+X615P8TLltOLR6zaKsjIWEkcmPNz0OK3lhnCm2kc/1hOocP8AEDRp
PA+src6TOt5Yl/38DHDxqf4lOen+NVvEEehanpSI2SkzBo2hXcFYepH4VgX3jC5Sd1trlpwpZXtr
lQQy+x61P4V8VWF3HJp0FvCDLzGoIIQ9x1yK8qpHV8q1OqnU5tG9DqfB1tqNprcRLNAjKFLZO0+h
Ndl4tkaW6SFnwsY8thtJVuM9RxzXnEGtXsz21gTsZ5yW8rBxjueeBXosl0l3DBFdo5S3g3XE20HB
HANcPLKLPSVZShaJzWnaTa3+rmySyVpIVEm5RlQc9MflX1X8APBPnwxasmnEzSxpCVkU4DKcgg9j
Xy14I1hR42js9LRpI5vluA5z8uevt/8AWr9AvgP4b057G31EszeRDH5sQHyjPGeK+54ZwkMRK76M
+M4hxMqbuux9B/C3TJY9SW8lRVZrVI5kdAfmUcYPAxXolsY5LaaIwsSp3MCOhzWF4Sto7bNw0m5J
YEMKlOh+taVpJJFG0jMXZnPmA9vUV+rRVoKPY/Kas3Os2ySJZJNQleUN8rgrleBxyK4H4sTXNjHq
N5a4VLe1zGSCdpIPSu9m81Joyj7cLl/kHTtXnnxV1CODSrqKeeT9+fk+UbWA57dKb+FjpN+0SPzi
/awsWudQk8QXd3K7vdBdhJDHkj19a+fvE+gTW2tPYzs7RvEwKhcDJ6ZxX1x8fvB0Wu+K2EqRkCMy
tFMvUgZwD0OTzXyp4qg1LUvFclo8ALKNxdey5+6a/FOIqTjipSkftGRSg6EUmN8GaRc6TciC3i3S
TRkLJIc4+pauy0S8upNOKXsokNvlV+TBIz6elchHaz2l79juZXjkVwyMy8AHtmtaOGRr0W8Mijew
2uByPUdfWvkpT5Ekj62jCMldnSeKvHl5feR4S0yOJJHCtcLGmWQfUdM+9d74Y+IOt2ukHS45R5zK
EYAbsAdCa8n8G+HW0LWr/UtS1MS3U2VjDNklfaup0/4j+FvBwS11CMTXZwyxQEF8n1B4qnOry2Wo
oTpX95dT1LStf8aXuki2ht5XBVt7MjKMH0xSp4c8QanAun39nEjOw2Ixy7D1JPT86l+HPjSTXYIN
SuLhLRYwGRFXzJCnow6A12Ka3pM2qtqyX7BtvyGRwSD/ALuOK78NSm4pykc2Irwu0kec33wc0qZG
tL6yjifOFmgBYk/kRXH+L/2d/EugT/b7O3uHt2TO8w8FevOelfUWi6ysqG5so4MLjrbNJuHcjIzW
9/ZmneLLZksdd024aRVDW16nllDnGOcGvVp4aonoeVPE04v3j468K3d7oIj0nUbWbDACX9yMH8cV
X+IvhjTbO1l1PRNQvLR2JaW3GQvT26/hXu3x1+BOpaTIniHQtPiZ4kLSQwk7RjnjFeT6pfS63oEy
ajIDGAVMe3BQ9+oqqNRwrWkicRTVTD3gz4w+Knia11bXW065mCXCMRBMHAJIP3T/APXr58+Lfj68
stTbTby6eK+WXascylUK9sHvX0D+1Z8N7+0nn1PQ5kSAHKhsZJz/AA46V8v/ABLvG8Xomlz6gPMC
4WSVBujccYPsa+4wipSs7H55WjUVdxkepfCOFPEqW15o4FpqCDbcASDDD/dXnFfQPhjUdV0zy5J7
15iMKyFfu567TzivkH9moeN7nxZDpoiuQ8Iwzq5yB6j1FfUc+pnQ7Ef2hbqk3GAV+VzjO7OeDTqR
Tm4xE1yyi+h9E/DPWtM1KD+zIpvLuMAgliCR3+lej6B470201Yabf3zMRiNVmycDHc18peB/iDbq
wggfEoIYFjzk+4rvBrc2tXizSXjC42gqRnJI+lfJ4rDzlUcpPQ+1y/E03SVkfYHhHxfPaTCSwvEM
UaYRlm425r2Dwd44a6g3JEmx1z8oAC+59TXxD8KviPd2220e5Z2z5V1byIBg5+8K+h/APjjT9N0x
XmnDxyLjOOQfc9qxw1410kduIjCvSfQ9U8U2cV2X1KJBvj7KM4/CvOdPnlOtzKYEj2uzGMqR17DP
c13Hg/X7DX3NpbTkjZ8yM+dnuPrxWJ4z8PS6NrK3LwgqG3bgeDx3r1MXFO0rH5XxFg/Zz9okdn4X
YzWy/NvIG7cOoPoK6eNZJIgPNbaF+Yg965TwZd240qMxTZZsqhX+HPJ69q6i2Cm1kIIzggs3Rvyr
nhVhBO254NLVXMbX1aWEnYMsST7kVxHjCJHtzIyruC4+Q+v1ruNYnicbPNCsAAqgEZPvXI+JJF+y
SgIuAGBUYJznpSWIctGTVUUro8X8aWSuSyMBhsgnsPQ1xs8720e9hzgkEcY5rv8Axx5LlmxscclS
OK84v5g0hQnILfxH9K4q9NS1R4OJa5mSabeTNcFGABXjIHBFb9swj2uAp2joetYunsFUGVFyuBuU
da2rdI5fn98kDr9a82rSvscDTZfivzcbXz97jBPT3pftczSbiRkdT3xVaKIu6JGgJXp708LOZPLd
jhT8wI/TNctSny6oai7lx1SUcptIOTtNRsgZDJLwCMEf1qHznt2ACjcBnrnikjvR8sojLE9VJqY4
enLVnRF6CLEsahkUgEcAdcUtskxkAViMcENzkUjybJPNe4wuQdvt6VPagTLuiAAIzwciu7DUo03y
lez5tSSKSdB/DhDheOtW4JoUi/1xVgCFIPGO9QxebHDlkB3Hiql1DcSBgikFuy1eJxDpvbUl07Iv
G42lI0bf8vBH86pNAZmZ3iOVyVOeufpTF862mJ+6qgLuzya1LJVMaorKNyYJPWvArVXUk2x292xm
2sTQ3ABc4T+HHXNXDFGG2MzbCpx9aJWjik2Y+5yvHNBmjW28xjuPfb/KsqEE5XJasV0lhMwBl4Uc
ZOMn6U67ugVwjKTuAIJ4xj3psEDSO4aBGYKQCTxj0qOa3ni3eaiEbedgyc16yjpoFh6CQu8ajDcE
46fSrQldYyqxjrwGFV4LaAujKrFiQMFcgVNdq0duxjlLDjdnj5u2PwqXCTVmxXa2F883GyJ3GCfw
rO1MobhniXCc4PY1JBg/O5bATIIFNljiA8klgMbsMfWpp0bO9iJuUlYzHZiquX+Xb92mSZkUlGBB
GOeKtT2qXEeAhOBncBVW5gYRqhB6gdcGvSw+HvqctRWsiVYt6qpA4HX0NQ/2fBJIXEO0Z6jvVmxD
uVjYEDpn0qzEhiTazDk85Feg8OpRTZG5Ba2caSCJRhfY1a/s77Qu0DAHQ4p0NvEqPJgnA71chuFE
Ygfoq5z3FcFam0tTqi9DNn0h5IvLcfKe/oKpLpMIYKMttPTGePWuijYyHYWQEjqKLfTVN0HADkHI
A6Yrh9mpuxvGCkjGsNJIZg0YHPVsZ/lWha6IpIK2xO7GC3fmtm30yGQmOPClgR6CtC00iJZQIXZs
D5eSe3OR6V6WHjGnPlOmnQikUI9MjtyGMGCRjdx+nrWgum+RCpe2O0glt3Ufl2rTtdK+zorLH5g8
slcIB/8Aqp0iyBN8qlgp5GeFB7V9BSlypClTTOa1XTYZwUjUqFYl2YcH3+h/pXIeIraNFeFQwQf3
RxXfaiBsYJbjcyEs0vXGe1cR4jEm8g5AU4yOhFb1nCdO7Rw1laRwmrXP2WVszjKjhfSua1TW5YEY
lywfJPuK1PFaYuGAcjfjcfb0rkdXuWi3pGpBA+QgV83WhHmZz3k3YsSanbzAFnKsuMbf5VQup51X
zQxA3Hdj19qyzfzIztn7xyTjAzVhryWWNYVI7HrXLKSe53UYvlFn1CX/AJ6jj/ZqldalKrHDZBGQ
oqSZC4YopPPpUCWs2fPdOXGSPQ1UKfM7nRUs0VZNUlCscD7uMCqV0yam2bjcwH8DVdvrNgAqrgk5
JFU2g4KGT5geO3FepQgorQ8jFRZ9yS/EO3vZS1xcjPRG3ZzXPeJPE/2mRoUkDKB8zbq8OtPihIZi
EuGK7vkBYVvReM3vYQ7MckfdJHNdENIaH1brue5B8QTI0LzI4x8zDPY+hr508d39xfahJGpO7dwG
PYV7V4x1ue5gcK+QwKkH+dePeJYI7i8dxADIrcHPWiSlyto8PGTsmzkLOKdZjIByvbNb2n6pcPhG
BA74NT2HhuWdTuhyO2O9aUHhV0jBWHDZryMW5xOenVbMbXb6aG3LxFgFGcmsnTPEF1JJhD/F1LYr
d8R6VJBA9rKuDn5uOK5VNKmimL8ADPQ9q5adTllcbnI2m18ySELLlh157Vm395cTE5UNz3NUpFn8
8+WBgA896tWcLXCK065yAvPBrtVVWOaTd7szLm3uJ5I1jZuDziu28EeHwxjlugSepyKp6H4aW7uB
uYgnoBXpnhPwylvAhliBLdQGyAR0rSVSnGn5kwjKcw03Qo1w0ESqN3CkYHSuq8L2oj2u6qrY6jip
9N06OPERi+bOeKmtLbyiQuSM5FLDzvLU6Zw9nY6PTzH5ZIIYqRhT0FTDfJJtKcPwcDGKoabMhXnp
uGMVpiWFRuLcjgjNdc3FxBJtXMzWra6eNiFIB6A1yeoW93EG3EEDsBivQ72aGSBjsUggY3LXNTJF
JdMDECpJHzDIrxqsJyldIipHmOTmtWiiHBC9StEbbWAVsjryOTW3qFtDGWiiXPHOe1ZcFnI0u5MA
elZ+x7nM1ytIYyRE7nHcsMc1HBHI0nmrEAScDHpV+O0AcEkHC4xSeQ8JEkagqTyD1rkrU+SQ02h6
iEKGDFWxhuKhN20bOjDJBwM85B702dpc/M5HPIHaq0twUcnAJ24Ge9RZyVgbTL5uVWHAbAA4qpNd
Rq2SSxz1Aqvc6jIIgAVB447U1rlFJLAkEDbiuapGTTLi7I07BonPmbeeoJq75vlN5cEX8Xc1m2l2
rgI0Z6dQKsvLE42eaW2n5W9a44qSbZup6Fy2usAjYd+cVYSCSJ/Mjj+c/MQDwR6VRtLjZ8iKfmOM
mtRS5UfJgYBIJ6n0rrwvNN+hE5JLYjF2SHleLb2IHX61LA8kqLhw27uT0xVAzRw3BK5Kr15pkN46
I8kDEBn+YDtmuz2erbIUrm1aTkqkxkUZU9BwOelbulzq/AIBDcop6iuWhn2DyQGZt+D8vQfyrc0u
TyZcqeV+ZOPvfWo5VzGiV0dlYKtwR+8IAAGB29RXR6aiW0WXQEfLyO1cjoFwfu7jvz3GM+tdFa6l
8oiyCCMkiuh2jI0jorFi7hgu5ndGILDhf7tZMyPErxsmMEjA71dW5SWXadwOeoPUUzU5EdiIk42/
eB61NevYvRox7izadlYrt54wKt6Vo1zd3AURuQBgAKOlSRStNiNYxgDqRjmux8JaM7eU0zKNp3c9
GPpWGHqXnuZqF3YteDPBSSpueDLl8hcf5/OvTfDPgmC32xywKiq25mxgk4/XOetReENMSBBIYYwp
U7HIGVHoa7nTYICo35YHaqll6jH8q+hw8FJHq0MMnqZA8G2MdoFaMrs6oFzk1ja94RtGjaUQRqBw
GIHzCu/voGf5lXDFMFN3esbUbDylcTIAmeUxx+FXi8Mr6nZKjHl2PGvGXg6KWBoYlGEHLbf4q821
fSpLCZgQcZ6AV7v4mgTz2xFtjbdt9unJry/xrpEZlNxCXBz8wB714WJpKnC6R51emkzhXtwzguwb
PbHT0qjfQBsRr93oOegzWnOkiMTKxHOOCMsO341XFlNPueM/NjGW/SvOTvocs9dR+hxvEpQsAOo7
1uWjFwY1XcQP4ulZtjZjbtUncWxwOp4zW5a6cAwJGxT91ff1rvoqyKWquWLaOMRhiQvy1HJcEMFw
AM449KleJooQkZBfdzmsfU551maDIDYzwa1na2palYsveDIUPkYPBqD+1mh3iJmbOAF9/SscarMJ
tuVwOCS1Ldm4t5Tj7rDdxzzUQkuiLjV5S5eaxPG8kTzAdiWOf0rButWkvdnlTqrK53IT0PQfSqWr
aw6tmR+rFlAXqPWoE1B4G+0SMZSyjIHQnJwCa61KMYGkaqktzVt9S2xGCaXaQymPPc+lXjq/2K0b
bbM7rz5qpjGf51zVvez311+4gEsnmD5Scc+gBqfxd4uk8L6Zi7iRSEKxkJnB75r1cspe0qp2uevk
9KNfFJs8w+PHxju1hltnkkiC5DbkIYD1z+FfI3jv4rT65qjpC77AchpG6c/eX/CvRfj54zk1zU3i
nuFRpRgLG4z16188+PdTsbJGS2u8yCTaV3cj+hr6ajSUp26H3k5S0SNjXvGI0+KSSS/PmknClx8v
biuF1rx3cX7kvMfKjHOemayruWfXD9qv5VSGIYAJIJOc5zXHX2v3l3rC6DBsaHzPk77uc545Nezh
sPDc5alT2fmeveDtclvHFxYWsghhXa3IAb3FekeFrqLW1Nve3LKi/efZnP59a8B07x5c6DdppXmY
CoMhVOCc/wAq9j+HstzqUX9p3KAJnKhHAAJ7c1y4+k1MdB80LnoFzrD6fpUdrZwNGJQqQ3O3kDkZ
IHSvev2f9LfS/AAuWhYSXLndK6jJ5ODn05r5ss7u613xFZWU21k3DbFnJXB6V9a+HbQ2Pg+zt3u1
SNYx5zlOFAHQY618tmLlFKJ9Fk1nVkzlvidcFNJnt3kRE6S4bcXPpxXyB8dNZtLfxTG0JQsxCKqN
vw2ffvX1B4+1S0mju/tM4CW8ZMQG5SST196+SvG0FrqXjPz7248tElLvJI3AGev1rvylW95rZHNn
MnOfKmfRP7Hvw+sZZ01i908yuwLDfwUI7kdK+g/G3xHXTbRtP0+RoLdIFXKZUFh16d814j+z9440
vTPDiW+myiKHygu8ruZmHr3ANT/EX4pImsLp0Uo2jLSvHuyMdhnjFeZim6uIcmdeClTwuFSPZPDf
xN1XRfD41O0s1nkRDmW7k4xjgkmvJPix+0/GdYa417xPpVo4KsYLaNWYgdRuz9K+Q/26f21vHZ8n
wH4B8QSWligYTCFtrMRxyRxXypY+JPiP42u579dfnmkt03s0k3OPYHrX0WW8NVsVSUm7Jnl5hxHh
sO1HVn6X6v8AtO6Jq8yzweOp4rZRjyLm42x7vTrxWBqn7S9lrdwtlqHiTePM8uG4jvhJtPbOea+B
NC8P/E3WwzprFwse7MhM/ftXe+Ef2Qf2g/GWmTa/4T1yC4eBN7RNe7XY9cDPHSvYXBmJcW1J2PGn
xbl3PyybufTsnxQvLXxMZJ7rzt77CUl6YH3h25GeK3l1gSyPqtjcSR4dfMRSMhf618d/DT4zeJ/D
mut8OviDG0d1bz+UzXCkmNs4IOOor6P8JapZWke+O7EiOqptDfdJ7gNXxuaZPPAVrW1PpcBmUcTh
1KnK6PoDwZr1lqEENm10q3BiIVx98nsDXfXurXV94dM12vlrENkoSTDOcDmvBfAeoGFfL+0IUBYs
5chsjooI4/CvT9L8VGOzKpIwV1AMgfJPHXH1r5evDkleR9Pg66a3NDwf41t/DXi63vvLBJYhkUZB
XHGfXGea+7P2R/i3cX+uNpkK7zLbRgRoxIYDGSRX5xW+oWlv4kivdLPmESHz45skHPf3r7y/Yi1v
S7zU7K7V4wwhWKRl6o3Qe1fScP15xxcYReh5GcRjUws5NXfQ/RDQJLnUNGgiT90MqQe49q2hG8cM
kUjY4yCvf1rnvAV6LqEvZ3O6IqCXVcfNXR4ZoHdUTdtOMmv1xbH5HVvCqynI6zyzARjc3OWfAIx2
rzz4wSw6NoT6r8rxxHmJ2HU9/wAK9B1qaXT7dZREzscfKp9u9eEftH+OLK28C37XrCCUuUi+fGCB
nFRWqeypSm+h14Gl7bERj3PlD9tH4qC6vBcaDZlDs8tGQjB+UjgjvXy5YtrkwXWCkhlkfDLjO4/h
1roPiF8UYNc1CfSdS1GNpLa8kYBslipOMe2Misd7mCCxt7aK4ZJUdntyrfK3Tk1+I57jKmJxMj9p
yrDUcPRSR0r+IdOvktXn01kZUYSRvFgufQ56VxuseNbeDUbybT4fKeIk5IxggdMfT0rR8QeLbm00
QXEVij3ByszMAyn0xnofavKvFniqxsrSW5R5i925aMx5JRsYZSD0rwadJ1Xa2p61fEqhBWZ31j46
tr+xDtFGty6FQztgj/a56GuYvPElnoFzNcxXTXF27EzyMd7MPZuw9q8w0bxjqfiTWZEEpgtEUK5C
guzD36CtC98WacmowaIJhuY4kMa5ZRkdugNdSwslJQW7PNqZg5+90R7T4A+Knji9uFt/DkV1DE/B
553V6X4dsPHHim4/s29jnMgXLSxTPG4P4V474L+Kmh+GbJbCzghknjALqo4DDua9w8A/tRWVxaQq
piWRo8GQsnH0wefpXpU8LWpqysZLF06u92d5pGo+I/h9pkVpt1JYhhC4vmJx9T0New/DbxX/AGro
SWmozm8iQ7pBfAFwe3zgZ/E9K4TwZ8S/BHi/SRo2tR/aHkYBm2bGzjrg1r3miWmg24v9B1GSFDyp
8zcMVd61CXvtfebqnSrRtE9Z1LSrPVtOMcUaujxlQRd4cADpz1r5d+Lfw48c+A9WvJNFvftVrcbm
+wyACQZ9Ox4r6F+HnjOx1BotP1ZU86S3KpNA+TKfUH19q4H9pXws8+nHVIbeYyQgkqMAqcdcg81r
OTk1UiYU4qN4SPgb9oS90vWtFkg8Rpe6dJGdrOsOOf6iviTxVo6WvxCN/b3LXFqLgCRcYyuepFfd
f7SOlXvibRrt7aRLxVgKmFlAdCB94Eda+PfCOi2t74gvNFvrlWlSfLMD8w56Y9a+oo8scB7Rbnx0
tcc4yPdvgT8NdO1GE6p4VhCzonzRtzx3I716j468JLa+B5DcWqPJEh5BBIGO4PNcP+zwb3w34jgM
MzFAPvoud3YAgfjn0r6S+J/gO113wWs6RpE1xbDLRHJLDnp6V5eBxjdeze56WLy6EsO5xR8peGUt
NP1mO5jlVIZJFDRtJnnOMHHSvcNA8L/ZxHqiXcgjZvl3ychj2+leAXEA8O3ctlOG/wBHvf3czdG9
uO9fQfw+1Map4fUR3G9nRTGjHOCP0zW2KinUsYZe7LXc1bK7i0vUluxNtkVvvKcb+1eu/DTx3c29
iba9bfDL9xt2VGOxrxXxHePNcJaXdoIpFIAkDADH4Vt+CPEs+m6gPDc+JI2ACZbG0fX3ridC7909
pYhRVmfUPgbXLi28RwanDduIXwXTzBgYxXt2rCHxNohuYrtXZYsyQsQ3Xpg18u+Dbi/t7dDI5jjk
jBikOCD3IOOnSvUvhp8T/s0Y0u6YdQWLSkgc+mOeK9KTi6ajM8/FYOGOpOLWp2HhzVG0mQW1zLhD
lAN3b1Oa6x/GVgLcQxSquF2rhsfN647Vz2qeHdL1/TP7Q0dWDg5ypxgfT3rjZ7rV9LufsNzFJFtO
Mu3UZyMnHSvFxcJUJc3Rn5lmGGxGX4jlktDutU8QW88OUus5jwS2euf1rk9Z1VHheNehYrtJ6nPW
q66ncPAgeeTYcOxxz9B7VHdwpeS7ixKkcHqc9utee6rezPLqVpz1ZwHjm1uGdphH6jcTk1yy+GGm
Uy7DkEEbh1zXp2s6OtxuG1mKt1cYrFbRGj3SMobPOSentXVT5qmx586d9zmrbw+6NtKFgcfKorTt
dMCsYlIKqOhHf1rYsdKmOJYsk9xj1qd9MtnUugwU4Zj1z6VFSm0mzNUkjGNtHHD5sYBbGMd81Qdm
AMyzZ3Z+T04rW1DTpFk3IrExkED+pqjd2LxsSxbCglQfQ1wuEmtgdPQpuxDbUPzFQFJqN7mHhCAr
k4J9Md6t/YWMSsqjIPUDNU57OaWRoTleMliBzXL78WkxKDQ9HXLtE27fx8zd6t6asisYjIATgIPx
5qha7VYpJGAEICHHftWnbQmM7w31zWsZuNRNmidlYnkKpIwXcADj8aciEyqFBy3Gc84pxkSVfLCn
cx3MSaaxeOcPE5yRlueAamtVhKWopKyJls47jbG6cMxIOP5mp5IEhK7YwHCnk84qOC8EikeYNy/w
AcGnPInlszH7q88/drxcTNNtRMkQXUME4JIxuOQ9Z80LxM0SO5QcsenFaEl1GEKQNk7cFW4rPWZ5
XyCFHcZqKEmnuS9xbZ/KKgwlSepPQ1ZS6tpmAI2A4G4HGKpSNIrEFVIWMt160QSSqAiuqBhltp52
+letQqdzK7ublqYlUCHaWc5xjjJ6nNMn02O6JeF2O1+QRuxxVO3vYyCqlvlAwe4FW1viw+zCbaqt
8vpj1rrTuVzFFraSOQqjbd5JZR+ntmqUu8MWYhiow5xWneCaQmKOTrI29twGMdsVn3Fq5/iy275j
vHSr5RzTWpFKRHF5isQuMYFUHXzZldpN2G71pyW5MSxpuAIzjqM9j9KgGnwmTeGyVOTjv/k16OGS
ikcs4uWo2BVk+QnAz19KsQomzDOTg9cU6G0JbKKCcfgDUsdsS2Ewg5GPU969Lmio2JURgZVztUnI
6Y61CTMrgygjd97aOgq0iETbcE7etQvPKCwUBssRtrzcTFTjZGsS1pkkbuVTkHhQRWhbny3AMeOc
EqOTWJb3RjYAJtVffmtfTtQVl3b+QeSo6fjXDScoPY6abRq27iWSOCKPGcsMj7vtW1YWMM0iO85D
bSHUDvWDZyB7nekROMjIbrW9YSyhkcOAh+ZuOhrsklZSR6FJo2EtoRatbxSfwg7Nv3SO/P41Tvre
18pkWLbhSVfadvXqama82SMXXJQfKQOv9e9Z95qMjRmCOQP1GCx6Vq8VFdR1IpK5jaz5QUrIyhiO
Ng4YVx/iMlISyMD6q3auj8TSTFXdXC4UYxyK4vxBfyspJkGBnkCkswt7qZ5dZXOE8USB2w8Iyx+b
b/CK5DUbRXm3IQpAOAa7HVsOSRvJYYf5eBWLNp3muNiPk/Kc46UpNVFdHNFOWxzMGimZPKdSNv3t
3TPtSXekNbFWQZG7BKDp711sOgSW8QCROQx4+bvT5NMBBh2YzwR1xXJKK5tjuowmo3OOGnvGNksn
DtnA7inTaQpj/dhj3wa6S40VomACjHQNimtpcmw/OPbFdlNJK1glCS1ucpPpUijIi3ZU9O1c/qth
PH0XPPOc16T/AGYgjO5h+FZd54f8xyfKB3dj3r0KMVBXOKveSscxYDbc5n2M4Iyrf410Q1c2cYH3
geef5Vwdp4mgM/lYxknG7tVnUddMYUi4AAYEZOc0UbSjc9NVGjpNS1Bbjcs7AAZ6muS1ZE+0bgg5
OSR6U2XxEhfcGDbeDk9c1Tk1T7RcY80E4+bHaulQuro82vU53Y6PQrRZUUoAK1JdPCoVWA7h6evr
WTo3m/u5IWy23jniuohkWQhCTuYA5Bry8ZRumZw0WhxfiLRbiZyXjHI496yZPDE5g2GEDcM4xXom
q6ItxIoXC929xWfNpQSE7cgrkhSf0rylRaZqjyzUtG+z3myOMjnAxTbewmknCpkjGd27AzXZ6/o0
DgTFFVt3PtWBDp7Q3YWMZAIJHYrn+dKc1eyOaaXNe5t+HdFLsqqM4wcrzz6V6JoMH2RFMgIycEEA
1zfhtLdUVFYrjBYjk9fWu2082iw/d2hm4Xb+uazc3JpHTSShsakMVt5BQMFZvunGKo3LLG7oyEnI
ANK17FGrQ5+RfvMDzSJai7J8slEI4ya9HDU5NhXmpqyLOj3gSNQsakjPVsVqRytIwAQkd8HNUIdB
wDLER8hGfQ1rafYGT92pO8dcEAE12VYcqszOlGXUffEC0Ea8NHlsH3rmru4dHKIfqTXW39uUjLPE
QMYLHvXOahaL88mBkDuK81ytIueiMmZjMxIbIHX3ptnaR+aMkjgmnvNBE4UYy33sdqVbhfM2xgcH
mmpRt3OKUm5XJZUTaSqge/oKrojojOQMHlSatRqZJFjZDgnmodTheGPYDgE8E9q5K2rGvhuZ0txl
mRsZPsaz72fZySvBzVydEkVhExLDpisbVFnR9ox0781nGF9iHruQahqkQ3QSnHuoqqNXnhbe7DP0
+7WReajcifc+CFOADxkZpH1Fmm2tDtG/5tpzuA/lT9hJrQuDsjrdFvJgvnA4zg8nNaUEsTsqjau9
uSo61zGiXzRlYmZuTkZHatiGdG4UFVB5fHU1w1cLJM2jNNGs9yEIfLcttVQvX/69XI9XW4JSaMoq
rjPvWTDM0o2qxCE4YgjP1p95HOv7uJtwyNre9VSozpq6JlK6NRSkrYZuA2MgenPSpViWNhMoGTGc
qTk9eKqaQokf5sZRsfORgmte9Q7FiDphFzt38c8muha7ijsRW1u7TLIuAc7sEk5/DpWzppnkOy5V
U/utt6D0/GsmGMQTLsDFS2DsPKritGC5SJVKQncuAjFeg9fzrGouVNo3TdjoLSeGNtqXGFDdSea1
7C+aRWUygkgbW24ArlbK/wDP8uVzGMNgZXmtKC/lRBGhY475qZSjKCbFGcrnRw6git5YUdevvT2e
WSPLfePasC01Zlf983JPpWhFfPdfvYnAyMLuPH1rhrVVZmkZ66mlayW8c6LIu5j0GOtd74algHl7
ZmBUbvLYZAx3rzuC8Me6QyllX5TwMn6cVveH9cZWEcyE4UEbiMtz29a48NWtM6Y2voe3+GNTiuIl
MIHC5bJzkdeR6122hXH2sfZif3hPLMc4H8uleN+H/FMEUOwzhdyZO0Yz6V3PhPxras6xrIU2sMnH
XivrcHXXKmexhakbHpS2sj24kZQ/y4BJA3DtWPqcEC/fQK2QSOo/lUkHjCxfT1Eaggr8q5Gaw/E/
ia1EZ2Tw52gH5+2a9mcqfLqzqnOHQwvFkFqZSVO5VU4UHHFeU+MDMkjmQKYyCQSvQjpXa694lW6h
fDBQB8vzZzXCeJL55N0isrEgfKWHSvAxc01Zo8TFSi27nGXMG6RnkYAdSV6//WqK0jHkHzmJJOMk
5IHtU+pzL5rEhCGH8JPJqK1ngM4lRdmB91q8HnaqaHDzpqxfsLeG3ctKSW3HZjkGtm2Z5yuIjtI5
PpVC3ggfDqfmCgDJ4571rQxsV8uLB/vZOPxzXp0pe5djU2tCG4SXyjEDs5yOOTWDq1q0W5UIBPIY
84ro7mY/Z8BwcAnB71h6s8VyN2MYAzkcVpq9zSei0OY1NjaASMV5cAFgOR9KhudSnMflXDrhkyDt
wM+lXr4KVaFSm/OFyaz7jTfN3yspyDtUnkcc/wCTWtKKOZzkzGvbdJpGKShyOG6A4Papm095EBEq
lQM7ME4AqSO3nF4FijbcSCzdnJrd0jwtc37CIvl1bLKcjy89TnvXRWg1ayLoRlNqMd2ZGiaJIqme
N2Uxgu4Q8nntXh/7VHj+bTN9vb3UqKoP+s5w30Br6J8feJtP8DaBJbwlAUjbcUk55/Dmvhn9ojxc
mv386W8+53ldvmbOfTH0r6zJsFVw9BSktz9By3A/UsOnN+8zxnxh4kvEubm6a6eeVo/n3NgAe3Pv
XmfiOaeS1l1TUpCieWDGhH+PU12HjN7LTIXnv77cd5JjB5bjNeQ+MvGM+u332b7P/ooBBXd0OOCP
QV9Dh6Ep1VpaJ7HtVTpOzKmqeKbqTQJr5pnjClhFgY4H1zzXEeG9Sv7nXftwBKxfO4L4PrkVo6rY
TahM0dw7pAp+Rfx5qp5NnATarIFDHAAOAF7AkivoKcIqNkjz3Nyd2dto3iJL6+e8S3BfhEc9GX69
69Y8FeKp7LTxZzoCGOxmYlcN1x+VeN+GLaGGJLl3MZOApx8rY78gCulj8ZNoc0bRS+YkY3bw2cj3
A/OvPxWHdV+ZvSq2i0fTfwmibXvE9srXMZl89WOOcA9OhFfVnj24u7Pwta2Fu6p+4+ZEbHO0c4Ff
F/7HfjuPxH4xgu7hT5MXXacE8jA65xX13428UgWTXkoXy0iC/N1II6V8RmsJQqKLPrskcPZzd+h5
P8RdSuItlg+6W6+/N83A44HXpXx58R9c1PXfivFYoHaPz8vGmMsAfuke1fT/AIhSSC11HX9XuzGr
LiGJwNwJPUGvlt57mf49mdVzKyYCBskc+9dWXVIwoz9GcOJg6lXU+lvgvdXslh9jgsHBcYaRxyg/
kOlZfx48R6poWlT2ej2TS3EoILKu4ntjjt3rpvhdoepXMkdtNdLCGjXzMAcc9z7V6L46+G2g3fgy
ZPJhu7sISBtJOO3rXlwqxWJ5raXL9nVdDTofmx8TfhJrWs+C7jx5d3cj3cEhaaIp8209c+mMV44s
0mnypPY3LRyNH8xjbB5/lX2R8RdNuNGvtQ8PW9uyR38Ekci7uQeevPHWvj3xNo15oGvXGk3qMrwy
lfmUjI7Y9q/V8tqKphoygfCZip+094taf8QPFOmH/Q9VlQk84bOfqK734Zfte/Eb4c3SS27R3ESP
uaJyRx7EV5M7FWwOxp0Ji8zMidBmvYhi68I2i9DyamEoVHeUdTr/AIwfFOX4pfEG48fNpsdnLcbS
6RYGWA616v8ACf4x3+s6Za2JvEW6iKjLDIf8DXi3gfwffeOPEMWmWcJClh5jdl/Oum07wPqfh3xE
oitnY2k/71Y25IB9q8jNsHDG071Nz2Mpxaw1X2UNlY+wvh34znF/9pnijlZnDruU7Qeh46dK9fh8
aQ6jYRvpapKVUohQZ+fuD7V85fCTVLm+sI5AhUEZ8twN4PqfavT/AA7fXKQTJBNaW8kjYCsuWb3r
8ox+BUZNH6DQxUoa9DvvBFpPqXiGbStRfdLKwMexwCCegwOlfff7JHw5l0eCDTIrlYrie3DywsuC
Oc549q+Rv2W/hV4kvvG1pfy2LOk5HlTtwkjrztB9a/Rf9lzwTY6l4s/tDUoTDewsFit/N2kKQMgj
PNerw9lk/rCm0cuaY+MKDsz6b+AEJtNLTS2vBK0CkTvnJJPc+9eiJYNJO8bSZLLznjFcn8K/h/ae
DvEN6IWmk+3zeYM/dUmvQU0+0yZmLMYwV+7jA6V+jwbuj87xE1ObaON8ZTebpk1vBLslilAVzxge
tfF37cfi6wlNp4chSSSaS8kefyh1VR1719veNrVoLCWa2aIbpMHcM7hjv/8AWr4b/av0HUNN8R3f
ibVXlIgs3gt41TcgLAnjOMVx5spzwcoxPYyXkhiYyZ+b3xU1ewstZkv1XK/aW4AG7BODn9Ks+Erv
7VA0k94kkSqTFE/31GOo9qzPiXYaudRliSV4hDOzbSucgkkjH6/hWLF4tvtDsQYPs8kKvkmXjI7j
J+7X4zisP+9a63P06jjFCPN0Os8Q6zqPh+OWS7t1ngnIJVSV5H868v8AGev29xqEl2UMLLGdxQkL
yM9K7bXPEegzeE57K9jzNKgaEpLkIDydoHTHrkivDviP4rd0ngaZzLCcRucpkflyarB4OXtCMTio
1FozYu/Flh4a8LNqV06qr5YmNsYI+6cdutfPfxH/AGrZfDM866MXnvZHOJWYfIPSsv41/Gx00B/D
9nfifzPlZBnp35zXjPg64sL/AMY2t54hdfssc++ZZOQyjnHNff5Fw5GUvaV1vsfHZxnP1aDhT+I9
E0z9pD43alcNqlnZ3c6BiXaGFtuD64rs/B37afxA8Gsg8TeGbuWzmJDxSAjj1RiOCK+ofhR+1v8A
APWPhjB4T+0aDaPaRBJFNuocEDucfNVDxZ8b/wBj3UvC8vh77fZXF/CCyuY12g9SnNfTV+HMFWk4
8it3PmsJxVmOHd7XKn7P3/BTrwloGtW+m6/q1w9i8i+WLxyHhHTGc/rX6FfCv45f8LI8Nx634I1a
PVdPnjVltpZgzRHPIBHX6Gvwg/aAT4bz+JH1n4enyvPcmeKE/u0P+Ne2f8Ez/wBqjxZ8JviIvh6b
WJTpl2QJ4JJCVA4yR2BxXyWd8LU8PhZVKHTpufZ5BxU8TW5K8bXP2P8ABniXUbvXLhdNtjGGbMlv
JIVOf9kHofpXq+o63deJ/CQS8uCkyRhTLIN2/joeOT9a+RfB/wAdgvjOO6lL3NlcbHjuFfdsBx1A
57mvpWTxNav4T/tq2uBLa3cex2QnEZA4z6V8JGNRJwkfcRlCV5xZ80/tC6bDBcXQ1KOKznCsYbqG
L5JVP0FfFc3hDSW+JE+uafDsk8zMnluNrHPLYr7i/aIvo30WW5nHlq0Z2ovzhTnhx35r4y8Lwi/+
JN1ZW67bpmLgj7rc84GK+ly1qeWyUnsfH5ovZZsnHqe8fDPTrGN7aWKzRZEAcjHDjqfzr6V8V6WL
/wCELa1pEnltDBuESrggYrwTwzpN1p9nbx3MKtGJA4MTEY9hXv8Art5a6Z8IkSdNwkhLRSBsc84B
96+eoJ0sakz6yUFPLZN9j4o8WSWup6uTNAAPtjeeN21sg9OnAr0X4QQSCC4t4CfKjjLxD615X8U9
deHxnLe6bZ7medmYKABjI5YHpXoXwr8SXsaiJYEYSoFCqegx9a+hrWlK6PlsLO0veN7X/Ef7hppI
1BikAHy5znqeamfX9PisrXUgymQDkxYyPyrG8U3X2ZJp5LUKsoJiCc5I659PxqjpV/aT2igyKEul
wV3YGR3J6fhxUwsnsaVJyg2fQnwe8Xand6cFvmklRkBiUthU4PHvXa+CfE0ekeJGzM4VmUMNn54r
wr4Wazqeg3q6HcONjMTFMDkSLxwBmvTtX1qWxSK6s0EmxcyHByo7Dp1qpOFVWOujKUHGS6n1v8Fv
GWm3cX9ny7FbJZkBxyeldP8AEnwI15F/bFjcRtuGSp78frXyp8OPiZJYumPmy5Zgi5Mfv7ivpX4a
+MbbxTpiRPqjM+0Dy5VHPtg1jGFOadGoYZvl1PH0HJbnIjT2tHIwdnRiT90+mO3Wn/ZVWVY5wXYA
dOhOK6bxppF1vWfylY5zwcfXjP0rn2jCS4+Zmb+FWxu+nqa8XFYSVKfKj8ixmHlha7izPvtPMYaT
zAPlxtB4XP8AOsi6s4wzzlnYgfexgH2rqRbSPiHHyFeG6YI6jPesfVIIbZzJ5OdwJBwTVYd8ktDi
ldmLb7YXUtKSpPzIVxk1ZcQyHmN8FcA7eCenNSSxRRzLIsqjg8MM7qW1CO5ihiJBGT7cVvN807DW
xDPp5tQk8zkkjlSc/qOn0rG1CGK5Mf7kMBlyAc5Ppz2rp7sbF2RArmPDZHAP0rHurNiQIwFJABXr
175FXCnHaxk9jHiikj3JMuA68Dj5R6A44qncWiyfvlKqH+VQDnb/APWzW3cQFLQOYmUKSrFh90Hp
9azriy34iKM284BKkHPt61hPDq+pjNtGbY+WNzDGVHLFe9acduZE3Jbr0GQRz65+lV5IYl3uBjuA
e9WrIO6nzWz+7JUgEYHpXgYhyhoOElbUYYYoYTMSSByAR1qFpUkIZSFU4+ZecjvU120JO9A+4rh1
zxVbYqpsjGMdA3QV5jk5bF3Y+1uRvZ4E+UNjLGi81BYn8yRgVx8yHoCKpTOlscZO1gWJB/lVWe8G
SVxgnI9T9a55NRZEizLeptIXbtPIyeaia+hIEQfAz1zWbeXEcgJbOei56VSmuVjfeiH5Twc8VCb3
Zk9zfTUYZC6Sw/KqnDjuaaJmcbskKFOSpxzWF/assYaKMkByBn+dX7WcygF5uAOtd1GbVjLdmlDI
UlDLzgDtzirkV2wGGdzzwrDP0rNjdGGI5B5h469qktbqRmPnqxCNjcp6Ht+FenTrQdilFrc1Unw7
BmR8kggjlT6/7VRyKZ08yMKykEHaB1+lVreYkLLtyodicdvTvWjYQwSgIQu7cSpyQT+NdSdzVO6I
5AxUxQuQIxjc3BAx0AqO3KnjbtAXCqw64NbVtpVvdQCVQSqjOXf7x+lQ3emS72kiUgsvPHyj6+v0
FdNOTp6kNLYoG3crvMiAk5CqetSRlpIV2JwpbcMdSamSBHh2vECdvAIxzRAEj5cYcHuOtbquurIc
bLQzryaMFtoxxj5aqqVJLK+Fx0HY1qTxo4xt71mXDIkgRI9nz8j1pOUX8LM5RdtRnl5Jdctx37Va
02R0GGGT0H/16rktsJQ4JY/Sn2ryRuPnIUn5z61Fle5EW0zotKv0hfe6KxzjrWva3od2CKVG7se1
c5aQBW8/epU/d963IJVnUDiNgv51nKpJPlaPVoSi1dGhNqPlIXRvmbjgcVnS3M8bM2QquDnZ2ou3
G0KTjHoKhlcSIEVeDgN71585zvojaT5lqZmq+ZLF8qF+uAWxXNah4c1C9l8pY/vHI2V2+naYskrA
pgH7wfp9M1raV4fhk2vggo2FTGAx+tXQhKpPXQ4/Ze0dkeYR/DO8upNs8bLkAZA60+P4ZrGnlm1Z
iHO4N2HrXtkHhqzSDAC5ZuGZcH+dQXXhe2V/MVXJ3bcYIGMcfhXtUaXKtzphg4xseJXXgNGDpDCQ
CPmCnj2NY134cazlMTQMRnDEV7nf+HPKR4RByRycdD6VyOreGyQ7KhKsCuf9rPv2rGtGMdzV0JxV
0eaHw6ssTL5e3B7c1mS6FsyZAcA8ZFegPpaWsckXlnO7jA6isi5sFfKsM98EdKzp1lzWMKySicVc
6f5Z2RuSM88VL/Y0UkYliUuSMgZHrzWxd6VFJN8w2jvirFhpI2Dy4x93g13LExUDzpXZ8S6j4kuL
WYyGQZ3HHtUA+IFzPiOSTK96ztaDPO/mA7SST7e1c88shl2RggZ4x2rpwK9wyq1m9Dr/APhLZfMB
RvlP3jjnFa/hnWDd3QEZIz1wetcRa+e21xKDkYPFdB4ddrGZJ95HHNdVSXJHQwVRI9ZsXkt7VJkf
ByMknpXQ6JfR/wCqmnUsOjdcivO7XxM8sWIiABgYz1rZ0/VZEUMWQ89e9efVkpQD2t9j0K8u4kh2
CQAY+Zcc5rMluVlU7XICjvnANVbTUYbiNDLMr/KcgH3qG5kdmZUCrzxg1yKPQ1TKurNG29i5b5c7
j0NY1ukn2gNhcbuX25Arci0uS8bbOSAecGpLLw0sJ8xJNoycN26964alHRmUrc2g+xjistqGLBYh
WYZyfw7V0+mXK+QiMuCVPykdAO+e1c7c2FzaOspycAKQBge5xVi1vshbZLlwmBj1I965aNJqpdnQ
muU6OAxs4VHKuCAGGGyPU56V0OjWiGNcO25icgAYrmtEQSE+YOW/5Z4/wrp9MlCRZEnK/dTdzX0O
HcYmcYNu5dBRWCrkseUWpo9luhmjByPug+veiEq5BkUEBQAven3b7giArtOQAB0+ta1XfU6VF8th
lz4ggaHypJMBe2OtYOr6lAqsscu4MpNP1WEYZy+QFBKDisVyWkXeQQF5Ga8OrPlbM6l7FS5VpX3R
fKfarGmoWc5BPzZY461PDHG+SYx7YpzwNZxq+QCf4QetKi+Y5vZ6XZehUsPMLjjsBzUGpbZCY1ly
O6kUgv2UbAVzs7DpzTreNHy7EZB5Oav2d0JuNrGcbJXJOCD6AVm6nZDblMAgdDya6ySzEUbuYun8
XpWTqqFHDrGMHrgc/Su7CYRONzlnK2x5vr1psYuYuCpIOTx+Vcq180U5jSQrn72f7telaxo8OosD
vILgjDAYTAP6Vw2teGR9qEiARkBsLx0AFbYnCciui4KTRY0e+LMmZHb5wGJPbFdBbagkchkikIXO
SGHX/H8a5/RfD18zoqkBSxGMV0UWgaisI8mIBsYHydV9a890lOnqbcsorY19KJYhVI3buG9OM5rV
VyT8/wDcBUE8Fh3rEtDdWMm2WFiwXjHQnHetbTnmMHlOjh1GeB19vpWTowjDQi8m7NFmw/0V8uuU
HToCOOlazXEaWjCQLkMCEA9vWslmcqXZQFUlt2ehNQ3uqySjapGwAchs7j6j2rmVO0tTVF6S4++/
nnOflGMVFLrcsZWKcFccLIHPOOenSsy41d4oxIZMuRgv2P8AhWZJdyXMgSR2wx/hascRTsuZgnrY
7Gw1vzd65ADHnI5FbFlrmZcCcBAOBt/ziuCtr2eN1y+0YwRjrWzpl0hZg7k7hyc15SrJPlNNDq/7
Tke5UowAXnkdc1raVevI5R0+UjnBrlrG6aVtiJnkDNdRpiiSMLGgzjHPeuWpe/qNbmxDM0ZRYVJK
5O4rxjHI96t2F1I7q6ucBucnp9PSspoCCMRkFe249a0NPt9ihXfOTnaorGNK9VJGynY6PTdanjgC
yuxCpgBuTXRaB4x8h0QXJQlhlQ33uK4sLcKuyZchemODRb3rxyEMBgHIx1r38NOFKmjaFapF7nq0
Hjm++zm3aV9pXPAyevFNvvE7XWSJSh34LZHSuIstQjeIuZBywADMcnii68QIiAxvuJPLJ3/CvQWL
i4XOv28pRNLUdc8u7dWRjj5QR0HuR+NY+s36PGJIiMgndv4I+g/rVe91SN5gS3JJ3DPY1j3l+twv
lRyDcxIILnIFeXi8VzbbnHUkmtSjeaiVlVY4WOGOV65zViyaKY7pFcE8Nk8VnHLSiR4wDjCsGyB7
1btURbg7mPyoCOeCa8yF5TRxt2VzaXUI0AQMTkgBs8A+taVnq2wABs7vlbH8XvXMKZIcASBsbiAT
3NXtOlO0BpcEEbhX0FKnFUSYTcmdFe3G6P8A1mBjnaMg/wCFYl+wdCUbMZUkgnkH0FXBK5I8yUEB
hnI4qleNCZSVVTtB39zildrY6HJcu5UFnFMSbhSg3/KB0zjrkU2Oxti20pww42MeTUuUmURbRjd9
5u2K19P08LCsrMR827y9uQFPQj8a2pvUiMOZmdZ+FI5rkB2KGQKQNxYkYrptbfQvhp4UOq3sEjTu
nyu+MFv/ANXetXw1ZabaP9vaFl2qCJGHHTkDPFeFftg/Fg2drPp8JxEQdoJwASMdBxXvZZQ9tU5n
ufd8P5SoQeIq7HjX7RPx5ttUuJLTR4GLh8b88L69TXyN8XPGN5IzSrdEtvLBAQNvv610HxR+Ids6
T26SZcN8zg/d9sduK8K8Y+Lo4pjf3N0EZnKqrEkEeuTX3FKm3G0T2Jtzlzy2KPiWTUNabfLM4Q/e
O8A/UVwOparYXV9JpFkC3k8mUSAHGeSexqbxP40hjjd7iZU84khUIyVI61xi+JJkjZoYtiNkFwBk
59/6V6eFws2/eIq1ocvu7G9qWsym3OnwRBctl2YYY/8A1vasa1mvpZDboARvz5i45HvTYrtobWbV
b2YHZHtiG7G7/wCvVKw1RrmAzhij8gndjb37da9inRUFY4PbXdztNEh1C+aGAOzoww3y5AH9Ktai
be2s7mK7uAmUHlBT6dKzfC2vxxReY4/eFedxIKjHY9azvEN5NNKn7zcGU7jvHftXFNXqWZvTblqj
6A/Yiuh/b9r9mIlQSZlLtjdk5/THSvs7xLrsWtxC1NsDFtADL/Dx1r4K+BPxM0jwlc2Og6Uojmnx
5hI6ntzX2poet/aPDNnfrdFlZAGhiwCzY6d+K+F4gw8ozU7H1WTVkpOD6nMeNla60l9PhtAPMYrE
d4yD6fNXz34I8Mx3P7Rkj30Wfs6LgycBTnvjrX1FqNulw0MksOHLEbQxKhu3bNfO/jK/tvDHx0jl
udhWYEqQe+7kZ74rzsJN+xlFdUd84/7RY+mfDq29qTaWm1QwD+ai5OfQfjjmuy0q68S6TBlgXhnQ
78rlWPpnqK8x+EN2888dzdXhk3OFCM2PlPTFe8W2q2FzaDTtLEXnRDKiSRQGIHIzXmTbWxph2m2f
Mf7Rvwz1FFGtR6LFvLM+RJnb7dK+S/if8MLH4kSyuZorHWoRiITYUXA7DgV+knicTanpdzDfw20t
xjbHHHGXCjGNxr5X+LP7OWpa3rEkugySzXAYEyRQ4jGe3FfY8PZxDDtU6j0Pms7y32t5RR8S6l8E
viVp9+bCfwtcGQHAEa7gfoR1q1pf7PvxR1GTaPDEsOOcy8V9QXnw28deClW4ngnKQEbcSdccHPqK
huvFcx0+S0u7O5jmA4lQdVxX28cXRnrBpnyUsPWi9VY8X+Glg/w+mezj8PS3d9jDZ4G7169q3vCv
hnxDrmvXOo6rut4+ZJCACW+oxXf/AAo8Mv4iv57z7Jt2gtFLMo+YDqa7rxB4ZfR/CTfZrpXnkU/u
tm7AI9cZrys0zRwhypnq5XgKPO5Q36nCeA7mRNQTToZC8g3eWI8fN7c19M/s6fBG6+J04SKOS0uC
wCXFxEWjZvRtoyB7gV4p8KPhzDd6zFrHiGwaKEMN86R52jHHB619+fsiavpfhuH7NBaCZI1VRKbX
Ax2LL2x6ivkZKGKqqHTqfTuUqcL9j6O/ZX+BH2TwYPBniTRI4rq2lS5iuIiWQSLj51OeFYZ4IHSv
sD4B/DTSDpTR3ulpDqkUhQ3KAYlQdHz69B+FeQ/BbXonh/4QjV1itNWGLjS7o5C3UL/wBumeK+oP
h9aT+G9AjXWFAx0JckgHrkmvvMHhqGHppQWp8rjq1Wd9TsItOjsLW3fdvdVVQ3pV1YmaT95Jjb8w
Cr1HpUOk6nZ3zmCJg+wDdt9R2rSe2byvljwzEYY+lbJNM8SpJ7HI+PLS6nsXFvKqjO4FlxgjtXzP
8XtHs/Fkt7a6gzGCdj5rsQRGFHJwemR6V9Y+K7cGzeJoSwwVwg5OfWvBPGngG3OqXcb2TW0AjZpJ
M8SccVtJRlTs1c78HVdNpn5W/tTfDa8tb/Utf0zT/wBxbysGcA4Azxg9Ogr5zgvFkhlinsYrholY
l5eVx6FfSv0z/bSsNCn+FMnhPw9on/HsxmvL0J8rbQflJx3Jr8qdehvNf8VXcNvps0cs0rIRGThc
ngH1FfmubZcsPi/U+4wmJdSjqJq/iaAadJp32GBDGrFERCpY5ztB7V5H8Vr651Cxnktzm4ePAiDE
MMds967bxJ4N8R6Bq0aXCPHKww0GDyvrnvXIeMNAv77R7i40qQx30RJwI+fTOf6U8tw9FYhX7kYy
tL2Huny58T9LXRrld8Tb5M7t6/dHeuQ0Owlv75bFZFR3Hy7xwx9PbIr6Y8VfCnVPEnw6udC8RWkc
V7bkz218Y/8AWccqSenavmrWtB13w3qDW+oWckDocq/QexB6Gv0WhUppNLQ+KrqbalLchvBd2FxJ
bncjoxRx0II+lQB5nO8yYPc9afc3lzdTNNPgseST3pqCaRgqpkngKo5Oa6bs5WlcsabazXky2sfz
GQgLgdecV9N/DH9kzXfDXgpfHVproS/dA6QlMjA5xXF/svfs/ax4o8SQaxrtkUt0AIWdcKBnqa+z
7vw9fNYWej+H9ILRwsqEwJu3rnngewFeTm1aFGg7ndlyqTxC9maH7J/jLVPEtra6LrcUltqNmgGS
cbxnjH96vsi08RX2heAG8LXN0wFw5MMxOAp/2vSvFfg1+z3ol5ocXjDTZ57W5WMNMhABx0xz716f
4/1Gaw8DpZ3EUbTxxAQTA8tgdMV+RYipGriZcmh+r4WE6WDUpdUeW/tH+KtQ0HwM94NUX9ypSeLd
uI9Hya+Zf2dvEmpeO/iFO94i+ZDIQk6qBkFu/cGuu/a++IFre/D26ePdFcwwlZVz82D1yO4rzz/g
nBby39y99fkZeXK+ex+ZN3QV7VGLpZZKbPIqQ+sY5P0PuHwVpmmXujRG8t3WNwFZQCcNyQc9q7X4
pNd+HPhDsEzCCSMj5iCynHGPwrC8GrFpusCNgBbzSBJYWj4z35P1HNb/AO09JaaZ8Pho8k48tot8
ZUZBB/wr53BvmxiufWYpWyuXc+IfEiQXviqS4kJdi2CPMADn147V6J4OZNHxqESkpHtIOASTj9BX
musz2+n6isjqWczEBlcggds+ldhbapaz+HpLeCUpIF3qN5OcDt6ivonHm9D46neKTR0XjjUbTVLf
zLa42b0JKHaV3H6Yrzm88Q3nh6Se1hunbYQShGB161pafqr3tgkxjUvnYd5O3Oea5b4ma9HJd/Zk
lAKw4DgfeOema2jCPJ7pnKpN1PePV/D/AMRRr/he3Sz1AC6gG63lBAw3PBr0n4ZfEy51lh4b8WzN
FLsXLkAc9N2a+XfhRq1usxihug3loTt38g/zr0+z8UWeq2CXtqpaa2G2WNDhz6Y9RWMXKMm0vU6l
Ws0mz6KsdXi8Na9G0l/vAGCw5WQH69K+iPhB44tVkXUrW9iVXCqwL9gO3pXw7pnja71SwFhqhLrw
Y7h2+6fT2r1D4UePbnRry3t4iysCB8zHaw9azrwg6inE7cPiOZOKPuyXVLTVII7uIqCfmIftk8fX
vWdqVrBHKZkVGIYlRuCgepAA9a5/4beNv7d0WOMWSIfLCnjJPvnsOK3tWtpiuDLnB/u5IB7ZNLHU
eempo+A4pwPJU9ogmaAHdGquWyyhW9f61k6oSYdijORwT9asi68uMSRP84wUTIwQB/KqWqygMzsV
UnB4PGT1+lfNqsoTufGRu0Y88qCUiV9pAJBx/WqcWoIP9I8wBWJxtXHGOTVPU5pXuGijCcsSuCeR
UMYjjO4naFOMk8Adcc1rHFXqXNIb6my96Vg86BvvEBs5Jwe/tVOScSXHksCE5yS3T8u9MGpfIqNO
GQNhVLexwcdO9RpcwiZShZsj945T7wH06GvSp1k0ZVEJMFEDyyFmIOcsxGR7U21hubuRvKiOD0Yc
nGP0/CrQOXeYorqFHXJKj1q/ZLB5flRTJGgIPTnJ5xRUqRaOSz5tTPj0neqi4gbcvygHHAHoKm+w
xxuI4yRlTjd0rbS0t5BhnDYG5hnoe+cfhUl3pIiRJi2cpuAI5x6V85iKa5ZSfQ1UG3ocrd6XGFbK
/MW6Ac1iailxb5jYNgHjd3ruLyzCoN8WSwySD2rn9cto/LaQAHuikcgV4laVnobwpaanH6neTyxt
EiYCn5cdqpS34kIKIEA5LMOnqK0dTthMGPyrwR061gX6PG7Ih+83IHTNTRtORhUjyj578tIXc/Ke
nPFZ93corrtAIXBKY602ZnI2sfrVeeRCBJIDjpxXa6EXuYNpslLvKPkRlBOQpPU1btbqaECMjrwQ
1VdNlj80FDwTjDVopDCHKYJJXjHasqlJxZUIJq5KmqRRPg7twABIGauWN9IRtD5DH5dw5Pesa6hu
IZMMVOOmByfrU9lLLI5YZGzgD39a6KEOZhKNjpLW+kXAfBGPmAGK0bO4jKLBGpGDt+bqO/Subt5v
LkK4BcDhmbmrtnqDSBSkq9cMCfmJ9a9ijDmZk58p3elyPOFJZXUDcNwxt+tacVol4FaY7WXkBjwQ
e1c/4fv4ZFEbn5lGegzx6mt21vUfa7OoYrg56E5/pXa4WdmaxaauS6jpNlagCNAWXG7LmufvVS3d
gVDZJ+6a3Lm6SSUKp4Pdj1rH1CSMSF0QEA84rmnZakPcz4RCZCkh429+xqvPaxMCCoJHI4p5lQTY
I6jnHpUyKHIdhnIwKyozvUKUU1qY0kMudjLwWwBTrYMk/l+hwc1cuYQLkEdN3OarTOsMu5V/i5J5
xXoyUnHQwdNIu2jTIzNjp1Poa0rRtyiLf8x561mWTh3xHJhH5bPrWikJbmE4YdGB61z1qet2dNOS
ijWOx4wWBPy9AarySxxbCBgFuc80xZyIgHmKnHIqGaUrFmPrg4B55rH2alsauroa1lNAZlOcghcg
HpW9pksESgRqoV5OHYZxg5ribC9nWbMhBB7V0OmarHCwMbYbGeTxip/hu4qNVcx2bSQuqlI1kG3A
3EkA+vGKni8hi0bxq4YDcASSO35Vn6PqjPAJI5MgOEA45z1PNaKalBAQS4DOTknuM4xkV0xxDsj0
6Uk2QahbRI5mMRCr1PP+cVzPiaxieEvAgOQSdq4x610t/fQC3MrRFC/ZjwRXOalfxeSys6jksMnt
jpWNWupXRtUkoxPP7+zCXBKqVHbms2+09m+ULgD1rd1ciS4YogBzyPSs+6fyfmJGGHeuTnajc8ip
NS0ZzVzpsgfMa59STimLYbRshLZPJNa3lLKrSq2Qe9RJDHCCZUY84XafbNc7xjp7nNy2Pzz1WweV
5FKHLNzhuorGTQJvOEsanrjBNek3WiW01x0VMfKSFHWpB4at0ACRjg4JKjmvtsAoRp2Z4lWo7nFW
/h+5ijSYoNuMdOtaOn2gQiKRcFemR1FdZPoSqgUIMKeRVO+sI4nV9gC9OBW+IcYQ0MoycjOhdVk8
xRnB6Ac1q6fqTvGETgnGSetU2RdpbAVl+7gdRTNM8+aVnTAUHK5rwKtR810bwktjr9FuJXIWMHO3
oe/vW3ZsqSYkcbvQ1zWkqzqSd27/AGT0rWtknEazOuSThuemK2wy5nzMvndjo7NI2YyPnkcKTV+z
thGDmBSG6+lZuiLHMgdycY6+ldBbkmIDy1IByMU6yiwjK7KF/ZxeTmVVxnJIbpWBqAjjcrDMAAcA
huldLcxCYuTxtU4TYAa5jW4GaR9jgmNeh7cV59SKSN4yT0NzRNTZJgm8Dkcbh+NdTZ3EbSKqncDz
we9eSWWoXtvMXZipCgrvxyM9s12Gja3cxrvkYblUY5/DtVU8VJaGsZcrPQhOrRkSbcY4GMEiqr6y
rYh4THGB2+tYP9szXKhDKfQBRyBVe41aVHVyAPmwRj+Zqa+KlJXRspxZv3jB4mcg5J/i4JrHud3m
ljGMH071GdY82FkDbmPRQ2TUIuBJjYzFzwqjnB96811VOVmZ1GnYtw3AiHy8N6etOurqKaUlQchR
uBqO2jckvIoL9Vwe1V5bhxM6sNpI+YHpj1r0sIox3MKjXKWAhWBJGPRsAj+tW9JmzKViUDJ5Bqlv
RwrRuwwMlSOBS+bInBxtJ3ABsV0VJKGyOa3vHTWxtxGEaLqNz+Z69qytXtnkkdzECCeFH51paRPD
c2wkYYcDoec0zUoYZB80hDNywU/dNfSYGlGdNGEviucVeqrzN58JK7T1XofSuY1q0H2rfDDlsjGV
6cV1t/A7XrZ6DIypwCfasnULByVcZyD8xfjI9K1xlGKVj0sKotXG+HrU28ZnZUYd2jHIzXV6ZaJe
RM2D5ijse3pXOabbzW8f+jpu3L8yn610fh/z43QrEOGr56pBReh2OMZNE1zo1uSvmJzwCQKs2Wl2
3zIrA5HXnOfSrUgl3fInBb5vapLaBJHyAzNu5z2HrWMoJkOkk7mTe6POY92xyP4ieck1VXwpFJJG
0srEgfdc12jRRvBIs0JG3g4PGKzpbIDaYVJLcr8vQVX1RSjzFU6EHI52/wDBVo8flRj5XB3DPeqU
fgeS3T92Mhhjmu3j026uAI44T+HXNaOneDr+7ILIxOfukdK4q2FU9DR4WN9jgLPwU64mLsWI4Gel
aVt4SmUEiQ5PXmvTrb4eOMSyxbWIHbqaZfeDZ7QeY0I27sV4tXL3GbuiZYdJXscXo/hryWTeS2Gy
TnrxXWabpMNuVQkZIBBHvSJZmLAaEKU6N/e9q1LFFMCnpg5JFYvBtbGXs1exGNOyDtT+L+LqKv2u
jupEiuCAMtkVoaZbRTgxIC5HO7rxWtp+nqwKmI4JweOgrKEFc0VEyHsF+z5GR6gdDVUaUJAXiTAB
6YrrX0JWTaykD3qpcac0QZSnCg42100lbUv2Vjl2hmtoy2794Puew7mqF1dT+SZEJyDwowD9a29V
gCl1eQDHUr1FZU0SpHsWMbmOPmHNbVKCkrxOdzknYoy3LTMY2mZTxwx5zVaWSSTcAmNnKEdc1NdW
7SyK0b9Dlj71PCkRuQqt8oHP1ryKsNTOV5SIrLlsKnysuGBXp7/jVm3sZFUNsVV3ZBY84rR07TUZ
sBDljypFW7PTTE4jEbOC+MYrpwVJS1YchmHS1t2AlU5bBJHTmkhtl+0FugJG1fXFbj2bmII6dBls
+lVGgjil/eNlS+Tgcj6V9DTpx5LE8lthqJNMmUO0AAD1B9aItOwSZSzEMAXHcGrUCvMpjVSAi9Qn
JBq5Z2EESGGVcAYIZiGyf6Vx1HaVkXGKtqUbTRLWQCV3kVU5IyDg9vrW1pWgrcKk0TJuWPGSSO9O
t0XaBtYAn5vmBwfatGwiaOJCvBx0K/eqqUvfTN4JRG6zrD6ZoryTzBhjHloMDoeTmvg39sjx5qer
XlxBAqPHGWEmBg45r7M+LusjT9DnMsBGVOY0k+bI/D3r87P2q/GkdvezSmPKh5DgEDjHc96+vypS
dO5+i5UqrwC5tj5i8eeIk8+Z7pXDb9yo3c/hXjvizxTfazrDPDMxEfCk/wAIHYA/rXX/ABO1OcBz
tfE27ILcYzxgV5TcTSQpLvZVBBKjdnGfavusDTTSbLxSsrR6GZrl+dSug4wyrySSCVFPiJmt1iWR
RGo3BW/i/GmQLZ2dtJeSRZJB8sZBH0p+nRrOhmktwUC5ZT0H9DXvQjGJ5dSo5Oxn63dSTstvjaNh
+XqKv2y2qxwWskH3gMt0yO5/Cs67vF+0lyhZA2E7GrGll9Qkc/d2qQrFuPpWupineSN/UdY0+0so
rGxdZAcFpeePr3qCaSG3spNQuiPmwY12csPr3HtUd7arp8KbgrSSDI2jhfY1nT3rXEJN025IzjYD
0/wrm5FJ3O+N4o6z4USXE/i+ykgVt5wSd2S3sAa/Qf4ZrJqvg+ztI59ojCh2Bx+XvX58fAi2tV8X
JeX9w0axoSHz3OABX3p+zrqcg8MzM84KsoJO4/Ljrx2PvXyHEkPc06Hs5RNKtqd5rZa3tGfTirSR
YJcKd2OhI/8Ar18n/tXSQ6T8S/D2pIA5a7xI4GME9Rx1r6auPFitBJaqoAcHLBidw7YOOa+V/wBt
WGew03Ttbt5gz218WDo27C+vt6V8zlCU66i/T7z6TEPklz9D6S+EeuaO+n21uxXc0QYFkII/Guwj
16Ky1MJc3jMrEEpxz2/lXz9+y94yu/FOj297GIyiFUlaSMZx3z6fhXrmuwrMwvVZRsTAAOG256gH
rXDWpOFSUH0ZzSm4NOJ7Ho+oPqLmHRLBUWZB5xxk4xjOew5rVXwd4Xit5RcMrfuzmK3kB+bHc4ry
T4feK7vSLcuHdVd8siH5iM4weK7Ya1d6q0YjIHmD5YoflKLnvjqamnCSle5qsTBxs0c9418ARf2Y
ZobGGVLdmULImWQnp9a821f4Nm90uWW7tRuZQZXiIDZ3YHFe6y60LeNrO3vEuWClWVkwc+56Gsxf
Dt9fzpgR75W3CKNc7eP4j6+1enSx1alFWZy18BQqvmtueP6N8F/7FjitltQYI03PuAGOCev9K6C1
+Eb6mjNNYA4AB7YX8favY9N8GXtzdwwR2yzBFXf5YGGY9Rg9cV6j4M8D61JJFoWm+ErK7S4YC4ae
MK2O45HHHpShXq4ypa+pv9TpYeC5VY+ePA/wr+F/iq7GkW+vS6dexnbaw3Fk7RyuO29eB9K+o/2b
PghqOp6gNM8ReHZYri3ZBa3WnZBP1A68VreDP2KrnXvELX+geEm090YhfKm3CJ+vTmvtf9ln4I67
oumrpPjOxs5JoWBgvrdfnUAcbsjk17+WYRuoozTv36Hi5jWjRTm5fI1v2e/gf4c1LwwtlrWnBrm3
YhLh0KEY6HB6H6V7BpvhSay0waXcSeZEAYwH5OevetzSdMTT7VYNsYZRgSbAN2KttLC2A2CxPIC9
DX19O8T46tXlUm30MrQtGFlBvLFCzcKOpI9a6K2kD9Yyc+p6VVhWGT5S7B1fco/pUhvRb4ilID5O
Rnkc03KTdzGom9Rbuz86IkvgcqTnpmvLvix4Puba38pE822cf6Wznd34AxXqa3MU4bZIo2kbgfWq
XifTRqWmyI6I5dTt8z2/lVwlJSHSqcrR8A/tRrayaJc+GrLTwsQTd5AGVJIOFY5r81f2g/DunfCW
6lnFqg1C4bfO5QlLdSeBxX6xftSfC7V9M1Jb7S/Bh1CZ3cyAyFYoxg44/iPSvz4/aB+BXjP4j+LZ
4rOxlNyuc2aRBlOO2DzXyGeVIOVpR16H6BgKftaKcZHyl478Ha9rui2niaC6nmWT5v3JIAHsDyay
tL0CA6eLZ9Laa4ds5lOcv747Yr6B8PfC3x1Z2Vx4O8V2NrbTRRMbWJ/9a+PQVzOsfCWfSLmG5u5R
FPK25iDtG3OPSvlo16tKrbqtT15YSnWpWtoeUX914a1XwtNpWs+HFtpo8l4Bznt36iua0z4a/B3x
FoculeJNCtbmPezIXTDrycfSvVvHPwBurieS8s2kkVJNzyqd2Ex2P1rhLP4JeIbfUC1tJ5rM5Bt3
BG4DncMdv8a+0y7NsPUw95PVHx2PynEUqrUb2PIvE/7FPwX1HUEk0i6u7SNzynVQc9Mil0v9l/4H
eAZze6hqrXEqN8qxR5JH1OcV71o37PvizxJIDZyyRyLKFlgkyrIc8ke1dTP+x9q1k0a6pEZmwXEg
bt6EYrvnneBpRvza2OGjkeYV57aHlvw/WLXVi0HwvoaWtvGBgLGd7AHHJ719RfB34VvoNmLq8tvN
dZd6iWPb+XqKr/BD4ER2Fwd9taWrA7cXaFWc9eD+HSvdLTS4YoIRrGkPBJAoIubX5kKn/d6V8Dnm
dVsY+VS0PuskyOngVzNXZmaHp19pkQYWUcqzuciGPJQDp9K5r4z+FdUfTVv9BvtyL83lOBuJ7qa7
i2a3k1BX0q4dZCuWdn+Un8a4z4s+MtJsLwRaza3NvDuxJPEuEBx3B4/Gvl6d/a8x9LVSqUeR6H59
f8FBZb3SdFism0ww3F1OiK6AgAZ5Ddua6f8AZY8IXmmaNpupaaRbBIVWXDAHPHJHYZNZ/wC3R410
vVtU03wvBdrcW096jo4AO3B6EV7R8ANH0mPwECkSqzQoWkRcA9O3evo5V5vKoRkras8alh1HFe6e
9fD+ZtXVLbeDOHGWI6MOQSD1z7Vi/tG+O4005PDF/EVlRGKlm456jr0zk1qeDpLjS18+GB4pIDuE
oUDeMdz29q8Y/aM8VweIfEgjMxMm7LybujY6E1wZdQc8RzI9DN68qWE5L6nk+vTpfahcXFxMWSB1
XYEIyfWn6FrM1tJA7vKqOxQOQSADWND4jjuv7SXUU+fJ8mTaQcAHBOcYqCy8ZQW+iwWixAy53MrH
qSfXsK+ghSb0Z8s6jUEdudSsDZ/Y7M4CuTNIB1Fec/FLWdMWKMR3bFkQHLAgMM0kPiV7rUruH7Yy
RqPm2nBGTxjnkcGuO+KV1cJOLpZQxwQq549iRXoYfCpQsjmlV9/Uu6Z4k1bR9Vhu7W5AbOCQ/Dcc
Cu90jx+Li5GpWbG2kRQtxEOpHc9cGvBtD8VC/AivLh1YHKxvgHIzyeelasHjdLS+iD3fmJK672Rx
gj+Lp6UqmHlB8ttza8aqTTPpHwX8Q7rTdSRPtBmt3+8jclR257V9GfDXW7fW7aG5jkCgAZjDcjjr
64r4m0jV7M28U9lcHI5Ypnj3PtX0B8DPGctxZQyQlo3UgNKsmD9fpivMq6T5Jo68PPkeh93/AAm1
uWwWO3tb1ljKBCWbLKMjp+desW+tzNpxjtrhQm4+YH+8wxnvXzJ8LddlmljkmmkyrhsKxHOOmfX/
ABFfQfhi+SbSkuHBZBF/Ed2CexPaitTisLJo8viC1bCNosNqIuCphjJ4GcgDJ7/QVDeSgynZEGJX
qORVG8uSlwfKkALu2DjjA7n1qRLrMOx2CseGG3GPwr4OrLlm7H5nC70Zm6nEplJiiXdtzuxwPaqU
qhnUSoAWOSQeB+Fa94Y3iPkRH5lwpz3+lYd1HDHKCd2Ry4xVwd0jR6DM+WfMbIweijtRBL+9ZX5U
ccDHX+tPOJJNu4l16sDwOO+RUQW7WRJMIozyAN3/AOqu2NSUFoc7bbLdpK7zCMOQG6A8Y+p9K29M
iGVEkOcMCw4JP59qy4WMtsZVi3Ecvhuo960NLmJHmOrLgYU9+mPxrGeJblZj5VKSOhsbcxqs7Bdo
J2cZBJ7GrkvkyxghSAM78/TtVDS750jMMZMi/wAQYdPc1YivSI8IgYlfT5ee9ctetGUbI6oRjEqT
WMUxbnGDhFzXO+Ird4o2XCIQer966O4u0gIUMpO0Hgd/WsDX1N8WkdUyOQdx5FeRVpcxu+RHIXsC
GbLKufVVxmsfU7Ly42LpwOM9zXV6pG86IkKquBkE96wruOIs0bZZgo3jBxyaVNPmUUcdeMXF2OUu
LASRmSDdk9s1XlsXGA4/4CTk10b6a4QCO3IDLnBOD9aqXtsquy7RleCVORXopOVl2PP5exhWJd59
oUAFv4RXX6NpnmRAMuUIG4dqyNK09DcADcOThdvFdVZkxwC2ERBI7+npW8cPCfvXKi3EpXujWpLG
WPoP4euBVE6FHES8QJ3nchPGK33CyzqIhkP0Pt6D3qGRQkxjEnCnLgjt7VuqELWQqkkc3PbtbuzF
gvYF+tTWxeZ0hRQQBww4GPXNXtesoltjJHARwWxjB56VgWV1JaynzUcrwNuazp1vZVOW5hU3R2ei
3IjfzWcbA2M568cVt2d6CF3yt5n8ak8ZzmuQ0e+ilcPICoVvlVuhrZt55uOMgnqGHzV3yxClC63N
Iao6JrhZd3nMQc4XAqnqJKJuiUgE46VThu5Zn2NK65PBwOPxp95cuNhMm5c/KQeteXicS4uzLik3
qV5IishAYgspJ9sVNHcOUVeOD6VTad1l2qGwMjmnR3Ajk8stwRj8fWowtSTrXubvltoSyAS/vBIC
c5IHaqtyq+YGJHB4J6U2WVBKTE4CgbSx7mqJuoxKVuJMlfl/H1r6CjNSVmY1FE1IyE2+Un3V6CrM
F+8WCG6cADsPSsmG/dFVkOQ4/wC+RUi3KktsbJ7D1HrV1OVys9jC7WxvJqUUlvkkZJ6bcmoHvhKG
yCOO1UYpjHEAk23nkU24YlA0bcgZJ9cVk1CK0FKUrB/aPlqY2JPJx6mr2ja1AvBc5weGPSsK5m3A
OMZB61mz6lOj7I+g7q1cFfEci0IpSlCWp6npPii3jdZAcqzDcob7uO9bJ8X2McRMl4CDwoA6CvBl
8V39k2JXZgzfdOeatw+ObllCCRgwH3SSMD0rzXipc1j04Ytxhax63qfjaNyxS4Xbu2rnnC1h3viF
bqYyoSwzgfSuIt9euLoCVi6gDBQtn8KtLqM0cayHoxwMHjmt6c5VbEyxEp7m/cSIyF5A2WOWI71n
3V5EyCFgTzxnrVGTWgAB9pH51Vl1WNmAEgbjOPWuirTmo6HHKqr6l1rtIz5CoBv6c9KryTurK0G4
EEndnAOaoNfQtLtZzljke1Tpc+e5Zl3Jj5VH8X0rx692ylKTV0fJV5BDFO5O3GdxOKlsXjZmR1j2
+o61Uupm8surhtw+UDmqtncoJWBIwRkgmvsPrapaXPEcZSZsXgRYi6AHj+Kud1e8MSb3hy23IbFa
tzqcdvabVkBDqSfb2rk9c1VHBUgrg9yelU8UqkbNiUGho1V5wIwQzEHHtW5osBeEOGIYLwTXI2t1
DPdeYgAKsAAOOK6/QHV7cc984BrBU3LUa91nT6PpojiEu4Fl5Bz61eiCxK2+UEnoOtZwnEdsskTE
561TudYuMlIwNwPHvW8ZezWptF8x1VpdxQskYKqW6lW61tW+oxlSoBOVwTXmKatOp2h2wDkfWul8
P61J5ZS5uMZHA654rzK2JXtNGa8j5bnQX10VQMsuSBk5PI/wrmtSv5DGQSMe/JIPc5/pVrUdVVGk
3FmXGApXp7+9c/qVy6j97xn+I9cVEpynuVCNtWV5NWeK5885yOuWzWvpWqytKoaQAKPkCnrXI3eq
2/nFBtI3ZJHerumzspWR2OzOcLWMacvaGlz03SZ7q5X5AWzjGB+PWlv5roBstnnK4HPuKyvDl/G0
IKbhn+EE9PWtcMrkruIXqAacoTT1M+ZkEF3LC2yUAjPpz+NW7O4HH3NxbgBaqywxuu5AS3UimRyP
E4Dkqe3PeuR03zqxSdzoFkVIvnUk92zVO4fEnnSDO3oF60+CfdEI3ByRnjpVywsTdTeWY94Yjg9B
Xr4a/KrbmdRkMFvdMEuIwdrjkGi6d42RlGMMBu2/OR712Fl4fieJWkQ/Mc4HTNZniTSUsV82Nd2e
2OnNZ1nV57SIpxTK2gXUqqYxJlevzNg1a1C5YERIFIAJU9OlZFjMFdldSD0Bx1pL6VwC/mseQAG6
Zr6/KZt0o3OSq1FtMo6g7vMZQMZOFVT92kNp9oxKXDcAod3K49hWfdXNyLgoIM7/ALpI6VZtb67j
kXKsVIA3AenavSxK5oXNaOIjF6mhDpv71j5YAOASBXS6Jp6qoGBxzyOaz9IuLWSPMmVHcVvWdxbL
GpCBscq3qPSvCrUbnp068ZakFxaGIMSq5Bz1o0uA3DAuqDrjHSrlyGuTsfbyMr9KqW4FjLsbADdh
2rzZ+49TX2sXubCwPJB5TyAg9QDT7Dw69zcKEXC785I6e1Z325A4jjH3h8wzXYeFkjjiLlCOnOee
ldNOXtGkjajKMpaM1fDPgoKyzCNchQpyO5Neg6P4Cslt/PaIZzg8VkeDjFK8e6Qdsg+teiWQAt1z
kBhgmuj2Si9EelCMXuzl5/DcFnGZSoIJyFx3FZGo6fZXMDB0XPIwR7V13iGaKG0LKQME8n0rjb15
wzHcOe/tXJWp3auKShscXruhm3mV1KhM9MVTsC+8LuyOVHyd81ua7JHyjuwwMjjJrCt5j5+OdueD
jnNeJiY+zk0jy58qqbnR6ZGI4+Hbgc7RjNdJpKxyRhsAAdQO1croN2yAs2W65GK6LTpojEZGcDd0
FfPYluGx34Zwb0NtjGV8uNcgdSe1Z+oWiSIxR8Fec+lWbe5dV2yDIIyPaoLicNuBBGT3rahUW50V
UnTaOT19GxtwDlvzrIugyptbjnpXRax5YYqy4/2q5y/jSZzvz8vvXrU3F0ebqeBVXLMorGzk4454
NWIIcEmRS3TJ7Gls7NnfJZvz4xWgtkxiyEYAHk9zXk1U5JqxK7mhpYEcYOxRgEjHXA9q0IbJRKbn
gNtDdDwKzLRPJ/1jNkHGT2HWtmx2yHKgEEZY55xRhpOnodEYqWxXurdniZpHYknjHb3qjIkHmFCM
45J9SK1bplhj2s+Mnp1z3rFkuz55bcq5LMn1xXpKrPk0NFTityzGg8swb9rnBAJJAX0q0JFjQMkR
2r8rIoOD71hvqzJIXiA3lfmZQSRVmDUJZY98YYIpHmEA8+9cjlf1MJSimadoIYQr3O0Mp38r1Fas
ERnh2LPtVQC6qDgc+vp7Vk6ecuYkJKOMgMM5H1PStmztlmXfGcEKSQDjaPU+orWjOSZth/3lVJHm
H7TGuWGl+H2uZ76MOU3IvmHcv4d6/O79o6S48QTTvBGoVWJODjIOTxX15+2T4pEesCwVn2BjkYyM
DIzzz3r42+MF3bXFs1vFdLuBboTkHFfeZZGUcPF9z9UpKEcNCC6I+Wvivp0+0qkkbGNv4TyRnn5q
8p8SKYFSFDtJbBwOK9v8c2sS3XlSRLtJ7t0FeMeO7q3bU5FU7Ru2/KuQMd6+7yuV4qJ5+NTV2jIa
QJGLc4dFOXHbFRi6dI8JKFjYbSF5/nxVZ5xbp5avhhkPx3qrNcSB/K3ZJIIwMV7nus8TmaumXVtL
eXeU+6Mrk/ofxrY0SHR9JspLi4uN0rfcCnBXj1rES4NrGgjb73Vc9KmsZw0xaVSQgJXnPNOVralJ
pM29Ouo/sk93dPuTbiPc3HNZSR28YCtH8pJLMen04qa/1AW+nLGqbQ3P3R1pdNtTqLQwrJ8wUs/H
H1rOnHlfkdPtlLRbnU+BIY9OKXKxDYQGzGMkHOTx17V9cfs3eKLb+zwss5VZcGNTJjI7Ljrjrmvk
bRjLA8cEIbbJgE7clc+mK+mfgxO+m6baHDr5DKSS+4nGMDpx9K+XzuKdFruergpOM7ntmqJFbOjQ
yb4opAxUoSMnkjk18z/tjW63Phu5uLZRt84yFRwB2zjNe+a/rXmWq+Y3lHIOzkE5HXnqK8p+N3hh
/FPh69Vz8skZWNccsAvfGa+Rwf8As2Ni3tdH07l7fCO25xH7G/jZbS2j015lcrL8yE8CvsCyso9Y
sPOR13+VwAhJA9jxjivzr+AviQ+E/G506eQhDOVKZxkg1+ivwmf+0fC1vc2MmyV03Ku7LEY6A/0r
fOsP7HGt9Hqc1B+2oJ9jl7+fWdF1ZLJLpwjoG3FM9O3tW74a1PVH1D7S9ztjA3NjJUDHpVrxdo1w
XaXUGRy6/JubDe4qvomm3Gn2J069njWO4XEDMoZmB7e1eO5KCuKVJuSOu8OaudYiN3qNxHEq4VSq
jk56AD2r03w7oOm2thizvWxIwk3DlgM4x6V5p4fsHi0+MPcQhQwWOMAEhu+a7rw273Qi0+6Zo0Rv
3s8fCnuBmud1JPSO57GEioq8tj0fRdTtdMVLbSNK+0X94i+UvQKfXHGO3NfWX7Inwu8Q+JbeO/8A
G+jospIMBKbpVIPUHt+Neffsdfs/weOp4tae0S4kLhUe4UqVCkHIr788K6FpfgnSYoVBWQKAZjgj
/wCtX22RZZXVNVKj0Z8xnebwU3Thuhvhv4SWFoyXk6BZAQC2QG4HA4FdPpem22mTtHbJs+bIZRg9
OuRUGna/9vYwJJIy7cqVQY/+tWrZQ21xGMQ52jIdWP619fGlCGx8dUq1asrzdye1+0uTG8e9SfvF
jUk7yR4kVscEbaSO3XcNrkEn6ZNV761ljVp0XLBWGwtyc+1WYPcjv9etrGM3cgYMvQf1+tUtY13T
r62W6R9knAYA8gn1rF8Rz3LofJt/MhYKC3cGuY8faxceG9Bgu7VyGVwsrAZxk/eP0q3sdVOkps67
Stda21QWqOZv3wGAc7frXaxhby3xLIo3KMhVNeVeAtfubqRbqynSbzANztHgv6mvVYCscfmLGSB1
CjpWbVyK0eRpI5vx18OtJ8UWLRTwsdhJjCMVCn14r5q+P/wD1h5HvPCGIpo42UNFEpcZHOWIzX1y
JgQIAp+b7zY4xWd4j8FaPr9sVvLdGJyF2sVIP1FcWMwv1iFl/wAE7suzSpgqqu9Ox+Onxi+D+u+D
fEK+J9a03dc28gkaeW7ww+ijrVLX/AWh+KNGXxHYWbTJIokHlTZUHHIIr72/a5+AVzN4Tn1TSYPt
ECqVmjeNZHGT1yRkCvlnwr8PofDE9xoOrIdPWRN0UF8uFYnurDjn0r87zfCVsNX5ba9+/kfp2U4u
hi6ftF16Hz34n8Nanp9zFBp1jI9tOojcMoxGeO4HSrA+GvhO6s0cW5aRXHmsqkFGzyfUYr1Txj4Y
vbAXdlfwAQxyhizIOFJGGUjtkVg67Mslnmz0x3EKkuY2yJB0J614tObb0dj1J0Y8vvI5e28Nx+Hr
03fh2eKQRsNyTEMZB6+5r0TQ72wJNv4l0e3kFxGojJwu0nsTjj61xXhbWPDMk5O5sBwEiUcrnkg/
lXUTC7ntPtt0I53jB8oQ8F485wc9/aqnOMlc503B+6U77SvDU2oy2n2J7WWOUsUmYgA5659D2Iqe
68aadpUT28cMnmkbRAX3njjO4etcJ4y+JsunXxisLOR4ZEKhCw3JzyOc4xXNajfXesXMd2Xn3jBi
81+n61g1BlOpd3ieg2msxaiZJYJiGK/eb5D3615j8aNdgil8x76EqBtJDnIbsfTFdbolvPolg15f
zLuaPaUZcgfj3r5r/a9+L2g6JZ3c9lC0M6QujED5HX1op0pV5qEd2ViKsYUz5f8AjLrE3jP9pC00
yRg8EEnzleSMZ9ulfWXwmjaDwcJdHmLIqgMjE9h7818l/sveEn8feOL/AMcXUpaJpSIjLlsD29Tz
X158MtPfw282mxSZWRgSM5Dr6V7WZ+zhCNFbxVvmcGFblVuup7JFrMj/AAhuPEb/ACSKPLcdGHGO
3avk7xZrTXGsvqN3cuYzOWjkz6cc+o4r3L4seK49D8H3nh9rrdE8Zdo1IGBjpkc182+JXaTwGS0p
81H3bDKfnHbH4Y4rpy2ly0VZat2POzet7Sva+iRxPj/xFfJcXF5ayODK+UCg4I+grG0HVjea3Amo
SFEZOQvIwR9M9adey2d/dGz1FpB08vaeFA/HvXPte3lveNqGmRMsUEmwI+OTnrX09KhukeLKa9mj
02z02ytvEcsVjcly6DcvVemeD+fSuT+Jwu5dPuLlIX2rFwHJJc54561pR6hfadZ23iNIuDDwpxwO
/wDWquo26a/Zie1uQvmg5jdzg89MVvh6bhGxwVZy5rnkGt2t5p3h7+2beNoZGlKOSMFcn+XFVvCW
um4zZ3BHy5IK9Qc8ge1dXq9i2y/0y8D+WxJTIIz/AJNebvp95pmog/aSoOTkPxn0r0FQ56bUkEMT
GMrRPo/4ZTJpjJFc4ktZ4/3hZc9eg4r2H4eOukQyR6PdF0z5hTZnOe/9DXz98C/ECXlomn3F2rFm
IwOCSO1e2+FIZtElLvM211zHIG688j0PHavmsZhpOfKz0oVlfmXU+ov2e/iT/aDC0vbooUI+R24B
z6enFfX3w68XfbrZrKyug0bxDzEVc/N6/TFfAXw/ktbxob7T5z5sbBpNh5de4xX1t+zJ40003MEN
zeYIG184AI6Y/WsoUb0pU5LoFRrFYeUEeo3skzTFVLg5YAImNw9T3pLeaVQuLl1CjDHbjP4Vu+Pt
MjgIntJozH5YdFKjKjr27VzUUyZUCJiWUuw5AOenFfn+Jp+xxMoWPzXE0pUK7i+hoyXSsp2qQT1U
f41Ru47WZ/IY5JXnYPfuaHZsmVGKMfvDgDPqKiRh5izMfnY4O1TjGOahW+Ri22OV1i3DCbJMg/LR
NaeZEskYYfN0z1qCS6MTkT4yD+6Ujg/WpEnDlVLDbknc1E5WiYc6iyW3eO1IWW3AVhj5T901o6bc
W+7CYZiM45+X9azoZ45UG3Z8p6NUsTvHy6AEtkFe4rzqlTmVyo1LvQ6G0khVfv4OQWwOv/16Sd5k
OxSVycqAeSPeqVtJKwXzBtBOVJ9auW6m4j3Mm4hezAZopuFbQ7YuTRC8c1w7EscryFYHBrLvJmjc
72A4zhR37Y+lackM6AgJ5fBzuY9R2zVGQNLGyAFdp+8y459KcqPLIVVtGVPFFfSswnZyCMFk4P8A
9eqdxp7iQk7CNuFORubP860ltHlnMw4VjgEjlT261JJBMUUNCeEznZg9cYBrhlf2l0YNtqxzE9ok
LrCj4Y5JAHtWfe2TylWwRtT5Noxhsda6Z9LkmUBlYsVY5zk/Sqr+G7lCiyBz3LdccdxW0JS3ZmqT
b0MjSLJGk+aQsRwwyK1LizUuFO7ggDdjlavab4ee0usyqNz4wVJ5x2+tag0KJ4y7x5ccMA3XPIPN
ehRb9noayw8lsc8I0CBIkwd2CMjgUsNugkDyovXnPf0rb/4Q95JhJGmNyZUZ4B9ans/Bkrnfdxtt
xg+/rW0XKOphOhJo5fXbP918khKng5J4zXLT2R8/yS25sV6td+CFSJYkPLYOS386yLj4dyW0uF+Z
2yQMVxzvOpexm6dTscRZxNG3ySEY5wD3rYt51SASEnIG0Y6nnmt62+HxLhZgQGXOAOSan/4Qebyz
+8IYAEkdueaJc8GmkQqM07owINRkEmDIy8Ha2eRT7i4WQBd64VP4f1reTwQYVcJkvwVYkHJ+lU9U
8Lm2KBBjBww+tebjZyi02jRU5OJzlxesmXZsDttp4vZpYvMMhA9cVNd6WYmZcckjAI61Wt4tkux3
OCeFbtTy+vzT1JTknYS8visjxtLtDNxtB/Wqa3aCUCYsWzk89q0b7T4zIAC2SASQOM1kPYObkuPm
IOAc9K+gWIVPRjaclYtRXIDOfNbJbn3FXIJBcR5wMr8o9ap2ekzCXDrtB565rUj0uaNVLAHcc5Fb
Kr7WnzBKnJrQW1eJgvDHbwQOlXXSJwojj2kqeKqRadPCUZA2CcnA960FtJXjJA+Ung+hrJ1py90m
NN9TH1OEQxsHTqfWsW/EmAsXyY5PNdPrGkzKu1kLZHBB61k6lpTLGC8LAD271Hs0+gKg5TucdqYa
WfCgkng9uKjhkl5RgQQOMNVvUtOuvtRJUn0UniqyQTCUvxn0PetVgYv3rGnsmi/pV66KwcuRI2AM
1qG/2DylfeygHDdM9BWRbmXaAi8Huv8ACasR27K26QEds+vFbUqEINWRzz5kWZLtnJVcHJyfrUTX
BWQmRRjsB0NJBGFy+zJHAB7+9RXMKeYWBJ55APSta8VymFtSu15Izu2Sqg9AOlXbe7gb5ZJB7g8b
qzXj2TEp0YYzWhZTJK7b4hkdFC9RXiVqV2dMVZHy1K8McDgEfeJyBz+dY9xf28DcqN2R8o/i/GtO
7YLCVyoCLwvqO1cN4gvWaQkTFQrckNjFelXptzZ5sedy1Nu+1NJkYMwjGPlUHOTXJ6xrUkbHDYU8
OoPJNNl1VxG0nnsR3DdKwtQvJLq4JTH0FaUKTZpLlitje0q8DSF1O7Pau28JzeYyHady8KPavPPD
k5M4JcEFh0+teoeEI7Z0WJFwWfmvTjBxVjgm+aR1JwLUxGABmUYz0rOGjyPck7iSPvgVsQrGuGyO
F+YnuPSpDDHCpyM4OWx6HpTqwSjqVTk0Zk2nRPb+WygMRheOpptvatZDdL2Xg1qGEyNuaPKjHHfr
UlzZxtKDEi57gHFeBiYKUzshU5lqUJyJIjIEAJXGc81gagZnVopN5xwD6iuun0kXEYWBCJAcYHp3
NZOo6NMsuxvl2njJyTWtOm5JIu6ORFlGP3lxGMBvzrX0y2glQpHuXBAVQfvCjUNPLgmU/Kx6479q
XRrSdbkRiMZz1r1I4dQhexlJu51vheN4T9nCsT/DkV06W5lQt5GQAMVneHrKQQoMDCk5Oa6e2tzG
m4rgFe1ctanZu5EW2zJnRYACygYGKqSR7/mVOexNauoWqSBgwIIPaqNtEUYxMhYeprz1Tm2uVGsZ
KA63lcKpXJ4wea39GYkoMbQGz+FUrLRPMiDwqAOp5rZ0/SpI1Viw616uHoyhFSaIqNM6mwki8tUR
h7D3qj4mgD2/meWSQMFaLRLm3kVZkOCPlpdZmmaAqzZz90DqK5cS/wB4XG19DmIoCEZtuPY1UvDu
TaIs5POa3hYnyGkkjOMdcVnXenyF96v8oGQO4r3MsrSVJHLWhGRix2rzSfJEMr6+lXoNL3oERjkc
kY6Vas9NkIEu4cngnuKvpZTROHU8HhmA6V7U679m0zljSvJDdM0iOONXkc54z8tWmtjBB+6Rh82V
OOtaFkFktxmDJZSMD+dBkyPs4jyCNwDH8K4KtaM1qrHYvd2M22luUBLE5zzxSXgjWEsXwS2MnrVu
5Y28ZkIIwehIrM1fzZwWiHK8/pXj4pXkkWpMzI9XlS6JBO4Plua6/wAP+Lbo227AJBG0se4rhLhX
F0XVDhjwFHSui0ISLCsbgYPWMf1p4asoSuVGo4y0PUPBvji7FwvmyZ3MMkN0r1vRvEr6hY/JLnIy
QD7V4Bony4mbam0jHNd74T8UR6fGfNJbJ4Oa7/rEX0PRoV31Z6Fq127RhguSF+6w4NctqMxiyrRg
4JwKtN4pjvYwh5BGFBNVNQLSRYgQBz1Y9M1hWlKasivrV9zjde1CSa4kVnCYOO9UtKa6YnzirMPu
+4rpLzREvHUNHgKSWwBzTBoDWuEWIHujHtXjVKU5T945pO+qKtpcFZVeNcZYcdsiuh01kuYt7hQ6
t92sqXTPIAYqWUnj2NWrV3hk2jagPQYJOa8vHYWPLdG2GrulPU24bkqwAzwMCq13fhVwxJIPP1qu
skrsSlwW+vFI7xqW8wcsTzXjQl7JWZ6rr+0WhT1i6WaILsyTzWEY5prgRrH15NbdwrkNE4BHUc81
BY6ezTF1kC8cHrXZh8VzpRPKxEGncjhshHGfkGVxuFWpNrKsQOcY5FWEtQw3GTJDc4FKtmjYQAEj
k5OMV6NSlHk3OWm22EcAOHcHJOeRnNWAwsYtp4YZJ+XtU9lb4fa8Tbuo2jtUt48CljjJ24DHrn0/
CuGaSeh6dGFkZWoXkbxrKysH/hBrBvb10LbUwRnbk8c9s1tXhhJy8Hyg4B3dW71zesywrvYsR85x
gkY+vrTVRv3R1bcpSvb+SPJiGCx4CnseKt6dqMssaqjFRkfx4yR29DWBfzx29xh5sh0zkrjPtV/S
HaS3WKNHCk8IDxj/ABrWEXJ3PJc7TO3sNQlkRWjQfM5G0c4HfpWnZXkj2jW+WVfLABbknnjHpXN6
BPEsRHluqs3IDfMD2rorWLMW5WADdiOp+orvhQ5mrI3oVuSpdHyH+25M9rrzz3TgIWIZsZIOP0Ff
GXjbUpr6WT7K2QM733YC4r7f/bo8Kzaray3KR/x5OWByMH/P4V8NeJLSXL2qMwiJOFOM8dfqK+4y
+zoRS6H6dl+I9tTT8keNfEua58k+UQZHJznHp614zr2nXlzdvcS/e8zlWHAH1717f8RtLeC9Nwka
SRY2naAOe5ryXxNBvldUlUiRiSQPugdK+xy+aiy8TFtNM4bVkWObavPqFPAqpG7mUHpj1q9qFv5F
35bDjdwSe1UnCI5ZRuPp2r30otXPAqfFZku58jgfnV/TZY4rlZJV3AjoRxmsxpcdzxwMirAvXljV
Qmdgx0qmripuxf1We7vJCZ1+QdFGQBT9PvLnakEAIJJTgY2jFVbm5kkVYhMRlRxV7w3YxtdpNeNl
CxGB9OtKUW4M1i3zXO98JHRtPvrS4v2ZX9M9hjr6V9A/B7XYtZtJ7tcLGQBGrdwCeM181aFFNf6x
DbWyDfIdpw/BBPWvd/hm1rAy6SpwkSCKNQ/f/Gvls2h7lup7mDlZ2Z6tqOpnU9MW1WERtnB2jkHs
Tnt6YrJ1XS2nsriO5wH2fudx2445P4+lV7DWZd/7rgR/LtGF2+5bvVvWTDJpx1FSMBgSpbODjpx6
18jVhJST6n0GEqNe6j4+8b2x8GfFl2UbFFz5gx3BNfod+yXeWl74DtNYN9KpeL5kDZyf9kfSvhv9
p7TYLjU7XxDAsYYZjkccFgOhx+dfYn7Buh6frvwch1FNQm+0iPYg835cjGBg8c16Ocv22BpVnvsz
LCupSxFSn03PTfGl6I9ShM9i7QuxZmyMyP6AVnXAQpCLGJQ6kufLTIHt9RV/xNFZ2reRPcHcgKSb
0OUOcjFUND2315DaWMis2cbmBzJ7j0r5Gpds7YX5veO0+GOkzXcgjvrFpy7ZhiRT85Pr6V9AfBr4
IXesa3ax3zRW7NcKYrZuOBj73t71ynwI8MXtvPaQR2yz3EzgBFUZUd+v86+4/wBnL4JS3niK31jU
LFojAy7EZhh+ByfevbyXK/rNZSnsc2Z5h9WocsHqe1/s5/B+y+Hnhq2mNupuihZ/LOBz3B716FrO
nT6mY7WZyFbmWM4GRgcVoaTpcNnBFbozbQpCnaCVyOlXTaoqoWBbIwHHWv0mnSVKCgtkfndSq51n
Ni6dpcNlYpBasm4fdyMfrVq0uLyzRmk2lNnzZPXn1poWZIB5hIUEZHce4riviH4wvdOVrTTZyHVC
S27krnsO9aXUehVOMqrskdwfENo6ZaVCMcEP0/Cg6pJc2y3UZEw6MW+navGfCPjPU9Uvf7L1G0+9
ytyG5/Edq9EsfEFhbaf9lmuAsuwj2Bx1oTUip4aVPfUPEbWRsLqK0kO7Y0jEdvb3rAtJrfXdPi02
WABlKh2IA96bPqV7c2V3bi/jaUgqihOSCOpqHQPBniGLyrmZ48lAzcY3H8K0exrGyjqdL4T8GW2k
u4twse4ZjKnO0Z/rXf2UCtaiKdzuI6k++M1z3hbUbSOP+zfN2zqPmA6j2ro45UwfMYbj1Gaylozj
quSZFcaLC0RjSRiDyF7Z+tJbxRm3aNID6KzdfrV1DEFyuBnjOKY4KyK+No9R3qTPn7nOeKPD2n6v
pk1rqMe8SIUZJBw49K+GP2gvhP418F+LZdVjsZ9Q0MMxjWM58lc9CDX6A36xyriaJccBD6HvXlXx
18D3sli+o6Vax3JRWYoeu0jnH/1683MsBDG0OWXQ+gyPNJ4HEeTPgHXLjR727SOC9dkUGOWKWIgg
HsR6D1rhNdvJoJJNL0zZKSSpXaDtwOgA5xivaPjT8PtN06K41W4aK2upFyyMMbl7cjgmvEPGyWGn
aRFqOlbI71XU/KcmTA9e3FfkmNo1sHiXCa9D9eoVqWMwyqLc4fxBeWVkzalY2skRmO26HAIkHUYr
J0/4gXmmSC1vLtnguebecE5U5xhqm8Wa5eWFz/bVqJBaagwNzGyj9zJ6464rnjJdXEv2CSOGN2OV
bACPk9d3Y1mqqkrHFUhKMr3NG1sbDWNakmcyFixLRlAMk98966vQ/B0LQZWFN3mHAEeS2Ock9qPA
/hNtEgkuNbPyFAyp5m7n2xXb6bDp8Vl5ct0Dtw0eExsI5yad43tY2pQfJc8g+KXiHxD4VtbmKSyX
IXEAdhtxj3r83P2yfidrPiLVX8MyAw/aJigiXjocH619v/tkfGhvDVhdWn2iKeVZCjfvV/d8jGO2
MfjX59+EdOb48fHj7Tdxu9razFp1xjv7fSvcyTDrmliJr3Yann42or8h7j+zh4ebwP4DsdK27GfM
hkYYbnBPSvor4ewpcXpuXRIo1TKNIxO/1Iri/CfhmwOiLp2nW+4wyBYkHORjnmuyWeHQ9IkdovL+
QABmHycenQ/WsKiWLxLlffUmk5YaGh518ZvFDa9eX+k6dbeYyjYArD868q8WzO3hyKxW32OIyJlM
mBuye/rXe3l59r8QNqlrao0cw2yI+4HOeTjpmvH/ABhrepjxTLo1jJgvK+I8BQBnrX0OX02nY+fx
bbuzlNZ1WC3163sDGpCQjvwM+nr9a0bG5so9Gle5iO1WPyBgSCT16Vg+KNKuR4xtbu4VW2kRuGJO
AD1rqfssKwINQchZVYbGHyr6e9fQytGmrdTzIuTkky3ZsupeDBbJhkkwik9Qef0rn01a70S6jsYs
bYZcMQM8egxWlYxSaZcW9jFcb1Y4jBfGeffpUnxP0W6NkNQ0xVikUh0LdeOufrV0GoNXRy1Lzk0m
cr4hiv5NTjvbeQSJMuZk2YwT6n9a4K+htzeTWbSiTypCShXOc/56V6opsIPD/wBruLqMiaHbIGXP
luPTHU15Tr3g3ULK+m1yyd2SOQMzBQOvII9e+a9jD8rTUjz7qNS8Tpvh6bjQ9jeYFxKWB8wDA9q9
28EeM31izjinaT5MZPDbT0JHavCvBtna6hbrePcje2coW4zXoHgq7e2dSshaI4w/A2n0rzMTQi53
aud9Orz0j6E+HPiK40rUEjWdSGIYgPjePcdq+i/hH4xfTtdt7y0bdGwAKGQHYSc5AxmvkjTtWt7U
2+orLmZUAkQjjb3xnnNex/CnxnPbX8YgmUxEBkkJ/hAzjJ715NSOja6HVRqKElfqfpF4OurXxz4V
jhtZVM0cS/ek5HtjqawrvT5LO4NhMhUox3HJG3sMVw/7M/xVisdQXz2G2TbsyDk/XHFe1/EjQI7q
y/t6wiAjkG6R+pU+9fE8QYTlSrxPLz/LY+z9vTOMjjLosZVW29nYcmpXtkwJmY8cbR0UnsKpebAA
QmPlTKseOe9TxXnmoFztVjwAetfNKr7p8XzFbUZljIlU9uOKqT6kdpjc7jgFlI+771Jfyb3DMxIQ
DoM1Ult5o5ywXduQ7mbtU+3UoNM5ql3qi1DqLkkzhkUL8pAwfbitGwuo3O6dtwIA+ccisp7qJ8Iz
mQLw2OoHrV/SGXaNyMELcN04981wyTUQot8xsRrvhWRjtQHgKM5rV0xI5EVYcLzhlI6iqmlQRsDD
HK3A3cjORW3ZaQU2zSKrZ6BTjH1960wdOopcyWh7NJ6DJ7VEtyUIYsSHjboGPeszUrSS6QL5SgKo
G4nrj2rpvsSzhnHD5AYDocfWsy/04NPuijyEBDFx93n9R9K9SpTtqXOKkjmo7ZrWUz7Qu4bsn1qy
ZIZP3UhI3cpk8hs9fSp7pFtVkdzuKjjaD8/51AkccjIhUpI33Ex0/HpXnThHmscUouLEg0uGVRL8
5JH3s4HfNTppZgtvO8nYFIAwuc5459q0dHsfLxb+XtXptwCBz196nlDIW875Rk4AAwVHQkVvToLq
ehRjFJaGQmkjyw10xOScHyzlT2NOsoryNvOK7lY4CFePrjvWzaaekqJcsd+4n5T04+vSpk0qNMvG
R8ikjJJKDP8AOtLWVjunRUoIo2kkMx2MhKBQoynIwelXHdWn8mI5TDHJX26VNY6PEsjLK4YEYyU5
xmrVrYQ290wjRtoO5QRx6UUvaqL5mcs6aiyta2TzOqzBSpwxBPQ+lWW0cPI00lqzsTxjoKs20Gbg
u0SqAucA9SastKSC4duUOSOx9K6aUGnqc3LFswbjSRHPu8s4xwNo49qguLMwnEBTLKAyK2enNbVy
tvI++3IyVwFIP45qpfrHCkUcUZTcxBwcg8Vco3iw5EZn9lBYGlYctkDgZyKytXsYmjeExYbgkt3x
W9cBX2qq5Zzwew9axtUk3PmOThhwCK8zF01KDuS4rlscjq9nGjLM3ylfmGfWsbUFRrgHbkjn7tdH
rMJcEJIpOO3X9axr+AodpkB464ya8bD/ALuqmefOm7lO1uG8wpK2YwM5xnmnfYIGLXKqArcDI7ml
ijVGWJwPm/h6Zq5FbxpIqTZYf3TxXuVK6lC46SdrMgSza1iJYBiVycjofSrsETGFG8ok4+b0NXo7
O3mg+VcE/NgVIkEKLuPBA5Fa4eqtFHY64JcpUMPKopKoRyeuPatOwtU3KgIKkchxVVGikiZ0iyc7
utTxz4wAHGR8vOR+fvXTLdB7NLVli/0+KTZDFtGD6dKiuPDSzLk7WBHIx1q1ZHzFSYTHkHeCOla1
nCsqBZpT0yBtrqpKJrCMb6HFX/hO0ibEtoCMcHHSsPUvCFo6+ZFbqWbIyB0r03VbCOWAlIDgjjJr
EudHZV/dxkHHdetd3JFx0LlThqeaXOgG2iIUEhTzheppi2h8tGByueT6V2Gs6bsTylUgE7ScVjpZ
pExQocLw3HUetcleooSSPJxELMyJbGRgGiQgYxULWfkxnzHzk9cVvGykQFi3Hes+8s3wVjbBzxWF
StzU7nKo2kYctqQQNpK564q7aWzAK0cWGIO09sVbW0zJ5bkcDmr+nabBGircMwGOVA4HvXApc250
wSPjnWrQQxGQoRkkkE4/CvK/Gl48bMhYqC3ILe/avb/GunywwSEEgMTgADr3FeG/EC0n3MS+4Bsq
SK96lThNanjQk1LU5dtZeQmJZhhhyD2FWNOtPPfzRnnod3WudlM0bFXUEM/Y9K6Lw/dMzLESPlGM
YrrpYdRehrU1idHo3h8RzRvECijqOpr0bwtHcxW6zK2PkySR0rjtEgSdVIcgqc5/Cu28P5t1BcAg
qCy5611uklueXUk4ysjotOjd2VpFbnOR6+lbMwLRrsjHzEbz/SsqzudkanIXPTFaH2wKgLuAB6et
eTipON0a09SxHbSFgGKg5wDtzxTmtST5eF27/mNFvcptR2cFRznNWLVxMu7GAXryHzTdzqimiNbb
y/ut84GSRTZLN5JFlkjyMHGR61pwW8cmfOjHJzSyhIsQbOSMDHQV2YbTcp6HNXWjCYZjs+EPIx+t
O0vwvDLeHapAxuEgXkj0roZIIXwuDgDnnvT9MtVRyrR52t8vPTNespL2Ri6mtixZ2a2wWMk4xx/9
et7TBE0AG3JJydwrKWPyR5hA68c81e0+8WMKW42jgetcNWPO7FJ8uoXkagsrICAeo6VBHaeYSFhO
D3AqwLhZLjbjKck5HWtfT7VSQhC4A3HHf2ruweCjJmc6jbKNlaNDFsYY4rW08bNq4HH3j61bOnxF
QQByKU2UK8lPmbpiu+rh7UmkUnaN2TTRRugZHI4/SqyRQXs6gOSFOKJZp1f7OmANuN1aei6dE2JJ
FBPTivjcRUlDENM6aKTZVubBEgZFHy4/WufvNPkSTaoORyRXY3kSqjooAx0rn5ZlN0RvG/6V6mGr
8iVtgqQiQW1g0YHylcHgH0rRmtTJbjgD5SAAO/ai2jDTZkTYH6bj+tXWEcluNo5A+XH9a7cRjUoI
54JRZmtFLZwpJtJGTkVA1y6nGwIMc85zzVq9c4yC2MYAxVIWs7MQR8r9cmuaGJU9yrNhczpcOCwB
BAwV6mqt7ZF8IEKAjnmrT2oglWPbznjBzV6ysnunJlAyPu56VdePtGrE31sc3JpzptlROUXADN1/
Cr2jRTSy5hYYDfMcVsS6azNlEQex9Kt6PoxglLFQdxztArD2Nna418Q+ys2eRTHIpJOApHauj0y0
kyItp29qWz0lzs8q3Bx3rodMt7aKJHeHDjjNXeUNJHVT3LFrpEYjRnUnZjJBq1PAWRVUHkkAZqWz
jVyqM52nPFTXlrGq7kmGU/h71tKdqd0XbuUrXThDMm7BbnduXp7VLJsESq0iHJ2lQo61FHfhJPJb
PXI+tJe3e2PySiv8v8I/X6149WvaWpSRDeQJ5bBFJGfnHoPWoU5BcAEAcEd6mjlQKuxRgD5xntTJ
i6SYibKE888isKsudakT/u7jHdpMKyFdvde9I7SJHs2AnqMVVF2wmZWbvjn1q05kYCQAfKO3evmM
XG02z0MNUnJWI1dmYGRVBUHp/KrOnW6g+azdsMMcHNNtYccMm4tzk1Zt0Mb4RM5I69Kww8nGqjWo
k1ZjPLSG4AQKOeQTyaspFCZBOVX2znmo7l0U7iADjqetH2uPyQjIxOOOK+inXUoqxwKPKxYyEnKi
TkfdxVfUZEeQMygZO1hnJHuKhN55xYxIQejBxgCqczyMSZYwm1d3TAJz7VyTd5WOxSSQ+9dUBxJn
Aydq9D6mue1phuLgjcVyCR0Nbc8xdAWm5YkNtXqPesnUSCjhnXO35a1iurMas7o5HUSWkaR41yBx
z0q1YaqLeAIxX5sDaegPvUd7B87zqxIlfuvbvUUMKyAhUYgN93PpWkZ2aSPNau2ddpN58oKMjBMA
KCcgV1eieVBb7SoXKcE9W/8A1VwWhzXJOVYFQPlJGMHPeuy0V7XaFBAQPln2/ePvXuYWcb6lpM85
/ah8JQ614TuTDGu8JjbGuN5ANfmZ8W4NQ0bXLtXRAEdvK2IRknPJ+lfrf4rso9U057B4cK4YFuvN
fmz+2n4FuPD3iq4RLAoZZXBycMB2z14r6LATSkfccN4rni6b3R8heOdfudk6vcEM4woRB2PPGOK8
q8RNJHKQHfIOWOwDI9/WvV/Hei2VtczSyIXfaSQZMZI7DNecavbWksuJH3NvO5i2MDHT8K+3y+tB
RvY+lxcXc4nUZUe4beW+ZtvzVntH5LlOTjnNa+oQWTSuXc5+9x/nms50LAkjOBkV9HF3Vz52tFpl
dxuOAferNiuwcqGyMY5zVMy4yQD1zyKls5ZWlwFBGOfYVStfU51uXcu82wKoCHnHXFX7MFMSwthV
HyxjvkYJNZts0KFp4yP3Y4O7k1veHGtnsmeVCzl/lIB4/KolJxfkddPWx2/wo0iHL6peOJZY1zHH
txtrv9A1W2sboRxsQ6tvYiPG0muC8La39hhisbdm3t99XGSP8/Sta9k1H96kACTzJgKMfNnt37V8
/iqcqlR32Pbw00rI9i0m4LogjVypHmTsFIx745zXRXEQvrFrWZSpMYKcY3EcjI7/AFrifAsuow6V
DE0ZH+jkkjK847mt/TrqS+VmtIyXQYJ8znPse4r5PEQtNo9mm3G0l0PNf2g/DsWqeFGTyVWa3XeG
Rsg4r1H/AIJueK7298OvoNrE0jQS4aLeTgEn5sVw3xXt7i+sLi3gRlCrmNwAQPUYxXUf8EyvFUfh
7xnqGj3uiC4I5V2ToSeeK0q3q5NKPVM2qcqxKl3R9i3HhW/1qbyNTtoYmkyAUXr+fetHwd8MjZ3i
NJHHIUk2opGGH+0fStXUNesdSiUahNLHAyHYioeW/vZ7VQ0Q3mm6kJCzx6ejBpZN+52Hoc18tRbq
1UmjtrulTpXbPd/gdb6Np+qwXDxzIqzKryFS24k46r0Ffo58CfDemx6Jb3tvLKEaNcFm3biepzX5
9fsU2kHjPx6tzaRpHYpIDIjjg88DHev0u8DeGLPR9FWbTU+zvINwCr8jHp8wr9MyTDxp0E11Pz/N
sXOtWsdpBaPKPIhZl2qCDnJxTppIdLlM00iY3De+3gDvmqum6lMumPcXiiGQLw8bblPXt2rkNZ8V
sNTjtn1KCRZDjLryO5zXtNtI86nTc5Gt4s16WZzBaNtXgxTRnIJ9K4XU/Deua3qyXdwLhDG2FYKG
yPbkYrT/AOE70fSbphqMqJFEcJuX+WCc1i+K/wBpjwHp8a6fbXlujzNtVShVi4GPSinTqV5aHe4u
hGyOgsPCWg+EFuNUu2KzMAJWcHcAe/WvPfE+sakup3EMU8kkLuRBNG2dpz6Y6YrkfFH7Vj688+na
dqMQX+KG6HlMSvZWbrXHj9ovRE0mZriSdpozvcRx/OpBPy47jvmtqmCqSVoaMdCvSpXc9bnsvhFt
c1TUZNQTU9kkTASJIc5x2/GvW9I1qCLThcTyrGjJiQNy6+vfpXxDpv7TWg2Gro1jdbIJgBOlzJja
47ZzzXX2n7U8etyLFp1orIg2NMzYVQOuPWppYWtBe9qwryo4ia5dD6v0HVdJbW2u7Kcx7k2qGclW
FdvZSRyTKUZsoOPpXzV8N/GS61INX1m8jiMhAgSKUlQD09Oa9j8PeM5otjTklCcMPT0/OuebcZ3m
ZVcMn8LuehQzwwtvJySOrdqsHa+C3Y8k+9cff+LbOGTekudjDGMc1seHfFNlqWIPPJcnndwTilGU
XszhnQqQV7aGjc2rSqx25GPlwaxvEGnBrVJAFLKTnfgjHoeK3J2RQRvA7nJ/+vVS8eMRiFNrBwcr
u61qrSRFOXK7nxn+1D8MrPV1upbOJbePcxlhZQQrDqy4+79O9fG/ifRnSJ9JleOeaIu1u2RnjscC
v09+L3hnTLuKZJLcoZUPlOMEqx4J6dOnWvib41+AJIdfl0OTwv5NxGd0dztyr/7WPevzrinK5e0+
sI/U+F82U8OqUz5T1aC4hQNdWPyTDDOV+VXHHHpUMMWn3VkbeyikeXp5bRYU4649a6f4g+H9ZS8l
s9d08efFL81uPlJz3GODVDT9Ms9W0lLC9gaFIjmOXG1kGfunPX6iviLRhLzPquX212y54Q0wXtiJ
7qe5UxYVUdsFcn+Vbvj7UIPDOivdpLOFjhIYxuAGBHqe+K2/CmiaHb6etpOjsyIB5m47V7/X9K85
/a78X6f4Y+HFxqOm3unRs9sV8qSTIwc5/wD11vTvKREouFLVn50f8FCPjNoOu65NpmjNPHdhuWDg
bifXHU1P+x38MpfBXgR/Euo2x+26uV+dhygPP9a8WvLef42/tCmLCNbxzbnZFJUAdj7Zr7D8Py22
haba2bbB9ntwkcakHY2OCB9c19biU8Hl8MPD4pas+ejNVa7qS2R1vw5spLRRG7yGOTcTkjcp7E1F
8RNXurixl0+1/eMFYMTIAwH86msby7isvt9y4gWTjazAYz6iuU8Q6utlJIGKkxknzWB2gfUV5kIK
KSSNZVIuBw+u6hJo00Mk0hyJDnCk+mP615d4xuFPipblFZpy25JTkntxgV13xP1q41KWBbKVUEsZ
LEdsc7q811fW3s9Ut5WnG3YQ/P8ACcnv35r6rAU+Wlfqzwa8k5aEOt3VxqOqmxeHyijBw5H+TVHV
fGd/FPb6ZqDu5R8RsrZOc9fXFal9cRn/AEq2bZPKACmBh19eegrF1ZItSkJW12SWZ4A7nrmvdpWn
TSa0PLqS5KjZvWuqi78ma4YZX729SSDnt6V02oRR63pssMMhVo4t8Sgg8YwfxrzDTPE6XN2bbUlU
FD8px96ui0/X7a11qPT3kLW88QXzAnzJ6H86t0nJNHNzRg7sxtRhVdBuVR3HlliRgHGc4z1rN8Me
IbfV/Cr6ff3MouYcBQFyCBkYrb8V21vE0+l20oEZYklDx04HWuY0fT2tr1HgmBLfcfOOe+fau+Me
WCPPfvSbTLumyW2nTxRs29X/ANcw6oPX0r0LQ7iLT9Pjid1eIkbpBgE8Hnj24riZPDbXWpQzROAw
BGxM4U/jjNdhotoh09odSZkHmZ3KvQe/pWOIV1c0oysbyeKIVu4tON2Nu3em1+c/1r2H4PX2oG2i
lt7ouA3zIWyMev5+1fP0llI9s1xbvse2kLopGQR2PvXofwR8YNY38dncheg8xQB8wPt+OeK8bEU7
wdj1KfLUSZ90/st+M7u01w2GokncRsDKTsPtX3Vo2rWkvgiO6crMjYDD7u7sSRzg1+cPwb8Qww67
bXUOGidVxxymT07190fDrXINQ8FJbTzlGZCYwrdu3QV8jjpS9hOE9uh62PpwqZZKxT1mC3bVGFsQ
pKkAqBg89TVLy5GwgK4UEZzztrWurYRyH/loMHaWOMdKYLFYzmN1OGIXAzxX565SUmflU49EZVxC
m/aoCoEBDDiq1wHiDSMSvB2MB049O9aV/arCjHZuRiMR55FZ9wiS3DshY4Tkgday525mE4u1hLSN
RzzhF6lMcmrkMrPKCyL5aEBCTwf/AK9ZbTR7wjTOXyPvDAH61ftbuEDyY2DhcZUn8zVVdXcyipJ6
HTaU7RuTGwXtuHf2roLG+KHynRwpBK5bjNcbo+qbZNhTqMkE9DW9b38jOsijJYYIB49K68NO0bHX
SqtOzOqjmh8veDlgDnnGM9utUtSlg2LMZSWUbWHUMT6+hrOS9ikULG6soxkb8FSKgvb35fK3/IQd
zH7v512TrpRN/bkOqbWJ2sxUYGC3P0qlbXChmUyrjkOD2PaoLrUikLRqWY44Y9/eqcV/GSGD7d3D
Z+7x3J9a811U6upjOo5WsdRZTFYQN5wQNo6596lll2sUhQNsHH+yD1+tc5DrMMUkaBsB04IPfnpV
yTXlmVBIWJOMEDBU13c8Wkzsp1k4nR291KC0RVShjy7Bc4HbirCyRwsTMcPkDDKAT3BrmYNfjjCn
aw2tgrng/j3qe68RHy2RJ2I3AED+Hik0dMMXZWOik1LypFlCYYgZXHQ+tWIdS+diAMMvU4rjv+Eh
LjJkJ+bg+pqzD4oaFNxYHHUHAwax+sqnKzMJYiDZ2EU7rGJd4A2gHeODUL3c1s5znY3PBxisCPxg
ixbgOe561T1DxU0sfmBifl5FdLxDexiqsNzoJr2I3O9nIHTPWquq3ybVKvwhwDXNN4seFAGUbQ2D
zzWddeNZMFVIw2SVNawqxlSK9tF9To5dXCShC+OOTjoKz5NSgmbz5WUHJxg9B2rA1Dxczu235c9C
R9Kzn8SSAlSRtYkkBe9efUnG5hVxCSN29aAfPIctnsKzTnzmMuAu35Tiq/8AbpZ12nJI7jFJdXit
gtGU5+bPevGqyhGpdGMJ8zCUq8wlRVIUdSOlTWHmNMZNoZWPU9qpS3cXMUTDBPcdqu2AuJQrRptU
cAZ60/bcy5UW2kbtrCBHuUk9Vxj0qvczLJuHAHQGltb1nYCYkbM4x71U1C7SFmAfA/nXoYackrs2
Urx0GLe/Y4WjLdewp8d6ioijAc9Wz1FY82owEEhNrA9TUZ1SNVRJmJLZCletdzq3dyFO7szrLPVI
kAbzFO4cNj72K3NP1GKdAuCRj+E4rgbHV2kYMZCCeBuHArT0zXxYzeU0p6jGOpya3p11c0jU5Udr
KI5IzmRiF5IPXFQzLDIVZGwucFSKzk1mSePfC+A3y+5qWO8RgMBgduArHqa65YhxpablOupWKPiC
0jhRypBViSp/rXKz2/7/AJwxIwCO1dZqtysqbGT5VJ71zUlpO0m9CowxI5xXh4nG23OOtq9CtOhi
3ITv3YwfSqF1gbkMfJ9q0buIRodijdjgmsiSR4gY3cYycY7Ulim4rsYNWEKrI3IwMYHrV+ziM2VU
Z2dM96yTcHzAIwW5+bnpV6wv/LYGNsYXt3rthJNbGcZtSPmrxzaNLBuMJVlBIzxn8q8S8f6c0hbd
Hgtzg8mvefGio8LRMvGw9T09q8e8Z2cLbwVyf4CPSvYjVUI6nnU1d3PHNT02WNmUQHG48k1PosUk
MokKDBHLe9b2saVu3DByc8Y6VnabpztKYQ2QPSu/CYiM1cVZWla51vhi6aNs7QRjkV2OkXDCIAKM
Y5HrXGaFpc6thNwHHau60DS5RbBniO7GOldVepHozj5G5WZpWV27RDzowQnKYHrVlb+NgFOQc84q
rDazqu0g59Krzyyw3OCvHTntXm4iHtFdGkVys1JLjBzE7KQOg71raJfO+BOT1HWubhuPNIVjyG+9
Wxa3EKIJI48t35xXkVIKjC6OqPc6cXshkC/wkcYNPnvldzuz93g5rnRqrqSXlHC8/NzRBrCXjhI5
9uODUU6rLnDS501myyjeRkY5B9fWrtugClWYnd3rG06+Ur5SY6jnOc1ppdDG48e1dcsUoQtcxjDm
Y+eRUlCo5PrzU4ukWHkDpwayxdebMQFA57UsvmS/IG4HUV50sx5aqSHKnKxr6bcbl3Yzit7SpCVQ
GTbhs5Nc1pyGK2DK59lrW0+4ZgI9+T/Kvr8BiouCkQqUludbbRjbuWTePeorm68s5lXYB0PpVfSL
thHgyZI9aNauFnTcy4yOlddXFKzSCcbRsQy30csuUkPy9Oa2dF1EKyoSRn3riJpbiGcSRsNm7B5r
f0e88zYxlA/CvgswTjX5jWhNJnQ39wgjbfknsR2/xrHe3jklLD7zYwQOlTXVwZFzDLgD+I9Kgh1R
CWSR+xyc1NPE8kdTWom0MmlaKP5gxORgZ+6K1NGaS6bYITyOMmsmFXnlMhbdg/MK6HQbcIq7uMjt
2reVWdWS5djnhTb0GyaRNKSQBleik0+HS8jEiY2jgL0FbyWsBiUon3+OP60stqgRjAFVcYYnqa9W
hRi9UacjRgXekgR7pF2H1FQQWJtDiRC3G7ap4PvWzNA4AMsisVGRx1HpVO7khSIhVIkHBLH25r0Z
2lT0OeSlGRCEUyAyRrnGPlGa09OUq67l+YcDIrCF8IwJXCjaAAOMnjrV2z1FhMANwweWPY1z06iv
Zgn7x1tjJ5anKnk8kGtG1fe45JXqPaucstQFx8yspYrkkmtKx1IyDY0m3BwGHcjtWlZJxudMJa6H
RQOsWGA3D0PSmzaqrRjaoB5DY9Kpw3UgUBZgAR8xPNZ9zcIbho0cuxU7ADj865JycIG97osTXXmS
ZSUKu4VBLeYPJOB93HQmoNkjOZCcBR8y9Kp3MqRsfKcEDJ2j1rwMXJt3Q09DWtrk7MKyr5nBGOtQ
SXryl2DbVU4JxWYupuVGR07g4FSNO/kmOKUBSM4PrXIsRzNRuTIV7lWHMjDL8k87q0rG6BiCAsCF
43DFYW0s+xXy2/OPSr1vOyylS+So5z2Fc2JSmi6MnDqbFtKPOR2kPzDGM1plZHhQZzvHXNc9bNM8
oMTDaDjNbenOzQKspJx1NefSsndnc5XirEsqzAFwUCehXOBVWeQpG5gXAHL+hFaREJ/epGDwSAx4
FVL2JJ3C7WkB5wvANej7S+xhJWVzEZCZ2kc70JAK+tVZnd2YJGCf4gDzj3rSnsZIYnXGW2EoAuO9
UnhRoTKU2BcgAnr75qqdSMqlmYylJFe5QzsrJIyjbkbRkD8ayNS27CDIp4wM5zWmVVWZUZ2VgM5P
JqjforFmDgqcgEjpXbGOmpm5NrUw3gDscHp0Bp8MW2TcMbSMnNOkjxNIp52AYJPWkinclAV/3sGt
aaheyRm1YuadM/nL5WcKPQV0dlesIw6FB3YN1xWFb24dfMjbkfeHvWlpbKQ8fllGJxu68Cu2laD1
ZXQ3lnBjWUOPmJaTvjjsK+Vf2/8A4ZzatpA8Uw2oywOSg4JHr6V9UabpV/dMqheCxIJBII9fasX4
9/B658Z/D28sTa7nSFmw2M5x2FetQryjblZ6mT15YfGp9GfjP498CySNNcXNtkZOxs849/UV4D4x
KWWoz29uApO4FWxzz2r7K+MPhfUNL1O80uWPywjlFUdevJx/SvlX4teE2tLqaRJZGZnOxSm0qfSv
v8jxMKrs2fo+LjKcOaJ5ZcWxjcCeQlRHuH+H61Tbzl+VWAU9WIzmtG8trjzHtWjGY/vgnPHFVpFi
Mvlq7kseAyg4r7GDvE+fqrWzKTpAUK4ywPJAqOIiJyUzyMGpZFYTFZO+cYXGcVGgJfA+bntVHKT6
eHkZnWPKjjFdT4SWzhSSe4Cjy/lCM2Tz1Nc5pyvJKQIsAEblz1FdZoNvYlGESsQDkoTwf/r1lVvy
nXQ1N/wtZp9tN7LETnILk5CL2P412SWlvHANTgByVGSGJyB24qDwysUWjG8l4GCoAwMDHGaktNYi
g0iV7mbg/LhT93H6V4eI/eT8j18PaLud54F1aDUSnlTLgxECPfyG9ee1b+mxHTLnZIyxxyyBiQeu
a5X4V6dpi2hNsoZ5VPlEnk9z0rQ12/e1mVrVzujY/KCSfyr5uvC9dnuUVzUS98TrMXVmY7RFV1QH
crZ4ry/4EfELUfhx8aUltgFgmn2FpH2qGz19K9V1NTqdlG0m0B4Ays0QyT3GRXgfxMtrnRfEP2xS
qt5oeJk6jngH8K0wMFOnOi+ppKV6V10Z+k9r4pvdS0e2nN2sxYB+g2r9COtdf4chu9YuDBHegw5U
XCADDHHQcda+bP2bPH8/i7wNZiW5WV7eBSyb8Dcf89K+l/glYa//AGhDehVjQDfIGckN749a+cpU
5UsRyNdTnrVFVpu59qfsJeEYItSsomsQIYAoDsCCfrX394evD5YhDgxBRhNo4HT8q+OP2LdEUNb6
4JGwUHmM/wAobPpX2J4dks2tixhLBm4kz+VfpWVU3HDLyPisY08RYo+KPEMweQwskcERI3F9rD8K
+f8A45fHC38JxGe1dJbqFt0ZdMEr3zj2r1r45+J9B8K6TIXZTMyMHQgDJAPr61+Rn/BSv9uDUvBe
rp4Z0vW3spZg627lhlFxxW2JbsoLdnoYNU4UHUmtEe//ABG/4KGeHvCzyXD65CLjOBZxpvlU+ufT
614lrv7bfjnx9q8tzppEbSMWV59pAXtgDpXxH4S+I2sXDT+JtbvvtNzcfOJ5G7fUZzTn+P8AY2V1
k6jtcjJUy5BwecE/yr3MBD2KSPmcbj61eo1HRH3Z4X+L2p3k1tHqSzFiuTJA2dpPqG7V6Bo+u+Fd
duUhufFEUFwvzSNKxidce3Q1+e/hz9qZ9Mv/ALTFqDyqoBX5hyuemK7fTv2t5tZv1uHjQyLklmUY
Ix933r1YSp825xrESv7x9peIdM8D6XMJY/FFtOu5ZELRAyNnrV7RfFnw4smW+n8ReSFGH8pvlXno
R1r5G8J/tPaYUaOdIXEsi+Ygcb48HI/D2r0XQvjL8P8AV4vO1Gytis6EOYeGznvWqhGSNPrdtj7a
8B+PvC2q6X9l8PeKYJJ1jDx7NrSZHPIJB49ua9l+GHxz1rxBCmi2scF2QoEszyqAMdwuMivzZXxR
olpINT0S6mtYo8t9oiO1jxwMjpW58Hv2zPEfhDxrZ6X4kureS0nuFEF2T823OCD6815mOwlPoenh
MeudRk9GfpfrGr+J7vUk07QpYTGvzSSsudueo/z6V0fgoXttqEUc+sSAFstzzn0z1rifhN8QrPxx
4WgvtB1S2ed+CVw23kdSK7Pw0qXWou100uVk4CxcZB5Ir5mUOWXme5OV6TvseyacqtbhmQMDwSe4
ou2j2EwqGIHBI6GoPD19HcabG+zZgEBW71Jck7XK5yMncBxXTTWljw5rU4P4tT2q+HLg3kYCgkF1
HzKPUV8O+O/iJqdzcano2oXLNNpt1/o88g/1kBP3c+2a+0fiuzrp0+LhVWSMqyP6H0z3r4C/aQ1e
DQtXkbw+k9xeq+HXHyuhOCPfFeNn8WsKz6XhudqqcuhifFvQ49btbTVoZlA+UJIF4U+gI/rXOaFo
Oh6tAw1KwO+LKPKdwAGeuKv6ZrPiDUvCyRtbFwQUlRztKFR3A6Gqej6xpqQm2nu3tZlPlyKyAl1P
POfyr8kxTVSvzQR+r4aa9nZmlcRXNho8q6Z4gtEuIUbIkjGAoH054xX59/8ABTf9oHVNF8Iz+Hkl
tPNnHlq9uinj8R/Kvtv4rat4S0nwddas+oPGEUgzoSCq46MP61+P/wC1P4qX4yfG2PwnpOoNJbQ3
GJGd8hVz6GvXyPD+1xfNJe7HVnl5lXio8q3Zofsc+ClsdPm8X6jgXd6WKKw5254+n4V7x9nMToCX
LRMsk5A3EAc4GeorC+FXguPQtOt7G3Kbo02oQvQY9K63Xn0/QElB2maWP5pA2CBjtXp16vt8VKdr
9jy2kqCpoXV/E815prFZCQhCBdoAGT1JrldW14x3c3yI6tbn77n5D06VO8s2q6LIIJGJlcMMOcnF
efeIfGl3oX2hLiMPKIyjMYfuY6HHelh6SnU0FUvClYwvHF/LciPUBKgREILMNvHc4FcFL4i0m4uo
4ZmYO2AJB0Iz78DIrR1PXJZfDr29wwkaViA0ZGT61ytjoryo9xbIZLhHKvExz8uMjn1r7LC0Y8h4
dSo1Oxpav4j02K5iuLTMjphRhj86+vHU1Rv/ABFcxajLfXUG2JoyNgcg46D/ACavW3haJbW3vLZW
WVZSJo8gKo7jFbnj7wpa6boEf2ZYN7RBmB6k9fxrtozo8vKedXU+ZSODt1v5JYr2GFmjecIuEztB
9+ldzYaRb3U4udPRpGiUZBYZH0zXM+HtL1q/tTptnMqxbxK6CMkgD0HpXY+FtPi0yWO+UBxGcbBH
8uOuTiuqbinZHJKcpK7RznjHU5EvoY41Kb3ImOAdp7Hirel6fZ3Vg0ojBeF9xeM/NjPoal8RTW+o
3hS3jYSbhhgAef8ACnaZey6ZcLcRYTdxIoA59cg+9bz96muU41USm49SzoZurrV13zgFRkhgB/Mc
1tahftMXtPIISNdxG3GR9TWLeX7wa3DqAcMSv+rVAV/SuiWytNcg85lDLuy288DiuSa6s6KfYz9E
vvPUwmACZXBCF9uFz1rqvCNjNaX6XBVVbALKBg5xnJ9q5J47nS9REkzLtHzMcnDDsAO44r0DwBNb
amVhd0xIN0hPB57CvPxCfK2kehR2sfRXwHuJbgJC88hC42gJ39OMc19+fs+3ZuvCP9nahAVcIDFI
GJ3ADJ59a/Pz9n1fsOsRW6RARlwYsjIBzyc1+hf7Mdyy6P8A2dqdsPMKYh3r97jPFfGZkrwa7n0m
HpfWMFOD7M2bq+tmnEERCuMkcZ2+xNHmRNCPNYsx/uOTj06VW1iM2evTokpRWY8ZHFCXAhwiAOoI
I3Ng5PXFfmsqcozZ+S117Oo0+5DfRs2JTIxb+JvX0+lZ826zUyCLdtGeBnGfrWhfBpQgfkFiuc88
c8msPWL+OGQiKRs/xR5yDRO0Ticm3dmbdveCQtuynO/coO33p0V8IWB8zJxnjrj0rKuNSBZWilyx
JUhTjg/WoVvJdu9G5X7mGwT7VyT5t0JNLY62w1e3Z/tW7d8uBjjuMA1u2msRZ2JuGOidfc89q4DT
LwuCH3vuGHyuCPx74xWyk7o287l3Jy2evaub21WMtC9HE6+PUychXTaxydozVbU9fjt4M+Z5eDwM
9awhdXij7PbTn73BPINQS28txAXnfo33R3NN4uTVhrc0H1bcrS+eoUdi3JzVGW8aNmVJeME4/vf/
AKqzULLDtM2QT93pjmnRXkWfnU8HaMnj60qcpr3pMiUuxqWGo7VjmG3cOzHjH4VqQX8cqjzGyAcK
B2z3rmJL1RJujj5U42joRU41OQqEQ9fXua9anPVMmE5M6b+04klcliMdCehNEl8k7phgA33vmNYC
Xkk6bwpHzYOamV54SGRsknI56A1vzpyOhSaR0sSB0Uou4s2Nx7Yps77yQrggHbyO471nWWrJKFDI
VK9t3H1qaO9SV3KtuG7O08VFRw6IzlJ7llJIgmNwz7VXkmwDvJB7YqCSdPM+ZsA1Xaa4JIDEr2AF
c05yaJjdDr5zIgEUijJyfXNUhHlvmIJByWqxLKJIsRlVYEcEc0yFQJWRsnJJJHf0relKS6miityK
509XOQcopyWz1rOvIJF4hHGeDXR24CsYpDwPuhhnNV9R0uKSESLGVYN0HApVE9zGXxGLZyLFlp35
Rc5NTPqC4w8vTse1Q3EH2bcki8kHay/yqhNKxfcw7Yx64r5/E1XFsSTTuagu7d+GG9e6r1NbOmru
RXjwqkcgjpWHpduy4JiBZuVJ/hHpXR6VCsOGwcd8nitMuUpz1G5u5aNs20PHk+uBWTqO55Wjmbbz
0B7VuyqY93ly446A1kapEGfzRHzjDHFfSKjaKNIza0Mm7sWkGRnGOuKyb+OdGIdyoAGCK3bmNp4T
HkDI4Hc1Qm0xZlUkgYB69qcqcnHQOVt6mXbTzoAqylVYZOeTgn3q3/arMu17gqD0Pd/YYqvc2E9v
Gzj7oAwPU1Rnm8kiKOPIXGV3fdJ71lGPK9RSfLGx0th4muLRY4hll5OCec1p2fiq4lcEEEqcqpHe
uDm1IKwIIKICQwBGT6VoaPfrKoJl2jsS3X8aJ1JcrRzqq7naQ6o1wcPy27dg+tLcTurlogDk8j3r
I0vUWHKMWGOdzDpVyUko0iMFQDPB4zXz+K9o5M6qb01KetX8kC7goyT0HasG+u1KMecntWhqlyHZ
nOCcYI9K5nVbkjIySDzuHat6M24JXOSq2pNFpr+FDiTIOfl5qSG+CyFvM2DHUnIrlJ74I/mLMWIz
gbulSaZrElypjnkCgcksa9ehNs5m2mcL4tIMciyYySfl2/pXlviXTklZ2RRy2K7vxzqy2BYLJkk9
uRXB3MjXc64yQzcgV9JjMM4PQwpVEctqPhMuTIF3ZJ4qDRPBrSXG5ogOccfWvQbTQvOtVkaMj696
l0bQ1S+8tISSDnp0rfC0+WnqTUnzzRh2/hU20q+WuMgCut07S5La2A8vOF9K6LT/AAml0wV4PmXq
cVvw+EVSyAaI/d9KmpJppFpLc8/ks5BJwv6VlanpxjuN7p1POT3rvNQ0IRSYEbYGcmsa80lTNmdS
OeAa6IGUlZHJLassh8sjGeeau2wcoQH/ACNa19oCHhE+9wDiq9tpclu4jMeRzmvLxq0ZpCXu6mde
LLHIZXwc9eKNJUx3BIGRU+q2joSrLj0Oaj01JcsSnO0kivFjUtLU6bqSN2xuFDht+DnGBW2jhoPm
5PauRt7h1udnl8FuOeldNZOrWyknkDAqq2quNe7sT2cccc5BHXvV5Io2XeF6jpVGAFrkAHFaMknk
wjcM4GM15cKcp4gHqRyX0dpFsYemOak0y/aScEZxu6A1g312LudYUP4elX9PSW3dAjEk9a+4wytR
RL91XO10+63gADB9amu9xiLPJnAzXN22tLH+7WXDZ71flv1W3KSHJK5zntXfSfU46tVMq3ErCYsw
yvpnpV+wu+f9F4bpj2rnZtS2TlYuR6mtDTbhncELjI5bPQV89nHI0tCaLfOzsrLzHtfIK5yeDt5H
tU8ejq0hkx8xHPHapfDkJa2REJb5RgkdvWt+200Kf3jfMeikda8ihT57I9GCcomPpunoHZQDtJ4L
V1ej6DEWyBkKoAI71LoPhtp5Aptm/h256jJ5yK9K8OfDP7XArtCylmGOcd6+kweEjJNW3CnCo37u
pw48NyCIvEnIHzAelULpIYG+624d2Q8n0r2yD4SoIPtHkNkg4wo5Of1rmPGHwyhs4nuHiCsrHy1z
gjjnNdsMNKiuU6XRqWu0eQ6ndvEGIc8n7q9jWHd3ZEjedI/zK33P510fiXSZbC4aFixOcsBySK5S
8iSLKxuVLOVAK52+p+lZRlJtxOKpFxYyJ7YAKItuUyAR0U/SlacQHzYwWHXcH/SoZUdNoR2xztX1
x602JSkshLNl8DA9xSVOKlY5OVt3Rr6LqTuVCMc9Oe49a6WzKlFKnO7O5genFcjpUcQZJHchQ2FX
OTW/pc7b1VEJUjLDuDVyfNBnVRpvc6W3mMNurlhgrzmqk0hMpkBwX6MBUtsJZgR5RIyAATjip3tA
szGMgqq4U46fWsfI6XFJGbdu8aEbjnvzVCaPB8xXKk9a29Rt5BAZFKscfMPSsWZo3byiTnuR2ry8
dRumQ9NilJOyuVjBxnOM96u6XdRO+25RvmGAvr9KzL/MJYxkHB/Kp9Lky4EoyR0AbFfKyjyTGtUa
Zs3ds+XjjqDzmnRyxmdURtxHzH5T27GpCkRCuWPzc8P39qnhsDChmCMN38e7P14rrfK6aciUWESH
cBNJkMu7CrjHpV2wmcwkGQBTyqc1UdjM21Y+pHO7AIx+dWLSJlxK3mZOAvoMV5dWMnex10pWdmaj
3Wy3BklJKqVwBx9KZK/yi53kKCpwq/dx2+lUJ3uYo98pIZmy25uBz7U59SaVjbNtwRy2T+VZu6HJ
qTHXFwsC+aXYjvzxjtWfqD5Tyo5CSwyykcYNSvfIzvGzg5ACogz0qrdzxvDiJs8kMpPf+ldNGEm7
mFRIp3EsnlmKUD5F+UCs28uykeGHB5wq559KtXJcEgrtwucDrWRe3cgACLu7kD1r06c+RWM2kiN2
BcFlyrAkAe1KixqwaNffmorYTyjfMMHFThi0IlMYB7H1NdXtoxiRZGtYRHYVfBBXOAMcetX/AA9Z
f6YkrksMErzjisK1upRL5UpKqV7d63tJu42kQCZlK/dyMgkc5rB427sM7fRIBAIgnzOfl2n0PrW5
DYJrcD2IGY2DBS3btiud8MvJNOFldCGPyg/zruvCGk29vMWZjsBy+O34V7uBrupaNtztw6duZbo/
NX/got+z5qngfxg3iXT7IJbXByCMbVJ6kgetfGPinwJFcs9/NZbtwOw+X1PrX7qfte/s86P8X/hH
eWi2cbXcUe9WaMbiK/Hz4qeEtb+GXiS98L+ILTZ5LukfmcgDPHXrX01KVTBVIpH6LlGLhjcPyS+J
HxH8VPB39iTyyW7NlxudT1HPr/SuAf8Adyfuw2TzkHGfrX098RfAH9vWM2o/Y1JU/Ivy5HvjFfO3
izw3NoF60U1uw+f5R/CK/R8sxkMRSs3qcuYYadOV4rcwrhnilzLzwQQDyBmo0kiky/llcHtUk6+W
AXHrnnP60y2B8wZTcCemf1r1jyGtS7p7zwSbkiBZh8uRyB3zXSaEtv8AaLcyXJDSybDHu6e5rm7e
V4ixVOM8HPJrpvCyLfzxSGQjJABdumDWNd2ptnbRcUz1i3ns/wCyRpEdupRUIkdV5JxUV3paRW8U
NxJw6YjUjvjnpSR6lFa2oWOMM7kcA5b6H8s/hWkkX2+4hvZ0BRfuLtPX0NfPuUk22erTUJOyRu+A
wmmQJaRWyldrdxu/H0qzfXEaNLNJM+9WwkK8kd6l0mNIXd2IDHaMKM5FN1/T5hN9sjgBAfc7dAwI
4AHqK8Sq067PZoqUYF/SrpXhto59zkr+88xiNh/ya85+OXhSa7ge+tkUqCAGB7d29q9m+FPw48W/
EG+XQfDeiS3MxjGJQv7uP3ZumK9M8RfBf9nH4W6U178b/EkviHUUG7+wdEIEYI7SS+n0FGEVWnXV
RJWTFKvRinFavseAfsN6l4ifV30BbJZIWcfO2WYnPBAHQV+mPwD+FviBPst7J4X1i6WeUbVW0dVb
8cDA/GvhzwF+31Y+E/GsPhv4NfB7QfB1ksvl+daWCSzuuerSOM5+lfpf+wFdfFT4/ePtKk1Pxpfz
WH+skHzHaAM544FTXwlN49Sb+LsebKtNU5Xjax95/sqfCy80TwfBfavov2YyqPLhfllGOK9Yu/L0
ezEaNEjAA/vOMfT3qzpdvB4f0SKycbjBGFBbtx61y/ifVIbqOUF1ChSUBkOGx1r7zDUPYU+U+UlJ
1J3Z5D+074j1h9In8qBLm3ELNJKGXIODjIPI9K/DL/goj4P1jxl47ubu6CLNHIzWsLyYxz79a/bT
4lQN4nu5Fu7ay8pZCHjn3qgIGB1OCea/IX/gr/4d134fePm8Q6BZKYGjYxKEJEZHXrn1rGUI+3U2
dNerL6vyRPhT4m/GWH4baenhTRrmX7WIdrAsGCnv+BryK/8AjJ4m1JjLdTszZJBJ7+1YXjLWL/WP
E13f6iVaZpcMVPFZAYg5LCvR9ryuxxU6MLXO/wDD/wAcPEWkMucSKSCWb7+fqeMe1drH+1KRbItu
jCXPzNjBBPcEV4buLLt3HAOcUc/3v0oVaa2HKhSe6PpPwd+1NaIzXGqXB89goVtnJPTcCOB+Ir0b
wv8Ate2OlLmXUY44JHw/mScg9iPavicXEo5DNkd+9L9qmIwZn59Sa0VeS2Zi8HRasfpP4L/bDstb
uoIodXhUkbXCkkOOn0FdxrvjJNJ1Cy1i4ldrJ5QYW3DAJwTn0r8rtH8Q6xpkyvYajMhDDASQgdfQ
V+i/7JmseHfi/wDCa107xPrkdx5AUMZGOUYYODT+sNu8jlxGD9lFOJ+in/BIr47+Kr7xJq3h2eyu
bsOzyQRPMNoG4dCfav0n+GesaxFdldR0ERFpT8izK4GORk54zX5z/sA/C3SfCMsfixLR44WXEM0b
YUjI/DrX6BfDXVLjWLUNJcSQHOWjAXc3vkGvAc/a1W10Z9TCDjg4p9j2nw9qBkmKxyqYwD8mMkZ9
K2bgl1ZElYArng1zfgyCGygMkkhLM3zEjk11EbxSwE+ZjcvGRzXSvI8mpFJ6Hlfxi0O51rQpkhnc
lIywRQOfx9a+Ofjj4TtrwwXVnp63bofKvZIOZVz0YDsQMDpX3L47ge1yu1MNhQzdBnvXyp8eP7F0
fxX5upQzWHmArPNEAVf+64x1rx88jH6q2z3eH7+2SR8z+JrS4spjaJq8YnBJiu5AVWROyOAB83vX
BX/imfRpZoNY05rlSrM0oG4oe2GxXpvxasp7K4mPnwXscmXQ5CuyHo6HowHevnj4p+LNR8N6Lc3y
xStbIjFpBkY9yOxr8vxfu11FLc/R6FRxouVzxH9uf9qWw8EeB7qxtdYKtMSghwdwbB6g9fzr4a/Z
p01/Eni648aanb/aPNkJj43EHOec1F+2d8U9R+J3xLbR7S/LwR3RAQscbs9TXqn7O/g5tJ8O2lva
FI5NwcP5fDexBx36V9ZQwscvyu/2p/l2PE+sSxOLk7aJHreiwra2UV87NEY1JMeMYz29+lc1dalc
67Nd3VwEXe+yIsnb69q6zWzHa6Yls7fvAwVkJOW+vpXM3MMkjNbmSJYt+5zG3XPTA9a811JctrWO
mMG58w3z5tDsH1FCyiBAFXIzj1HbFeU+N/tev3jTRQ7VDF3YtgkemRXpXi7VZ4PDs+lix3PglXUc
HgYB+lcHbabdXuiNfSx4k83kEjjFdOBfLUchV22ldHk6293davFpKTusQk8vepGN3XJ7mtvRvDc+
la1eRvcqUZVZFWTPPdvzrX0HwzZxavPeFRNucyDacgZ6jI+lRanZXn2uSS0bYGj2g7sbef5V9LDE
XSjE8WpCPtLlfRbWSRLu1mjKbJN4GPmz1zz9K6OddO8U6CEVQZ2AT5gM5A61S0SaWwCT30SOXG2Y
lSA30rTNjpmn2j6jpUpUtIDhsAAehxXRTbU3Y48TZadEcZouhX9hqrJNceQ24q787SOcjg1rW9zZ
6Np7x6grFHlPlnJyBj27GpL6PVJ7ZtSjgAaMkb92ck96xbyWz1DTJIzKTOVGJCpPOePpzXo04OrJ
XPMqzSjZFTTmSe4mL5Zi3oQOuR/KrSWq3E0jtbLEpOGYv1H07VPoVjbWcZN5KJGbAX587gOvvVu7
k02VpmtDtSUbSEHJx6V0uag7I4+WTMzUrQySIqTsgI/dDPTH0rpvCs0U9nHhiSiEOWbAAB6n14rl
p3uftMcEwOMYWNlJ2j1FQW/ie78N68ba5i3xFM4Xpke1ZVYN/M0pTXU2tR10yasFSSTcB9xkGB2A
+lbvw3vdXvZZ7SAuu2b7zjgY9K5KzksdT1F7iG3XLS5BIGc5BI6dK9H8DadPFrMcisI/MJ2FUGOm
cVw4u1OHKj0aCbaZ9R/s/wBzBcaVayXsyrcQjYxXAII6jAGK+5fgN4jsItPtP9MVZQQj5OcE9xXw
J8P7uHR9ES7355Ut82McH86+lvgx8R3uJ9Paz3HcVEgVB8pxxn618RjYyld9j6/LaiUfZ97n0X4u
kki8SyW4dXQnOQMA++TVa3vFRwElBJYBdwGB9Kk8YrMr2V9FgSTx8A8nOPU8VmQ3MuzzBGzMDuAY
ce+K/P8AF6VHY/Is3oyw+PnB92WtRv7hWZjjymbC44JPc1zHiGSE3EkKxnAGBkd63bkTOdzxhcsS
EcZP4Via7GzjynYjcSAVHGfxrz6jbly9TzJRTVzltVlG9oXGfukc8ioFmkVl8lchuB8wzml1x2im
MRTJOMlcEmqMSrCyt52PmyvHQdquNJydjmU+U3NOvZjgyMCCCAQeh9617C9n8tY5mGQScZ4xWNaA
LEI3AGFwpwcEVqWFkZIo5DHtKjcAx61hPDOKaY/aGpHLJEkcqRg5Yng81bjkUxmcIww2GDHg81nx
koo2MQB3ftUt1doFGHO09QfX1rmdE350yCaWGQ7iNvzEAHsc1Xu1dGJRhx2zRJJAQXU7h3z61FcM
mwyeYSMdCM4rX2aqRujFP3mPkmMKtGHIY4KsR1qdGkZtuAQ4ABHrWVHfFlDh1K5wuepqeO5DRs+c
EKeFPStaLuXHTY3rS5i8gwSE4AwfUU83EbgqWPAwB7VQ095pYPN25JHBFXbC1muXKeVkhQDiuv2i
tY3g77ktjdtEQApOB+YrasrCWVRcbQMjOKm8N+GYnmR7pDjOACOBXXr4dtViBgg3cdjilRpymrs0
VFy1OSt9BN253jaBk4NQ3mmTWz7IW9wR6V111pBgcPDE+fRhVR9PWcSNIgUnrzWtXDJQuhqgzhZ1
WN2ZQc7sNzVizTzbgEr8oGfpV3UbCGKcxb8AnH3e9LpltCjH5j8zYP0xWdJXYcjRYWyJxtxgdCR6
1PLoxmgxn8c8VpWGnxOBIZODxg1dkslx8xAUevQ160cJ7Smo9zlk0pHm3iSBo5VSKMh88E9vesbH
nyIpTkMeTXe+KNJja2aQQk9ge+K4q9P2a4x5GwhwAjfzr5PM8BUoSsTzxuaWi205Rd8nViMgdfSu
isUFuhYnJGcg1haDcSY8yZRtOenaugSIvAX2hSR0Joy5KMtBSs3oMklyzHyyBnA5qjNJJKzRyE47
YqS8uhbDzGY4bqBVVNSiOWMoAJx05FfScztZmlKSkxY44icbPug7c1HJa+dCURlzuw3bHFSSyGRR
hsr3x1NEMTCQg5OCM/L1Pau2lThKOiHKo4sp6ppsSKTKuQOGJPLHtXG6zuidhEcbZMqB2x/Ou/1M
SGBi0YJPNcnrcAmVmYBCTkEDqT0rCvQV9DnqzcmcmZbxLkSPKXJ3AFxyvpmtHQXSTAzg4xhvXOSK
T+y3nlDyZZsAAZ49s1ctLa2smUsF3FsPtbPP41MKXtI2Rktzc0ktB/rIxJtXC5HbNalxA6x73QqQ
BgL0P4VT0aZM4jK4IO4MvIHrW3bu1x+7Cg4XIb1PavNxOXPlcjpjNxOX1GLcGO3DFugrk/EMcsal
g547V6PqOkxyMSh+cDLCuM8X6UphZUYliOg7V5+HwdSMtTGvJNcyPPtY1BolbYmDxytRaVO8mYyG
AcknnNP1TSrjc4wxO7qaSxsLu3dDkjOd3PI4r2KWHlzo52cF8QLWa/cpGVYBiCe5rmbDQrwsqkMT
nqRXf65Zi4ui6oB1Jx60mmaPvflRuA59q+uzWpCL0M8LS0KemaZMtqsasc8EjHUYrS8OeHnMwuHj
Iw1aVtp3koHkJHy4AFaWgW7B9ol69FIrlpVbUmx1aPvI1tB0WCWQSSKcdRgVt6hp0cFoFEfAzk5q
XQrWVHCmEkHHGOlXfEGz+zCshCnHTFc8JqdZI2jBxieda8iQhmyAPrXLXi75MxuDyeRXSeJFjBZQ
2/0U1zSbPOJwAAeSOgrpr1lTjozCS1sDxu0X3gSPWo0jlkOXQY6ZxVszRIdrDbzjPrTipmURK2AD
nrXkVpzs9SLO5zOtWsobcIz97IyKitbdX6YDMO3Y1u63EwTdnp1FZEVrM7EwIcBhlq8a96h102uU
rBBDdhO6nmul0+aQwIGBwQaxm0+ZpvPktmBLfxcA1v2MQKKu0njDECu92UdROEWyxpts0029exwc
1bv0nK7Y3/3iPSrOkWBkJZYw5UjC9Ksanpyxytk4AXIIPWuSk4ObHCLtY5QWDtdowfABP4VpXLtC
i8LkDls9alTT2SdCGByxxz2qLWbSCThui5IVDnJ9TX0uCqPYmpFcupk3N+u9Wt5uj9D0HrzV2112
IQeQ5DHBIKsTzWDq9tPa3BdUG0v0zwPfFUoLu5d2VJMK/fuB+HeuqpUqJHn8rcrI077VFW8zsOVk
24BGMV0vhy7WYJvQk9AScZrjZknOJcMVPynPQ103hdJINvkyF1UcButfLY7ESbRt7K2p7F4Fh3xL
5i7TuHBPtXZ2unxpcKsinKjB9Af61ynw8mVbWNrgDfwASM5ruLGykuJSsZLFh8mP1rloVZVKisez
hKScLnXfD3RLWe8DSDAQ4AVvvfjXsXh+wtoFTPBAAAC+vWvNPh9Y3dmkaG3xzklxjH0r03TbmKSU
L5uGIAwDx619hlmJjB2aPSpYZXv1Ophgt/JETjh/vn0ri/iFYWzhiUOWJy5GcDGBiul0vUYxGxWR
iq9cjiuU8aXnnCRGkK8nB27gPQV6uLrRdNWR3OhHkPCfiDpNubg4XGwYwBjPPXNedahp7rK8bLzy
VOMYI+leueOEDxlm5zwWHPPpXnd3ArzlN5UMOSR+X615F4892fPY2lyyujkrmI8OYmUliWIY5BqO
2idWMizsBnhWH3vc+prYu7ZILhgxJAJIIFZ0kbGQkgsBnBPGK0qP3dWefFXkWVRnQNE+MgYPPHtX
SaBbq7h5kbofmwMj261g6TbiUCPBLBhgk/r711Wkw7CArjI6hhiuRTTV0z0aUUldmza20ewBUxno
QcA1KoQhmJO48EAd6khkR7bIcY2446ZqONnjhLsnGeDnmtKPK7uQPWQmpWpa2I38bOhWuU1FhbJt
xn5jxXTTX0jptkfKgYGfrXOeJUUjcpABPQGtKtKEqbVzjqqy1MS8lEznLsgx/CRzS2Fy8cm1jggZ
4YVmX1yIZG+bAPGabBdeZiRFDHI5z2r5HH4ZwfkYU6qTsdpo88E6qm7DN94t0P0rbLGTYI1XaoGR
kAj6+tcfol1CHULLg7epFdLazlQkixudinCcEf4815brNPkR1p21L0CwFmLRAFh8kpHQe1XYZ5TG
FD4KgZDDPOazFkkZNqnZt6r9fSrZKmNZGyfkyfmxz712U6UakdSOd3Ib+7kjYtszzwv/ANasq61C
3QuQRgEEA8VLq84UfMVX5uzdPeud1O+mZFVHTG/k+tE8MrD52Wm1h5LlnRwuSd2B1HYCrFnNJOQS
3BY4J9a5aHUZhO26Ub8YBA7it7RbtmdGklI+UEMP8K6cJR5yPa3di+1pDPNt3E7iQTkY6VTu9HEO
3y3ABXLgVpQJHHFhN2PuhtvO7u1McvvAQqW3YOfStK1NQ1NYpS3MY6dEy7hwGbgetMXTpY3KnjI+
96VtxWRd2Zohj+PjFFzaQGLMJJCnGCa8urJNNI1WHUlcxJonWPAbbgAbqsaXcSWlwkj8gkhgo61P
cQRooBGAc8EcVTB8uUbupOWwa5YJtpGFWPs9j0Tw1cQq6T7gG4ABbG2ux8P6ybWYozqIj1AbOfav
I7DVZlCIJDtz82K6XRNVkmti63G7GSxPAFfcZPRilG44Yl01ZHsMXiiwuLVobpkYH5Qm7lc+nNfE
X/BSX9laHxpoU3jfwtppM8IZ3CYy3f0r6Z0/UbjaqNcAEcgg9MdfrTtdtrHxXp0ul3sfmQyqVKSJ
x064r6/ERhUpWlutj0cvzOthMQpo/EfSdNihnuNO16DDo5DCQYZee9ec/HD4XaPrcct7ATmPlHTH
I9B0Ffd/7ef7I48J38njjwjastq4JuYohgn347V8r3+mNrGnpasjB0GGQYJA981GX42rRq3TtY/T
cPWoY+gpI+KNc0o2WoGLyCNpYZc4z+FZ8gCLuReR0AGMCvd/i78KzNeS3cUBUAncQvA447V4nq+l
m0uHtt5ynGOa/R8FjKeKpJrc+dxeEeHqNtFRZWjULHnB6+v/ANeuv8C29zJ5T2ce4swG4kgrXGxw
7Jd5Y/LyOa9A8GaTdSRRM9yEWTnarEfjwK2xOlOxhh5LnT6HoWnaLMIGS7y8jx5wcccjr3FQRXmv
2cMjTogCORGgPH596Ydev7SBbS53ltoBkQ/eHbpzmrXhzwzr3jHXU0XR7Oe4uZ8MiKW2p6k9gK8f
ladj01ONtzpvB+qXZsoYZIvMlmkAVIUJJ46DHU17bp3w40vRtEj8R/GDVzp8DostvpysPPl44JHU
A1z2lv4H/Z00xY7QQ6x4leMEsH3R2hI6j1YVw13471nxtq9zqOvanPcTliRubhM9gucAV5mIw8Yt
ze524arUxC5YaI9U1v48XV5YR6F4Gt4tH0qIeWYLMESSDuWbvWPo/wAOdd8W21xqWrammn6arGR7
65Y4cY6KOrVzvw/07SrezuPE3iGR2s4ZN0MZJDSvnge44r0PwF4V8XfH3x7aeHYGkt9O3KZghKxw
xfh3xXmv2jqLm+SO393Tpv2eltx/7MH7P/hP4hfFAWfwy+H51eG2l/4mviTWlPkxDPPloMDJ5PtX
7R/sB+I9G0eW08CeFFikSyiMcxtbZdoYDq7AYz6c1+aPxO+N3hP9mfTtI/Zs+Bnhc3+sag6xSC3U
luTt3N3J5r9Mv+CZvwk1nwP4AS/8V6uh1S7i3z2EKgfZyy9Hx3r38LSj7aFtX1PmcTOc7uR9eXmp
NJayRTTgMVBxwWzXJyDUVaS7upEbaTw7cqPTArYhstWisfN8pRJg7WkI4Hqa5vxBZz3MEjSajkYJ
lxwuegxX0u55UdDxr4seINN0rUbq/wBStIw7yfJs6qcHPXvXwp/wUX8Aab8VrFlLS28Bt8pPLCHC
8ckhefxr6l/aKtNUuPEEanV3kiDEiSZwqgAHgDvXzf8AFu71uDw7fTatEtykwCIznGVyeg+lclRx
qR5Y6HRWmoQTPxy+P37NelaRrM1zpOqx+fvOZM4SU9sA8ivBtT8OatpsrRS2XAYgMhyDg4yDX2F/
wUt+H+t6RLbeMdLhENujjeYcqFB6HjvXx7eazdX0Uay3EhKDGC3H1zXVQlzUlfc54XaTKUqMh2sM
H0pFYAYJpZWLHJP50ymaslhs7m4z5MW7HXkVIumajuEH2GXe5wieWck+wqKCd4pA8bEMGyCDXong
/wCKqyeRF4k02K5W2YBCIwrcdyR1osnuKTaWhzegfCz4h65KI9N8IXsgIySYSoA9SSOK+vP2Av2c
fiVY+OorbVmuI4ZpVLW0MvysMAkk8dB6Vynwq+MuoeJNR/sfw74R82KYbbe4QkANn+Kv0Q/ZG+F+
u+HLGLVLFbWDU4ysq2U5JLL3K152PquK5YmmGbbUZI/Rb9mbwEfDnw5023txNM0lsokdVBG3PAYg
AfpXvHgzSbGNAr6KscsbfLLGChUnqfevGP2cPFkXiXw/DpV5Ha2l5Gm0W4YjfgjntXs/ge/1+wmk
02/sW2ZO9jLuwOxIPaufDOCij1q56X4fkuDYi2+0OGBO3f3P0710miXlxKDbXGGOeq9Qa5jw9PqX
2T/SWgkVmyvkKQcY75H8q2NEF5ayspUqrc4XvXY3Y8epq9BPiM7jRJrq0fDJHgllyD+FfJPxW+I9
lqou/C/xD0C01WyMmI57d/IuIwOhyBgn8OtfWfjSRptCaS2IZjHhUk4BPce1fHPx6+F2m+MDd6z4
Ov5rfWbVmN1pk0xzIncqf4vX6V4vEEpxoXir915HucOez9pabseT+Ifhb4O+IFnNp/wt8d77gMxG
heICIpcn+5J91vpxXxv/AMFEPEniP4MfD2/8KeKNHl0y7W3wIZoCC+e+e4z3HFfTOsLqWhW097ey
tHLGjMGddpA6jkdT7V8L/tuft8L50nwv+N3hGHxh4blBQx3Z23Vsv96CYHemOuM4r4LCUKGNxcNO
Vp/0j7bFzqYSi+V81z84vBGk3Hjf4mS6tdOzRLK0m5T1O7+VfZfw0tH0/TI7uSOONTGCF3gDrwTm
uQ8E/sp+FtY0ZviP+zt4kk1nRrlxNd6TcgC/sozzhl/jA/vD8a7izEEUP2F0KLAoRTtzkgcE/j2r
3M4nKrVjFKyRxYFQ+rrl3vqQXupS3+pTteQibY58vLEKwx1JzwKjsIRfyveNF5KQKGXZjDDuMnrW
g8NvrMZXT1AjQb3kzjd6f/qqrrV9YWdhJaIrBmjAk2gY/Q14jqS9pyo9KMFCDfc5PXvELyXLhY/N
iZCrDdgdfQdK5fW767t4p5oXQIDs2LjKfT1PPWtrU7FDqbtKUSERZMZXLZ7GsjW9HlttNESQMhnK
7iBgNkdR+lerhIxvzHBOUdjO8N6rYrJ/ZcDICOxIUtz1yai1fSzd3UsSQoElJX5VHBBzxWRe2d7Y
60x0uxfykVWYtn8etdX4NeS/0Oa48pfPM7FTjbgevFepTSprmRy1WnsZKtLFoY0RoUABGZAOR7Hv
+VQWmnTea1jukVmG3LAhc46jNbsUcGpvcJd26I0WCHJOWOeOBwcU0aSC66jcyAoQW5HPH8q7KNW0
m+55uI+GxSsNJ1K3nuNN1UOqFTvJAAbjqCRXPav4fubdGs9N3Nlsxv3U/QV6DfQzavaRXtogDIu2
UKgLKR069azLxVJhur+OLKygSmROf07V6dKrJNI8ipuceJLW3sDaalaMWyQxcY2t1H41V/tqGxu0
fyApcJ5WRgN65NdN430a3MCXVtEZS20AA/dz/OsDV9PkuYhZvFHHJGTsUkEn/PWu33Ja3OR86mrE
XiWR9QeK8V9wUjzCg7D0OKyvEVjb6jaPqUMiMbYZeIYzjHUe/rWhod7bJdyaTrF2E3AlCcY+tYfj
3T/7MuVa2ZRbZ3EjggH+dZScoOx0xjGcrsXQJrsXYKQyJDJyjCPnnseOa9d8JJqTWsF++4mE4VWb
GB7dxXnPhyK2AWAR7xIVKkt1z/OvTNJuDpaJbja3nBQpUdD06Vw46c2zuocsY+Z6j4Y8WMcQq5eJ
1I2qeAT0b3r6M/ZY8QiaaG2kfzH80AnGTn29K+UfAdjNPqZM0GwI+zcCCT3wM9uK+q/2TPDQh8cD
ULdCYp2/1HfOOvtzXx2aVFQoykj6HLJXxC6pan2hq7zXfh203zZaKENuK/496wY8W/339QoAwGHf
r3+laV/emUiwl2qI0AzI59vzNZl1NHE/mTR/6o5Vc5x2IxX5tVnKU22fnnEFWlWzOc4rQfNLIjJh
MHaATjk/h2rM1ZWIZWLux5ctJ97HQYqeW6jkYpJHhiBhiTk/jVHUJl+ylI0Y84c4rzp3vdHiTkkr
HOalHHK48tjgHC7l6k9QfasmaP7M+QcEKVwBkYJ5rUEBa4HmSNGDJyf/AK1Jq+mIF81I2I6EgV6G
DTm02edLd2FtSPs4WKTBGA2a2bBZFUxsmCByCKyLINDvJjGQcLn6VuWdw62xkZctgcnqeK7Z0YNb
GZOXCIC/JP3cHkUk/mOojfB+XAOcVG8hCBkXD/Spi2+3OR25GK8errob3RmXkDowcEAHqM8CqM18
NpjLLgdSTip9TaWWIwr69c9BWJJBOZjtjDAkck9q52prQUkmWbcMZmHmjB69+K1NOfcpdSApHcc1
iWsgaUW7nEhzwo4Nb2nWMbFFDfKR0HsK6KMHFMdNts1rFGY4OSB0Ld62dKEiyDzJMDP8A6VkRW80
MQMjEgDjA61saDc7ZCtwcgdOK15knY66aakdh4anEU21WAz3YdRXYWb2/A2gMQMkdB9a8/hvhC6s
DkHuOMVvweJIhENmN5AAY9/8K76Dtuz1KVuXU602lm6AZBYZCjbWFqVi8GX3hQR6+9WdP1yKaNfO
YYIHzA8+9ZviHVbWUvbRvjHO4/XpWuJqRcDqlCny6HIeI45HuyyyZAbIIFRacHRk8wZYDnbRqdyV
dvKcEN1qhBqRs59xf5e+BnFeSqnJV12PNrQjc67T5yy7VYnJG0Z6e1bNhMJYvLwSN4zxXIabq0TS
jaRuzkHNblnfyq5cvgbgOOv5V9Rgq9KcY6HlS+JljVrCBYWLLyOT6cdK8z8W6aEunMagnknHHJNe
jX16XXJYlQcgEZ5rk9ftnv3MUKYMh5JHNTneEjVoNxRlBrmMPw/M7zLHKpVV6nPeurhw0e6MkgD5
snk1leH/AAXrU1x5ksYZPTPauli8OXcML+ZEePavi6FGrCoux1ThOUdEc3rJP3F4wcisGa4wSIxj
POO9dVqulZVxt6DqRXH6hAbaZvlbK8g4r1XUlYxbcS/YaoNpiPTjpWhFLIybomyD2rik1N45iS56
9q29J1NzENznoeT2r1KNWUKdzJ1ubQ1bmacW7SFmZSp+83Ssm/8AIfomBj5gT1qzNfrt8sH5cZI6
1muhkc/vmIz90Cs5VnKQrXdkV5HhjlKyD5GOEKjoaqXQXcUduQckj0/xqTUJJYpSolHqimqsUmZj
FKQI3POfXuK78HaUtSdja0W/VmH704RQQzH9Peuk02+AzOsWCQCWAxXHQP8AZkCyLkEfKfQela+n
6plERJNox91utdlWEQ6XNa/nZmLDliOeOK5nW03RORw23nP8RrXe+Ykh2/EDNZ+p2wuSZQQFAzg1
5sKUJSG0+U4iW2Db9xOSe9VoViSbzGQ4H8QGetamu2ckMm6NOAeWzVGANNsjWboTjA616c6EHROd
aPUx59CRpHQW4JBxnFLZaD5Mp2oDk5JxW8og8wiRc85OKdthj2Ki/wAPT8a8bMMY6rjynVQ5Yow9
QsIhiJWKkfw4q3oFgyT+bt9s1Z1C1SUbl7c9KnsWjtrYZUg4GSPrXQ3KWFQNx5jo9KbyyV83BC9R
9KoeMNRiii8oSjGOtJZ3e9CWkAGfveo9KwfF8zFDl955yRWGFclUsVUa5dDk/FN75aM6ENk4znoK
wLe+Xe0ZIwevFXtYEk5K+YcY6YqjbWAQl2j3fXiunFN8tjib965ZvJ1eNJU25XHWmWd0rsSzfxdj
VLVvNZdmABnoDTrO3mRR8w2nr71ywi2ncS96RpajGlztdCCHJyPQU6y0kL/qlDADjAotoEEahlO7
bjOK3NMsmkTEOA3riuP2a9pcu7iUH0t3hHy8jHUVd0jQl4zEOc7s9jWxYaQ0oYyD5sZIx0rUsNHC
LvQZGPnB71GIl7mjN4a2KOi6S8bSIY+2CQKl1jTI0jdGjGFHP17VvWlqsW445BB24qtqNurXCxNH
uDHlu1eXhqrjVuzdpdDl/wCy8qr+WEIY8gfeqrqOmtEC8j4Z/l+Veo7V09xDb8AISQeB6VT1SzjN
s0o4AB28cL9K+qwNaM5JIdaKdM891XTVmnKFTKzMQdo56f0qifD0SwLN5G1gcN8v6118mnhnUQxE
ZOWkI4P1p8ujubcogjbOcnaa7swrrkUbHmU6TbOVtdLCxjAVlHQEc8da1NFxBKjIDu3ZBxgfSr0W
n+YCE5yeeKX7CYiAI9xJ+UV8diptyNpKy1PTPhzcCby4ol+Y4+Vu1ey+DdNAzuRWYgAIGG4Y614f
8LbiYSRySAsqyAhsgZHSvd/CF8qReaoXEYU7ZMnjPauvKqbVZNnoYSpF00kzprW/n02Xy1JHJChu
hFa+leMLcKXuJEIx3k5G3+VclrWsR3X7qA7gOxXGzH+f0rHvruSzjB3F0XksxwWzX1Tpxg/dPRp1
9T1pPHtlFaM0bg5++inoPU1z2v8AjKynjfYTzljzwTivNJNb1BU3ec5L9UB4AFU59V1GSYyyHcpP
CjvxT5ZTjdHXLFPlsy74g1r7VPJ5cWEB3HB4NcvqUKzyNITgAAqO4xWu0ZaM7Gzu6Ke3tVK6tQIi
4A3E4Jzziqpw7nh4qfPI5vU4HmH2k5+QkBSvU1hajclJFRwQDzz29q7LUNNkmt2jjDNg8HODXK6v
4b1R5g6xMy9iw6moxCbWhxRi1Il0q/jWdREowSCCf4a7XTWhWJSzgsR8p65rhrLQdThkDzRMuD1B
4/Kuu0mz1CO2V5IGIQcEDrXl4dzU3fY7VJKJuC4hEYlRMHONvrVO81V0JVlxz0BpjyyY2MpU44ya
it7QXMu2QAkHHWtKlbldkK6ktCneatI6MSDgH0rJ1O+Mi/dxx1rpNV0hIRwgxWLfaIzKTGvaumFR
yjqctWE7HJ6gAwYyN1bioNNtnFzh3YLnjbzWneaSySMZ1Oc9hTdKtBDcEx8jP3e9eTmcbwOFRlF7
GtpcSworuvPB4+tdHHcQC3yWCknd/eOBWNbQPJB5bRrx6HnFS287RK6eRjC8kt2r5RU5Jts9GJei
neI/aACyMfm3NxV/TbwXBAV87seYMdPTNYV5eRJERDlAGG3I6VLol9JFOZYud/XdxmvRoVXTiU4K
WxqavBtDl2HzLyv90Vy2pxqVXbuHPAFdTeSCaBZWiwW+UnPese+t1kAZAVJOXHvXpQXtVfuROPKj
lLuOUSDy4wrAZBJ/l6mtLQ7p1RY5kAPTn65puoWiOSHQnD/L70y0RIiNzMvO4nGfw/CuuhTVGLuc
q+I7Wxlea1EhkBzwAoxg05Wac7GjETn7zZyMdqxLXU2wWiuiCCdoxweKu2+pwqiTSMTuxuJ4yf8A
CuDF1E1od9K3U0zmFjB5eTj5mNZ2rXMMKkQL27noaWfU8h5I2bLHoBkVk3141wTIzbiyE/LzzXjS
fvWOxyiojLi6kuARM/TnHrUMZll+ZSAADvqpcX9tBIUab5mbK/L0GKdp86yDcXwHJJI6GtKNJ+1u
cFdpotJftEwQKRz1BrodH1SIhWLhSF+761zStHLME3blYDHFaNgI1O0AkAcCvpsPi1QirdDihCTl
a51UeueYgHljeoOSG6g1uaDqCXBxMeigZPP4VxVl8hAU5Uvgrjvit3RMIjJHuB3/AHmbjpXorNZV
EejSp8urE+J3gvS/HWhz+HtStlK3KFIw6jn86/Mv9rn4AX/wR8bSXWnW8i2MrhgwTAHfBx2r9QZZ
Zdzxhww83Kbs9RXnHx2+C+jfF/QbnS9ZtI5XaHCuANwx369KKOKftLnv5Rms8DXtJ6M/JbxJpn9p
WbzRSAKYud4PJ7V4H45+GywXE+qRw7g7ZYBeQfxr66+PnwZ1r4O+Jrnw7f2bPbOzGB8YGPTNeR3m
g29wZkFuCGwNobA29zz3r6/LszdKKaZ926dPGUU1qfKE+nzWWoNE8ZIVjnjrzXpvgJoJxHp5R98m
CHTqPb2p3jz4WXkevNJp1hNJ5kn7lVHJ59vWvQ/BvgzwV8GrFdf+KQ86/mAkttJhfkdgHP8ASvtf
rMcVQTg9T5+pTeDq2ZpeCvgjr/jTVft5cWGkwKDdaldjaigdcZ6nmt3xj8V/BXgSxPgf4MWxzsZb
3XGOHkPQlfQVwHjj47eJ/ildnwvZ3Y03S0J2WVqNiqvoT3NZMnh5rGwNvHeyBxg7sD5h1H4VnLlp
2vuZU6c683KpstkSan4thsHleO8kklkPJlbJZjzk5p3gvWr281Em4ceZJw+0YPXjrXn17FqNxqks
d0SNrAjzVJJH4da9I+EWgtdg6hJKEXgRqAe3Xr61ni6VGGH5pPU9HDzqSnZbHqlnaav4tm0nwXY2
4WTKrGiHgsf4m+lfR+geIPD/AMCPh7K+lOJriFfLaVD81xc46AjqAePwrzL4LeGZ9M0mTxK9uv2+
+/cacrDHlq3LSZ9ga9O+FuleGvE/juz8JfLfrpqtPfXDr+5hVTuZh6t7n1r5+n7zbOrEzslFbHa/
A7wto3wB8A6h+138a7jTz4q1bjQI9ZfItFPJl2n5iw7Yr9B/+CTXxVHxI+Gt747vvEtzq5vbp3+0
yweWrvj+EdSo7V+XHxB0qT9qD4pjxJ8VdVntvBmk3QtdMsRhTekMMIijscYJr9Qf+Cbc3h/WrG4s
/BHh1NM0LSkWz0y2VCoIReX475798V72Cn7yjFHg4qcW9z7B1rxT5elM8F2oZ2AChTu6dMdq8y8X
+J9c/sua1nvIXllH7q2jPzLzjnB/Gt7xjDqNjayC3nEhdWJKkkgY5xxwa8W1/WNKttMvrfUJZVkx
iKNDmV3PQk9ucV6lWo46mNCnzbmJ8R/B1rr+gG/1y9aOa3ckNAvzk8/KAa+WfjPEusa21nfLcfZo
0YKg/wBZHxjJB619Ot4wsdP8GzXes3kz3AiH2aDhSOud3tXzN8aNb0ewWTWbW1MlzdFssTznsB2r
Go04qUSGr3TPij9qn4R6Z4u0+58OvqM32Mhnee8bCgg8DBr89/iZ8JdV8E6xPbQTRzwoxKNC24AZ
4ya/RL9ozxHdxaDeJcENPIpJQMPXgcV8a+NvD97rc032aJlhAyyzPkueuATyBVUZPm30IpQ908Ga
FxgMCCOoIprJtIB/Gu68V+Fbh9OzHYLH+8ygH3wTgY9xXHT6fcxXn2I25MqttKDqTXde43oQIqhh
gVqeG9I1HxBfLY2SFypBZRxxnmu2+Hnwmn1DR59SurJmmjTDJJGf3f8AtZ6Guv8Ah34A1HRbyPXD
pFuyLMIxKs65Yn1UdK554iC0W5qqUnHmPc/2M/h5e6BpFvqFxpyywlwiHg5bJ6jsa/QT9n/Rk8W3
qWVpqhtLxkGFmyuxgcgH2r45+Dznw81nHaNG0d2qylQCNpB5wemRX278GtSe01jS9Z0Nba5imiUX
RKjehHU4zye5ryalTnnrqx0YXle59l/s8/Di40/WLbT9XvEiugfl2/vIyoxgh88ZzX1B4I8P2enX
U1zducsoWWJ3BV8dMHrXg3wj0mC9ubbXY2a2L24DmM7kJwOmOPwr2/w/rV/bW4t5BFv8vLq6E7h6
qR0r0qFOCjexrVqycuU7eyRIz5dvJ5aE4jY9VPvnjFbmlRTbRJdOvmryCAQGH07Vwul6he25Fws3
mQSDEiuAxA7YNdZpjzQxmRJSYzghQOnHTFL1OaacSt8QdRksNPbdbb0I+YqckD1r5u+IuluuonWL
OLyDuEkE6NgMMcsuehHQr3xX0l4stbXVNOawvcKsqkLJ1IyK+dNf0TWPBniKXwr4svVvNKvixtZn
DfuTj5SCOlePnl1TTaZ62R8qk9T54/aq8M3V54Ku/F3h9S95BETf28I4bI/1qex78Yr8QP24ox4i
+IKWk0+yaSZQRIQd4znqOn0r9rf2ovE+vfB23uSskcX2ONnjVmJW4gxyvuCPyr8Y/wBtfSdO8VfG
i08eeCpo38O6o29DARmCYn5oz6YPc9q+VwFCMa7rJbH1WJrqpKML7ml+z/BrngeWy1vwtqEttMig
BoJduQOoPqK+hbm28GfG22Kxz2uieJ1HKLgW+ovj2xtc9PfNeO+FNOj0DQLVZoc5jUR+WRyfT8a6
bRrKaa4OrGH7O0eGCA4x+fWuetimrqTujujho3TWjRH4i8P6n4XibRJLCSyl3lZUKkEYPcflz6Gs
yLS47uUebPFIpYl2LA7T6e9er3+pQfG3w2fDtxOkHiuzhJspm4F5GB/q2x0cDp64ryW61CTw/A2n
arA8UiZWdGGGB6dPXiuGVKcbSjtI6oyilae5zXjGOysX3mPgzBGjCk5HY59Kzb64Gq3Ec1pExWIA
MqgnHvzU19etesHs1DusgMauo6Dvk8Yqpa+KY0vriMqiOow42HOfSvYw8eWCPMrr39BG0yO7nkuS
yoVgZXTZkNgcCs3w7ZS6dpskgdVjydqgHqR0P41d1W4kt7Wa3gtzJK5xuVyAoPfmqmjXrQvDaXDk
rECJF2jAB7ZPv3r0KafIzjlNXLNnbS3l7JOAnl+Vt+bkZH0pdOiu0hbfbLsOSj4OWAPTmr17aQ2u
qW9lZsVW4ZSnB+Yd+TW/d6Q9jbpGtofLLckL78gA11U2+VKx5tdtN36nLobnR3j1AKTDKcnd1U+h
PeprzTdDume3aB1E53JnoeMc10TabYT2pt9QRwR8y8KCB7Y/CsLVIBOAxm80RTFX45Pcda9Km5Sa
sebU0OXvvMtLp9MVPMaJs7WB5HasPxRL5hivQoBKkPgcqa3fE8fkLFqKwGOU/KyBgc/jWTa6Xd6n
cfYp1wSd0Tt1OevtXc0krs5YptnE65aXbOk0C7SrjdIo6rUxkg1e1OkarbjIXKy/0p+pwrb6u+lX
RMLIT8hxyc1g+I7tbC/aezlZVXAcIVIA9RnnNU4ua0NYvknZmhpbPoYkt4ZFeOR8xDd0PrntXpmh
x3usx21wlwVaONT8x4ODyue9eW+HrwaneQ+UjGFhn7mQR1/Pivd/hT4YS9vreC2id4pW3RuRtwSO
lebmM1Shq9Tvwl6jbSPRPhV4WluLiO4vYQqupAKneVNfWv7KWgPaeLYopS+1BkM+PTvXivh3STZy
xafNbhJlUkOoPzEDvmvq79kjwhLdaNLqlxZJv7Db3xX53nWM9rRcT6Kny4LDSry00PQtZfZcFkTI
Cn5c5+XjvVC5vnWMiTgFfmY85OentWtrlu8EgikDZXucfNXN6mjzM5iyoc/MV5r4iHvs/I8VWnUq
ym+rJHu/tEoRGx8vCjpxVHULwtCcRyMmOx6UsUc4ucyDaMZY+tSm1KbnkO84+72+tZzUY6HEnKUj
ItbSQvvBP3Dhj1z2q3fgtGYmXeTgnJwAaktwiPleBg/nmlv4HHy7h0yT/SuvCzVOyRnyPVmfGIQm
1Dhs5bAq5az+dH8rdDj/AOvVSOIncVYHC5OO1TQI6kMp4x8x9a6q2Ipp6k8l9S1c3ZCqqqQ2eoqz
BLJKBEwwO5rPlJWbCH2HtV2zmPkgSemG4rya1RFRV9StexRDIXDYzzWd5Tpv3psz8qH1HXNa9zCQ
ckZQckY5qrdxGNCf7jYBz1PpWUUpq5Mpa6lGGPc6sozvbnHGcd63NJQSA/uwpX0rHtlMkoUAHb0x
W1pMkaSYOYwR83fNelTpxVO7KpyXMbEKLLGAu75DnbmgbY34LLk9T60y1uwZSXCqRGetSzW0soJV
MfN8xHcYrkqqKV0elBpxTsa9nrdu8awSuhU9CeoFWP7bs7WAxRncd4yD3Nc1/ZNzG7Shjsx0U9qo
zf2tDI4fcAUBGT1GetaYecmtUdbn7JK51s/ieRDjfsIOAQ1Z11r1zNIZHnL8cqDXMf2rMvyyEuzY
YsR0qZtUiKsyIRz1q8RKXLaJLr6WualzqpuHCCTHt6VKjefF8iDjhzWH9ui8/lc8847Vp6fdKCQp
YgDkHp7Vz04qu/eOOrULdmboTgRLk56ZxXT6bdTgbhzuGMH1rmtPmLXAGxvvcBa63RHhdSoXHAwV
HPXmvWwmGnRknc4JSu2x8Ecl2yxIhAZuAD0HrXeeEvhpb6nGk1wgLdfmj5x61z/h+xgmvE3joc4H
f6mvZfBUUGyN3TbkAD2xX0tOMa0OWR04PDqdVXZnaV8J7OEIEgztJwSlW9R+FaSxMnkBeByFr0W2
hgEYReSe39aszG2WIROn3Rgms55Xh1G6PpVhabVzxDUvg5bMdrW/X7xKda4bxz8GIEjciED5cKAl
fS+owQGMuI1wBnIPSuG8VPbywucD5lIHOM1l/ZdBxvY4sRgkovQ+KvHfg6+8N3rqmdoychTg1n6Z
qM75jmJA3AdevFe0fGrSLaQuSPlwTwfSvCbi4MFw20ELuHPtXlYzDOi7RPmp0nCbRsDWCzeSp27R
ggHoat2EhYtMWYkLnA7iubgCm4BXd5jgbjuyDW7ZTiEqkatjGBk968mXNTlqbUoJhqqt93lyT8rY
71lxqGblyAXPCjI+taWqXZePdbjhlxg9qr21pIoGWAJTsBivRw1VxZrKkrFK51kxS+UW3EN27e9T
WeqFpN+WBDZGRyaqXOnb7oxs5YZPCjAz7mrFrZsgIYYK+g6V1OVSTucbVpWNlL8fKd+3I+Y9Oal+
2rPE2yTnOOTzWGWH+qO/aenFJvJlDpIwxweK54zcapXMrWDxLCpjYec25TyMdaytLQC4ckBnDYJH
GBjjFaF5dnezTzndnrjIaqFyiAZSRVHsCQvuc9M13zxMFStc5pqzuZ9vM0T+YzEqSMg9a1VWO5j+
0xbQAMbQawrNmuRsukY4OQR0/E1rxXkFrZlQ4255HpXi0F7amN6S0ImuYUPl52nHPfNTCW38jKnt
WTNf5uiAvGeOKtWr+aNjKNv9719q92nRbo2uZSnaV2WxMI4ikmQDyOazNdlVx5QUjJ71du0Ujap6
DIJrPv4ZZNskrrzx9KyVH2bVi41bo5yez+0XGdvKDt3omtP3BUgcjtVx7WWGYkBiD3pJyjLgKQMc
ZpYqm7EXuzmNSg/eBEPQ8k/Sr+iWgl2ROvNLc2gnlIA43cnPStXw9YF5kYY6VhSimiaMm3qXrXw8
86BgMA9MitLTtB8rD7Pqc9a2tN0xDahgg4qYWPlQhi2M+lefXmqbaOhpXI7OxwRGxHPUnrWtZ26w
xsGiBCkA+9ZwM25QCD74rVtXQoA0wzjnJrzqvPKkXGSRFGYY5vkbPUnnHNQSwrdXAkVTkHOc/pin
32yImSI8+3Sq1tKysDuPWvNV4zszenOMtxupWbqzSZIxzkAY6VjTmQZVAGBGDH6H1FdDfGWQeWuN
pHPNZjWcJbKkAg9PWvewNRUpJsU6jloZTWABWN4xliMrUl5pK7sI5BI6VpfZY4/3h+YnpmrPkFxh
jlT/AAnvSx2YJtCpJLQ5g6U8JUhWIC9eOtMe0891Az8vIy/f2ra1qGK3i/cwkEvnrXOx3sq3uHPc
Yz2rxJVlWloZ1Y8p1XhuZdL2g3HzKQNlei+GPG32OMKxDKW6E/d/PrXlllMZFWIOpfOdwPLfhV/+
0JI0MbycHgmuyhXlR1RnSn7N6HsKeJLe9m3NMWU8sm4kE9ualfUre6GFbcyn5gw6147ZeLJLQgQy
PhFC7cnJIrr/AA14je9mUXc204APPWuyGbr2iTO2nV1Ozg08IqN5hCkkGmXFpEmAsRwAWzuzUban
FHHiCQDj1zVWTVYJVkCkbzy3NfX5fXpOFpMqpiVNWZFc3yWjBMZ+bOexFDTwyJ5UUGdzAnB7GszU
bmLcVyvOMZNangYRarrkFvINoDjv6VvPlUjmVRyaSO5+HHwU1DxbKLmcYiYD5duSa9c0j9k2xawA
ksVIOSo2A4r0H4H+HLOKzjCWqLhFG4rxXrmnaZCkYAhXkYOD9a9zCZZTqU+aR7mGwsXG7R80p+yL
pJtS72Kbi3UoMmrUf7MdjZxhZrIFegyvFfRv2WIHZI+P6CoL7ToniPmAYzzzVvKcLGF1udkcLTb1
R8bfEz4CW2lbrqzt8bM7wF6H8K8hnt10u/khmQgoD09a+4Pihp9nLZy+VDkqp3HOdxr46+M6Wthr
r/ZCinLYAP8AOvlM0wcaVX3TixeFVGSkZdrbtquTj5eME9qvy+F4EsXkmUE44OeayfBurxSXAglO
0HqM1ra/r3mW5hjT5RkDpWWFhePvMzUISgc1eeHmkkcQjcCuNpxXPXmkNbXJTDIVIGAOua7PTpYb
kPl9oU4zis7X7aFpgEZcqc4Xk4FeZmXLO6R52IpxhqjBheUZ2DGDzmobm4dh+7I3clgfStRrSCM7
ixYMMnjv/hVO40e+uwfsNszENyB6+1eC8NNIxTk3oZE+pu8aq0pJBz8vGTV2xu0MSyFmOByPSmRe
DdeadpHs2Y/xHBGea2LLwFrT5Mdmyp0BpVKMlpY1hGs3sXdKnjuYPL3hiRzu7e9K9opjKxkEjnJq
BNH1vTZhvtnRQcM3XNWDcGJSrDkDDE16+XJ8lmZ1m1uZGoWkTFlGc9flJGKzntGgYxkKdw67cmtt
o8y7xJuDdR7VRvUkLsUQDA/iau6vByXunPBXZBawyGZVbYq4wCTn8auy2flRGBYyyjneRjP0ptpE
qoN4LMpPbgirsSM9o6FG3ZLYL9AO1eXVw0rXOqnruZUl9cxxliuCrZIXgKPWs2/uxCnmNKcFfm2n
jr7Vq6jEIkyoRgE5LAfL6j1rmdcmkyVyFUEbXC4GPXrXl1KDjO5pOSjHUz21FnumCAsARgseQPar
0upvHIIkGVDYYqO1Y8pvokE0Kscnqw6itCySKdVd5fLfB3bu31rsw6TjZ6HO4qSuX47zyyhkf5G+
6e9ael6pErFBJjavfvXNTkJG0aM4A6En9QPSlt9RcXAZ8FVYDIGM1GIbi9BQcoyuz0HSLiGaZC04
55UDpmuiiWKS2RbfEXzfMepNee6RragBY+Ap4yOldXpd+1y4hVQuQDndVYOctbs7PaLlubF25YCM
4BK8lRxkd6hgvIlQH5SrMoK44z9O/rVieDzoTEGB+XnNVLvT5QhmZQRx5YX+H3+terGcYxbRjzcz
uea/tKfs+eEfi34aninso/P8ktDIV5LDtzX5r/Fv4X+JPhF42k0fWNLKRGTCyOnGCO3rX63xwl4c
xEnOdwPAK9/rXkf7SX7O/hz4uaI5msB9oVcwzIoz/wDqqsBmcqFVxnsz6nJ84+qyVOUtD84o4NK8
PeHZPEp06OS+uISlo7IAIwerc96+aPiFqN9q3iS4vNTv5JH804lcliwHQV9b/G34S+IPh1qh8Lam
8jJBIwicqcFfTOa8E+Lfgyx0q1XUFt3DuPn2nselfqeQ46nOKSZ9BjFGrFVYanltrbrasNRicbsj
AB6A9z2zXRarqMosIpZL0E7hvcMTge+Olcvqej6haW6TwWzsnm5Ef91R0yc96vLO0mivM6MpRt23
Zjr2z3FfT1IQklK5xxnK1i/pWNZuIbSXY6ByGYPn+fNev/C/waH1S2sI5RGGQZIB4UH2Hb1rwbwr
fWtjqSl5Mbnxvx933GK+ifh1qltpdosiRiaSWARo5bdlmH868vMeaKtbQ7sFJWZ6S/j7Uxpl5caf
Z7LO2h+zWoZSeRkMenU/0rtPgKlx4d+Gep67dTfZ/wC1JNtxclcFIBywz715/rWiXMmn2uj2TJHt
A3c9XPUitL4yeLr/AMOeFdN+Hmk3SrHDaK96S5OSRnp3614EXad1sdE6cpwhTjvI3/hR4vj+Pf7U
mjaFDMLXwz4fieZYFPynYowfqTmv1s/4J0Ppln4b1S50uYP/AKR8kSdIFPRcY696/Kb9jjwt4c8A
/B7xd8VNet1+1Xq7LJycFI0J+YemeK/UH/gkzoN9F+zNJ4w8WQXC3OtXL3CmVuNh+59OBX0mWJKa
fc+bzCUXinybLQ+hfiFql2qNDpcnlyup3SBSSPevIvGGp6R4ds55YYUutSvY/wB5dTx5eMZ647V6
3NZPrloYWVo7cEl+clceteTeMvBOmrqMviO/8QKkaBmkLy/LhBkLgfSvQnTdSWpnSxKp7nnmv6po
Y8GTW10pkJyLi48rk9eMHtXyd8eNdi0a4cXkM9yGBEJTgQr2PXAr2H41+P8Aw82lNpOlCJTPKzve
F8F89MD8a+afit4vvNSWXTIkFx9mGyWSQcgngE9M1LjZJGNTExmm0eH+OWXU7pvt6YRWJLO2fpnj
mvF/i3pdpcW4XSJSWjk3KFwCBj0xxX0D8ams7O9tvDlnAJJViRryZBkksOABXn3iPw5p8U9tb2t1
HaN5JYpJwWz1NV7JQnuYLFJRWh8vahOZ72Uy6HK8BVmjkk4PT2NUdP8ABCahrlpOsDrJcxExz7sb
Md345P0r3/xLH8IfCVmset65b+dOoKHYMbs8fjXPW/jz4QaOqy3yKY7iUxrvHzB89QAOBXXF2Vge
KnJ+6jl9C+Ic2laeNDksppPs8eySZovvAHGc/wAQ+tei/DLTPB/iqa2e5sMNL8tyhJIUkfK2B3/C
oPGPws0HU/BP2jRdatzcXkyzW8W9RIIyOAR71d+Beh3XhXxDpqa1GQlzKUllmiY7Dgj6D615lXDz
b5o7HpU8woVMPZqzPYPD1tor3Nl4asvL8y1gICTS7XfB4K/4V9afsj3WgLNb29/fPBfxSjaZDuTn
HGOM57g18ZNp17aa9OltaIbqBzJbq8nEiBs/ISeDjtX1D+z3Zw6/aC80rzLbUXiS6gmRztTjLo69
+lYxiqdROREZpr3Xofo58Df+Eu8Pys813Gmn3ABRW/5ZN0yAeg+nrX0RotvJdeHUna9jU52Flfd8
3Tr6d6+Rfht4z8Ta94T02x0XUp7i8WBHuI4W+VwvBZSe44BU9c+1fSfwtub22s4tPubCRra9hDSz
Kf8AVsOSCAeK9eCSWnUe7uel6Bp15p+l4vJzdRuMRuE+bjr+VdVojGCAPChWMoCpcH5vrmsbRrOB
7NY7eSQFvuls8n1zXQWduwj8toSAvLMO9RZGcpqW5k/EG6NvpTMIgUkGDIWwF46+49q8I8T6prWt
wz+EPEEMb3MMbS2cyE4eL8a9k+M+t2eleHmt7tMwzkRrkgAE9yc18+6/ruoW2jXWn30RNxbvI2nz
TNkEf3PoRmvDzuq7qEXue5k1O9Nza0R8D/8ABSj4kN4o0LU/hrba09r4n0q2kl0NozxeQqPmiOD1
zyPrivye/Zi8R6n4q8Wav4B8cqZLS+u2kjMyf8e9yDwQvbkY619b/wDBV3xb4v8ADXxq0vxfoVxI
IUnaWKRGIAUEZGevXIxXhl94N0q28Z2fxX8JbVtNfCzzpF0iuQBvTnoc89O9eRb2GGlH8TvpTVXE
pN6HodtaHTrtdIuLVpJLfKtIi8dB7VpXsxsNMwsZjdlKRlfmYDJJ9cda0fL/ALZ02x8QNb+W9zb7
SM4ww65JFYfi2eSD97ZOSwICoigc57ev518rKLlO3Q+qpSSjd9DBTUtU8PXo1mPU3jlibdDJn5ic
9evGDXR/EOfw/wDGDwmnxH0OEpq1qRFr9qnyknoLjjqD1NcJ4yttS1ONJJrh83ByUC8L/gRiqXg/
xLqXwy8ZWs0IFxbyoYr63YcSxnG4EfTNenhoR5OVu5z4nml70ehmzm+trlpMFUJO0EEbh647Vz9h
cS6XeXOpXkvmj7Thn2gDp0wegFdt8VdFfRvEDLp1wZLO4XzrMIM7o2GQPrnivNvEWqSsJYz8qg7S
BjI9ua9HDUXzWZx1K8ZQujXh1tpdSumuD5kJ3eWMHrxipfCOtWg1h1uJdyPJtkEoGQSMjrxWSLOW
30FZLGd5yzD5xg/hn2p+kWV15P2wzcvJhspgrgnhex616EaUeXVnDzX1R2M9xFLdQzySA7JCU2jJ
HPArs4tasL3S0mgmCzpgEsCceuCf8K4jRGijlijkXLPlnDjv64710GnxadNdxWSXJhkcEoU5BPU5
pU4uDfZHHXam7FnVP7Qv7O116KJW8tgp29xzUF54bntVW8t7sYnxJIjDox449a1LOGO3028s7qRi
DyASRjHpxT7OazutMQhyE6qdpORmuuEpJqxwVH9k4H4l6C2o24ls+EVstlhwQDyMVxNnrMtnCkEr
Fbi25J3ffA5wa9U16ytnmvdNYbgFLQ4J547dea8r8XWVmIJmt8xSovzM45f2xXp03zR1OW9noc/8
TLdb+5j1izYNNIAzyEAHA6VyOrWdxfafJcmPaQc84zjGCcexrbtL86tbSadMrGRC2Ds5OfrTdM0K
91BX0x4BId+1XyclT0U10pwool+0qyuXfgnodxqGpx2pgZlQhUkAIDHtwA==</string> </value>
        </item>
        <item>
            <key> <string>next</string> </key>
            <value>
              <persistent> <string encoding="base64">AAAAAAAAAAQ=</string> </persistent>
            </value>
        </item>
      </dictionary>
    </pickle>
  </record>
  <record id="4" aka="AAAAAAAAAAQ=">
    <pickle>
      <global name="Pdata" module="OFS.Image"/>
    </pickle>
    <pickle>
      <dictionary>
        <item>
            <key> <string>data</string> </key>
            <value> <string encoding="base64">7/X1r7C+EfgafTYor8wKrE4YFeOvQe9eYfs4/BG6sLj7VPG0gl4VxkBRxwP8a+o/B+mQ6KjW11ag
rt+UnoSO319xXw/EGYQnW5Ys+uyXATnFSasXtO8KT313atbRM8hkUCPGdo75z2r7l+CPgtPDvg23
jJWKRIgzbVA3EjPWvnz9mj4eHxL4iGuGBvs1vIREXPvkfh9c19jeHtO3IkSF/KjUgFEOM+3tX5/i
6jrto5OKMZThH6vTevU4HX9GW6uWRo8rJwHA6GuXufDUsDgqhUAFVI6DI5r2afwfbXbmURvjeSWC
8bqoah8Mri5bCfdyMLj1FeY6FSC0R8BOhKUnY8gTRmiDXATnPG7BDDHrUD2w+zmAjaCO49+teo6h
8L3jhzsIDcAlfu+1c1rnhSXSdxMZK9yBntXlYr2kHdo5nRcJWOEmsPJcFlJyMdv1qvfKscf+sBHb
8u1bGoZjlJBaQtgHCdBWHfOXcqyFcegxg1eFq3V2c1SSi7IpyPDGpVAWYnBxU8AaWHhT6U5NNmdd
+/hznpUlvZy2sm1idmQRiu2VqhzPnJLay84cjJXoKnks4jEcMODnrSRSRIxKsR9KeZI2z8o565Nc
dSlO+hdOUUhoSOZSFjyTxgdxUEujXV4uyKE4HOc8DPFbWkWlvLhfOHLYHFdDpPh8NKqRx9VG/HT2
r0MuwUqzSkYYhpy0OL0vwJqbMskcTcjJArXs/B199oRWjEYUAEk8A+tepaH4daUGWO2AY42qTj0r
o5PBNhJa75IwC4ABKda+1WQt0r9DGi25nk0XgNYmXyy5wehxx7/Stiz8LQNAsLREAN8754Ix6V1V
9oqRMQykhcbsDGV9qoRpsf7jrlunGCM14uIypwqH0WGlCUUmVLXwdDGiwtbZAGG+XqT9D3/pUWo+
BbOSIsbcIQSFGz72PrXX2d7aOokY5Jbbt3Y49eeah1K9Ksyo8Y2JhSxyW/yK5vqipx0O18ktzxHx
n4PuNJL3UEWNvU+x6CuOmutkbeaShB+72Neu+P3ExkijQsNm4/N1JrxPxRcyLeNGMKVXBLE4z7Vz
1MI7X6Hk4mUYSdixbauVlYGXcu7oa3dK1VZ0wpwGyMd688utbSE5HDZGQDkGtjw/rts7AeeRzgUU
aCjsebKtzbnolne7nUeYU2nBYDtXVeHb4yw73fIBIG3viuK0EJcwF45gemCTXTaS/llRuIA5bFek
qc42a2HGUZI7vwpfkXeAm3J4r1HwtrYjjQFsEAcGvF9OvmtpUkQseeMV2Fl4lmihWZiwbbjrXp01
aF0duErqlVV0e2ReM7aG2EjTYIHPTmsDXPitDDMESYDnkk15Tq/jy8jHkLIckcHPFcJ4j8Zaq0km
1iAO5bmuDGYycGkj24ZhHl1PpKP4lWmoWeBIoIHzEVyXibxnYxqRG4wc4Y14La/ELWIZRGk5VcZb
PrRq3j+6YNCJN5cHAB6cVlhswco3bMq+YRsavxH8UpepPDHJvDE4OM4+leK3zGW8dlTq23HQCun1
LUrq+YoGbJ4x6Vj3ekSPC0hYg7ieR3rOrOdaV2eBXqKc7oq6XbDDMUO5j8pz0rSmjmjhjWRmAH3i
OorNtrhoHIdW25AU+9XdQ1BDavGxbOzAI7muDEUJNphSqWdh1pfxyyESRggqQQOTWrYiJo0nYZVD
gBuw/wD11yGkX0iXJRmAGe461tQaq0qiHdnH3aqjSftLWOiVWHKW7m1jllyXA28kr60mG3gBzgDn
NFvI00WWGOcD60MVhBwCzMMEV7TpckEeZUkm9Cjq1xG8yvbou3HBBqMXiLgMMe571BrrqiNIinOa
ykukkKsW4VcEevvXHVhFakqTRpXt3GzBgy4Izmmhj5GZAWVT8zAYIz0B9azYbmSeaNeCu48Kc4A9
a1g0bp5kUWT3Mijv6VxV/do6DSlPc5+xsHWJy24AndnNMvZHgtjGW57irVo0xUsV2oNwK+maz9SS
eL94sZAYc553VjgL06TTNpxithbGVJYiJEYNn726rtjJJFcNvXdGRgYrEt3ZJwTu55IJxxW3YW8z
R+ZExA656172Fm/Z6nDPcnupVeRUcbfQYqrqLOX2pHlQeMUt1dqkiqFywGcmo3vDKQ27nPIp1Klq
qMk7D4081QSBkDms7VbdoSd3yoeRitK0uEZhFjBY/MfQ0atarJAEeTJ2ngrjNaY6S9imh0+Zs4+W
5WKTAJJ3etdD4eaJpA54JHQ1y2tbra77cjgetbHhbUVaRRMwxkYLfSvGw05SbTLu4TPS9PdDaLsO
Tt5qRyIk2hSfbFYlhrDbdpZST6Grtxer9n2+bye+etZYqjzLmN/aRY+5nDEAcHPWo3ufIbBm69RV
eK5QMXk+YAd/WqGpXx8wvvAznpXlz96Nik1uast6+zLNhfrmixuUkuMFyRiuffVHZxH5xx2rV0SC
aSUOGJ9q5adGU5XRopKOpq3Emxyyg4I4b3qpM+8Av1LdTU1wJX/dlOCeKzLoXAn8ticDsK65wnTj
ZhzJnmn7bfxf8WfA/wDZw1nxz4FuEg1VJre3srl4lcQGSVVL7WBUkLuxnjJHpWr4S/4Jv/8ABTfx
f4dsfEumftx6eYry0inVE8JoxQOgYKSI+ozXm3/BTOQN+yJqqhumqWXX/rsK/X/9kssfgpoxAP8A
yDrb/wBJ0r77hLBYGtlM6takpPmtqvQ9TBRhKk211Px+ux+1R+zT+2Jpf7NHx5+Nlp42ttc8KPqq
XEGkpbfZyHlRQMKGzmI55I+YdxXqU2owmXZH97BPNc//AMFCg7/8FcvByoD/AMkyfp/183lS3n2i
G/AYsox3FfO8ZZdQoZtbDw5VyrRbdTlzBwjVtHscP+2X8afH3wn+Etnqnw21NLDVNQ1m30+K/eFJ
DAJNxZgrAgn5ccg4zXqEf/BLj/gprf2xlt/25tOli3ZLp4SUgEdedlfPX/BQB5h8KPDscin/AJHK
ywT/AMDr91fhaB/wrp+RnfNX1XCWBwUsm9pVpRk+a2uvY2wNOk6HNJX1Pxk+GE37RnwT/bP1n9lX
45/Fe28Yrb+E01eHUYNOS38p2kjAUbQCRhmznPOMYq98WNf/AGkfiX+2H4W/ZW+APxYt/Bjap4Zl
1SfU59MjuPMZXl+U7lJA2x8Yxyec1sfHcZ/4LKeIcdR8L7cgf8Diqv8ACqYyf8FifAjEk4+Hl11H
T5rmsXleBfGap+zXKo3tbTYOWCx3LbSx6K3/AATd/wCCq0dubg/t3Waxhc7/APhD0wF9f9VXK/ss
ftC/FGz8eeKv2XP2nr1G8f8AhG7ZftiwrGmrWmflnjCBVIwVOQBlXU9d1fr9YzqdMggZAyPboGB6
MNoyDX5p/wDBaf8AY/8AFehSaZ+2x8BbFk8UeBN1xqENtET/AGnpQ5kjcDkmIbj3+Rnz0BH0uKyv
CYvDzpUaahNbNGtWhTrRaitTVudainkIcE56CvA/ih4//af8fftneEv2XP2dvjJb+CX1PQrjUpdV
k02O53PEkj7W3qxAxGRgY5OTXX/Bj4v6F8avAWl/ETwtcg2uoQBmi3gmCQcPG2OhVuPwrkPhirL/
AMFjvh7vI/5EnUiP/AW5rwMkpTrZjGNZd1bzSPMwC/2rlkrnvGp/A/8A4LNfCjwbe+LJv+CicMVr
p9jJclR4Lth5gjQvtBaDGSBX2D/wSg/bQ+IP7TX7CfhH4v8Axu1qC98SXEt9a6lqEFvHF9o8i6lh
SQogCKxRQTtAGecDpW/+17dSt+zDqq7uBodzgf8Abo9fCP8AwR2+KN9on/BPjwtpEEpATUdTZiW7
G+lOP1r6fN8UsJhYzpq13Y+rw0lJFb9nr9oH/grt+39L4m+K/wAJv21bXwhpkXim8sbHwzb+EbWd
baKNgVVW8gswVWA3MSxxkmvSm+Av/BdKVcH/AIKIucj/AKEO3/8Akeue/wCDcfUZZPhNr9yrlSfG
2pkfiiV9g/t9/t7af+w54B/4WV4phuX0qAwR3BsrVZpmeaRkUBWYAAbeT716cGpqKUFqhuVtmfIe
t/ss/wDBbjVEKXv/AAUL3ZHKnwLAP5QCvO/Ef/BPL/grnfSNqEn7cmn3M2TtS88GRhGJ65/cMP0N
d9N/wcm/B+4G7/hC/GjFh28MpyP++6Zo3/Bxp+zrqGqwweJNE8U6bau4V7y88N5iTJx82xiQOayn
h8HVfvRi2c1aala+p4j4k+GX/BYP9mqF/EuvaL4N+Jum2o8y4g0JWgvvLHUrG0cRJ9lV/wAK9A/Z
m/bC8D/tRaXfWejWF7pHiDRmEWueHNWQJdWcucHg8su4EZ4PYgHiv0T+CXxc+Ff7U/w9tfFvhS/s
dV0/ULYT2t1aSiSOaPON6N1BBBBHBUgg8ivzZ/4LJ/s8R/sifFvw5+3p8IrT7HqGn65BZeMobYbE
1Wwm+VHkA4LjaYyTnduU8bRnz8ZkeEq0nKlHlmtfU5pU7xfLoxv7fvxv+IvwF/Zvn8W/DDVYrDWr
7WLTTrfUJIUlNsJXO5wjgqWwuOQQM5qvoX/BPb/gqh4w0a18Raf+3bZulxCkgaPwfGcblDYJEXvX
Ff8ABVC5TUv2V9N1Szffb3Pi3TJYm7MrByD+Iwa/XH9lDB+DumAn/llH/wCikriybL8H9ScqtNOX
M916GdCMZwd11PzTsv8AgmN/wVid9yftvW75PO3wWhH/AKKrodP/AOCcX/BXiyi8mD9teHHY/wDC
CRH/ANo17t+0z/wWy8HfsofFs/CXxXoWs3OoS2CX0UelaMlwqxOWCgkuDn5eeK5CL/g5C+H4AP8A
wg/jHpxnwkvH/j9e9HLMujvSh9x2QoU76RPPz/wTw/4LA7gf+G3o/wDwg4v/AIzXPfF39lL/AIK0
fBD4ba38SvEX7dFuLfRtLuL14H8FwRmcRRmQoC0OMkDH417Ef+DkbwAx/wCRH8Yf+Ekn/wAXXnX7
U/8AwXL+GX7SHwU8QfDCTwD4ykvNU0S8s9Px4ZCKJpoWjXcVYnGSO1H9m5W3rTj9yNvZpbI9n/Yl
1bxH+0n+xX4E+Nvj+OCXXda0uY6jPBAsazSQ3M0BfaoAUt5QYhRgEnGBXPfHaXwr8G9BvvHHjHWL
bTNLsIzLe3d1JtVFH8yegA5Jr0T/AIJi+DvEnw2/4Jy/DXwv8QNAuNI1G30a5muLLUIvKlhSW8uJ
oy6typMbq2DyM818fWPgbWP+CxX7XeoTy3NyvwR+HutC0sLC2ZlTxNfqcuS4wTHgZJ7IVAwXJHyN
LJKGJx0401aKepx4zCRqNW+Zx3h/9oz9rr9snVptI/YZ+DcdpoEcvkv4/wDGUflW2QcExpzu9gA7
eqg8V6NoX/BHv9vT4k2o1T4qftzeJUuJhvltvDGlm2to2PULgxgr6HatfpB4X8C/CP8AZl8B2ttF
pNhaRadaiO0t7eJIoreNF+6i9I1UfxH0zXyH8av+C9nwj8P+Mp/APwR8N6/8QNTglMbW3gfSvtSA
g44mPEn1QEHsTX1FHLMBhqfu016sinQowWi0PMbv/ghx+1DpQe88Lftz/EuKVI8xtOfMUN3yFl5H
tmuG8afs5/8ABXP9lGN9Vh8T6H8XdEt1LS6Xc2H2PU1QdSi7V3nH+3If9mvaNE/4L5aj4T1O3k+O
P7NfxM8G2M04B1LXfDObdEJOCSQjdOyg196/s+/tG/BH9sjwFa6/4Zv9N1Oy1CEyWs9u++Ocjhtp
IDJIpzlDhhg56GnUy/A4ik+alFrysb+wpyWx+V/wA/az8CftHJe6VZ2N5oniTS2Yaz4X1ddl1asO
GwP+Wi5BGcAg9QOM7/xH1KTQvDep+I4Yt8tlp0tzEki4yVRmHTntXbf8Fpf2Bbz4aPD+25+z7atY
+MPBoOo3M9nBj+1bCPHnxzheJDGmSSeTGWB7Y46fxZoXxu/ZRPxk8Pw4ttc8KXFwyYH7qXymWSPP
qrqy/hX51n/D8cBXhVou9OX4HmYnCezaktj5+/ZJ/Zq/4KG/tv8Awjg+O/g79rux0a21S9uVTSG8
MxyGERyFOCiY29Md/Xmq/wC078KP28v2CW8JeNviT+1BY+KbDWPFVvplzo6eHkh3B+TuJTIyPQgi
vs//AIN508r9irRSegudSx/4FCvPf+Dh8k+GPAB4/wCSjWOf+/VfeVMuy5UZR9lG6jfbyO906ajp
Ek1CS2s7Ca8uJFjSNWd5GIAUDrk9AK+eLf49ftBftUeObr4a/sL/AAxTVUsLn7PqfjjXMx6ZatnG
VYfex17seyEEE2f249e8UeMrTwd+y98Pb1rTV/iX4iTT5rwMf3NoGHmHA5OSVz6qrDvX6kfsq/s3
/Cb9lb4G6Z4c8HeGoLTTtJtQLePyxukboZnOPmkkbLFj618dw9w9hcVSeKxKum7RXz6nLRowa5pH
wb4O/wCCP/7evj+yGqfFH9t/WbO5n4ls/CGmvDbIv90MPK3c9ygrpJP+CIv7T+jR/bfC/wC3b8SI
rhYgY2uMugb3VZeV9q7D9pj/AILw/Dv4WfE2++EHwk8DeI/Hmv6ZO0F9ZeErMPDbyAfMhlIbewPB
KKQCCO1cb4X/AODgnxf4T1K2n+PX7KfxF8G6TJKFbV7u2NzBGCerboYj06hSTzX2aw2W0X7P2dOL
7WR1KNNaWRx/jT4c/wDBWn9jeNvEOu32i/GTw1Yrvu7ZLH7JqsUQ+8QiorPx3BkPGcDrXq37Mv7V
Pwx/aq8EHxT4Fnnt7q0l8nV9EvlEdzp8v9yRQTkEjhhwRnoQQPu74M/Fr4aftU/DG08U6Fd2eo2O
oWa3Fpd2h3rJEw+WRD1AB4K9QQQa/Mj/AIKYfByL/gn/APteeFf2yfhvEtjpHiTXU0Lx/Z20eyG5
Ew8xLlgvAZljYscffiB5LHPj5xkOExOHlKhDkqJX02aMa2HhKN4qzRyd6/7a37WP7Z/xB+BfwJ/a
BtPA2m+CLW0EVrJokVybgyheSSjNu3E98dABXcv/AME1P+CsMjHzf25LY9v+RMTBH/fqvLvA37Wn
h79gb/goX8U/id8V/BXiOax8VwWEmgXOlaWZkm8rY27cSARkEHBOCK+iJP8Ag4/+CTEk+CfGY7k/
8Iwh/wDZ67cswGV1cDSbpwb5Vfv0KpxpRprRHi/xD/4Iz/8ABRT4hIZ/Ff7X2mXLKciSXwdj+SCv
Ndf/AODf/wDbL1tTb6n+1dojg8Hd4YkB/lxX6TfsI/8ABVbwT+3d4m1zw34B0rUoRoLWqammraak
BzcGYIVKsc4MLZB9RXe/ta/HXRf2a/hbrvxd8Q28z6b4d0ya/vxaxB5TFEMsFUkAt+Ne5Rw1Cg0o
U0j1cPWqOFubQ/Hqb/g3L/aoEDW7ftSeHymc7T4bmNeV/tZf8ESfj/8Asr/s9+Jvjn4k/aN0TVLH
wxZpcz6bbaLJFJODKkeFZjgcuDz2r7k/4iQf2Tpk3Dwr40YEEgjQ4zuHr/ra8H/4KBf8Frf2Zf2q
P2U/G3wL8FeEvFq634j0yO2sHu9ISOMOJ45DuIkJAwhHTqRXdTnFO7S08zd+1+zc+BP2Gv2QPHv7
d3x7b4N+EfHlj4bvLbw1NrIvr20aVGVJIoym1SDk+cPb5TxX3T4b/wCDfL9rvTp45NP/AGuNC/dN
vTZ4dmbBx715x/wQS0F9I/4KFz2c1q0Tr8JrjzFY8gm5ss1+42o6lJ4W8MXOrxR8RqckLnAUZPGR
k4BqnKFeN7BJ1Kc3aTPyjsv+CFH7bz363K/th6M75DZ/4RuQnjp2qr4p/wCCDv7aviHUpNR1f9sD
Q5JWUKzP4bkBwOBnFe3aN/wchfsmpA97p/hTxnhjguuhxED8RJ1qlq3/AAcg/sjC4K3nhXxqrbs8
6NGMn/v7WHscPe3KilXrtpqTPObb/gh/+3ZbeFoPCUP7YujrYpHgW/8Awi77WBbcf4cnJx1rstJ1
n/goL/wTg+KHws8A+Pf2p9O8W+GfFviVdHuPDqeHoYY44hsVvmMe9SAwIKsCCvORkHoR/wAHJX7J
8NxBbt4T8aB2i/d50KL7oH/XT9a+Z/2zf+Cqvwc/bE+J/wAJPEvwq8O+JLb/AIRLxi2p6rLq2nrE
hiJQAqysR/AetdEVGirxWx5822273Psr9vT9qz9qaD45fDD9mX9nT4sw+DdR8f3V0t7rMumRXJjV
FBRNsiNhfvFioyeMcA55vxN/wTw/4KzeLrCSHVP2+7Wa3mTgDwigVh/wGMZrx/xL8d9J+O//AAUd
/Z28UaU4G7U7vzI92SuYzjpX7Evqur6P4Et9QghYmKyVl3A4BxxTVbmgmZRaqR1PyU1H/gj1/wAF
GrkLHeftt6c20goW8LHjGcfw9qxbr/gi9+33NE5uP22NKPmzh3dvDT5LA/7v6V7z8Y/+C/n7PHwq
+KHiD4VeJvDvi241Hw5q8+nX0lho8bxmWJyrFT5gOCQetclL/wAHFX7KEzh38G+N23ZwTocfPr/y
0qXJN20LUElsfPXxD/4Iu/8ABS+KWfWdD/aP8F69Ism9YNQgms2kwMDBW3YbvYkD3r40/aP+Fv7W
X7PfxMsNC/ac8E3nh2RlMNtqKHzLK9OcgxzRsUPHPByB1Ar90/2PP+Con7Lv7Zmoy+Evhx4raPWL
aLzrnRNWtTbXgiGMyKjHEigkZKk4yM9a9C/bB/ZB+FX7VHwU1f4ZfETRYbnT76HMcyoDJaSkEJcw
k/ddDg+hxg8GmpajShFH82niT4W+KtfunlaSS4achrOQyHywSfu5PIxXrX7Cv/BK/wCLv/BQC28V
eIvDvxX0vw03hnVo7Ke21GwkmMjshYFdhGMBcdO9eg/s0/D8+AtT8Y/CP4gzW0mp+B9el06eWbpK
iuwV13cgHY2PbFfan/BvUNPvtX+MMVuqiJ/HcW0A5GPLkqadabk4voHtE3ZLY+d/+Icz9rD7X9ub
9rnRFkwu0/2JccY6YG7tXUeGv+CEv7bOkeVaW37ZOgsI23qG8NyOQf8AgWa/Un9sf46eE/2TfhFq
Pxp8aWlzNpWiW6y3gsYhJKVeVI12qSAeXHfpXxXb/wDBw7+ybDJ9oh8FeOMkfeGhJjB/7aVtzhaL
PIX/AOCIn7cF9ffbR+2VoXmK33l8Ln+grqfCv/BG/wD4KJeENXGueHP229OtpIzkNH4XOFz1GCuM
V2n/ABER/sjxAbvBPjbBPX+woxz/AN/KuD/g5H/ZXAkX/hEfGqjAG7+wo+P/ACJUe49xxtHY4/8A
Zh8dftVfspft23n7Kvxu+M9v4xtpPBD65aahaaVHbmzmMmBtwoYjAbcpOOQRgjn0FP2m/wDgop+0
n+2Z4j/Z3/Z6/aYsvAVp4W8PW9/I0fh22uTeu7RIWYtGzBiZRwDj5emSSfla6/a9079q3/goRc/t
KfBTRtXtNDt/AaaXNcavaeV++EvKkgkchuBnPBr6B/4Jb+Lxr3/BVnx/rTWwhkHgix82PORlbmzB
qY1oOpyLoV7TSx9EWH7OP/BdayRltf8AgoRKqnkAeALcjJ/7d6txfAX/AILyRqI0/wCChc2OmP8A
hX9t/wDI1foF+07+0WvwQ+FN34/01Vk+yQS3FwxjEjJFHE0jkKeCxAwM1+eFt/wcyfDOe1GoW/hn
xW8R5WVPC8ZHB553/UVvpYLMw/id+zz/AMFz9T0o22oft5afqK7g32bV/BEEcZI5HzLaMy89xivH
Pjx+05/wVJ/Zs8DXFr+1H8GtK8ZaDaxDzfF3gAuJbdVB/eSLtUjAPOY0HB571794T/4OPP2WviP4
jtrPxfr+p6CZJBGJdb0CWGBTk8NJGW29u3evrfTPGvwp/aO8GRa74ensLyK+sxJb3tlKkqTxsPvI
65EiEfh2rz69KnXmuZaLqehRxFfDUWoytfpY/FT43eNPBX7Zv7JL/FDwxrEdzd6Rqfl3Q2KskYkG
cSL1U/zrxv4I2q3vhW/+HmoTIvlt9rsHblldQN2MDuBX0n/wVJ/Yyuv2HfFmp/tM/s/aMln4N8T/
AOgfELwxZx+Xbxs7Zju4lHCAsTx0RsY4cgfK/hDxD/YPiLT/ABDYzb7YyIyiJsiRG/oQa8jM6KpQ
stmdmWVp1K1up6n4e8R2t3oFzYPGshtGEiD+9jgr/M1xvxh8S63pXgjVNa8JwiS6g015bNZI94Ug
ZLYOe2TjHaux0/QIdH+IRhjkxYXyF4Wx2cZ/nWX4v0Exedp1vnYqlJUd/mwOoOPXmvmXGNGur7I+
zpTqVqbSe5q/syf8ExP2qf2wvgd4e+P3gj9sLRo7TxBavKLKXw8WktZUkaOSJigwSroy5wMgA965
T9tz/gnj+1R+wx8ObT48/ED41aZ4v0eLWILTVLGz0gwPBHIGAkJI6ZG3jGCwPavpL/ggL8a38C+M
/H/7H+r3xUaXe/294ejlbGbaUpHMFHoGMJOO7H3r7w/b3/Z50n9pb9mDxd8H7uJS2t6BcQWsrpny
rnYWt5f+Ayqh9xkV9vToYScIuMUk0fFTxeNpVJKU3o9vQ/D/AMV/EDT9W+Fuj61Y3q/aLSdootpB
byjyuPXFeY6vfPqkv261kBlkk3MpXr2rmvA895HbN4H8TzPb3+lXslrf2Vzw0ckbFSPYjGPwrrrK
WytNUe6MG+CHCkRMMcD1rlnQjRlZHsUq3NFSW25rfCn4afEn4/8Axu8Lfs2fC3XI7DVfFN07y300
G6OxtUQu0jrjsEY9icAZ5r7Dj/4IE/thQETt+13oKhU2h/8AhHZMAUz/AIN+fg7J8Uvjl48/as1b
TStrpKR+HtBd1yplcCScqfVYxED/ANda/S/9tP4/6V+zT+zL4p+L2pvGv9gaNNcQJI+BJNjbDHz/
AHpGQY/xr06VCKglKKbPBxGKq1KknGVkfz//ABa074p/Cb9oPWf2bYPirZa7daX4kttDbxLb6eqx
w3TvskVVOSQrFlbOTlDivt2x/wCCD37aCeXPZftf6GfLbKlfDch/XHNfnz4ZuNTv/GPg/wAVa/cS
z3+v+PrTUL+eVsl5ZLgMWJ6knJP41/Tn4bYwaRHcjPG8kZ61UKdNx+EyqTrRkk5M/KU/8EOP26VB
i/4bE0T5uf8AkWHz/Koj/wAEKv24/JWBP2w9EG08Y8MOP6fpX1J+1D/wWy+AP7Kfxt1D4I/ELQPE
dxq+n28M076XpccsWyVA64JcHoR1FcDJ/wAHHv7KyDJ8IeNh340GPj/yJWip010OdzqN7s8Mu/8A
ggv+2tfP5k/7YWilgcknw5LxXnP7Tf8AwRg/aj+A/wAFPFHxv8UftP6JqUHhnR5tQnsYtCeN51jX
OxWPAJ6ZPqK+tU/4OOv2TXP/ACJ/jVueQdBj4/8AIleUfts/8Fyf2Zf2h/2aPG/wb8OeEfGCap4h
8O3Nhp7XGjokaySKACxEhOOPSqSjFEc9RvRn5mRz6uvw6fxzZRhZI4EZ2CfKHZgucd+ua+7vgp/w
Qs/aq+KPw38PfFDQv2otEgj17RrbUo7c+HXkaETRLIEYgYJAbHpxXy8PhVc6T+x9e63qNgYpUs7b
csgwysbiIdPx6V/Qz/wThswv7JXgHdGD/wAUZpIJPb/Qoq5FiIVoSdr2djvlSqRqQV7XVz85PDn/
AARO/wCCgHh62WDTf2w9JjRV2jZ4TJBH4rWh/wAOcP8Ago1NcoyftoabkcYXwmf6LX1x+3H/AMFc
PhZ+xD8TtO+HfxH0fWrm51ezkurBdI01Jx5SStGc5YHOVJwO1eXaT/wcT/AKBvtMfgTxqCem7w3H
x/4/XFUw2Fb96Eb+djV47EUIe7UaSOU8H/8ABOv/AIK4fCGyEPgT9sHQZ1YbpIdT8IKqMw6AubaR
gPcEVrS/te/8FEv2Lyl/+2T8B9I8YeDY2KX/AIp+H7EyWq93eNwuAP8AaSMEdxXrnwJ/4OBf2avi
X42tPBWvX2oaHcX9wkNmfE2lfZIZmY4C+cCUTPGN2ByORX3RrXhbwJ8ffAclydNt3e4t3iLPCGwc
cxuOjKc4IOeDXJUyvLKsfepKz6roePUrzxE+abueD/AD4v8Aw1/aB+G2lfE/4Va5Fqei6rAHt5VY
h4z3jkXqjqeCp5BrrfG+seEfh74P1Hx5411a303S9Ks3utTv7qQLHBEgyWJPsPx6V8G/s6aLcf8A
BPz/AIKhal+zTpSTQeAvitpsmo+HtMaU+XpuoxEl0Rewykicc4eP+7z0v/BT3xBrv7T/AO1L8L/+
CeGgX9xa6FqMY8S+PLiGYgzWUcjqtvhcdfKc4PG6SM9q+ZlkUlmKw6ej29DSk4JbHN6t+27+2R+2
74lutC/4J6fCu00HwnFK8B+I3jm3OycqdpaCIBweRwNkh4+YKcgaVv8A8ElP+ChHxMt11f4pft7e
N2nuQXuIdAsDaWynrhEDouBzzsH0Ffol8Ofhz8LP2TPgfYX1r4asrOOwskjsbVEWOO0TaSqLnhQF
BLN16nNfCnxU/wCC+02veMb/AMKfs1fA/wAbfEY2Ejx3Fx4U0thaRsCQMSeXI5XI++VAPUV9FDK8
rwlL+HG3Vyt+plKzd2cN4i/4In/te+HY5tQ8E/t2/EGK5U5h/tOA3ER9nUS/N+WK8j+Iekf8FJ/2
I9/iL45+GdM+Kfg20Yfbta8PW4h1C0iHV5IQi4wO5Vh6vXvvgf8A4L26n4b8Y2OgftPfs9+Ofh1b
3s4hi1TxFpxksw5OPmcxxsF7blBx1r9A9Hl8EfH3wOmqW4t28+EFbiErIF3AFSpH30YHPoR+dTUy
zKcXR1pQce8bafcc0qdKe6Pz2+CXxY+Hfx5+Hln8RvhlrUd7p04xIWG2S2lAy0UidUcccfiMivF/
23PiJ8brDx/8M/gb8FPG8PhrUfHevGyl1qSySfyRlAvyuCAMtk4GeB7g2fi18MYv+CeX/BSTSvDv
g6ySw8CfGVntZtKjTbBZaqj7AI1HAy8kZAwOJiOi1n/tcSqf23/2c0QZA8bcdv44q+LwuRQy7iaF
Ca5oS1VzldOKrKPRnTr/AME0/wDgqN9nN8P267DyNu7zf+ERTaR658vFcV+yX8RvjpZ/GD4mfs+/
HX4gweKLvwNqyW0OsxWKW5kJyGACKvynAIyMjnmv17tZR/wp3OOmmEV+O/wdinuf+Cg37RcMJ5Pi
eP8Am1fR8Q4DArKakoU4qSe6WoYinBUW0tT6q8P6naxQfaLyZI1iXfLI7YVAOpJ7AdSe1eM+Iv2/
PiF8U/HNz8GP2CfhJN461m0nEeo+J7z93pNixOOXyAwHPJKjg43V598ZR8VP2s/j3ZfsD/BvxBJp
to9st98RddtgWazs/lPk8dyGT5erF1HQNn9X/wBk39iz4MfsjfB+y0XRfC1ppenWEIlNu6DLPgZl
mbrLM2Oc59ABiuThvI4LDxxGJW+yMqGEUlzTVz4V8LfsFf8ABWr43IdZ+JH7Z7+G/OH7vSvh9pTL
FEp7eaFiJPbkt/vV0Lf8Ec/229PhGo6P/wAFAPixHeklnlNy7A/gJgele1ftgf8ABbH4B/sveIX+
HlnqE2qa+uANA8P2ou7xcgFfMGdkRIwQrHdgg9CK8Ni/4OBviBpMw1jxf+yV8WtN0cYJ1O60BTGq
H+Igqox9GPtX3qjShG1kvI7OSjB25Ucv4u+CP/BZT9lzfqfhr4waN8V9Hs23PoXiTTBbahMv8Sxy
FQXOPWb6Keh0v2bf+CiHgX40+LLn4SfEPwrfeBfHti2LzwvrqeW0xA+byWIG/wBdpAbByMjmvsf9
kz/gpf8As5/ts+GJU8NeIbDUdhCX9pcJ5dzaE9BNC+WQejjK578HHkH/AAVI/wCCY3gP9pjwQ/i7
wOy6N4z0pRN4Z8TWwKT2sq5ZIpJE5eEngE8oSGHTny8flWExcduWT2fRmqjG2h0k2tQRxKIZMZUc
hs8Hsa+M/i949/bI/aA/b41f9lX9nf492ngWy0DwjDqxuH0eK5+1MxiDAlkZgczqABgAKe5qp+xf
+2D46+JGhap8N/jFZvY+N/BF8dN8SWkzANK6ZUTYHAztYHHGRnoRVz9kPWo9V/4LR+MbtHyG+GMG
B6Ylsa+ZyjAx/tSVKtG9l1+RCqr2nK9zZ8R/8E8f+Cs72Mt7dft3WLFIiR53hCNFPoC3lcAnvXkP
7Ov7Qvjj4jWmr/C/42Wws/H3g++ew8RWpjEZmwcLOFXjBIIOABnBHDCv2/1F7e/097S4RZI5Y9rJ
jqMc1+Qn/BZz9lTxL+z/APFGw/b7+EOku7aT5Vn48sLWIhb6wZtiXLBf4lBCMe2I2J+U17GZ5Thc
ZhZQpQUZrVGGKpRrU3y7mVqeuATlYy2AOp7GvJtD0n9qH9p/9r/Vf2dvgh8brTwXb6F4cjv2nn0t
Lj7SzFN2cqTnLjGDjjpXovgPUdN+JPh2w8baBdi6sdTtFnt5EPG1ux9wcgjqCD6VJ/wTxtja/wDB
WnxlC64x4Ft+Mf7UFfK8N4anVzVwqwvZPT5nkZfFSxDjND/jN+xN/wAFNf2dvhFr/wAWtY/bfspr
bw/pM1+9kvhSNHnWJdxVS8eMnHfNeyfsgfFDxJ8YP2dfCHxG8YSRvqeq6Qkl+8KbFkkBZS20cDJX
OBxzxX1H/wAFaF/4wr8dgcf8UfqP/oqvjX/gndmP9jz4fSAA/wDElA5P/TV697iKhh6ODhKEFHX9
D0MXThyR5VY+jNLuFKAmNiQOoNbdpeQygKCfwrAs7jZzwOOauWV4ERir49zXwscY1U5UYxpNK5Z1
BYJyTIeVJ4x29qw9T0qS5TPlKp/vN/d/xq/c3MizDzJM56cU2WdJF2u3bmqnaoO6jo2cs/h+INuY
YJf527fhVfUPDchdZ4ULZbJP411T28U7mRUVRjgHpVk2ZEQVjtBxkqODXPSw1NaimuZnn40WYyM8
cRDKxzzUd5Yu8YLZ5PRa7250VQTIsf3uc7e9Zmq6XHZRFXbdluAoNerRoJ7mM4cqPONX00x4IUrg
Hmsa9uJjGFAJI6V3utabHOrny8YHB965e/0uJ5QSTwTkDvXNOjy1bSMzBj3Od2DzTra9MTqgbLb+
c1dn002/7zcRnsKyb+2ntbpZ1jOWP+TVU6ThK5LmzrdHmhlGxpRlj6Ventwq7QdwHfFYOg3BEqKc
EkV1Mas8AyQrbgCMdRXVL4Hcnl6mDrtnGYCyyAcHgjOa5CUtHKFCrxwmOCR6V6Hqlr5towKZwP7t
cvb+FbvUbzEQDAfwla8dzvV5R+zbKlhbqJf+PdgG+YnPSt62tneASLBtOenWu28AfCGTVUjV49rA
jJ5wa9Li+CVhb2oV41G3BEm3rntXTUw0ZUTqpYOq9T5PSSSMllOA5+UFucVHNtkXZECF7l+Saas0
L252EsVb5D6/SqxuJEjLO5XsMGvLoe67M5JtyXMic6eCgkCg4PBz0rVtokitAsnG7gAHpVLSmSeH
yXkVsMM5PeuhigjuLdYo1T5eTxX0WFpc9O1jilJ812clehxPI6IRzw2e1M065Zi0cihVDHBJ/Stb
WrKZZANh2nsFxWQ1ssMxMgKjPyhj3rzse3QqKRdGKc9TQtFje4VTGVAP3j3q3fOJE8tRnHAJFZlp
cLbyqZXweeCePwqxLqzSnavJ7ZOa5a2KdeKuzrnSUFdHO+ItHaZvkKk561k2UTafIN8mGB4Fds9l
9tia5dQAPur6mszU9DAiKtHy3IbFdFOjaPNE4ZN82pBaa1IoXZPnJ+Xituz1Z5UInk3Z5A9K5PyH
jkwo3Jt4I4JrY0YhSC8DEHjmqqU3KAuY14NS8xWQAgY5GaoalNwHAOM4HNXIrSdJQgUcdcUms2jJ
EDGhJI646V87WpKNXU6aV5x0M22mRXDOWznvXZ+FZQ/3VJ4BriGEsTB5cemTXW+D78H5SQSRgEfz
r18vw8HTuyJ80Z67HUGw3ruK/SsfV9KALMvfrziuiRkhiG58hhyaxtWuYhKyhyQe1et9Ro1LuxU5
NJNHzL/wU7t4o/2StUCtj/iZ2XH/AG2Ffr/+ySu74JaNkkf8S+16f9cEr8gP+CnUaR/smasp3Fv7
Uscndx/rh/jX6/fsizD/AIUjo2w/8w61P/kBK+vyDDwo5bOC/m/yPXy6TeGb8z8vv27YUn/4LB+C
4pBwfhjJ/wClN7XR63o9u8ufs/GOT6VzH7etwkH/AAWD8FE4GfhlIOf+vm9rrNWuR5h+9hhgema4
+JMJCpjOeS+ycOaS5cUrdj5r/wCCiWn/AGT4W+HWAJB8Z2Xfpw9fuX8Lsf8ACvmGP45q/EL/AIKP
NDN8IPDTxTqR/wAJlZAj3w9ft38LHP8AwgbJkcvN/Kujh1RWUtR/nPQwDbwuvc/JH42lh/wWU8RM
oBI+F8H3v+ukVVfhjbmL/gsZ4EGOvw9uuR3y1zWl8XoDL/wWh8QxrjA+GEGc/wDXSKjwVZG0/wCC
yHgJSMf8W5umHGP4rmuRN/682/ufoW/+Rl8j9Y/GnjSx8AeCR4m1MqIYLYPK0jYVFWMszMewABNU
4Z/DXxy+HzXFn5FxHcW++I7g8bq6ZH+8jqfxBrnv2tbcr+zfrLDvoN1/6SSV+dX/AAQB/wCChlz4
g0h/2WPiXqznU/DsO7w7LcS83mmBsGEE9Wg7D/nm2Bwpr7KnQi48y3udKjbVbnmHjf4ZXn/BNr9t
W4+FV5E8Hww+JN2914ZuJD+70u/LYe2Y/wAODtX02vGexx1Hw6gSL/gsV8OgDkN4G1Lp2/0a5r72
/wCCnX7Evhf9sH9njU/D8SxQ6i0a3Wiaqq/NZXyDMUoI5CsPkYDqr+vNflv/AME+viN498a/8FOP
APhX4raRLZ+KPBvhrV9B13zx8000FvcDzD3yRjPqcnoaxWBprHxxUVbR3Xmc6oJYuNWHXc/Z/wDb
AAX9mfVlA/5gV11H/TpJX5x/8EmLWT/hhfwzKnT+0dSyT0GLuWv0l/bLi8n9l/VGPfQ7n/0kkr8u
P+CYHiS6sf2GPD1rFMAPt2okAHnP2yWvOz6KeBjf+b9T6DL6cZTs+x7R/wAG4bD/AIU3r2Gzjxtq
eT6/u0rrP+DjFFb9ki63uRnUtIJPp/pMlcL/AMG390zfBPXpAckeONSOP+AJX3R+1z+yJ8Mv2wPC
q+DPivFa3WkS+U1xY3d1JCGeJ2dCHjIYYLdK9aLinFN7pGMopNnzf4D+Mn7OMfgDRF1L4z+FklXS
bcFZNZgDA+WoII3cHPWuV+Nvxv8A2M7bwFqcXxH+Kvg+90xrKYTWb30FwJl2nIWMElmPQBQTk8V2
tt/wb8/sMXcWbf4b6dIv+xr9+R/6Mq9o3/BCT9g3wHcDxBqfwo0IpauJPM1G7vLqNMesckuxvoQc
15GHyOjTnz+0er/U461GM/I86/4N0/DXijT/ANny4vJrG7g0O/8AFWq3fhuG5U5Gnt5aqQOymRXx
6kE85yd3/g4m1fw/Yfsa63YX8sYnnksILVG6mc3O4fiFB/I19Lap8bv2bv2QvhrPfNrml6Xp1jbi
M3l20dpbRIowqKDgBR0CICewr8wfjh8a9c/4K7ftO6Zb+HbS8i+DngHWWv8AVdWu42jTXrxSAqIp
/gCjaoPKozEgFgB7tetTw1J1JuySIqTVOLb6IyP+CiOn3GlfsBeDNP1Hf9ph1Lw/HcK4wyyCAg5/
EGv16/ZWYL8HtN9oo/8A0UlflJ/wVpnjf9mC1AjIx4000E9jzJ/TFfqz+y0JV+D2mqgwPKj7f9Mk
ryMorQr4CU4/zHLhZ81FvzPzA+O37T3ws/ZM/wCCyOn/ABY+Muuzabosfwz+yvcwWMlwwkkd9o2R
Kzc464xX0lbf8F/f+CdcNmUHxe1MED5f+KTv/wD4zX0h4u+Bf7L/AIl16bUPFcOl3N2DsLXdhDMy
AE/IGZGOBzWS/wCzh+x8owukaAf+4LB/8arsxGCo4mr7RyafZHo0a3I7o+ZPEv8AwX7/AGDBIP7P
+KmoyYHfwvfDP/kKrfgD/gu7+w94w8R2PhWL4uXMU99cLBA13oN5FEXY4UM7R4UE8ZPA7kV9Dyfs
4/sin7ug6CeeP+JLb/8AxqvhT/gut8NvhR4B/Zv0O9+G/hnSbc/8J9pa/bbLToopCCspK7kVTjIH
FcM8lw9pT55aJs2eLn9x7N/wVU/bFuPhf+xf4u1nw5fmPUtWtl0iwliPKvctsYj6IXNe2f8ABK/9
m3Tv2cv2YPDnhVrJI7y10qP+0H4y17MgluGJ/wB5toPotfmr/wAFGNYufEfwy+FXhPUZt1pqfxQ0
iO7VvuunlTAqfUfPmv2T+EEEdt8NIiNuSspJU9TyKrJZKeBc+rdvuOJV3Wi5M/On/gsZ8cfH/wAa
vjT4N/YL+FviCbT5vHl00niG8gJD2+kQs25Q2eA3lyO3qE29CQfbv2aPgL8I/wBnDwLZ+APhN4Tt
tNggiRJrhYg0964HMksh5dieeeBngAYA+SPiHqJvf+C2es3up5Y6P8KovsIkOdu54slfQfvpB9Sa
+jvip8Zbv4d/BLxR8QdFeNr/AEPw1eX1kkvKmWKB3QH1G4DivJ4hxVZ4uOHg9LfnoYVJN1FA+mYd
E8L+ItHl8O+JtHtdQsrqLZeWV7biWKZD1DKwIIr4D13w18d/+CUv7WniW/8A2cfgD4n8YfC7xvaJ
f+H9H8Ps8h0bUwQGQEBii8vwRkqyDJ2c4H7If7PH/BSP9r/4L6L8ePD3/BR3xLpR8QW73LaRaeHP
NFr+8ZAoKToMZXsoFern/gm1/wAFU3+Zf+Cm3jTgAEjwm3/yVXfgMtzDAT5lNemp6dPlUOVnPeOf
2kP+Cxn7SGk3miaB+xTpGhaZqFtLbTz+PtcBIikQq2YWmjcEqSOEbt1rO+C/7L/jb9lf9hzU/hJ8
QfEFpfanDYardypp7l7e1EqM3kxswBYDliSPvOfSui1v/gmz/wAFObOze81b/gp34uihTl5JfCbA
DPb/AI+vwrzj9kL4tfF/4pfs+fGHwP8AGbx9J4mv/BGo6lpUGuTWwjmuYlgk5cLx1UkEknDYJOK8
3iKGZSwsZVXHk5lovMwxDhyHuP8Awb3IT+xTouOf9I1EnP8A18j/ABrzf/g4nOPC3gE9P+Li2X/o
qvUv+DeaHzP2M9HHpPqX/pUtea/8HFVsv/COeAUXn/i41jx6/uq+mqQahP8Aw/oRJ7+h84/GTxHY
fDz9ub4DfFDxM23SLfxG1hc3Ev3IZJCqq3t97IPsfSv2TghXxZ8NYtO0913i3CgbuN69vx/rX5Nf
tM/AzSPjn8PLzwBqsiwOXFxp1+Vy9ncJkLIO/cg47Eiuq/YR/wCCwd78Cpbb9mn9u1p9D1zTlS10
/wAWXas1lq8C/IjyP1SQADMhyG6nBBB+a4XxlKvgfqz0nB7PS5x4Wspx5eqOG+L/AOwH+27+x18Z
PFnxB/Zr8Eaf4/8ACfiTV5dSvdEnmWHVLWR2LMqlivmAFuCm4nj5Bya5C6/br8MaHbXXgD9q34C+
LfB8N7A1tfxavojy27BgQwPAJHpgE+lfsV4M+NHwl+Kfh+DXNK1rTtS0+6Aa3u7eVLiCT3WRCynn
uKsa38HvhJ8RbJ7G+0uzvLeRSHglRJ0IPUFHyPzxXpY7JsuxlX2lWDjPun/SNJ0KM58zVn3Pxg/Y
Q/bh/a3+AHw+uP2e/wBlzwT4W8f6Vaa1cy6Hq03imK2mFvKwcRtC8sci8hmwwXBYjoBXa/tP+IP+
Cof7dnw4b4KfFL4C+C9A0q81G2uJNQXxAks9u0TZDhluXyCCRjaTgnp1r7E/aS/4IW/sr/FGKfxJ
8PPCS+ENbVC8GreCx9hdH6hjAv7pjn+6Ax9elfJejfEH9oL9hD40ab+zf+2Nqya74c1lmi8H/ENY
2DSuGAEVwW53c4O4llJGSwOaMd/a1HDuWGkpxt1WoVqleFO8Hc+odISbSNCs9Mubz7TJb2yI0w43
sFALH6kZ/Gq7a40PLuMq4YsrelJeagkkKvE3Y9PSua1K7GWaJjGoGW396+AoU3Rlq7Hz9SrKWxzv
/BHK8S8/b8/aMnU7w3ibRj155a+r6P8A+C0ULW/7DXxUIX5f+EG1H2/5Zivl3/gi3c+Z+3X+0VKp
yG8R6Kc4/wBu/r6x/wCCztsl5+wf8S1Gct4F1JevfyxX6zh2p0Kb8j6jBztGC8j8KfhHqS2vw50J
/MwP7NiVge/B5Fa97oVnqtwNVuYEGOcmTnjoMVieDvBPiXQ/hl4e1e606U202lRPGwQgYIJBrUtv
FjwWwiuocgLt3MOM9ya+Qq15xxElF9T9JoU6M8NDRbI9u/4I12Qtf+ComrpgjPwwujnH/T1ZV+y3
xfjjj8EzxIOPszlzjj/VtX41/wDBGa5huP8AgqJq08aHC/C+56/9fVlX7SeIGsNTjMWpOoiIyWI6
f5zX2ODk/q1Ns+TxcEsVUR/Mz8Ivj/4N+HXwH/4RC81Z49ROrPM0It5GG35cHcBjt0zXL/HX41+G
/FOt2mt+H9SldJIUM6tEy4YYBxkV/SNqfwD/AGeYbKP7N8MfDTu33k/sG3wB/wB+6zLz4GfAd7GJ
k+EvhkurEMraBbnA7Y+StVg6c6nMzKGMqUaXIkj+fsftHeC73426LqNzrEj6NbeH0gneWyZtspQb
vl257dRXDfFD9p3WtQ8UXOjeCo7aPRrZljsY2tyCwGeSCeMk5wa/pOh+A37PYllnPw08NKUsw0bf
2Fb5L4+79yvwL/4LnaDofhb/AIKPeKdJ8MaHZ6faJo2lMltY26xIrGyjJIVQACSST612QoxTOCLv
PmOj/wCCZfjrxX4x/bt+Cl74p1RZnbxJMsEKDhU+zt6e4r+mbXoIpPgWk4UhhpqFvzFfyy/8Eo/E
erT/APBQD4J6PcTKYodcfyiOozDL1P4V/Un4ESPxR8Lv+EcubsoZbPy1dhnaeMH6dKlR5FysJtKW
iPwt8EaR4Ev/ANqL9oP/AIS7xRp2nP8A8LHuzCL68SIuPOn5XcQT2HHrTfFknwl06IWX/Ce6LKI2
3B11KInHXAOa/SDxz/wRB/Yn+JXjjVvH3jLwFp13q+tahLeahc/27eKZZ5GLO21ZMLkknAGKyJv+
Dfv9gcSLLN8H7KUA52Nrt+QfbAlrhr4KnUnzJ2Zz1IOXU/NX9liDRvHn/BTT4V3nwJMNzeaVLdT+
Kb7ShmNLIQPuErr8pJUsvXOWUdSM/uJd2c1r4I/08MCLIFg3YkDFebfAb9jT9kj9jVprP4WeANE0
VpSDeJptozTTY5CyzSFpJADyAzYHpXgH/BTT/gsP8MPg94buvhH8DtQt/EnxDvs2ulaRpDrcfYpi
ConuCpKrszkR8knGQBkjelTVGmo326sqPuKzPzO+LfhzU/iV+3L8db7wJNL/AGe3i4rFLbqShnRm
Ugke6vmvrH/g3YsNX0Zvi/BqKk3EfjeFXVefmEUgNeYfs7eF9E+AXwhbTtfmj1LxNq19Jqet6iZS
7SXDjLJvOdxHr3JJ717r/wAG+Grw3/jP4x38sICyfEFH2keschrnw9eFXETsyaddVJNJHtP/AAW6
ur+P/gnh8QZLuIgrptrgY6j7bBX5XeEf2uP2f7b4f6Ro95r8kN7a6bDDKg0ycgOqAHkJg96/oi+J
3g74YeOdJSx8cJbG2kBU29zCsiSDIOGRgQ2CAelcLH+zH+yEXw3hzw4OOP8AiR2//wAarpdONaCu
ym1I/ByD9p39nfD3UfjidCZNxhn0e4ZQcdR8lZ+v/tGfs032hNYWviecSTE+c6aZcYx7fJ+VfvVq
H7OH7J1vhLbwr4cbHf8AsS3/APjdZ+s/s6/szW+mS3Gk+B/Dk867dkJ0S3+bkA/8s/TJrJ4SnJWu
yVTUnufi7+z9rNl4r8FDV/AGqyXtml75cx2kFJAcjcpAI4Pp6V9Df8EhItatP+CnHxFGrBvN/wCE
GtT8wx/y9WmKb/wTK+Alj43+JfxjZtNiFpZfEm6jit1UBFAd8AKOgA/DivXf2M/COmeEv+CyvxQ8
P6QqiOPwTYKAvqZ7MmsMPQdPEtrpobwglufe37f95dy/sv8AiZ5Ux/xT+o4Hr/or18Kf8E24fin4
2/4Jy+CdA8Iat9hgsbi9d1DD96hvJTxx1r9AP+CjVg1h+yl4jDIAf7A1HB/7dXr5X/4IfaVbX37B
Xgg7WilIvgGx8r/6bN1rsrKcqVkdmFVONa8ugz4gfsmfDTWfhjqafE7wHpmrWmqnznW4tQ2JCMPt
Y8oenIxXzt/wSp+I3iD9lv8AbO8ZfsMXup3U3hcWR8ReBVu5NxigZ186AH3EjHHTMTHvz99/tWX8
PhbwbPaCx82FUDMCv3uefwr8zvBniC3m/wCCyfwzvtHBjS78K6nbzx4x8otrlgD68gHHtXPh8L9X
na+/crG42WImo2skfpX+2b8G/Dvxx+B/ib4b65Yxywa3olxZHcudrSRny3H+0km1gexFfz0fCmPW
YPB50bUhi68P6pPYXUbHBVkbIXHoM4+or+lLxkPO8JtO46W0bfjhc1/OvrWj3ekfGH4t2VpGrx2/
xBvSqk8ZaaQ8VhmsOfBtrdM1yip7PHRbPY/Dd+dR8EaVrgCtdafIIZwyHOw8huffirHjXT4LnX/t
Mru0dxGr8H1HHQYrA+BOuibVD4S1Ugf2pCEiOB8kn8Pf1ruPEmmSJFabg0Zji2BiuVBU+h6/U18X
iE2uY+/w8VCpZHmelfEeP9k79sr4cftJWQNtpyamNH8SSA8NZ3ClWLeoCsx9ig9BX7n2+oWHiHwj
FKrht8HD54PA2n8sV+C/7Svh1fFPw51Lwy+6aQQF7aRFGfMQgr09/wCdfpx/wSH/AGm5/wBpD9ib
wrqWp3bTatotqND1rzH3SGe1UIHb/aePy2JPUkmvrMkn7bBqL3j+R8nnlP2WOcktJI/Jj/grv8Cb
79m3/goL4jk0O2+z6R44gTX9KKj5d8m5bhPqJUkOPRl9a8QudTbQvCV74iNyzL9nMcTu4x5rcDAH
Q/X0r9UP+Diz9nK48Ufs56L+0XoVkTf+AtZRb6VB8wsbt0iPI5wJfJ/Byegr88f2Uv2d0/aR/ag+
GHwNghFxpmq6hFquuomSpsoh5rhu/wAyKVz/ALQr2K1JTkjz8PiJQoSP2f8A+CRP7O3/AAzV+xX4
O8J3+mi31O+0/wDtfWUdcN9qusSYb3VCie23Havlr/g4o/aI+2aD4O/ZI8P32JvEupjVtbSLO77H
b5WNDjs0hZ8esSntX6WCOHR/D4l3JEAAxI4UDt7AAflX8/v7Z3xkvP2rv23viJ8YbC8aXS9Ouf7E
8NNuyqW1svl7lzx87B5CPWU1vJWRw07zmkeSwTzw/EvwRpc6ECDxdYBMtwAJlAGB/niv6dfDcTye
GWbuAxANfzE+RcH4meCPtiklPF2n7ZM5z+/Wv6d/CjifQ/srA/xYINJpK1jSu5e2aZ+Dn/BWX4h2
Xw5/4KmeKdcvp2jjfw/p8W4IWOTDEeg+hrjrX9qH4HXwjkuvFlzEXX96v9nTEEk98LX70a38Gfgj
4o1WTVfEvhHQ727bAe5vdKhlkOBgAsyEnGMdaht/2ef2cTMEl+H3hoKepGh2/B/791MqcJasyjUk
lZH4PWX7SnwStrny/wDhJpGjGCHGmzA5/wC+av6Z8Zvg18Q9ft/Cln4jLXN/MIrc3FlIivI3CjcV
wuTwK/e3TP2av2VpMfafCXhtBn/oCW/H/kKvgr/guZ8Jfhd4P0P4SxfDrwzpNmkvxVtIzeafpscL
upiY4JRQSMjp7Vy14pUpWbukdWGXNWhdLVo+T/2gvh9P4a/Y78S+ZDIuI7YbGAO0/a4OSa/aP/gn
YDH+yF4GwAxHg/SeD3/0KKvyy/b18LroH7I/jNUKlPKtNuxeCftsAP4V+rf/AATO0l9S/ZT8CMx+
RPB+kFh6/wChxV8/lFbnwdSTf2n+R9HxFRhhcVSVre5+p+e//BSWy8PH/grH8GdR8Yala2WnweHd
RNxc3kyxxph7ojLMQBk4HJ717ZL8dfgVaxxwWvxe8NqnA2R6xD29MtX0T+1f/wAErP2bP2qvHkHi
/wCM2jafqt1YwNDp5uNSuLd4YmkMhTbE4DfMSc15cP8Ag32/YVZQ6fCqyYH7rDXb/wD+OUZllFLM
6yqe1cT4jF+0rw9nzWR8af8ABSn4t/s1eMf2fr3wjYeIdF17xbf3VvF4atdMmjuLtLgyr8ylMso2
5HXB3ADJr9ZP+CeOmeMNB/Zw8P6d48Mn9pwaNYQ33nElvPW2QSZOTkggA89RXiXwt/4JI/sN/s0+
JLTxtpXwx8P6fqUDh7W/nSa9uEcfxRtcO/lt/tKoNdX+1b/wUW/Zv/Y5+GMy674ugsCtufslksit
e3h54hhB3MWOfmOFyeTXTl2XRy/CujTlzXd7voYUKapQ5bnyp/wUM1iw1X/grL8BLLwzJm+g1jUL
u4Mf3ltS55PsdrnHvVTxz4lsvAf/AAW08Ma94jYLaeMvhybLRZZBlWuI2fMSnsT5R4/2x61yP7D/
AIb+JH7SP7R2vf8ABQ744aFJpg1KyNh8PNAucl7GwPAmOcclMgH+LzHYcFSPV/26v2V7/wDai8Aa
frPw+1pNH8d+D73+0/B2slypinQq3lFxyquUXnnDKDXlYrOaFDO4O/upWb82bwlqfof8dvBNp8d/
gbLoOlyM8d7Ysu2GTazxyRNG4U9mw5x7ivyH8N/C7/gox/wTY029+F/gP4L6b8UPh5DqU1zZvpYE
GrWwdsnzI/vu2OwV/wDeA4r3f9h3/gtFpHhi6j+AH7Ylk3gfxxppEN/a66fs9leP2nglb5Y94+bD
YU5ypIr7tsvin8FfihpkF9cPZTRXEYeGSZFdWUjgrIuQRjuDXsYnDYfG4dwqR56b10HNxkrH40/H
P9v39nn44fCrX/gd+0Z8PfFPgC+1ixkhhfxHoMkkVvcgZjkDRqWBVgDkJjA+tQfsa/t+/wDBRDQv
gvofwV+BHwW8JeL4PDlgLKLWU8bW6vcW8TER7oxcKVKoUUZwfl6Ak1+v/jz9l/4EfFrSZbHWPDum
apZzLtkhvLaK8hYehWQHI9jXxf8AtL/8EG/gpqbT+PP2eLq++HniKHMlnqfhG4kiijcZILWwbCrn
qIyvGeK48Bl1PLacoYKdr9JapHHGn7Nv2bPmD4w6F/wUc/bN+JXw+1L9oD4R+E/COmeEfFkOsDU9
P1lJ7lArKWQhZ5d5IXjAxkDJFWv2sZQ/7cH7OaBgceNe3+/FWj8Gf2h/jf8ACT42N+x5+2lFAnig
xB/DHia2Xbb69DyBzgAuduQcAkgggEDOV+1UQ37b37OZzj/itufb54q8ONXH1OJKMMWkpRva2zRz
KdZ4pKZ+u9lbPJ8HzIDwNNY4r8tf2S/C+ny/tzftT+MtXjQ2+i6sbyYt0CxrK5/9Br9YtGtYT8CJ
JyAc6S2PbrX5Q/Cy5m0rxh+3vq9nKyzWugXkkboOQRb3Br6rG4eOIwk4PZyX5npQpqadz2z/AIN7
/ghb+O9G8S/tO+KbNZ9U8eeJr3U7m4kT71vDMVjQeg815Dt/2favfv8AgtZ+1drH7MH7OmozeC5A
utTxR2eirtDA31wSkbEd9ibpADwSBTv+CBGjafYfsReEPsqqGHhmJ+ByWlubiR//AB45rwj/AILv
Kvib9oH4L+BdSG+x1b4xaXBeI/KumY12kdxhzXo+zhSjZLSK0NlGI39i/wD4J6+Ev2a/hBZePvG2
lf2r8S/ENr/aHibxJqA824WaYbzDGzcoFDBSRyxySegHXa9q13YXTQO4Ozlsgf5NfSHxFlgWIrFt
54OeAK+b/itawQXTGNwCzfeXnbXw869WWKcnJu54eYxUal0fEP7Zvgxv2TviBo/7ev7PunR6PqOh
6nCnjHTLFCltqVlK4jcvGMKSdwQ4H8St1UGv1l+A3xA0r41fBvTPEVpObiy1PTYp7d253wTRh0Of
UK2K/OH9tq1ttY/Zc8e2V+FaP/hF7uQb16OkZdW/AqD+FfWH/BF7VL7XP2Evh7PfPIWTwjaRLvbq
sbSRr/46or6rAVZVcK1L7LNMFWlUou/Q+Fv29fAUf7Mv/BU/wl470aJrXTvijpM2nartOEl1CFtg
bHqQbY/VjV/9hje//BY7xf5hBJ+GMOT/ANtbGu5/4L5afFp/xU+CHidNomtPijAqKrfNtbyXb/0X
XF/sPKy/8FkPGAIwP+FYQY+nm2NLkis2jNbuP+Rq/wDe1bqj9X/ir8TdJ+FXhr/hItcnjitkRmnm
uZdkcUaj5mZuwFYXxE8H+Ff2gPhZd6VqWlxXtveWctvdWcqhllR1Ikib1DA15t/wVYVk/Yp8fEEq
w8D6vjb1H+inmvmP/gg9/wAFDW+N3wtHwY+Jess3ifwtDHbzvPJlr6wwBBc88krjy368BW/i46bL
lvHc3S926PlzwH4I1r9hH9rDWP2OPG88x8Ka5M+o/DfVLluGjZsm2JPRh8y4/vJno4r0b9hS3W2/
4K++NUwB/wAUJbfKD0+aCvrf/gsB+wWf2n/gw2ueAkW18XaFcf2p4T1GA7JIrtFyYQw+6soA9t6q
e1fB/wDwR9+Kut/GT/gorr/jPxVo8ljq6+BIbPV7eRNpF1BLDFIdv8OWXO08g5FebQy5Us1+tUlp
NNPyd0c8aEY4r2i6o/TX/grTj/hizx0Nv/Mn6ln/AL9V8c/8E9ZYov2NPh60iZxoY4H/AF1evsv/
AIK3xt/wxZ45wOvhDUv/AESa+Pv+Ce3h6+vf2LPh60TbVbRDz/22kryuLJT/ALNhy9/0ZeIj+7Vj
1q51lmkUQnC/xLir1nqLvmMvnjgHtVjTfhrqVy2E3EluSFya6fR/glq1187wuq8cnvX5dTw+JlU1
VjPknJKyOMv7s7gVLFh78U+x1WaMD7QylvMGV44Fd5c/A69hVZDGTxnPXmsjVvhrd2jb2tsAA7jt
6n06V3qGIpvUTw076oyN6ztiFs4bJXPRfSp4rlQfKww44zzgZrPv7B9Fu1j8zkjvn+nNR3GpiKNW
MwBOf5+nWro10rXewpRSRsvexGBlkLBuoGazb7UknhEbjJ7kjoc1mvqaSXG3zQw/iw5JH4VRuryZ
ZGD52sQVI7V7+GrN2Zy1XFrQkvYgIgsrbgSa5zUIY0uDjABOcYrYurmKRC3n48snI71kywvcyYJ7
ZDVnVrwqVbHMo8qIBp6XOAccn0pt14fE4ETwA9t1XtM0y4uJ1XOMnoK7nw94GaeFTMvJx9a61GnO
ndBGMpPQ8ztvDn2KT5ONoyK2bWKSGLzGBOOMY4r0G/8Ah7bptAt2bcgOQayr/wALS2EewRDZnoOT
XmV04bM19nJHMXMazRiAEEMDx/8Aqra8H+DYLqZJEwpxyR2wKauhoJRAxYHJIYDqPSu18C2dpBer
FIhAUgO2OhryqcJe1udFCEak0md78N/BiWMMcgwVOD8x5rs7nSNkJLKuOOP8ineDkg8kMzAcDcFb
HNbmqaerR+asysScBCw5Ne9GmpYdH09KhTjTufl/pkzvE4SQMd2VDDpVfWJ2iw0r8Hnn1o8MuEVl
duXfkHsKdrphOYmjDZPHtXh4mCe2h8NCcXRVyfw/qSModxyfWuv0d0kg5BB9RXE6Gqx26xsvK4HN
dXoupLC4tmOWyOPavoMppVfZpyOGc4XL93YzSo7gFmYYINcp4gtJYJiFfIUcYFd5HvaMFm4PHHSu
a8U6dMbhvs79Bzk9axz6h+6TiaUJrm1OGvrye2ky/Q9t360WOoyzTbpHIAIxjvUupaRNeTeU3Qck
ng1b07w6quBKvy4GTXx0MPipSulodsp8yNrRRJOmWjBC5yG6U7VZ1MRCjGTwOtJaW8sSbUcnAxkG
s/xHdTxxZCMoPUgda+nwknGkuZanHNK5Qmg8xt6kBl4H0qxphmSZWVicHLADvWKdWnIYgFs9+pro
PD03nlSVYMygkYrgljIKu4iVO8bnSWGn/a1BZACxGA3WrGq+H5dmPL4AzwKu6KoKefLFjy1BDH3r
oWs/tViZYlJAXriscXhpTSnE6cMuh5LrNqbUllHzH7w9Ks+B7xRe4LYOR1HFbPirw7POzeWhPPXp
mszwx4cuo7hiUOVOcE81thuaFO7QVqcnLQ7iW7dIV34I7AVzHiDWbWzcxBm2t1Poau6xqDWdswkb
GB0zXmvjTxG6OFExDEnGaqpjuTREt2VjzL/gozfi/wD2RvEW1j8lzZPuPUgXUY/mRX64fsWavDef
s+eGru2f5JdDsXXHobaMj9K/IT9piw1Lx/8As+eKvCsQMksultLDGDnc8TLKo/76QV+iX/BHj46a
N8Xv2IvAmpWl8Gubbw7Bp1+h+8l1Zr5EoI9TtDj2YV9rwtilisuqpO7Tuerl1vYSj53Piv8A4KWa
jH4X/wCCtXgDU7j5UufhvJErP3cXV9lR74x+dbcviqwvCIo5VwepPFeqf8Fl/wBgb4m/tAJ4f+O3
7PMUD+OPBFxLPYWcjhP7StZCGe23EhdwYMVDYBDuM5Ir4Ei/aA+N/gW5Ph/4nfsrfEKx1WJjHLFa
6DJLGZQcfK2ACPpnr1NehnmDxeKSqUI8ya/E58wwtXEVlUgrqx2n7ft2+qfD3wjpKNuN146sY49o
yf4+APXmv3M+Fi+X8PWffkHziCO/X/Cvxc/Zm/Zp/aR/bt+Pfgnxd8QPg5qfg34c+DdXi1Rotfga
K51a6jdTHGsbAEjIGeAoBfJJYCv2o2xeB/hm9vcNiRbZkPzZ3Sv2H0Jp5Pg6+Cy+NKorScr2O/CU
Z0cOoSWp+THxCki1P/gs94vlSPcth8MIA4HOD5ttjP8A32Kt6Eg/4fK+ASDnPw1uc/8Afd1XP/An
Xbf42f8ABRD46ftAaOTJo1vcweHtMugfll8kRo5XHUE24b/gddDoMkcn/BZH4fCNiQPhpcDJ9d10
K8ONVVOOvd6Rt+AlJSx912P01/bCtCn7NGqvgYbQrnv/ANOctfhD8H/g145sv2VPCf7WXwNRoPG3
w9128vYTCmftlokxaSJlHLgDJx3UuO4x+9H7Yu0/sx6n0ONDuP8A0jlr8x/+CWfh631H9i7TJJIQ
4OsX4YEZB/fGvrcZWnQwkakHsyMfUnSoxmujPv8A/wCCeP7WvgP9sn9nvSvF2jzxGLUbRkubEvua
1nUAT2zZ5BQ8jPVSD0Irw/4w/sDw+Cf+Cj/hL9rbwjZLGfsV9Y+KVGF85WsZUt7r3bO2J+/3D0Br
5W+CPjTUv+CXP7b0Gk/aXtfhN8U9QDwup/daLq33QcdFUnCn/YccHy+f2P8ADmp+GfiDodn4hewt
7hlUEebGG8px1x/PPpzXbhsTCvRVWG0vwZ10qsXHnWz/ADOA/bREi/syar5mfl0G6BX0ItJK/Jv/
AIJtXiQfsR+HQXIJ1DUAfX/j7lr9Zf24pd/7PPiAZ/5hF7kf9uslfkf/AME0rWe9/Y38O8jH2+//
APSqWvC4kny5dCX95Fyxrw0VI+gv+Dbbn4Ia4R38bal/6Ljr2b/gt3+0P8V/2ZP2fJ/ib8INchsd
YtrvT4IZrm0juEVJZnV/kcFckAc9RivHv+DblDH8EdbVh/zOupf+i0rqf+DjjB/ZCvSP+grpP/pT
JXtwlt/h/Q1dTmdz5zsP23f+Cp/7NGl2fxe+J2n+FvH3hZI47jVU0S1+y39pbsAS6eUE+6D1KuOe
QByP0y/Zn/aj+HX7cfwJ0/xR4V8Src2up2yyW1yuBKrr96ORc8SIchl/HkYNfFHhJ4rvwbp2nXkU
csUmkwq8cqAhlMQyCD29a8J/Z6+LWof8Eu/2vYNAkvZYPhD8StTRrd2OY9A1MtgE5+7GcgN2KYPP
l181knEizCtLD1WlJN2PLw2P9tU9nPc7b/grL/wSV8ZaL4ik/aj+FC6j4qfTJvtus+Cdb1Ge7t7y
3U7pDalm3pxndCD0+7jGD2X7KXxs+Ffxa+BWla98JtJtdNsIYBBPoVrGqf2dOo+eF1HcHnd/EMHv
X6W2Fz4f+MHgNdzqRNHww58qTHDDtjofcN71+Q37Vvwq1L/gmF+2W3xd0fTXt/hV8S9TNt4osLdS
YdI1EkkTKv8ACp3F1xwQXXHyqK7eIMDPH5fKUPjjrbuaYuk8RT80L/wVduYJP2XraNYuW8Y6aw9u
ZK/WX9lRcfBvSz/0yj/9FJX5Jf8ABUtobr9lXT7uCVJY38W6Y0E0RyroTIQQe4IOa/W39laTy/gz
poJ48pO3/TJK8XgyvOeSSct+dr8hYOHLhmvM/Kb9t26+PPxT/wCClNr+z58Pv2k/EfgfTJ/Aqaiz
aS7NH5qu+T5YkQZbIy2e1C/sH/tVvkL/AMFKfHnBwxFg3H/kzUX7bk3xt+Ev/BSyz+P3gj9nTxN4
20uDwImnsNGt2C+Y7PnMmxhlcDjHerKft/8A7RpYN/w7n+IeB1HnHn/yXr1M2ef/AF7/AGRPk8rG
mI+tqb9nsUb79hP9rO3jMkf/AAUl8eMoPA+xNk/lc1ga5/wTv+Lvj+ewsPjf+2b4w8WaLY6jFeNo
99abUlkjPynLTOFPJGdpOCa6qb9vr9olpd//AA7i+II/7bt/8j1Su/26v2hnDTyf8E6PiEAPm3NM
2B7/APHvXnV1xVUpcqT89YnH/wAKTZif8FOPC+pWH7NFh4z0K3Jn8HeL9P1aJV5wqeZFz7AyKT9K
/XD9ljx3ovxG+DOm+JNCvRNZ6jZxXdpKv8cM8QkRvxDfpX5meCPiL4K/bw/Zs1sw6Dd6bbaolzpO
p6delWltLhR6jhwCUYHjnggV6H/wQ0/a1vNA8N6l+xv8YLv7H4s+Hly1ibed/wDj607efJmjzy4j
OVOOdrIe/Hbw3UqrDVMLU0nF3t37m2DqPllSe6PLP+Chmlz/ALO3/BU3wN8ZdWR4NF8Y+HZvDl7d
uPkS4jZ9gJPTJaD8ATXQfH3U9Y174MeK/CmkRtNdaj4bvbW1hBwHkeB1VR6kkgfjX2T/AMFIP2Fv
BX7b3wau/CupMYbosl3perWq7ptPukHyTp/eGPkZf4lJ74I/LzxHqX7cv7Jcf/Cvf2iPgBrXjTTN
P/dad4z8IRNdLcwrwrOoXJbaFzuCt65PJec5bicVWhisOr23Xoa1qc5zVSH3HZ/sGf8ABYax/Y4/
Z18OfBHVP2fvH82raHaPbahcWelI0bnzXbAD4Ixu7ivqX9mz/gu/a/tA/HTRfgXYfDfxboup6yk0
ltJrtjDHHtjjaQkjO4j5McetfDvh/wDa++J3ii4Gh/CX9kL4j6xqcuBHHd6K1vGH/wBp13DH1x9R
X0N+w1/wT/8A2yPiP+1Fon7XH7S39l6FPothNBoPhDSwJZIUlRkzcS8qmN5bG52J4IXpXq4PEY/E
SXt6SjHq76/cdNOrWfxRsfqr8UNYm1T4VT3jDBnt4XKg9Msp/rX42/sO3xg8LftLIWAB8X6rkZx/
yynr9h/iVb/2b8MpbB3UmGCGPOfvEMo4/Kvxq/Ys3jw9+0mXUbD4w1XOex8qfFeHxHU5Mn5l/PH8
0TWd6Z9df8G7kaSfsa6QcHBl1Lb/AOBS153/AMHEkY/szwDHwB/wsbT/AP0XXoP/AAbsTCL9jTR8
j/ltqWcn/p6WuB/4OImWXTvAGAOfiPp//ouvqXJTjJP+X9C5bP0Pn741/tNeMn+NWtfA74Bfs3+J
/HuseH4In1ltHgYpbGVA6htqMQMNjccDOQM9a8w+NPg/9uvxj8PtY8U/Ef8A4J5Qx+G9G06e+1OX
XNahZ4IIo2eSRU3rJuCox+RSfavdPB/iSD9mP/grNpfi7XJY4dD+LPhX+yJZ5DhFvojF5ZOcZOYY
0+kp71+p3jb4ZeE/ih8L7mw07Q7RodSsXiuLZIgBIrIUkhOPUFhXhYDKMr+rwrKOr63ejOKlhsPO
CnY/Br4J/s3x6p4K0z41fssfGfxZ8PbjVbUTtZ6dqrS24kBKshUFS2GDD5ienSvX/B37U3/BWj4C
FbiDxT4Y+J2n2xGbbVrbyLtkH910Mbbsdyzc9jWV4q+BX7SP/BNTxlrPgiX4Ra344+FlzqEl1oGq
aBE01zpiu2TDLHjII754ONwbkgVbf9t7R/EAOm/Dn9nD4m6zq7MBBYyeHljXd2y6O5UZ9VrzK8+K
MDipU6MeeF9L6qxMljKM7Q1R+i3/AATM/wCCoem/tjLqXg/xJ4VvfDfinQLhINe8O6m++S2L5CSI
5ALxlgQdwBHHqDTf+C2v7PXhr4v/ALG/iu4vLQfa9MsG1jT5kQboru1BcOD23Rl0PqGPrXkH/BHT
9iX47eE/iH4s/ai+P2ippHiHxrJCBoMBz/Z1jG29RKR0kcgALyQACTkkL7//AMFf/jBo/wAJP2NP
Gl5rN0iSyaBPaW8WRl57lfJiT6neT9ATX1dJzTjzqza95HelJtfifHv7K3xE1j4qfs2+EPGWrXPn
3lzo8YuWAJ3yxkxsx9zs3H/eNdVe3jCd3R8FOWUc/NXNfsVfAnx/4K/ZN8F6TqOkPFPJo63cispD
KJiZQMeu1hx2NdVq/hfWLadv7XV7dUbKtICCV9Olfieb5kqeMqKC05tPvPn5UJqq9NDjv+CKBeb9
t/8AaIy2SfEOi5Yjk/Pf19jf8Fh4kj/YR+IrkcnwTqOTn/pmK+Qf+CKv2c/ty/tELAvyjxFooA/4
Hf19hf8ABZRGj/YR+IZZhz4I1HCj/rmK/bMsn7XB0Zd4r8j6fC01GlF9kfnb+z18NdK8cfsh+CVv
rFCJPDkAZiOuFYAH868H+MP7Pdp4cv5f7PuSygsz4GVGBwK9/wD2YvEmpp+yp4H0LSoyp/4RyBp3
3Z429PavL/2o/GaaLpnnWwDOSwCFSfY5P9K8avg4c8mt7n2NKvOCil2RR/4I02DaV/wVA1u2klDn
/hWN1yD/ANPNl+VfsT49kmh8MXlxGxDJbuUbPKkKxFfi5/wRK8USa/8A8FPtduZ1KsPhpfKQT0xd
WXWv2T8UXN1feGL9Y0L5t3CqBkk7CAPzNfSYSk44eCPBxc/39Rs/mn17/goP+2r5iRQftX+Ntygi
RRrcvB+ueaq2/wC35+29Lp80o/aw8b5i2tt/tuXocg96z5P2Ev21HkaR/wBl3xuSzEk/8I/N6/7t
Ef7CX7aiAgfst+OCGGCP7Am5/wDHa9OEYpanG3BxO28UftlftvaNoOi6va/tbeOJBqejvckNq8g2
MrYKghufxxXhnxE+JHxB+Lniufxz8T/GWoa/q88ccc+panctLM6ogVAWbnAUAD2Fep3v7HP7bd5o
9hpx/ZZ8cKbFZUVv7Bm+ZXPT7tcZ8Qv2Yf2jfhD4cPir4pfBHxJ4f0oXCQjUNU0qSGISNnam5gBk
4OB7VouREQsnqepf8ElJyf8AgpB8IldmOPEhH0HkS1/Tnp/iOa08ES29jMULQbXYnoO4FfzEf8El
nRP+CkHwjJTP/FSNzn/p3lr+lp5NPudDISQq4iGFB4JrCrbm0HOKbPyj8ef8FHf+Ch+rftL/ABJ+
H/wl+JvhiLS/B/jK80+w0zV9BgJeCOZ1RTII9x+VcZLZ96+tP+CZH/BXjX/jT45uf2dv2kPD1p4b
8dWCeZFZ2sjfZNVhH3pbfezFXAwxXcwYEkdCB+ZOsX+maN+298cry81wwyD4iagI4g2N/wDpMlaX
xS07xVq39kfF74TTNp/i7wpdpf6DqducSuyMH8o54bJHAPHUdGNefLE8tblnsczcoz12P2b/AG7v
2HPCn7ZnwxvfDx8Z69pTTxtLaXuhanJC8Mjd2jU7J4z3RweOhB5r8afCPwR1P9ir4+aj+zb8avB9
jaa5MWk8OeLIEOzWLYnjYzdCcfd4IOVIyAT+vn/BLT9uzwx+2b8BrHxSXW11u2JsvEGkk4NjfqBu
XHURuPnQn1x1Brmv+Cun/BP6y/a2+Cz3vg61jtvGWgytqHhLUVJR47kDLW5YdElwBzwHVTxirr0V
Wpum2KceePKfBL6ZHAxVdxyPmiLgjHrn3r2H/g3xwniT4yGKIp/xXse0MO3lyV84/s9/FBvin4Lu
o/EsL23iTRJTZeILC5QpJDOhwTt7AkdMcHcO1fSv/Bvmu/xT8ZCQDu8focj/AK5yV5OW05U684vT
Q5sMpQnJM+kf+Cy/xB8a/Df9hrxt418B+JLzStXsNLgazv7Gcxywk3cKkqw5GQSPxr8rPDmvftg6
t4HtPGOpft0+O7RbvT0uChkkYKWUEKG80Z6+lfqr/wAFnfBPi74h/sOeNfB3gXw5d6vql5p0C2lh
YQGSWYi8hYhVHJwATX5MPZftZ2vgHTvBS/sU+PWNnZxQtN9ikwxRQNwHl8dOlehiXiuSPsTpqcyS
UDo/B9z+1b4olS3v/wBvnx1bHcN2x3Yj/wAjV6v4J+BP7UmvT7Zv+CivjyJT94iFjgDrx9or590r
T/2tdPfzf+GKfHpJ/wBYy2cgJPr/AKuvQfAXxk/bS8HBpJ/2KPiFPkYXFs4wP+/XNcsP7TUryMpL
EXVj7r/YL+DWifsneFdX0Kw8WX3iTUvEWovqWsa1fwhHuZCMZCgnbjrySSSST2HNfsTag9//AMFo
PinfTHIbwdYsGB6j7RZ1418HP+ChnirQPiDo/wALfjx+z34l8EX2uBxo95rC/JMU6rtZFIBxjcM8
49a7/wD4J2+OtP8AFn/BXb4palpvER8GWZTIxgC5sxXdh5T52qm7N6c3zKLP02/4KTXSz/st+JDG
Tj+wNR4Pb/RXr5D/AOCQPiCz8Ef8E0fBfie/nBhU3+3Y4DxsLyY45r6k/byub7X/ANnTxJoemWct
zdzaLfpBbxJuMjtbOFUAckkkcV+P/wCzh+1P+2V8AP2ctM/Z1uf2HvHepWOnrP5k8Vs8YfzJnk3B
TCSpG/Gc9q6XK0bo2dW0brc+yfi/+0GfivdancG7uY/sQK4YkKR057H9K+Uv2VdGHxC/4LD6XLoe
+eDwT4Furm/YnPlSzxmFUJz1/wBJQgf4VkWXxL/bo+I8Fz4e+Fn7BviOzvb4+St94gn8qCI/3mLL
GPTqQK+0v+CTf/BPDxX+zPpusfFH42azBq/jvxddrc+I7+3JaGFVJMdrGxALAE5ZgME4A4ANc9N1
pT9pNGMOZyuz60+Juo2+h+C5BcthYoV389lGSfyFfgH8PtKg+JfgT4jfGaxheWHVfiLfy2rL1aFm
3K30+fH1Br9RP+C2X7Ztl+zt+zLqfhzwvqqDxR4tjl0Tw5bxsPMaWZfLlmVe/lxseezMvqM/CX7O
/wANrH4d/BnT/hBdyhZLqwLXgcdLhyXJHr8xx9AKwxzj9XcW9zenV9jWi/M8P8F6r/Zl6txczkPE
26NDJkjB/T869217xLZeIvDOmeMbaUKk6GOVXxw46/XPWvnb4laXqngTxvPbM5jBnbgcHjt9K9F+
GfjaK+8BN4f1iZ2+2bngRQCI2HIwPfgV8i6ejgz9Dp4hThCsupp+IpbDVJfJfHzgN5iKOMnHpXef
8EWPihN8Av2zfGn7OWs3Aj0jx1bJrXh9JOALuDdvVB0BeN2B/wCuSeleRvqv2iB4FG5zwqMu0cHv
71598SPil4j+B3xd8AftCeHopBfeENfiuZSDxPbF18yJj/dZdy/R2rqySrOliuVvRmGc0Y1sJzLd
an7rftOfBLRvj18D/FHwu1tA9j4i0WeylJxhfMTCt9Q21ge3XtX5t/8ABvT+yJ4l8O/Fb4jfFb4h
abMt/wCHLlvB+nLcLgxNFLuu8ehHlxL7Zcd6/VH4U+K9C+K/wx0/xR4eu/tFhqlhFcWkwxl4ZUDo
x9wCPpinfDz4WeFfhUNZvNB0q2szqt/Pf3vkLgSXM2DLM3+0xAJr7Hm18z42zbufO3/BXL9pWL9l
39i7xn4y069SLWLzTTpeggHDfbbkGJGUeqKXkx/sY71+DHw00LW9P8ORFRLhY/NkwDhnc5JJ5z6V
+hH/AAXd+Kt38dv2mPBP7J+g3jSWPh+1bX/EiBvlE0nEMbe6xrnH/TYV83eG/h/bwLNorWqlh91v
7wAH9a5sXjqVC0HuehluDnVbnY8wu9HtE1vwDffZikz+NdPXLfeOJRnP6V/Sj4VtpTpAmTpsfkH6
/wBM1/O34z0u7tL/AMEWt3bKrQfEDTx8o4GZPXvX9IHgXSxN4PaZ1yAsnPfvTw2I9rh+ZsyxtFxx
bifjH+338TP2j9e/4KReL/hD4B/aV8UeEtJ0/wANWd9b2umXT+UGMcIZQgdQMl9xI9KpeFvhh+1l
4kh8wf8ABQbx2jjAwEkIOf8AtvWp+378Mvj94f8A+Ckvir4weCv2dPFPirSr7w3Z2cF1pNi5jLeX
CWIcIwOPLII96q+EPip+0f4fOH/YJ+ITlScYRhx/34rizCeYqV6Cf4fqdmWUcta/2mSX3/odJ4S/
Zy/a+1x2x/wUP8cqikgnyX564x/pHtW3H+wp8R/FHijQNd+Pv7Wni3xlp+gatFqdnpGowBYzPHyp
3mV9uehwM4J6Zqt4Z/an/aL0GRmP/BPL4guxbPBYfX/lhWh4n/bW/aQnsjK//BPv4gW0MEZeR5JG
KoAPmY5g4GK+fxEuIqseVJ29V/mfVYf/AFUoWk5LmW2j/wAh/wDwUcupPEH7KfjVbaAiNIbIthQO
BfQDn8Tmv1N/4JgRRw/sieDUDYx4R0kdP+nOKvzA+Nvivwb8f/8Agkv4z+PnhayubSO/itIvst5g
vFLHqlskinseRwR1GDX6gf8ABMouv7Jng5Np/wCRT0rH/gHFTyWNSGAqxktVL9EfMcU42GMxynHV
cq/M+Iv+Cmn7Tf7YHhL9tjwj+z5+zP8AEHSdIm8WaXe3U0msaXDOhlilmOSzozKNkeABXLfCX/gp
x+2B+yN8WtG8Gft3aFoq+G9buRb2Pj7w6hSCKc9BcoDt2evyoR1+YA4f/wAFFJRD/wAFefg8zH/m
A6vgD63da/7Qvw18KfGnwJf/AAz8d2P2mwv4sKQnzwyDlZUPZlPIP+Na5hnFbAZnGk9adk2vU+Jx
eNjh6iTP0H8ceD/C/wC1X8MzFHqsiC7sGhmNjfPCWWRRyksTBlz1V1Ir8bv2jv2IoP8Agmd+1JY/
HP4ieEJfHvw01PURBdal4h3XN7oNw5+RpSfllAONrsCGUEcNg19Df8Eef2zfGnwi8e3/AOwb+0Bq
jtrfhiIf8InfzNxq2krnCKT1aNQCueduRxsOf0I/ag+BfgL9pT4Par4Q8U6LFqNhqmmtBdwMM+fC
3PB7MpG5T1BUe1e5UVLEUORv3JLRrodEJKcbrZnzB4M8WaJreg2niHQNQiuLO9gSWyuYHBjliYAq
y44xgivALv8A4KUfFbxZ448ReDP2af2NvFfj6Hw5qsml3us2kjR24uY2IZSwjcIMjuQcc4Arhv2T
9f8AGf7Inx+1n/gn/wDGjVJJbeyke9+HWrzHMd9YsxYQgn+IAk47FZFycLntP+CfPjDTf2bv+Ck/
xM+A3iyGP+zviBLB4l0COcYjuGUyNLGAepIeXPvF7V8PgMoovN54XGq9lda2v/wS4LkVmeXftd/F
v9qLxT8N5/iL+1f/AME0tHg8F6VJCL2/1DX0e+tEkkWMeU0bCVCS4/h2564xW1oX7BOo+DdEsviH
+xd+1l4z8F2uq2kd/Z6XNem6stsqB0AA24GG6sHNfqj+11+zP4D/AGk/gBq/w8XRov7P1rS5ILhb
WIBjG4yJF9WRgGH0Nfkr4d+JH7Uv/BPXST8Bf2ivgV4j8VeGdFkaHw14z8J2n2lXs1J2qy8Y2jAw
zKV6cgCu7M8vx2Ew8J5O3Fp6xv8A5mVb2iV6e52Gj/tPf8Fb/wBmiQalr2leGPippFrhp3sFa11I
xjqUMewlu/KSH2r7/wD+CcH/AAUH8K/tv/DhfEul2tzZ3dvcPaalpl+o+0WF3GAWhcjhgQchsAnn
PSvzN1P/AIKEeJviR/xT/wCzz+y38RdZ1y4/d20eo6CIYEkP3Wdkd+O+Dt+tfbX/AARd/Yp+JX7N
vw+1LxP8XZ4h4m8V61LrevwWz7o7WeRcJbgjhmAOWxwCcAkYJ9LJq+cYmhL+0KdrLR9b/eY0Z15p
+0Vjg/8Ag4Q+DOnWPwQsPj/4ciNtrfgPXbPVtKu4Vw0QkmWOVc9QC4jb6gV80/GrxB/wmH7UX7Lf
i3C7tS8R29yxT7uXELHHtk19Xf8ABwj8XNF0z9lS7+FVnMs2q+Lb+y0jTbVCGeaT7Qkz4APOAij6
tjvXyh8VPB934I/aE/ZR8KX6FZNN123t5Cf76CEN+oNaYyNL+1cI/ta/dYqor1Ydz9rdIYf8KDcE
8/2Mw4/Gvys/Zu8O3Pjb45/tt+CbKMvPq1pPawp/eZ4ZwF/HIr9TdMBHwIbac40dulfnV/wTQ077
f/wUF/aeiePdnxHbAgjjkyCvQxdR08LNrozug7M9s/4N5fidY6z+x94f8OCYC80y2vNNvYyQDHLB
eSOqn0/dyqfzrhv+Dhjwr4i0zwX4e/aA0Czkkl8D+MdN147EztjDeWzEegcL/nNee/spa9ff8E1P
+Cjvi/8AZd8W3b2nhPx1qH/CQ/Du7n+WN5JW/e2e48BiCyd8mFf79fpP8fvgx4I/ao+DF5odzYwa
lY6pp81vNaT/AHZ4ZE2yQt6H+RA6da6+dVYRl0khq+zPnzQPjZ4a+L3gPSfH/hrUEn03WtOiurSW
N8gq6BsfUdD7ivNviDNFd3DNbs2S3zc18uN8Nv23v+CXWt3/AIE8MfDXUfij8JEu5JdKtLFyNV0Q
MxZ42XBbGSf7yHqCpJFZutf8FNdR8RZ0zwb+x38VrzVmOyOxuNB8pQ542l1LEDPfbXyLyrG0cS7R
5lfRnkYylXnPRXHf8FJPHtr4K/Zi8R6dHk3/AIjjTR9MtRy88k7hGCjr/qy549q/Qz/gmh8KLv4M
fsneDfAepW7Lc6X4YsLS6R+vnLCGk/8AH3Ir4V/ZT/YG/aZ/a3+P2jftIfto+HYdH0jw9N5/hH4e
BgwhkAytxdYzjDANtYlmKqCAowf008ZeK/DPwV+G8lxe6vDax2tpI73NxIFVFClnlcngKMZyfSvp
cJQlhsNyS+KRph6EqFLle7PzO/4LVeJbLx5+2Z8B/hHp7+bOvjGXWr2MHOy3t5IQGP8AvCKbB/2D
WD+xSd//AAWZ8YuOjfDGEj/v9Y15t4D+Id3+2p+3J4r/AGuZZpG8MeHh/YHgcyxlfNhUtulUHnnc
7885l9QRXpH7EMJT/gsj4tBBH/FsoMduDLY1wU8XCtn7pwd+SNn+AlNSx3KuiPvn/gq7Bt/Yp8eE
ADPgbWP/AEkNfkN4A8CeOvgP8BvhP/wUD+CNgzax4T0pIvFmnwKcalphldX3gdcK2CecABuNmR+w
X/BWSIL+xT45Qkc+CNYGc/8ATrXxj/wT/wBD03Wv2GvBGnalapc2114feG7gkGVdGd1ZSPQgkH2N
RntergqFKvDpLX0LxE3SjFrufff7JXx1+H/7W/wF0nxR4f1RLzT9X0tJ7V8gsEPBRh2eN8ow7Ffr
XzP4a/YMHwL/AOCkOp/tC+ErEQ2HirQ5LbXLZAAFv/OiZZkHcSqCT6Mp/vV87fsQfE3xB/wTZ/bR
uP2VfFGoyx/D/wAc3bX/AMPL2ZyUs7tyN1oxPQNnYevIjP8AESP2I8PL4Y8a2Np4ti023mfYDDLJ
GDJEe657EH+VerhsRTq0lWhrGWvzN4zXLzLY+bv+CucLx/sV+OFPbwjqX/omvnb/AIJgeH01P9iT
4aj18Pnkj/ptJX0l/wAFfosfsW+Nhj/mU9T4/wC2NeFf8EqJFT9h34ZlgCf+Ee/9rSV43EaTwUPX
/MU7csbn1F4Q8F2TQKrRAYODXeaT4U09IysCArjksM5rnPD+rQQuACMdTXX6drdsAWjddpToOlfO
4SOHb9493D0oSgrFHUvDNoICoiUI5xtCjrXG+KvCdvJBIkiArjoBwa7q/wDEtjGpSVwAoJDY6muE
8b+LrCO1lZLhDt9T1qsb7CMLqxvPDwScmeMfE3w1BDaGeAbXQnc0fWvLtTuZNrK4cscYKjkj+Veo
+PfEQvFNsrAqehA4avKtb8s3LpE5kCk5Cjp9PWvksT7NTdlufMYxxjOyM1L2U3WyFEJJ5J6itBV+
0Jgqcr1fvWVaiQzggkDaTgdRj1rX0q4S5cQ5+U/Kcnkj1r0sFUcqXu9DwZ3dQrGzlEzRue+MEc5q
S38P3MlyrJC7DuMV1eheDbzXLtZ4ISwLYL7q9I0D4WvabZJIgx28kitpU1JXS1OjD4erUkee+GfD
EMbKwt+vqK9C0rRBbQozxnaVAyR61v2vw7gEuYI+R7VsR+FLh7fyp03AHClf5V00HJRtY9SlhZJa
o5oaTG9sS2AAce5rlvFenwR4HLAHgFf0NekX3hO7jhYxRsACP61wfjO1NruhmRuvzEnv2rDExbi9
BVabgtUcjFYCSdigIVhxjmuh8M6fJFeBRF0Ydeo4rO09Glk2McDdxx+grdsbiGK4WWaco2Me+fcV
xUqWl2YUJKNS53uhX5gi82NwU8viInpT/EPjdI18pySpIIIO01zkeq2qRO5kIDjnZ1H1rnfGXiGA
TAQyDY5GwAZ6eprolNU6WjPaVd+yPih5Psdyz8D5Pl49Kp6neRTlJHkAJYU7xLIuxmD42ZyPYVx+
pa5IL6JpJWKKRtA6Ae9ZV6FpXZ8JGacLHd6O8bxlg+Pxrb02YxzFvMH59a5rw3eW89ksg+VioPyj
g1pw6gEk+VACh+bNe/l9eDhyI4q0W3od1Z37eUUZhsA+XB6ipV0+PUW+ZBgnIOOlYenXxmtlwvAJ
zgdq6XwxI93straFmYngetTjHDESUJHRRbjO1rkMvw6iuJC0UbOfZe1RWHgS8a8FsLR84H86+o/g
d+zrcato0eq61Zq8jjJJPQV6BZfs5aDDrkUosVB3DqnWu6lldONFJHt0sBWrQUu58f3PwH8Vx26X
EOmysXGR8vauO+IPws8TaXYmaaxkOzJcMh6e1fqXoXwa0R7UQyaemdvynZXB/Gr9nPw/faHcH7GM
mNh932pyyhwjz3OuplD5Ln5R2dqWn+zbActkgjv3r0bwpoMNogZYFPH3iPUVX+IfgKfwb4+udPMb
CMTkIu7jGcV0nh+OE2ihQcn+HHXt1r5SplUZYhvseJZ024ssPpiw2n2i3Qk4GRW1oe+6tgiMASOQ
PWoJYYjbbWdh6qDTdEvfsF4qRqOT91uhrObVOp7OexUG4O6L934ahMYLICwHGRWc/hFbaQXAXbyS
cCu4i08mLdIFAxgfWpbnRoRpzbl3FsDc3G2vSdGl7FO56lOCqRueLeP7BrazZ3AyFPNfP3jrWpWv
gisTgnILdOetfTvj/S2kikaXlRlcMMV8wfF/SZLK+lmgUYweR25r5/E4Xmk7HFi6fJK6Kuj3TXUU
sUkSsGiIKnnIPr7VxP7Pf7SHxJ/4Jd/GLUvEWi6Bea/8KPE18J9X0qycmbRp+f30Q6D3BwGXCkgh
TXTeBrm4nVkBDZOAT1NbGoaG1zOY54g6uhDRuuQVPH459K6MjzLEZPivcV090Th8TKhV5lsfoZ8A
/wDgoB+y/wDtR+GYdX+H3xV0TVGkjDTaeb2NLyD2ktnIkQ8+mD2Jr0y2v/hTdDzbiQH02OcD6V+I
vxD/AGNPgh4g1ptSk8NS6Xd7t/n6TcmBg2SdwUZUfXFO0L9jzTTmKL47/EO3hXAjjTxGcL7fdxX6
bSznBVKKm043O1Zthb6po/cPUvjZ8CfhRpM+vatrem6dDApaa71G7igRABk7pJGG0V+fv7d//BXm
/wD2gZrn9mL9hbf4h13VUe0vPFVkzCw0eFgVkkSXGJH25Ak4UZyu47a+bNE/4J+/BDWLqO+8d+Jv
FniZkwQmsa8zID/wFVb6817t8MvAPgP4YadH4d+H/hOz0u2U/wCptYdu8j+Jm6sfqTXl47iOhSg3
hoty7smrnFFfw1qa37KXwV0T9nT4Uaf8P7K4+1Xak3GrX5HN1dPgvIc5OM8D2Ark9M13SdG/4LDe
BNV1rVLeztk+HVwHnupljjHz3OBuYgCvYNIUBAzZJPJOelcN8d/2Tvgb+0bJY6j8VPCTXl5p8Zit
ru2vJYJFiJ3bCUI3DJJAOcZOMZr4bLMzjl+b/XMSm73vbfX1ObDYnkrc8j7l/aY/aZ+EPi/4B614
e0zxzpIni0K6J3atAdxFrIuBhvU18R/8Eh9l3+xlpdvuUk6xf4/7/GvOtK/4JbfsbXbmNvBOqDgk
bddufXp96vpL4B+C/B3wU8OWHw+8AaOmn6NYri1tFdm25YklixLMSTySa+gxnGGXYunGlQjJa63s
dWJxNLFUlCJd/ae/Ze8L/tIfBrW/hf4nEcT3cIk0y+MeWs7teYpV78Hg46qWHeqX/BIv9vm/0Twx
q/7Mn7S+uxaf4z+HT/2bqQ1K7WN7+1Q7YLlfMI3EDCE5O4FW53V7Fc3aTaaGH3wmQc18r/tN/sVf
s4ftB+Lv+E4+JXgVptXWERS31jfy27youdocIwDEA4BIzjjOK+oy/G4fC0brWDOTB4x4duE9Ufaf
7U/7S3we8cfBDxFpWleO9KEo0W8ZRJqsHzZt5AAMOeeelfm5/wAEwV3fsbeHi6kBb+/IIHT/AEuW
sub/AIJifsjQlZv+EG1NgXbcF124HT/gVfQnwi+HXgv4Y+DLDwL4E0RdP0ixjZbS1jLHbli5yzEk
ksSSSSc15Wd5thcbQjQpJ6O+peMxlOvBRgjN/wCDf34seAfhl8BdevPF/iews2HjbUT9muL6KKTB
RACFdgcdefauh/4L6/GP4d/E/wDY2vpfCPivT7qUazpaC3gv4pJDtnYkhUYnHzCvMtS/4JZfsheO
vEtz4k1P4c3Uc+oXDS3KWWsXESB2OSVQPhQeuAAB6VJN/wAEnv2NfCupQa5afDu+mktZ1ljS61y5
kjZhyNyl8Eex4NdK4oy+FJpxlzJW6WPQ+u0lTTszr/C/2hPDumbpTldOtww6f8s1rF+N/wAFfCvx
4+HmrfDrxlFiG+hxBcqAWtZgPklX0YE/iMjvXZ3EUIfyodiAfKqouAAOAP8APpTEt5Q5Mj59CRX5
vl0JvESqQlZp3XrufO89qvOu5U/4JAft6a58MbzU/wBjL9p7X4rTxP4Gj8uxvtSvFiXVtMGPKdXk
IDPGpUDnLIR3Vq+m/wBsq/8A2VP2w/hJqnws8W+LdI8nVrNoJZm1K33RN1imU7zh0bBH5V8P/HX9
kn4KftBa7Z6v8UPBRu7u0Tyob62vZIJDHnO0mNhuHPGc4rB0/wD4JX/saysEm8D6kMjIz4guev8A
31X6auJcHQoKdaL5ktbf8Oj3KOaUbLnWp87fGX4r+KPC/wCzfq/7GHxX1iG+134f+ONOGk6tDcB4
tQ00lhGysCchQVI5+6wH8PP7b/Az9qP4O+Dfhhpujaj450p5fssTnZqkAABiQY5k6jBr4K8Jf8E7
f2PfC3hPV/Bdt8LvPtdciRNRkudSmkm2o29NkhfdHhgD8pGcc56VwHif/gln+xxZxM9l4K1LH8JO
vXJ/9mr5jB8XZBhJVacackpS5tEvn1NoY2hGLunZn6hzftDfsr3d091c6tozNIxZz/asIyfXiWpU
+P37JRHz6joxPbGrw/8Ax2vyKt/+Cbn7I7z+W/g3UCegxrtxj/0KtbTP+CYv7IV2wLeC9SxnHGu3
H/xVerT42ye1+Wf9fMHmOHTtZn6vn4+/slZwdQ0j/wAG8P8A8drG+IHxy/Zrv/Ct1a+F/EGi2t20
ZIlbWIemDkf6w+1fmlbf8Epv2PZ+vgrUiD3/ALfuP/iqst/wSh/Y8hhLHwDqpORjHiC4/wDiq0o8
bZTUmuWM7/15h/aNGOtmSf8ABKu2i1L4GeK1JUg+PtRMco6H7h/lz+NaP7Vv7LfjPxF40079ob9n
TxG3hz4keGlMun38fyR6ki8+RMehyCVBOQQdp4PHrHwQ+Gvw6+Avgm2+HPw68PJpekwzPIsPnM7N
Ix+Z2ZyWYnjknoB0rtbgW2pQgtJwAR8y1m8ZTrV3iqDtJvqeFLFVI4p1KZw37JX/AAXH8N+H7+L4
O/tn+Gpvh14qtCIrhtVVxpt0cf62KbH7kN15yg/vkdPtTw/8cf2cfjBp8PiPRNb0rUYLlN6Xmk6h
FcRy57h4XIP86+Dfjt8IPAHxT0U6P438Jafq0KNiOO9gB2+6t1X8DXzDf/8ABPn4IabrrXng3WPE
/hiWRiCdD15kA56fOGOPbPFbvi/AYepy4mLUu8T2MNmMKvxKzP2nttT+AWln7TIwfABIfcRj05Ir
hPjZ/wAFPv2RP2bNIkh8RfEbw5pssQwLH+0I5LljjIxbwbpDn1IA9TX5ieGP+Cb3w98QwrFrvx++
Jl1bv/rLdvEq7XHcHMZH6V7d8Dv+Cbv7HPw1uotbsPhZFql3HndeeIbl71t/Bztc+WD9EBr26OeY
DFwTp3kbvG0Yxbs2VPix/wAFNv2wP2772fwB+w78J9V0vRpiYLv4keJYjDBao3BMCEbQwBznLvyP
kHBrQ+F/7Kml/sm/szeK/C6eILvXNa1XT76/8Ra3d5DXd00DBiAckKDwM5PJJOTX0jpq6VpmnJpW
m20cNvCgSOGGIIqAdAAAABj0rH8XNY6lZT29zEsiSRmOWIjKsp6g+xHUV8dxLjcTiYqN7Qi02kt7
HI8dKv0sjzD/AIISfGj4c/DH9i7Rm8WeLNPtpTd6jGbaXUIo5FzcghirsCBgVxf/AAXd+K/gP4j+
Gvh5qHhLxNYXZb4j2LGG3vo5XUBMZIRjgZ/pXn3i7/gl5+xtqWo3OpwfDy9haeVnZLbXLkIGY5O1
d52jPbtXNeHf+Cfv7K3w/wDGdp4o0bwLcvdabOs1sLvVppkEinIYqzYbBAODx9a3xPHmUUqUlyy5
7W2/4J1zx1Fx0Tue/ftUfsyaH+1j8JZPBz6gdO1uxuRfaDrUIy1ndIMK2RyFIO049j1AqX9jP/gr
r4h+AWpRfs7/ALfmlS+EvE1iFii8Q6jGw07WUX5VnEiriNiMEuMoepI5FdL8KvGRuZBa3IU5Prnd
/h1rsfiD8KvhL8bfDo8M/FHwBpWvWYY7ItQtlfyierK33lPTlSOgrn4a4ni6LjUV4s4sLipUm01d
H0xpHxu/Zs+Mumxa7Z6rp99FPHmO8029jnSQY7SRMQw+ufpVmKP9nHS5FuGuHAI4zuAx29OK/OC8
/wCCPv7J+p6y198O9d8aeDZJJOV8P+JDtJ9P3yyN/wCPV6f8PP8Agg38FPEtvHL41/aX+L19C2Nl
sniiJSq9ly0Lj8hX3eGzXAVo2hJo9OliKVWSjG6Ppz47f8FKv2Rv2ZPDVzFd+N9DsLmCMvHp/wBv
ikvJCe6WsZMjE9MnA9TXyN8MPgr8cP8Ags58ddO+Lnxl8Gaz4V+Afhi9XUNI07WbZkl8VXi8Bypw
DHy4LDKquUBLMSPrb9nT/gib/wAE8fgVeQeJbD4Jf8JHqlvKJl1PxffyX7hwcgiNtsWQe4QZzX15
HBpljYxW1taxwxRAKkcce1VXoAAOgxxxUV8VTdJxpaX6npwpJanlF58DtAs7M2dlYQLFGCI1WIAB
cY49MV4v8bfgNoU2lTfZrcCYj7gTAbHc19X6wIAyMwKqx4AGePSvMviPo2nXMLzXMxICHLZ4xmvz
/NsqwlRJpI2jgYVVqj8r/wDglfrPhP4N/t4/tKR+K9ds7FIPEukmMX10kPmBWvidu8jONwz9R6iv
pD/gqp8efhf8Sf2H/iPp+heN9MmuD4Mv0SBdShZ3LRjAVVcknjoK8T/a5/YK/Y5+Mvxa1L4ieLfh
3P8A27qEmbyfT9WnhW4ZcKHZVfbuwBk45715DP8A8EvP2NtLs5r678C6gWVSY0k1+62k+hw3Nfb5
bmeFp4WnCzulY9GjlOIlHRqxifAC4/sH9lLwTI6hN/hm3LMrYz8vANfPv7U2vJeaXc3t5IsYAcxH
PDHH14PFfRHxIksfCXhi38O6Vp0Vrpmm2ywWlrECVjjQbFA9gMdeea+HP2s7vxB4ijuJoR5UUDFm
2HhVFRCoqtf1Z6kYaJdj0b/ghj4r0LR/+Ci+tav4q12x0+F/hzfILi8u0jjLG6syFDMQCSAeOvB9
K/aJvjX8Ho9DNqfiV4eaSR+p1q3xj/vuv5XNbaa5vpHuY23A7clsYFNu5LS5s4LX7H5bxqdz+YTu
P0r6yjBxpxR85ik5V5M/qVb4w/CUE/8AFzfD5yep1yD/AOLpV+MHwjBDn4meHuO39uQf/F1/K41s
q+mB7mk+zx9c4rflbOfkkf1RN8X/AISHp8TfDw5/6DkH/wAVXxH/AMHAfj/wF4l/YCfTvDvjXSL+
4HjTTX+z2WpRTPtCzZO1STj396/DkwRjnNKscY4yaFB31BQdz6F/4JU6jpuj/wDBRL4Uapq+oQ2t
tF4jJmubmVUSMfZ5RksxAA5HWv6J7T40/CVLdrdfiR4d3Fcb/wC3IOP/AB6v5VWVWIy3T3rU8J21
lPrUMN2B5Jb94xbGB9c8UqkVGNyuSV9D7f8AEWiaf4o/bS+NmrafMtzCfiHfvBLA4eN1NxJhgwOC
PQjqK9i+H+kQWSLe3CibYAEg6ozCvDP2Yfh74fm0VYNCvpYluGEk3lSE+a3HJY/jX03o+n2Hh5YZ
GZSI9vlKW+8e5NfP1f3lWTRy4i692TOV+HfxT8V/8E8v2j9P/af8PQyv4J8SXC2Xj3RrbIWMO3y3
Kjs6swccckFf+Wlfsb4f/ax+A/jXwTZalN8RtFurXUbCOaG4j1eDEkbqGRxluMgg/Wvyf1/TNF8b
RyaF4uhiudPu4jDcWcp+Vg3pjnP5EYzXB6p+wZ+zYshUeFLuFdu4L/a85wD0P3q3pYqMI2mtjKM3
FWZ6X/wVH+GPg79nj9oPT/2zvgt4j0u80DxPcpY+PtJ02+iYpOT8t3sRj94AE9ty/wC2a9B/4IOf
EvwN4T1z4w6z4i8U6faRXHjlJoBd3kcLSxmOTDKHYZ6ivnPSP2Ff2dLS/guB4VnkMcoYJPqUzK/s
w3Yx04PWuz8XfsGfs6+KNVk8T6x4KnW6ulElz9n1CWFGbA52qQAcen171KxWHdVytrYHOKlzH663
37RXwA1KELqPjHR5tpOzfq1uMfjvrNm+Nv7ODE7fFeiKc9tZh/8AjlfjnL/wT0/ZwVZnHhe9+UEr
/wATWf5fb71Z0f8AwT7/AGfLi4aWLw3eiJWCkHVpvT/eq/rtBR2ZaqRfQ/Z+H43fs3kbZPFOi5/7
DMH/AMcqST42/s1BAq+KdF3dz/bEH/x2vxz0j/gnj+zdcAtP4Sv2XODjV5gQf++qtz/8E6P2ZzKx
HhK/jUcK39rzN8303dKax1Hsx8yPRP8Ags74i8M+MP2ufgxJ4I8QWV5EsV9j7FeJL5eZFIyUJxwK
z/8Agkx4v0jwr/wUm+I+peMdes7IDwJAvnXl0kSuwubQ4BYgE4HT/wCvWT4C/Yc+Cnwu1+Dxd4R8
KyDUIFZYJrq/kl8vIIJVWYgHHfrzWZ8Xv2OPg98T9WXxN4m8MTPqLxhHuILySIuBwNwU4OOeetYP
FU1iFUs7WJ5o8/Mj9i7/APai+Aus232PU/G2jTRkg7X1a36/XzKpn46/swHBGv6KfX/ibw//AB2v
xci/4J5fs8uyOPDV8w6PjVZgQfpurST/AIJ7fszpcx28nhO++ZfmzrE/H5NWix9CL0TF7aNj9idR
/ad/ZQ8Jw/b9S8beGLSJcs0l9r1rGmB3Jklxj1r5q/an/wCC7P7Lvwss5vDXwi1VvHWuPGY7LSfB
sn2iORzwA10oMYBP9zefY18PaL/wTy/Zft71ZbzwRcTx5B2y6xcBQPXAcZ/GvT/h38Ffg98M/M0f
wt4DstNEy4jvLW2AkOeeZDliKJY2lvFO4vbpLQ8WvPD3xq/al+M5/aj/AGq2t0vxEq+GvCsTlodH
gySBtJ4bJz/eLZJ5wB22v6ZNosNtfWM7mWKUSRkA4Ug8Cuv8T+GNQ0W4d9vyhiu+Js5P5Vjawl3K
VksyQ8UWBluC2Oa8mvUqV53mJzbep5t+0b8Oz4x0m38UaXb5e9xvZVyFkxzyP614Zb6g2gajBYiY
pJZkKQpIwc819caGJdQ0S70e8gCFXEqHYCC2MEZ7V4L8ffgpq0ccus+F4gxLB5Fj43jPtXn14Wkp
R6n1OR5lFL2FT5GQmv215qDPpf3XbLjeCRx/jVHxn4XsfH2m3ei3SY+02bRqmOVJGAfz5rznwn4t
1Dw34iOi3VoQRIfMBHCY6jnqfevTbTx3Z39+J9OPlv5eUy5KggYz0xmuebqYaSlDc+vUKVenboz9
Bv8Aghh+2D4duf2Tx8J/il4usbLWfAGpy6NPFf36RPLbZ327jzCMgAvH34jz3r7F8ZftNfBO38N3
l7L8S9Ehit4HmuJDrEGFjUbmPDHnANfhPr37Mnw/+Id7J4t1jQ2+3T4Nx5Fy8YfjBYhTjJ68YzT9
L/Yq+DE1uk0+kXR2sFkRL+U7iOeue/Svejn2ChCMpp3Pm5ZDi5VJRptW8zc+F+va1+0r8XfiF+1J
4is5Vm8Ya7KdJWTlobRGxGoPsoVT/ue9d9D4VeO3kkuFAkRxtIBBIzxz/SpfDGm6B4G02z0fw3ZC
3sbOLYkMSnCDsD3POeevrW/Z6zbalbPZMiA5V+ASeD19zXy2LzCriMRKaPrcDgqWHwsYdUeM/tDa
Emiz+BNRfCQ/8J7ppdnxx8xJYnt0r91/Cf7SPwZ0PQ49NufiDorOrMX2axb4OTnu/vX45eP/AAn4
K+JVjL4V8f6I11YEhvLaZkO9c4cEEEHk9OoNcLJ+yF+zHEFcaBe/McsG1Wdcf+PV6mX5zh8NhPZ1
U27nkZhk1fF4r2tFpLY/cuL46/szSSvLP4k0VixLY/teDv8ASSpo/jx+y4jhm17RDg8j+14P/jtf
h9pv7Hn7M08YuT4SunRhhf8Aiczn6Hhs1paR+wJ8BdevPMsvBOo+Qi8uurT/ADe/3s4rsXEWB/ll
+Bwvh/Gx3cfxP2zh+PX7LfmYbWdFbJ7avDn/ANG1j/GX4t/s66t8KtZt/CniPSYL06bcEsdVh+Zf
JcbR+8JznHavzf8Agh/wSP8A2R9cu4j4y8Faq6OuQY9enTt7NmvpzwL/AMEWv+CbWoJsvPh3qrtu
Hy/8JZeLjPQ4D/lXTSzrBTfX5kVcgzBU76W8j5e8GaDbQf8ABvJ4m1O3jYTDU3yPUDXLYdO319va
v0a/YI/aV+Dfw7/Za8G6P4i8Zaaty/hXTMoupwKUItIwVYM4IOa6SP8AZD/Zs0v9m0/sw+G/h5bL
4IksWtJdCMkjLKrsXYs7MXLlzv35JDcjpXxn46/4Iu/sH6ReMtt8M9YiyWIjPii6bgE8Al/58141
PNcLgZVVWTtKTascWbZfUp0Y1F0VmcP+3f4o8PeNv+Csvwb1bwtrdnfwt4d1Ri9rdJKqbvtbbSVJ
wcHNerazBLcSGQd+FIHQ1ynws/4J/fsu/s7eKR8QPht4AuItVWBobW9vtSmuGhDghtgdiFJGRuxn
BPNdrqgYRs5+UAdh1/CvmM2zalmOYKpSTSSS1R+dZm/a1L9j5s/bO+BPijxVpWlfGz4QzyWPj3wL
dHUNCvbbiW5RCGNuT/EDtJA6dRjDGvt//gnp/wAFNfhX8fv2e9P8ZeJtf0/StTjJttb0i6v445LG
9QfvF2SMD5bZDqfRsdQa8W1DYwYumDng5r5p+J/7A/7MvjbxdfeL9Y8FTR3l7MZbw2WozQpJIeS2
xWCgnvgDJr0ss4hhg6TpYlNx6WsGCxsaVPlnsfTn/BWT4R/C79qD4eR/FD4HeP8ASLL4geCpzqvh
e4i1WATSlfmktRh+Q+Ayjsy4/iIr5umXUf2//gB4T/aV+EepJ4f+KPge88zTp4yBm9iKs9uW/hRi
Fdc5A3YIwxrn9K/4JwfsjTsA/hHUDzkj+27gZ/8AH6+l/gb8Mfh98E/BEHgb4ZaDHp+mRsXWJZGd
mdsbnZmJLMeOSew6YxXNnXEuDrezrYZONSDWr7dmei8ZGpZwOv8A2I/+C23gdVi+DP7WcCfD7xpp
4EGoWHiBjbWdzL/z1gmYbYw3DbX4G7gkYJ+y1+JP7PHxHtBq8U1tKtyoYTWMyusg653RsVb618Jf
F34A/Bj46aQtj8WvAFhq5RNsc0kG2aJefuSrh169j3rwHVf+CZHwJ0y7Z/h5498ceGFkclrbSPER
EYHb7yM3/jxr0MDxngKy/fRcZ9WtUy/rcEry0P1oN18AdC/0nqNu4qzEDuec4HbvXin7UX/BXj9k
v9mXw3cWDfEPS5tRhXyodA0G7iu9QZsH5RDE2Ivq5Ue9fnhN/wAE3vDerzfZfFn7QvxJ1WAjEsNx
4iGGXHCncjcV6J8GP2G/2aPg5fQax4Z+G1tc6hC4MepapI1zMG/vDecKf90CvYqcRYB0uaClN9no
c8sworRJsxvhX4c+Mn7en7RNr+2L+0n4futE8P6DMR8O/BV4pLRgncLmQMBliQrbiMswGPlUVtft
otZaN+17+zhealPHbQQ+NGLzzyBUUBoiSWPAHucV9B+G4kSZXC4y3INVfjd+zH8FP2p/Ddp4X+NX
hQ6lBYXZmsporqSGWFiMHa8ZBwR1ByDgccCvg/8AWWSz6OKxN7LRJdB067lUU5H1zY/tV/BC3+Gb
eDT420w3TWBgMn9q2+wMc8/f6V8df8Eo7zTtW/b9/ad1GxvI7iGXxDamG4t5Q6ON0nIKkg1g+Gv+
CMP7AF55aXXw61fIxnHia7/o9fVn7H37In7O37GOi6ho3wF8GNpa6tOsupXFxeSXM1wyjC5eVmO0
DOFGFyScZJNfbV88weOwrjRjLV36Hq0KkJyVjS/b7/Yc8Bft0/CAeCdb1D+x/Eml3H2zwp4pt4sz
6ZdKOuRgmNuAy5HRSOVFfKvwJ/4Kc/tA/sBeMB8Af+ChvhTUNLnimWLTvHsNk8ul6zCPlErso4bp
l0yezKCOf0CfWbaFfNa6yMYOD3rjfip4c+HfxZ8Kz+DviH4T0/W9LuVInsdTtFljfPfDd/QjmubD
579Tfs5ax7HbXhHluXfB/wC2T+yd+0Toyaxp+v6JrCGPJutH1SG62H0zG29T/ssARU95qP7N9o5u
4d5ycqHLd/qa+M/Hn/BE79hrxbft4h8KaL4k8G3L5LN4T19oF9sJMsqr9FAHtXkfxL/4I5fCfQLc
7v2hvirc2oHFvJ4nj49BzCRx9K9pZ9gI0+Z3R5NWvTp7n2r+0B/wUj/ZE/Zm8PXL+I/iR4e0h4Yt
66e2oRPdyf7ltGWkkJ9cYHc1+Zf7T37bX7QH/BUrVbj4cfCjT9T8HfCl5h/bXiPUIyl1rSqeYkUH
Cx5/gUkcAsf4a1tL/wCCeH7Lvw0uTf2fgWXWL1G3i8168a5YtnOSpwmf+A5rsbfTVsUW1tLNIoYs
LHFEAqqBwMAdK8XG8URcHHCxs/5meViMxS92mvmTfCfwR4b+H/hnTvA/gzRltbDT4kit4ox0x1Y+
rE5JPc5rO/ZS8Q6D4T/4LD+L9R8Ta1a2MK/C+3AlvbhIldvMsjtBYgE8E49vY12Hg20macBYQMHJ
pPiR+xD+zX+0d4lt/GPxe8FyXOpR26W/2qz1Ca3d41+6reWwDYycEjI9eleTkGLhg8W69W7cr3fz
Rz4StGnXcp9T6h/4KVftEfCX4kfsd+PdM8P+MtMa5j8FaqoiOqQM0jNbEAKFfJOR06mvnz/gm9bu
n7E/gEumfM0YEbu/zvXM2n/BIb9g1dkkngDVWbIJh/4SS6wQDz0evoTw54P8JfDLwlYeDPB+mQ2O
kaTaLb2VrBkrFEowAM8n/wDXXt5/mWGxOBUYaep3160a6UYo8o/be/Zisv2o/g/deF7OVbXxFpso
vvDGpKdr294g+UBxgqrfdOD/AHT1UV6t/wAEm/8AgpdpPjv4N3Phn48avDpni7wrcf2X4s07ULiO
Gb7SmVW4CuV4kCHdjPzq3pSadqomlMnVQRsyDXn3xD/4Jr/sgftE+N5/iX8RvhxK+r3uBeXOn6rP
a+cRwGZY2Clu2cZPftXkcNZ0sMpUausenkGHrqj7stj3D/gp/wDtJfCT4n/sd+OtO8N+L9OaePwn
qAWE6lCzSFosAKFYljweBXkn/BNXXk0v9hf4ayNjKeH84BwT++k4rlr/AP4IvfsA2sIkX4c6tlRk
qfE12Q35PXq+k+F/C/w28I2HgbwZpSadpWj2iW1hYwfdhiQbVHv069Sck8108RZzh8Rho0qSejvq
OtioOK5Tv4/jKlpKYjcYOOMtV5PjyN+6G8IIG3iTvXget6lcxXZcucEZAxyKyp/FEsTZEjDuPrXx
GHxs5Ttc68HnHs3Znuut/GzUp7iQwXx8vHzjzDzWVqHxLbUIxmYMT83zNzjFeR2niOYgqZ/mYZY4
4pbTVGmuSvmk4x/OvWbcoJG1bOXUg0juNc1syHzVfIduNhyT+HpXK3F0pcrcpgSbuAhGCT0rpvDN
jZXQjO0O2FZiT09RW1q/g/S7uNYI7dcb87yMFie9ceIwOIlBygeXUr+2ZxtlpIuYDIsYJkUD5kIw
O4BFaOnaGks6eVEVwNpGzkc/rmty20eKyjKWsjEBDvUn34xVuKOUSRvHDGWB5YD9Mf1qsthODszi
lHllc7v4ZaTb20MMSplWGckc16VZ29q0Q2g5df3Y7Z968u8H+IorfbKycBwGK5wO1eh6dq1pJDH+
9V8cEemfp6V7bcYO59BgXT5Fd6m5Hp+wBzgAHdnpk+lXoYoEGQRgkBfyrDXxHbWsLea4bHrUZ8RJ
c5aOXI28Y9ahYuHPZHoq1zoNVuLBbRl4+Y8fSvKfiPYx3MUs0eDtI4XH511WoeI4lt1DcDkcnvXD
eLtatnglYtgYwa1q1oVY6I4cXZo46GeO0u/IEudzk4I4U+lW4b97m4yZgjFzj5cdPrXNanqB84Sw
HIVuMH9asQX0UbCV5ScMCVI6157tayPG51Cpc6G81kw7S4yh+9g859a53xNq087hYZxIFOSC44/w
qPUdeJikJTKg/dHpXP6lrsaqwFuCrY+VuRnPTHrivIxuKnT91HXGt7SNkfLvxD1kafbSz5z8vy5H
WvL7HxML7VCGYEdcHsfStv4ka1daiskNvnA3Y+lcT4a024iuGmuGzubcmR0/KvfxsbwagfIw912Z
6z4X8QJNGqq20lPy9q6DStVt7mZkVVwWJ6deK8w0a5ukRpYSCV6A8bc9q6Dwhrc0F8VkZShY7Qz8
5riy2pOjBtmlWL5keuaCXuZFijb5SwyuOK+nv2bvg5a6nfW815aKVYAkMowMnivl3wRfQtqNu8pC
ASDcBzX3R8BfEun2GjQXrPEeB8oPJwBzXr0uSVRTkz18mwscTXsz6P8Ah54XsNI01YBFGgQD7gwB
U8sNnHqfnF1VVkztGOa8+Px00PTYJCt+gyMRgHtXMal+0BpN5dvBFqCHYw+9xu9q+jhj6PIordH3
McH7OmlE+jtG1K1SEAoSAANoNYvxH1TTzos3mMCNrDJbv6V4ndftMaZo2npuvY1YLjBb7pPfNcJ8
Rf2srXUNIk0+1mRnCnkt39azxGd04U3FLUipThQi5TZ86/taXGkW/jt7q2QMSW3Ntzhs964XQfFF
kluJQQpPyjIwK6/xF4V1D4tar/aHmSHcSNyDqM+9cr41+EU3h5VNpO4YDoyk183h6lWriXK2h8Ni
6U61SVSK0Nf/AISG1uEECMxIXGzb196Ibvy72KUdvuA9x1Oa5DTo9WsYU+1QhmCYQbsk/n0HtV2P
XohcxpHJySSQfu8CvJzh8tW8ThpucT3Pw/ONR0lQjjOMsRzitONES3CTE/MOOeCPU1x3wr1r7RZm
IMgc9MHtXZvCDEB975ckrziurD1+bCrmPXw85ch5t41sEl85Tubrjb614J8RPC0N083nR5znjFfR
3i+a2a42kj5hyAccV5R478OR30huICoOSNua5Pae0k9DCtLmPFvCPgs2F7I2CAJDtGK7C28FtODP
FnO3uOv+TW3o3hq5t7rbc22VzyUrptKsfKjliZVTI4JrgUF9YuzhWx4B8VtEu9NkMiOHPLH/AGR6
VyGjeKPs7FbpiNrDjNexfE7T0uppoUiJznqK8G8Y6TeWupPsgbYBjcFxk19hhqydJRktEccqXNL3
Wej+H/iPbo6RGVfvDPPWuw0fxlbz3CJFOACOu6vl3Ttf1PTdV8kq2Vb5SfrXp/g7VbyaaN5zlt3T
NRiYUlC8VoYKnOM9WfTvhW8iuY0O47sffrocLdJgcEDOe5ry3wj4pfTYogwxnBGfSvQNJ1+G5ZSX
Ubl4JNfI46VJtnfSVi/bgW0vmEnJ64rYsbmJo/3hClRwaxbmWN4TLC2Rg96rafrIhJE8wHPUnpXj
VnCkk4m8NGegWXi6RrcWMj7gB3kxWRqVwbuZxgElfvDkVz8Orr/aSRhgW7Htg962pC06ZhIVgu7k
Y3H0r38kzSrWpulJ6IK0VzKRzOtwRWswCfNvbndxjdVvSb9YoPLldfLVcbR9etV/EMsjxkzjCtnI
C5OR9O1Y+hXJMoMswwG2ruGP8/jW1XEXq3MV8R7b4MtIZdJjvjGuQAVcEkVd8URQvpryxoRGI1wC
epzyfWsL4eaiP7JIYkMAM7ccVq+ItQhudJk2ybiF5Ibnr0rzquKtJX6nrwdOWHPKdWHlalsjZSC2
7ANXtJtzdbiyg5+7z0NYuu3DpqZwvK9fYZq74X1ORmVi3BJwD2FdeGlCm7pbnizVqjS2NXUNLBdA
IQaik2WTBdxBH8NbtskF0nmFfu9a5zxFIEuyFbAyR04r1MdFPB83UUE07mnLewpEGVvn2849K5/x
PqPnWjRb3ZR0OcU86jiLdIQSVwMVieILrEZTeQD3XpXyuGwUJyci51pLRGFJcpbzEuwJ39BXR+GA
LydHDkKQDgdK5iWBJQXdcknge9dZ4DtWSdYWPfj246VOIp+zk0iozc0rnfaZpavCssSZXjkdak1K
0UKGYMCSQOPStPw9HE0PlxEAqBwe9TeIIZBbsW2gY5/CunBUoSakdjjenqef61siYLIrbkOVcin6
Lr0hufs12R04JGM07XA8qlcknkA1U0yPZcRu6bT0yBXoTxM6U7RfU4lBDvEyL5BkcY3E/fBIry/x
XHIbrdJEpYZBdRwq54r2abSft8BLMNy8kN/OuS8WeFIrmP7OQqMp3EhfvZ96Mfhnio+06l4eLjPU
5/wVqV3ptnGzXrKCcKCa9M8K/EWzNupaZVYE4DHkGvPzpUdjbrBMPnXtjGB65qvEfskZRGJAJOGH
P14rfB4ieC5Wnsei4pwZ7HF8QbM3CrBOpjKDIyflNV9W8WtcIBBJlS3TjivF016+hugyzFcnON2c
j1rc0fxQtxEPtEjdcHdwK2zLNIYmk9tTki1FWOrvJ5Zoyu4ZJzjNcj4hto4m3YXcDmTA6cVsWusB
8xiX5AM7eCcVj+JrxZY5ZPLGF+6xOK/O8c4SnoaqSMzStcbS76K5t5W3k5cIMED2r1bR/HrS6bGt
ux3OhDOxwcEdfrXhcmsLBO6NtZMgP2we2DXR6JrzLZZLMCMBynP1AP0qcHXxGGk+R7je1z3b4ZeO
0k1/Nw/LOFDZBHHpX0/8L/GVoJIsSHAAyS+c/hX5+eF/F9xpuvb0mAVuQN/IP1r6A+E3xcHmRwyX
gJ4DBOTivtsmzOvFWb3PTy+pCFVXPuXSfFVrFaBzcKcrg5PFYHij4t2lkNltNjaPvbuSPQenNeHH
4sT2tmAsrbMZHPSuP8WfFzezKZcjZgsc8HvX0FbM6jVk7Hv1MTShTue+x/GC71HYjzlgwwBkncf6
VzfxQ+IcC6DcCWTaI0OV385+leNeGviU90xjjlJVnLbvMwcjv9Kx/ip4n1m/tZo7aTCLhTIpzvJ7
Vw069WvO0merk9Wnid0cL4j1qzuNdurmXcXkYkhyAAc9Oa5XX4bi9t5RLcHYFy0eTjd2wDV9DOty
XulYf89MoMj1+tc3408YPa28ljHj94WG0qeR1z3r2cNWlZXPsZUYwpWS0PB/2hp7bTLCSSW7KJzz
jjoT/Svh/wCKlxe61PNLNAUtfM6bThupr7S+Larqd2bcRM6opEoU4Hqea+NP2lfEkOlSzWNjbFSW
ILdAx7cf1r2sPKc5pI8a8YSfmfLHxGlhOrSQf2f5RQ4L7cEn8K522tBdSiGMneegI611Hifw7q2p
XMl7uLF2yFZ+R65qromiaXH8uoThJM4BDjgevNfbU6qhQXdHjVKPNiLvRGLf6dcaeRvIY9CpHSqL
fePH510vi60DyQvBcLIuwBnDcGuengeNssCcnt3rpoScoXfU4q9Lkk7bEVFKBwT6UlbnOFPimeKU
SK5BBGcGmUDk0AtGew/BD9pXxN4Ae3035ZY42ARd2w9e/wDjX1R8F/i3efE/VhqUkzuVIZU88lEI
689DxjrX59QuBIDjp+dfUv7E3jHQJ4ZdJ1CZLSK2TMiK+TLnsK8nH4fkj7SBooU6kW5LU+wvhj5W
o+JXvdX1CN7dJDhweIz2PvXY+MNdi1GYadoUEbcffJyD25xXlGma/BHawQ2cTQWisWGeM/Wuih8e
6CbZ00Yr5hIXKty7Y6Y5ryeWVjilGPPdbHpnw4sZdR1GKzd4jtOXZT0HHFei66LWIyFo3dY4sRnO
QTXmHwhvW0LTFbk3lzy2OSM9uRXoV3A96kdjcF0eRd8m1sFj/dx9alRvdPc53Takc/dQCffDHC7l
32uCcL9felsPDk8krQR25AduT0yRWsPDzf2nDbugG1ySpIOM89PWuusNDit5BPLKyFU/dgLnjvxW
ag5SsU1FLQwrDQPsls6QwrLcK4DbgOc9+c1bm8MzrEUhR/mIeUsQAQR2/GuhtbUJITMke52yEI6Y
6A+9WZLZ5RtCOY3jwCo+b1zxxWsaZPLzHNXOkOfsySE/PgbeP1P4VVsvCL3+oXM8cDGGPKsQcE8n
oe9dXdxzWkygsSiIDJnB25OOn5fnWlpGmSizlvYIAu5vlQrjr3pwipPlF7NrY8ok0Z7bUHWSIBGb
gMCeB34p+nWKavq2VBCq2QCOF7fWuu8TeH/tNxLfo+zyz98g4XHHGaxIAunXcMhiAim+Vjt4LZ6k
j1qGtbBOmmRano6PfGK2TMkSksu3qvb6d6fCkc1vHaywHeFzBIT39KuzXfnaol1GjkOAjKB0Hru9
Pwq3400h4bFFs2O19rCTGMDvgHms1FtXRlKCSOW+3RzLLo+pQ7gkhVRITu46EevOKwZ9Kja/ezuY
PLlzgOVyT/8AXrsNZ0Fry0ttQtvklLELuGNy+xps2gWt7Y+ZNKYpV4yzlsD1JHfNTyyn8ReltDjL
vSpNEkkvJrVAWjMZLDG76+tc69jFeRG2ubchCmG+TaUHUDFekR6XM+/StZVZNykRO7csOxFc3ceE
7mzu/IMTEM2Ez1xjvkfzqZUoodJz5rx3Pn34rfswaV4lefW9FgEFywOZFjwH9/r05rxfVfAni/wL
ILbWrSZMOVEmTh6+7rbRGtJ/sskQk46Bdy89uOhqHxD8M/D3iWNTq2nKWQjIdMbR68da5qmEqNXj
qfUZbndSguSeqR8f+CfihdQyNZyyybEGJAfu4x+tdp4U8aRyRySLcI4d8KrNgAemO1d34z/ZW8F2
jNe6Q/kvIWLSI3GT7V5pf/Bu18HpcJ/bDEK5YPwT79K8rEYepFtSR9bh8zwtfbRl/VPiNBazz6ao
HXDOh+8cir+l+NrOMxXKS5eMZKq3O3d0zz6/pXA6qNBsh5t9rKFWYEPGTz+Hrwaq2nj7wJBE99Bc
lli3BTu4Bycg/wA64Vh5y2TO114R6npFx4ivdZllu41eMDCIoQ9PXNO1GBtZ01ZjdlNi/MGbjA/q
a+ffFH7ZGhafrL6No2AsK7FeIEgt681Q0X9o2+8SXD20l0bcTuFbJ6enfiu+GS4ucVOasjiqZipP
lpn1JonjLw/4WhtoNR2sqKM4bkN2z1r6O+EPxE0D7DCtrZIFkAB3pkH1+tfBmiahrUtqr3ym4CSL
tdT94f5xX0T8FPE7S6dCIrqOAAbvKfB2t6HvWVelTw8rJGmHqVJT95n3V8NPFtn/AGjE0USmNnBR
ZBjaCOtfRPg2C21PSItXtYdr5GNgAJXPqBzXxB8Jfirpmsy29k15FFeKgVoiOvsOa+l/hx8Sr3w7
5ela0SUkC/Z3B+U1xUJTjVtJXW6PclKE6Nos+kvD9zM1stxCG8xQThhnkVw/xGt7TV7tpSQkqk7o
2G0bu+Ku6B8QjbW8c1mu8SKSRja316VB4o1DTvEWmuZVCSnJjOMAnv6c08coVoW6nh4zDurh3oeE
eOIv7LPlW6YZm5Bk5HWuP1BJpU8ww4ZVwxzn8a7Px6JmuXsr6LIZuJByBXC3l9HBcNDIDkLhSTxX
hQwzc7n41mkIqs1Y5rWYg5LPuUhelctrUEkgLwoRxlia7TUJ1nkd9wI6YHtWRfxgjyUiA3cuRzx6
VrVw7cNDwfdUzmdP05JAjRnYc5Zga7bw+JiuHHmbcHAH3araVoETAGGIBQOh/irp9I0OKKAmRdp2
ZJDd/WvmcXTnzWPQpSUUh6yPbxM0kfDdPmwPyrGnHnSmKOIAluuK25LIKcl87MZ46VUnsld/PDhc
fMDjr9a2y+m6nvEVJNvUpW+k+e5+VlZc5z1wK0NL0+RTtkhDYOVbvUtrHEYzMGUt0J3cmr9qqWjh
4wSx6gjFfZUaa9n8iOV6M0tKshEfMWJiSM4re0m4lRljAABbOWqjpDxNFlGYEuRgjnPFbAt7YRMi
yDcB1FfGZthpRqe0sddBpI6rw1qf3IyV345JWutg1uaxhbMoK9eOteaaDdeTP5aNkjuG+9XUm8Ms
I/f4J64Ga97IMXTq0eVvU2lVnRfMjT1bxfqMtqwidtv8JDY/Gq2neJbjDLNKxJTjc57etV5xEYDu
kyuOOOlZyzRW1yyxt97qavHR9li9HoerTrzqUbs6618UGSDbIcDGOBXKfEB1v7Zixzn7oIqSO8eI
Ft/y471S1iYXNuY2mB7gNXRiZtUUjz615JpnhfjjRma7kQxrnv2rj/8AhFpWmJznn0r0/wAXWDT6
iUZeTycdhWWmkWyfKIxz97d71ngaaqydzwqqipaGD4X0R4JlEYJyxBJHau0sdPmeVY0HKkAn+tV9
MtFidQigAcHA7V0WlWZSXzATkjoe49q6a1qS906cNR53qX7G1aOFWfKspOQV7VU8RS3EsAjL4C8F
SM5zWzGguB8xI2jueTWT4g8iIBl4Iwfxrwsxx8lS5We3HA3jc5/S7sWsxQSZVm9MCu88J60beQQu
wK5yD615/cyLGWkXByfyq7ouuusZG4kqDzngVy5ZmMYM8/EU3Tq2PT9U16NrYDIGB1FcLr1/GS8h
JAYnPFOfxDGLT95MM44zWNqOpRTQMXbeSMjFd2Lr+2i2cc5paM5rXblWuTluvT3rm9QBikaTJYZy
QO1auvSebciPOD2I7VVezafAI4HqeteRhpL2xzNu+jKlrNBLH9nDNnGc7avbpbSNJFG7p8qnk1RW
wmti84L9eVQVoabFNeWxkcHCA7QwxgeuO9fSU5KcbIunz3N/w34v8sqBKUAJ3fN19q6Ob4hwCJAb
pCQQcb8nPp7V5ld2bxXLFWJ7EoMke/Wq8tpdeUI43I2H5gHyCfWufFYyvSo2iJVGnc9i0zX4dRYX
MUgzsPmKW+6c1vi6QwtGQyF+hZev09K8Z8J6nd2dyYZ2aRDgM2cZz0x2r0TSNTknt1Mkx5jIAA3Y
JHI9q8uljakHzdDvpOnUjZmm+vtpqNOGYHdnYVyKt6f8T5rEiM3rHLfLlgM9+3Sse/BmA8yRpEZR
sAXGK5nW9KvI7grBIAGclnb16110s5VWbhKwnVq0Hex3OtfF+7vY0jW7kUKSSqvncfSpPD3xlngk
AumYJglRnpivLbu4mhTZPEPNRwRubp9Kyr/Xii+Qk/IJG0Lgcn2rnq1akKnOnoJY+tfc9s1D4yad
K58mbknJViTg1zniX4iJeBoUkJbrgdK8m/tafz1lUuT0JyetWbPUrm9dmdzgnGGPSu+niJTp3uV9
bq1dDvdL11r8FlOBnKJ6VcnuC0e+RgG+tcZYarJZv5cbc571tpqpkiZnOM/Ma9PDuNSC7ilJWDVr
7c2I0LEHglqyrie5ViBK+5fmV2XOM8cUX9yZSZWfB7AVAzkx71lwSADnNeXmWGT1OaOIcZe6fM0v
htr6bc6BY8soYEn/ADmqVx4UWykYx221VG0nGfxrtLO03XnzRqTubAUYzirlzplklpi4QEsOpx3N
Y4POlOp7N6nJVw7aujy7Uo0sYtqcS5yGz/MGsxdbjtmDtL8wbqBgit/4iW8NokrRjapYhQBjdj1r
ynUNanF20azAKOMepruryknaPUVKPNCzPffB3jeNbGG68w7hj5ww+fFe8eC/2ib/AErw+YGuU2hM
KxfGK+OPBuuSzWot0Pyp0AOccV6N4au557Ro3nJ+QAHPH0qKWIqRkos9HBVHhanPFnqPjv8Aa18Q
287m31CVgR82WHT2rmNO/a41tJvOuL6T98O+Mg561gD4eXHiSN8kdODzzXK+L/hDf6Nun2H5OBgc
Yr0Kc5qofQ0cxqVZ3voe46X8ernxa8NlHfuzsf4W/nXb+FvDmt+K7uO3EzSKx53H9a+cvgdp72ep
wS3DZAb5sV9qfAP+z49RgundAhVQWYcYonG9VHVOMca1Fs9Q+E3wlm0/SESezCvswr/3fbPU1y/x
b8CRpqJFnAGfpyejV7NP4+0rTdGe5jdIygwisQegPevn/wARfGaHVPFy20kilGc52v7816tKpTgu
WLO6WBw+Gw3LLqcxqvwcuTafaorZg5J812zkHGfWvIPGVhL4a1RUKeWVY/KwwCcelfac02knwlHc
W7K5dPvNjpjv718k/tHOkeurEpAPLEM/OO2K87HYdSi5ny2a4SFCCcTS+EPiVlZI5DyV645+gr12
S9i/s4O3JCZCDrnHevnf4Y35S/WISMFAChmHDV7dHcTtoyzM+5VjwQO/HrXmYaV4uKPMwc7qzOG+
J2uHTrp5oz04JY/eFczp95a6yGnaXcpX7nvSfGGSdLd5DL8o5UlhzXlnhHx3c2WrixM2VZ8bC3Tm
uX63TwmKtPZirxu7I9403RbSWJZUhOQvOelU9V0Pa+YWABGN3rVfR/E8BsEZuMjI+bFSTeIoCUV5
E+ZsAhs11VHSxD/dvU5dIx1OK8R+F2N8WuLfar/dyc1z3ij4QaZq1ubl4cMOigV6x4hsrXVNJWZD
g7sEAgmsPT7aREeORGOzK7j3r6LL4KEUqnVHPLmWqPmHxd8JZ7bUPMisdm1uSR2zWh4N8PT210PN
BYdMd69o8UaTa3N44MYK5Ocr3rmTo9tp8ztNGFBBPC81jmtSnQpvlMYqTkZs+pxWQVlBUBgCD6Vv
6F4tiiKMkxKkg8DmuS8VgswjtgCAOmOtZWh313aXaqwOAw3c9K+Iq03iZe6d0Y2R7/p962oWQkTg
kc47Vk3t19kvmRyvJwQKXwZdC6so4w2Aw5Oe1J4js1FzHPE+QzY2hcYqcZl8/ZWKUkma2n3QVkJl
AAxlsdfauvhuIjaoMkbznPWuJto3MUZiOMkZOM81uaLfyyYg3dMg7u9YZS/q1RtsVSba2G655pjk
BI5BO4fw8Vh6UYhPtWPeFYFhu5Y+tdDq9pHLbttkbd1znhTjkVzEU09vqG4AFd4xk44xXS8Tzzsu
hk007no/g+5dIwmd20DPcEf4109/AJ7VfL4DJzG3XrXE+CNUhS4WJ3AjPVVcc130L7rNpMKNvc88
etGIdN07pam9KTseW+M9NUXLfZ0O1iSC3eqekLLBIijr1OO1dD4sH2i4YLjaM44rLsYPJlL7AS3A
5row+IjNRsYT+JnSaJKdhl8w4HHJrD8Zuz5CZJJ/hrS0+5SGHZI2Ax4rF1m8MzMiLk5IOPSvax05
VMMox6Ep2Mi3udkJEkjEdOB0qCeCSVGhCb8jIIOMVbhsCFZ5UZcjjH1rRstOjkTzGYFc5+7z9K8X
DqU5csd0RLe5yf8AZtzFclXXCl/xNdj4QthHD9wBj/ePNVbq0H2g4iHXvV1Z3tlV0ZQR2Helj6FS
nJLqaUnZ3O40a6/chdg3IB9al1jUYpx5Jlx68VyFvr7RkSLJkgdmp15rxmmR0J/2jmsMvhOFax0y
q6WNK50uORT8uSx+Ug8YpbfR4VKHkBDzVeHVFES7Dz/CPbvVu0voPvrKCCOBmvq6WAo1qbbOeVaM
XY1rjTUhsCYSCTwc9+a5LxFAzuUKY67sd66O91aV7MLEwKqTnjg1z1/MNsi5G9h8rDqfatsTTp0M
Goo2pyjI56/hPmFJFGC+FbdkgfSsSe2ZHl/d42tkBmILf0rpHto5VZPOG8nduxzg1mapaeY2ZE3i
NTkhh19wa/PMyxNanN8uxvCopKxyslvJOxUkAk5XC4/CmeVNG4jOdvUlR1PpW/NZSIdv7snPRlwa
7X4ffC59dMclzaFfMGRxwtebhniMVUUL3No0+d2RxujQ3r2nmTRHD9gucAD1rN8QQSRW4QhQrgle
Ocd/pX1BpvwB06309Y54C+5eQqe1eU/F74bpoDtHaxMrBRhSB9K6q+X4ii+aaNZ4edOF2tD561iC
5adWtYySQfLGeOD/ACrS8O6zdNZKhhYbGI2qAR/jW7qnhGKMCdmKblAxjkHPNZMOm29szSQ4VzKA
oP1rphhOXD+0Zw685oWpuiPNDANn5RjpXZfD/Xb2yvPM85m3EfN0/l2rlrS2kEW0KfTB69a3vCaS
Q3KxOpxtGeOnNevglGlTUiU5qomme02HjGW609DJMNuApBFcx4w1SVh5lvJ5YXcxZuhq9YT2cFkB
EE3AYPrXMeMJoxbmCByAc57itK2LSdkerXqN0kjo/hnqyal863ALJhXOQARnkCu8vreGS0Z5osjY
WiYKcADsfWvCfAetzaRqC2c21A0nmEhu2elerXXj6CazK3UyLD5RCofU+le1lLhOirnu5JW9hG7Z
5B8UviZBHrU+m6c/lCPO+RQOx7ZrzDxH8SrKK3nnkuGO/H7xgPmOevtVX4/+NNO0/W742UeIVdjw
evNfI3xS+Oet6xrzaZYylYEf52D8benT1r6ihgpOCaPs6WZqrHlPYvGnxJsLfQL7U76QAyErGsj9
ODkknofavjP9orx9o11I/lv545JkA4yBxj3rs/iV46vvE1jb+H9OucQKN1xISc/jivKPGvhIayY9
G0pi4JJuLgYOB+Fe1g6cYSXP0MpQm9VqeYS+P57yGe2gsmCv1I6j8O1c5PBcyE3ZG3JIxXqWrfDm
28PQR2ccIkklQlUC/MffmpPDfwbl1TTZb6+cQohJUs3U+le9DFYanG9jjqYevV+N3PO/DHhvU9fu
9m/CqP3jSHHFW/G/h6PSysMBEu0YLA8Hj+deweB/hf8A2PpMlxNgiRjiRkPcjua5vxr4el1KZ9Ms
tPY+XIQxXkDsOnSuX+0Yuvo9Dojg06HKeMSIRnav5Co8H0rr/EHgyTTI3doTuQkDAxXLOCDjbjFe
5TrQqq6Z4eIoSobkOMdc/lRTnU8GkVGZtqjJrYwHYycY6ivTP2bPCHiXxD4q+16R5scFuymaRchW
56Zrz7RdJutb1OHSrKMtJM4VVx1r7d/Zm+DWseGfDNrpEdmEllkVjIqYL9OvrXNiakFBozqycY7n
ff2Je6x4Yh0iwibzEUC4lckEDH5muy+DPwKnth/ad8XaNGyhJzkn610Pgb4W6gsn2B1dmL5chucd
cYr2vTPh5qNpZwWdqmFdFGOjKuOPxr56pBVpKRlCrKMWjn/Avhp7CZGCGSdsBOny88deK9FGmW0F
vHDLGJZHk3SkN93jt75qPQvBqaDISI/OnTl5nj6DP/166TQtFm8xr69QgyEiLJPAz+WaTi9kTZsx
EsLaHUDdyuqMoVUB/ird8pNUhA8sAqN23Hp6VJdeGZrrUPOaMsoOUGPvD1rQFjGtsY4MhioxIoJx
9faqj8b0EoWMCBGlldVk3vvGwsuOPfFaejFJH8s2pQQKTuPHOKvQ6BI1us8dpI8jkAswwB7YpW0k
W8sdvDEvmzN84I6kdavltdlcrvsZGoJHeXQlKFY2csZMAcZ7/jXU6TbKbcpDbnIUAAvnr396xdXj
MVxDZmMABAWAXjit/S9MKaWdxKSEho8OScHnvWcN2Dg0zmtd0g3C/ZM+okIycHvxWLrOgxSmG3jQ
koNwIfn0Ixiu9aG3jZ7tI0LsdpUHG0evNc5Ehl8QvIJgYoSeMfez1ANTKPK7Ao3OWKxafqkb7cBY
+gHWtPUp4NUs1giUplN7ZPA5Pr/Kl8S6NFNcqYR5isQcAYHOeDVGPTJdJmSYwOD9zBbjB5zzXPGU
43FKCaJLrT0fTIgl7tKjKJt75qWPSHuVcTbVJTmMMAen0qi0UkXiNIJyF3KOg6Zrp9Pghg1JZ5tw
SQYVlU8/XParTuhKn5HM6zoiQWSvNGzIgzuxlge2D0p9poCahOT9nL7l3ISMjI67vWu11HSv3Dhs
jzBlMLwx9hWfpegyuft1sMPtxOoXk+vFUovmswjTd9DEbQbWdMCz2yxZy/lj5j/T0qvJpuhFFe8g
WIYBAOSVPcZrq73TLl2EcSHejckJg4PPP5VzXi6x1CzspbmGNXjY5kRBwPwrpdopcvQpU7M4X4ge
BNM1bTLiTSp+g48uUkA56E9RXxf8cdf1zwp4on0+/wB/kSKQ0cjAFhn7ykd6+r/FfiWTTtKuL3S5
ShUHem7BUD2r45/aml8S6w76hLCLq32ko4XHXkjPtXHiq+Has92e1lmHryrrTQ8Q+JnjuWK4h0/T
9Qk+ysxDAN80ePX35rz+41vxD4ekEsN95tnLJlhu5Heun1/w9f8AiKzW+VDJLbsVkiT+HA4P61R0
jwqNSga2RsNgrJE7jIbpnnpW9GeGpxWmp9JGhOzjI851xoptXa+tiMSNuABPGa9L+HOkad4j0qO6
hnjhmhOZBuwWP0xzXN6/8PdX0i8ktpLV8DJVgM5Fdz8Ivh/dNNHfCRlExwVU9DjpXRjq9FYa6lqZ
YPDTjiJNrRnrXgew16eG3t9Nui7KoymeW+ma+ivhPpc2p+H9l/bhJ4gBK47nqMgV5L4G8EG303bu
k86IBx5ZwR2r3D4J2tzFDNZ38yvJEoUbusgB9vyr4LETVad0evF8rs0dLpHg66TWbfVdDvyLrAZg
j4Gfxr6c+Dnj/Ul8PfZfFbZkUBVmcZBP1xxXg3hwWDzzvoUgEqBSICxJH0zXq3wk8daX4pgk8N6n
sS4RMMcj5voBVpyT5bGtCDhNu9vme4+BvixJo0n9nahdPJaTDEMnmAlT6Z64r1G41y013R2lsrnz
WXDqwc8HGMdq+XNZ0m/8OSBdJfz4WZd+OSg9BXs37P0lzqN3bwmKYAAMQVzvPTFWsNTqrmTJzDHL
D0HFq9yn4mg1ad3jjiZ+d2AhJB7n6V5j4ve6gut7Kcgc8YwM19yp8I9Ov8X0Wnp86hmOBn6cV538
VP2ZtM1WKW9tLAxOASQEyOK8+phKsG2kfkeYYWdaTlE+PTr1uLgxOCuT0xT4Z1muU2lgpONwFWvi
n8MtS8H66wmtWVC56jGMVS0KFEdJMBvmBIzyK56dSLbuj5ipSnTmrnZ+HNEluCjRMCvYgdK7Sz8I
Eqrh2TA5yeCKxPAkYAVXjIAAzXpNpbJHbBgQcgAA/wAJry8bSjL3kj1MPSTWpwOr6QbR3+cNhieO
KzJbFpLcyxw7s9TnNdx4ltYmO1IwSefu8GseLTXjje128EcHGMe9eblk1CrKKZGIpqLscxHaiOH5
kAJBOSKjfUljnEBYgL39/StnVdNiA3AN0wAD1NcvrcPlOCshDAkkjqfavppVPZxtFmHQ6XTdX2AM
Sqv2Oc/pXRaddx3EQaPkkc8de1ebaNrDM620wIUHklsk/jXe+HEmniWWB1ClMBc9OeteBm+Jk6T0
NaOsrGoV8i5QBMlUwCO49q17LVJSnlv0LZ9wKp28EbwI7vvcdeOcelaem20sqF51TIOB2r5/I8VK
li3dnVVpOcUkX479ltCrEkHoc1nyOyz5cnp19K1J4IVscSjLAYG3vWC8U7NkjGDkZFfaVEsRUTub
e0lTpWJptSuI12huOxxmqWoahLdLub5V9QehoZmjfaTuGeBVe7G6RkPG1eU7mtKsJyp2fQ5pTTjd
vc57W4BJc+YZDl+CwPSqiWSsMnoP4vWr+qlY5AUOSexqtkxrjGS4+UVy4LEKNax5NX4wtVthtV8Y
PfNbOnGNXKmQ8DHXtWBczrHGnkjkYPA70+21eRgGLY2uFOO4rsxVRy0id+EqxhJHXweXuVt5PPIz
WN4phLRFxgZOQCvQZqK31pmyDJwW59qiu9SF3GYWfPP3s54r5vG4dyjofTQr0nS0MDVJljiYIO3J
AxWXa6nGsmEcnnkZq7rs7ROVTGCDx61ys9w4uMHjnA2189apRrWPGzCpGbujp5tUaZNisfxNRPNK
sJdpeMccVl6deAHyy+7jk56VYvbtRCWB+Udh3r6ChJundnizd9TO1aRQ/m78q/XB6VbswbqFBguM
fKAeR9aydWvEGchc9eT1rZ8FzRXMImG0NwAufepppKt6hSXNKxr6L4Re+IS4dl9itaUfg99L3bYg
VY8DPU9av6NfKhyWwVOVGepzWhq1wv2SS88pQMYAJzznPX6cV9FShFxunsepRwsZRucDruhbJjLC
cnOBtXoP896pNZyxs0TJtc+i4Cjv+Na3ijVrcy+TKwGACMcYHrmsqG7NxIiNuZtpBz0P1/8ArVde
EFBqxx1aS59CwLNYLZQsxOMFFIxitLS9aXS0URTZzgtu+uOaoWcu47HIcj76nJ/LNYPiDUbm3td0
KMSzbYw3XGOenavNjhYuN0ronn5Gkj1nRtVtLpE2MOVwORjPpXQHRrW8t+YRuIHmZHQf0rxP4b+N
ZRcRwySLlVwgZ/lJ5yK9Gf4h2VrYCyUjzCFODnGf618hmeDq4evz09EetSrUJw5ZHK/FGaG0klit
plD4+XA9D3z2rzywS+mna5vVJQPkknBx6cda9at/BVx4uvBdOxfIJLFRuI9qf4t+GT2unGO0gK7V
Hy4yc461rhcaqlRU5s4amEnrOK0OEi0oXMAaJgxZgVUN0FPg0ue0UyRoSN3JzVrREnsbn7DMmCi8
uR71t3VnGULIF2tnb7ivqY0Yxgmmc9KMldtHLzXlvATLIhypABz19zVuw12KSH5W+bnqapa7AYJj
HKMgn5cL1rM04hrgxiIjqeDW+GqSVVIq7ludRZg302UkC+rVdfTJwjYdG6Y3DG3/ABrP0q6SN1VS
DuIz2rpkhSaDzRGi56Z53V345J0bhSocz0PAdOsi+sCFo92BnA7HoafqyRRxSRmQdztbkf8A1qzt
C15Jr+WaOVm2M2Cvr6/Sue8b+N5rS5kWLIRl3Anj8K+fo5c3ieZGlSywd/M5b4r6hHbxSqJc/KRy
vf2rw+7vZJNTYIRhiN1dh8TvHb3i43k78nG7gGuK0Jlur3zZWXO7n34r6KVJU0mzzKUrx0PU/hhp
v2lFe4O3jjA6mvWPCWjPbQBHdQV+4o/nXnHw6ktjGqpKAQODnrxXq2gO6QLIShJAwcVhChGdZSbC
pUcYna+GbOO2tdxXcGyCD1NU/iHBbzaVKFiCnngH2plpr09jB5W1WwMZrm/E+vXepgwryCSCAf1r
TEYinCtaLPRwmN9nQsZXhEQadOSjqApyvrXsXw4+MJ8OzJbag+VIymQa+fILjULC6aKYrt3YDZrc
s9SutQRCjEZPyMD2rixGJquouVAsfOM+ZM+gPiH+1TDp+kNbWt0csnCqDzgfWvFvCPxuutU8arPI
7lPN9enesrVNDGquqXchYBcBQeK5uPw1d6XrTSWURA3ZAHH411QryUU76nRPNcRiopS6H2PZ/tB2
baClrHcnIixtxkEY54rw34weMZ9c1ZfLACoRgAZwOvevOR4w1y0u0t4S5QDaQOcjPWult5Fv7fzJ
jzkli4BzVVniatHRHDjMc8RJRkzqvhrqLNdoUyMDGFHIr3bTr2OHQI1WPggk5J9OK8C8EMLa9RUb
I2gk4HU//Wr1qDU5G0tYom+YjozHr0H8q83BzVOs4yMqE0tji/i7c+dA9rBMC7DIHBzXknh34ea3
PrP2tpCDuz1xjmvbZ9Bilme71DBbeMKw/qaZFpdvCzyou3dyDgED8a6MflMsVF1OhTq2kzgrq7ur
CAQmaQlUw53ZxWD/AMLLubbU0tGLFV4O0cn0ra8b3VpFNPslGF4yp5PNcKY4ob8zXMLgk7t2O3av
lcROphpNU2bU4xqLU968M+K9M1bR0jEm1xGCSePypPtkMbNgkgHhCec+teN6N4wlsrkRQSjyyQUU
vk5xXomg3sOqorLcb5XGSN3517WXZxWq01CW6Iq0Ix0TJdYjbziygtnkj0rkvF1y8EBCrkdQD1Pt
Xplto0hsmeZA4flSOuAK83+J1jNZwMyRFixJX6AVriK9XEpxsYey5dUcSl0t1PIGuCVHGAOQfSqo
RbSc3LyAFRkqBVexnlRZJVQ7mcba3tA0KO9TMzCRSTk56AnrW2V4WVBOVTqRKd2dt8LbybU7MeWC
2Dj6V13iXwjrq2q3sVozIO4FXPgT4e0mKWK2kgVVz3PNe5+INL0hNH8iKFWwn3QAcnFerUwCxFBz
lNKxCs2fOGnPdbfs1wGXaSCPfFdR4UtnW28xsNtz8xHpS6zpVsdclS3iwvU4GBmtC2gS1jAL4ITJ
2+lfE1VyStDU15WtyPVmRlkkjIAIGTtrg9fmRLwYkIIbHHSu01S6ijiKmRc45JrivEQVrgMZF456
VphMNWipSkTOSk9DZ8H3rS3KbG+Y87celep6ZcgWazSbguwFga8l8JXMCNsiYhgB1HPWvRLK+K2Z
5OdwGSeKycqntOW2hpFJQ0M/xLa+ZesI35AycdKzrW1cBgWOR0rR1QL5oDuxI6MO9SWtkZoi6DIx
8xA6V14VPmaXc55XbK7woqYcZyMAHtVA6eZpfPYjIODg9a2dRtPLEZckc8rWdd3dvEPIZsktztHI
+tfTwpP2NyUnchnt40IRATnqTTHuTb9U6dfSob67CL/x8oFGCTnoKwr/AFCWNpASdpI8vBznnr9K
8BVpUK+iLmo2ujal1BJJPNDMo25yRVea6FxGFEuRjptxgVmvfSzqAuCANoUHHNW4F860UJjaDtYk
9fUVjisb792KMHyk9ncTQYYpxnAHtUkt/twwU5Dc8cCktEjkTLFizLgEdAKIni85owwOGOxWPJ46
mpjWTjzIOSRX1HxDc2zOqS4CEYbHSs+x+IFxFOsb5CbtuKmvNA1LxBfCy0q1kcudqFRnJz6fWvav
hL+wN4o8TW0et61bssbBSRtOfwHrXqYSvjK3uUlc3pYKrXeiPPtO8Qx3ViHLMWKEgZpZJ02I8km7
EnG4+vavZfH37E3iHwnpq3+khiFUkAKefy9q8c8UeBvEOhNJZ3Fq+6Ji2GXDHPfmscyrY6iuWUGj
R4OtQlaSM9rtXYhJPkOONuDkduarxRpczFI4SS0mGQgE4P8ASucvdUvLG/eznJHlt8ob+Hjir/hH
Wvtl0HunVzwNoJ4GetfP14Tr2ciFTanZHUJ4YkIFzdY+ZgeRwa9s+BmiW8iRc8Y+4y45+tcDp0kd
xbqkSjAUNyM4+mOAK6f4aeLJfDWrFZ2UoclRjJ5rpwNNYWupHvYOlBSVz3W9tXsrIqMAKuAT3FeK
fG2y069smCJh1AGVPUZr0fVviTYXVnvt7nOI8FSemR6V5H8RNaivFcLOBuHfrXr46dPG1PZxZ15l
OnTw9rnjXjLTFitTF5JBVucNypz1B+ma5fT7L7W7yC2LxsSG4wxx0P8A9euv8YajZyQvCxXJzuLN
gg+uT2rF8OQo9yyTclSN2G4APpXkZg5UaaS6Hz1KCqO4qaf5E7IAy4X94N2c+gFWrKVbRxG2NvA4
bkc11uleGbaSJblo2cFcKTisrxH4YEd0lxaR/wAX939M16GApTr4VNirU3TSaRr6PcNNaM8cpXH3
snHB7Vi+JZJXnZU3bQvyjqc+taWjWFybdUyV5+Ydc1R1/TJXlyGJfn7vGfrXm14Tp10m9DVVHJXZ
y+pyCwm8zBViN25RnAqC98Y6hJppU3bMFTBz1I/pU+saLeNOiDLZG58gED261j32jXysNhfBBwN3
y4xX0OFqU1CNmdNPFTpU1ZHhnx51N7Lw/dz3LD5wyoWOHPPFfGPiLxCdU1q5S0xGIpMu7N8+Aemc
V9f/ALVcUjwmzs7hjtjIdFHK5Hv1Oa+PfEvhoWcsgkLl5n3OVG1jx7e/Wv1LJoRng1Kpo+x9Fl2I
nOPMkcv4i8U6nNbCx0qfBZhvuNvBwe5qXTLow28FlAW+0XLDeD1xnnBGKbqOmaTp2lPJcFQ8rjYD
lSPr+VTeF7HSrG1k1nWdQjDRndCrSZ3A/WvRqxSjofR0puRm6/KNJW4vtQhaa5ddtpEzFiDnk9al
8F3mo3t7Lb3iyRwnDMGO1RkVo+H9NPi3xYl61mWt3b9wAvX8OlN+O10ngG0it9PtRFPcNmQhcHGM
DGPeua8asvZHSpcruzurKRdV8OTyRoiQ2/ywuynOR3xnmuTubpdIaQW9tlpQAzFcgDPp/Wuq+D+k
3lr8KW1XXpUMhQyKjNy2cY7VHo3gabxJt1IuwaaYn6Y5wK8aUpU6jb6HoU5RnTujza88I3eo6VPq
lzZuPMXKg9Xz35rzS++F+uyCe5WyYKudqqhJI9vWvq7XvCYttNFusDb1O4bnHAHaofh54D1DV3mg
GnB3lyqbo8BfUV3YDNZU527nNjKVKVC73Pju78LX+nWcr3VmwlUZIx9wd81m2Wmz6hceTbRsW7KB
X29/wy7eavpGqG4s0Ml63lx5jJJA9PSui/Zy/wCCccWraxHPeaYzwRtud5I8kkHkcV9JHMW0lbVn
y8lTV3c8v/Yl/ZD1DxDqNr4z8Qae7SY326P0Xkc4r9E/hz8GNI0vTY7q9iMbJGSgKAZwOg/xrvfh
B+z34Y8DeG/sdpp0UcohCDAwB7AVu6p4VWCNdMtoSAw/iBBAHU+lc1atO95I8+alUldrQ5X4eeDt
ObXHvZ4cyEkRlRnAA9a9W0rSLOO2CiEIvRWIyGJHPvUOl+C5NN0+GSK2yxXk45UD9K0tRlbSdEkE
sOJJmwqLzjjt71jF2WxUKatqRaZocEyPO0imNV/eunK8HnP6VJY6Kt/cPqMrhYVO1Ix/e7cdKt6W
DbaCLUw7ZHO6VSmMLxwfWpoJYTEYYuGYhtvAOc9AD1pOUL6s1UUkVTaW4iM0VoHXdgHOcrnjHpUO
maexea7vItoZ8R7iOB26dq2pIols/NlR8bgUjZCMgdsEVn3Oo3Enk2EIAYy4VMFWAJz+FJvS62Cy
L+kaZ5qySBAyrGd7IcjPYjNVbXQTc6zLq9xbrtjO2MDt8tbtvbwWWi4ktcbkyjkcdehPfmotVlfS
dMEDInmSjhNpwvseO9N+7G7C2tkcxqNvFf6ptkAf5sqOcgelbWpeVpsUSQKNyjhdnzZxVrw3ojG4
W5hhVUSPPsxwc+/epf7Nub26EBtmcs3UN8zeuPSsVdK5UkrmPpmgXqwy3M4O7YXkC46ducVzOk6Q
bnV5WKfMZC3mY+7zxXp2ptDDoslowwqp80i/xf7Pviuc8HaTmV/9HjxICVY5BxnqKppNpX1I5Yo5
PUNEb+2I4WQMpAYueTnPWrV5oX2+6CQeWUijzICApz689a6m38P+dqMuoy252L8g3LuHfGSKTT9P
e5+1PHjeoKouAT+A7Vlytb9ynGKtY8k8VaJdxanHPZ4IWX55A3bPTNb8XmJp1vfJsLwuOP4iufyr
rNU8MxT2srPFukKFtrL94Y64PSsDTdOlv9LmgWMoEzkAbt3vkcVCXs52Yezcti5F/pap9kY7vvZz
j5T703UrZdLk/tCxgGyUbnXdk5z29adb2gt7FbhQx24BQg7cexFQeJYroWcd5pTfuwu/fjIUZ5Ar
bmKUFEjnuxdwRzhihAPn7SfmABx9K5TxFqlymnTTQn5tpJyc7sdgoq4dQupLhZInYRSAB4265Hpz
zXPeOWn0+OO6sriQgyE4U43Z6gjtSVRKmxJJvU8i8U3Mt1qN3BNZeWcAOrpxIDzkV4b8YPCsdhaT
TQSNLBISJo3xhc98dhX0/rHhO38Qzid7PM3lHyxnPT0z3ryD44fDq+i0yW7NvLsZSs6BTkgdx1r5
nGufN7yPqsvnD2SaPj7V/CbQ6g7aKE+ZyzpnqBisTWvAct6/9uaUjLcRjdOirjJHPAr0fxD4KvYb
l47SYtuO1cY4Hp71k2Gm65pMpgls2eH5i0nC49ehpwrOEbXPahJVWrHFw3EGrRob4kvGcSDHXHqK
7TwV4FExD2T4LncI19exxitHT/hfZ6vbNJboqFs+Y2zkN7g12fwj8KTWviSHSLzJyR5Lk9Pxrir4
uM1pI6/ZNao39D8M+ILXT4i2PMiAVmzgnjParJ8Q6n4e1e3NpceVcFg42n76ng+x59a9M8R+G3g0
OWUwKJ4QuXVcbsD1/wDr15Bqeu3GsyvoRQLqEbB7VmHDD+7n07YowdB1aiZ52LqOEPM0vEfxB8S6
BrZ8SeHtTMoAG6NyRgDGR2rvPDPxYbXtLj8WeGb17a9iIE8KfLz34rwTxNca4lyJAxW4j4nikUhM
/Q/zrofhlq1pqW9LWYQXTrh4g3yu3v8AjXv08PG+x5Kry5W09T7G+Dnxk1fxMY/7VmcyRD50yOfQ
nNfa37J+tadfXcEZYCQH94oXr/nNfmP8N/EV1psiRPG0U8cw3uWAOMdh3r7D/ZX+IWoWOp2t9NdS
K6uCOeee/vTrYaMKXMkH1t4qHJLVo/UPRLGy/s5IIoowpUHaqYGKoeKdCtZLJ9sahWLEhucjFcl8
MvixY6rpkUjkrGUIRi+RnvXQaz4us5rR5BIm1U243cZrgWKoVKbi3qjwalN05tnyt+0/4HsbmGYp
GuVySRjpXzRY6UYb14mIO1vkI78V9XftB61aSWlwnmxneWbA69K+Xz5T6u5Q9D09K8Ws4ObcT4vM
tKzaO18EzGGJY3PIHU13VvdrDbokisTweD2rzTw3ctFgKAx4OM/zrtrS7aSFQeCe+eleTiEp0nrq
LD1mtx2t3qyMPmIAHANUY7tWd3UHpgZPWrGoIfLDtzx970rCjuZEufJ3HC/cOK+JjWeHxcrs0xEu
dJon1n92hkhOc8NnuP6Vx2po9xcOE4DH5ieeldm1sLmHMsn/AHzWHq2mtHKBCvBPJAr6/DVI1ae9
zinzLVGFa2qRyo3kMq7sAg53H3FejeEY41s1QqMjACjg571wlusltid1JO7qF9+tdX4e1F5dsgiO
ASB7nHpXkY9Xi4yLo1VzXOzUwNGJFhAIUF/QmtLSrlBDuzuX+FT/AE9awNOZ3iJl3gYBZh2PpirM
V5LG43SApjnA/wA4r5Z/7JieZbHs4eakjfSYyFROQVAJI75rLvk8uHaEwOucc03TrpZZDLNKSM8i
tG8mthbNHMRkH937ivscsx3tYp9R4yCUdDlr3zFJXzCMjqKyZdQmNxs3kZOA3pW5rSp5JkhUE545
zXN3E0gucuoG09cdK+tw9JV/j2Pn6lWysacukC7j2wqCcA5PWsvUNPvLaXZgAFfl4zXX+F4luJQw
YEEYPvWvr/hq2ltAkMGHVS24HNZ4rJVCPt6LOaM1N+8eU3jTQrkAli3YdBWHeap9nmaMkjuea6fx
PoOqWbGcREAHJx2HrXAa9eyJOwKngHlq8D6xJVeWe5vJ8i9039L1p5ZAX4yOcnrWys6naiqMsM5r
iNCu3kbaV9gcV2ml2/nxR+Y2M9Tjp7VGKrQtoejhKk5Rs2U9VjEkmwAE4JORXJ6pbFJt0Y3YORgd
q7TXYjapt2bieje1cnrV3HJOJYkxszuA7jHSvnayVWd0TiNClGi2xDZPPJFSXt9GIANuAODk9apy
akN6ggNn7p9qz9R1dzgMQBnofSvTpQcYHnvYZrl0jRZJ52/IPemeFPFX2K6IdmVMYZs8E1mandRS
W+Wk5LkKPesiK8iQ7o5cbGOcClGHNNMlVOSSPXtI8ZWbuu663842dMit5/GtkLB4VbIY9yMY/wAa
+fLjxdLptwMy7M+p5wa3tF8TTXUSqXYxnoTjknoa9qipNcq6nbTxdnY6HxXrn2zV9kDFow43ZB+U
+3pWn4cJkxJISpkYhf7xHrXONaG7u0kSRzlhv+bn8RW1BZXGlTQ3bsTESf4uR9K8/NMTUwkVcuEo
1JNm/IYrOPYWAIU4C9/xrK1mzS9jkByhReMNjFTXl+JlVYHVgRt68ipIUjnibzVyDn8a9TJ69PE0
OWWx59eTU9Dz5bm60W/8yNii56Y6/wD1q2vCet3Wra5GkrMY1GCQxwPpTPGdpHI7hUOSOeKx/Dt+
dHuly3K5+XH61wZvGDXs0Ki5KabPr74U2+nSadGgG9iOrJk8iul1/wAKpewOkMOw53M3bpXj3wi8
dSmNGFyABjbzjPHSvcPD2tW+u2IMki5xjrXwOKw8sNibrQ+zwVWniMN7Ox4h43+H66deyXUalD1y
B1asmKIypHDJbtv243L64719Fx/DaHxfchLiBWiz82R2711mh/sw6BOqSxafGqgg4IxkD8K+zyKO
Jx9PRXRw1cvqqd47Hy7Z/A/WPF0hWwiL4XIO0jFXov2PfH1jD9tktWI2kgg19p+Gfgxp3h10eCzj
AKgEEDgV3lv4U05rUp9kRVVcfcHIr7rA8PJ+9N69gWWxlrc/M7xj8IvEHhQm6mgK7Mct34rO0XVJ
Ps5W4IDoekhzn8q+7vjj8H9H1jR5phYDBB7Y7Gvgb4k6JqHgvxRNY20TbS5HBzXDnGFlho26EfV3
hankfNPh24m+1SsWKhV+YL/Ea474i6lcXWouIwcepr0HwVoy3S3B3E4O1dxrkfHPhyWLVG+TAzyc
Vy5ZXpyh7yPIxSccIorueMeJdNe/uDFIxK5PIHQ1mQ2ctgy/N06n19q9E17Q/Lk2+QOTnI61zOt6
d5VpJuTaADg55r1K9OHImup59J62NPwh42/s1IxJIFYfdGetey+BvGMeo28cIf8AhGDmvkmbxI9n
qaRSS8K2BjrivbPhZ4ghmsY5Elw20V50ovC3l3NK9P2lrHvV3dxPCGJGT1Oe9QW1kLkFiqnNcTJ4
2+zbY5WyvTpXS+DfFlpdvtY/Qmvmq9aVTFXa0LpUl7OxT1XRoxcSo6KM9KXStOZ4gsT4ZDkds+3N
aniSaJi08LAjv7VQ0K+jRSWJY+hFen7k0kY1E07dDYtLIeasj8ErhqivdEkYu8cecqe9X7G9iuJU
RB175raOiTzxEp6djXRg6MamIUWXS0izyme3e21kxzxhVPzEkGur0MR3FmqynIBypUVneN/D01rI
0kjMeDmqHhnWpbdXtnIyX469K+mqx9nhnFbnBOMnUR3Gi3n2LUxHFNlRINyhu3bn+lem6VdLNbpA
EBVeRuftXkGlxNNeR3eTggBgo64r1Xw8gg0XzJZMDYSAwHNfndSu6eOd9rnqUIWgV/FfiM2UgtYw
Cq8llPNcvr3j57O0khhAVnGCe6gfSqPim9muNVf5ztI4rlPE195EKzXCgsCdoPcdOa+gr4x1MPyR
YU4c1QZqN2dUui524K55bnPrxWFrFwbKNhvDDHzbT0YcVat77yYpYoxkkcNt5+g9qxvEokis3mki
bcVzj39a+alhlWm7nTGLijOtdf8As+oDYx3HCkDg4r1T4bayIpY285SG/gIGR614do0n2zUfMc5d
eFLntmvUfB1/HbRKpKiVcYx2Fb4bDqjVaZz4mTmtT3yx1SA2KokqquM4YEEjFcp410WPVgAygbo/
lH98ZrH0zxnsVkdSwUgbmHQVuafrMGrDyiSASMkDtXrKlThWWuhzRqycbHET/C8QWu+EMASSnOQa
qxaZdaMAJkIycZAx/OvZNN0qC7gEflL0woI/WquqfDqbUz+6i49SODXvvBqeGfsnqZq9/e2MH4ea
9c2bpIg53YDjoK727+JmuPZ/Y1YFv75rA07wBLo6gqu0D3qHV3kgtyvlbWwfujqK/LM+q4/C4vkU
mj0sLGEotvoW9M1aS6vpJZQBlz/D1J71Jr2sLZxmdZDlQAAp/PNYum6ksKZnc7uMEGsLxP4ly7Is
ihQ34mlgnXlOPO7hOMUnZF2bxGNQmLrKRtOGVTWVrd88qGSJSAp+63c1naLcR3d0SMncOSBir1/A
9wjAqRt6EDrX0uKq+xpanmQXPUdiz4N1Z01JbeXLFjgk+teo6MWkg8pMKM9W/hryXwnbSRaqJkUH
DAHccYNer+GYnilUnjeMyV59L36bmtzpfuuzE1NjG0sezG3hT61NoF2zwhHA+YYG7vip9WRrh3If
7x+QlRzWDbarJYythgFEnfPA9aWXymsYuo5x9nDmOh1G6WSLcyjIHDYrkfEN8RKxidgYzk7RjJ96
1JtWWWM5Tdu+6wPBPtXL3Nwn2mR5GO4nayse2a+4xN4Ub+RxKfOI9xNdq0bnAHLENzn8aRoCWWBo
iHXLFtvVcUvlDz2kYHlQSir96p3uoD5cSOxBI2t746V8RVm3X0O1QUo3KwsXSFw3znPAH930q1ZO
kkRUN5RA4U+1akOlyzpuQj75DcjjFVZtPmt5WWXaSfusBya4cxU4JM0pq6Kr6i1kuXBJf7xHWs06
3Jda3HptuAxZwOfU96fqjyQRvLPITkfMe4NZvgjyLvx7ZCaMkeeo+YY7inl8JVIpoXsl7VRPuP8A
ZK/Zo03U4bfXNYgZy4VhvXjHB719o+FfBmm6VYR2kMIVSB/COgryL9nLUdNsfCVmqyIAYFBwfQV6
7H4vsraIMZ0Jx0LV+y5BQweEwkZW962p9thMIqNJWK3jXwpp1/ELZ7YbXOHXrXjfxA/Zp0XxRqQd
bTa5ON4IHFer694/sHYByATwSGBq5oV1aakY3LqxI4712YqhgMwnys3qYS8VKSPz4/ad/YwufDqt
r2hWbOsUWGCjIIBP+NfKF8dS8I620NxAUKPuPHJB4xX7T/Ezwlpmq6FNHc2qMjQYw3p3r8tP20fh
9p+j+L7p9PCR+XLt+TI3D196+QzzJKWGsqeiZ89mWChQh7SmYnhP4hvJGrtNGHQAEeb1z3FdpYa6
L5ozBIo3EZx2rwLw1eXVtdRw5IYcqc+vXmvTfCepszq0r5dcsVIyOK+DjSnSxDi3ocFDFtRR6e2o
S22nqPPPzDC/MK5fxlqkdtZuZ/mKjO4dvell1B3RFkkUbUOwbvzri/ij4hmttGb99lRH34r2Mtw0
XVc7meLxLlA4/XvEdvdXm2YAA4Y4PerHhjUZGnXyyQu7jauSwz3zXi/iP4g3KaqY2i+621lB7V6B
8K9anvmSaUYfIAy3B59K589opwujKhNs+gfh9Lc30YhlYYjU7e5OT2rom8D3l7dosIyjEsQM1V8B
W0YtY5IXGev3Rmu78FanZDV1gu3yCMEluhzzVcPyagoyeh6Ps/aJXMHUfh/YaPYbomfdt34PBFeb
+I54LC6KO/LHcee/avafiDf2qB44n3EDDFR1HOK+ffiPehL/AMlEy3JVhzj2NLPHTp14xg9znqQ5
X5Ec2pQCfePJYeqPn68d6p+I7ywi0shIgCgzw/TvWNFLdf66VQqBBuDN901538Z/ip/ZFk6WzMGK
4chsbsV05RlOKxk00/MwhU5pJHnnx2ns73U7guEUMWLEsc5Hvmvm3xTb6XqGqTNckv5f3ABwoz3r
1698Q3fiCJ7q/XIdsrubG4c8g15J8TYLS0eSSBcyGPZ6l29a/V8uhOnBUr7H3uAoqlQi7bnifxU1
/TbPVBBaEKGYoQuOh7n8q5fV9ZW41ez0K3uPMSHB2Rn73scc1e8baLJe6y8JLuyKGER6Hr196peB
vCaWnju3TVpCTJ95Hbrz0OK+o9nh+S/VI1pzq+1ep7/8O7GHSfD0er6lCsTTRbEUnoOufrXD/Fjw
/qfj/wATWcVnG0wMwL7I85XPQnpV1PHR1DXpNEsodsFthUCDOPcf4V3/AMPvD9tolxZ3dxOZZ7iX
d86jIBOevb6V8zUcsNNze7PZ0nFPsRReHL/SNBe31KT7NDAmBuPG3GcH8qd4G1ySefZbOpt5GBiY
LyxHcelbnxXkl8S29xpGkKoMgCeWDxnuDWd4M8LzeEYorS5AeWIYjQDO04rz67jUi33Lot00a2vT
SS6zFY/ZgcxZduhJ7Ad+K9R8CafougaFb3C24SZ3ARcDIJ78/U1weh6GNT1MX9+hCocoMZJb05/z
xXpPhbQo9WlhbzWc26sZNxO0N26d686n7SlUXIbVuSpC0j2z4b/DTSPFulxanc2yKgiHy8Dknkmv
fPhV8MLHR9Kkn0+IbZclifpjP/6684+EGkX40rT/AA9pNqGkmCNM5Xhh3z719K6J4fmsrdNLhCxp
FHh2z9/HXPFfVYOsuRNrU+cxFBJ2ORtPDdxPePG4VUiQkMq/fqxofw8fUJ2urwFiTuUbSM/jXbQ6
XFBc/ZoosFz+645xxntWlc2DWOhTX4tijbj5b9DkfyreclU959Dm5HDSJzS+GrnyD9mh2ZG0YB2+
4Nc7rPhiW+lzKuBG247h94+n0r0m3tLqDQftM8RxMASS+f8A9dcX8bvid8N/gF8Obj4q/FnxAmm6
NakB5WjZmdycLGiAEuxPRR6GiVPmlzDUORENp4cnu7w26Mp2AHIOePTFTp4YaG8CtOZEjUEgkjac
/qa+cNG/4LPfsRafq73I1PxMATk/8U+eRj2evqj4QeOPAv7QPw/0z4rfDXVo73RNdQy2d0Ay7lV2
RgVYAqysrKQeQQaHTaV2gujE1ezhFu8wAVeREwPzH2rJ0LQZri4N665Zzhd43DPuK7vxLpMJ1Aac
HUwoSFIGGJHU8U2LSxDtWB0CqpYHd1NLllNaslRS1Kq6LHIscrSBYoRuyRjefesX7PJqmoPeSKwS
N8IpOQxJwQM10uo2whj2ykoEj/dxq2Q3vgE1kaPaNqWqJCkgIAYlkOMjGeRWk23JJGcU0tS3p+mt
DZyXCjYzAhcru+p68du1QaPosj3QZFYOowWGQG/pmtjWTa2MRiicOI0wVK5IJq3pVnLp/hp5biTb
JKBtD9R9KbSaSiPljz3ZzPim3mttJa1igHmyD94rA8c1lyiXTdPt3dcM6bS+Mfh7itzTdFvdV1do
ZWbIkG4svb0ye1U/Exik8QC1YKUh+VyWxj/CklefMU4rboRSSCfTEit4z8i4YAfMT7+1QaBo6pE9
x5R8xpcLlu3rj0roNE0m1v4HuE+bapH7sD5vY960rDTANLjXYA+TtMi8qOmOazno7lxppswItFMi
TyKwbZneQ3fHXnkVgWPhp7OVy6ZLKc7D91T616VpWlQMkpTDLvAK7jgnvn6VT1LRIrRwqyH94WOT
7VnKKlqzVUjz/S9CjlWe0kj4MZOGA3ZHpnpWLJYtHbvaTI7hV24Pfmu0FpJY6qXl53uN7DqPp9au
X/hc26pfSQh1bOcLzycYqbStdC9mjxHUtDFtrBt0jYI4Bzjr+dVPFHhKea3lOw8xnYNpx75/CvUv
FXhBLqV5kTbIHBUH7oA9O9YL2NzqLtZFfmVtrsx4IPp6gVMY8q16kcl0cBpGjWlxZRvL5YMXGMdf
as74i+A9I1OAxXKr5M8eS6qDtNdL4j0gaFrCW6s0ccmPKZeFDDr9M10E3hmPW9DgkiJ3bv3uTjjG
M1zV6UZRaO3BTlBpHwv4/wDgVY6Zq802mM0sS/M8ZwFD+nT6Vxfif4b38drHqaWJWLOGj252kHrn
vX2f8SPh1YeHLwPdIzRXbh5B5f8AEe+cdK858Y/DlBpd9JbWpkAUZVRhlB5zxXz9bDzhF3enY+po
VrtSjufO2j+Ho5ohd2QUynImhZQQfcAV0vhvweYr5ZpEKSbgVJHIHoc1ueDfCMt/fyR2MKm5iJ2m
QcMo9/WuxvdKtNRP9mvbmC6iVd+F2knFeJCPtZanqttQ5jH8a+L0WwMzXMbItvsuBLjI4xkCvDZd
OGo6qmoaHIJfKm3K8RwWGc4P/wBavQvitpTW+ny6lpMh80qUnhkfGevevMfgpcT6b4vBupnNpKRv
iJ/1Z56V9LhKPsoX6ng4uoqs7dD0HUfB9n488OyzWMSrerERKQpy3+NeT6D4d8QfD3xV5mp2zC3M
nyv5YG3nk9OK+hfFXhm78NsPFPh3YsU+HGw/Lj0rOj13wv4xgNnremos0oKsXGPm9q9nD1vmjy6s
JrTY2fC1mt/pMOv2EQli8s+Y+Mke/evYfgZ4wd9SS3guwrR4BAA59vTFeR/D7T77wZdfZCxn024P
ygHIXPXNekeEPC0X9qLquiy+UDJuODgnPr7V1JwdNxlt0M6MZQmmt+p9h/Dj42ppFj9g1EKjMcxF
++McV1c3x0ubqExwTqoHQluQDzxXgFppl7qOhxymZ0kjG1pOg+gPv/SobbWdS04/ZLmUMI8oHDdv
x61+eZo5UMRJo8jO69TDTSeiZ3/j/wAczeIIpZHkXODjcfUV4+dQnTUWZPuk8g9609e8RyNbS/vX
JVQMg8fjXPC6aWQGZfm4AGcDn0rwY5lGU+Vo+HxM/ayud14fuCxE5kyeOh7V3GkajFIgBJyDwa8s
0G8aJMFhjHJzmuq0jXJIo8lx04wa7JSvSbRnSk46M63Ur+GQkKNuFz9a50yO92JY3GOTye9Q6v4h
WdAIiQRwfeqUOphAgkTAzjp3r8/rycsXJs9GprTTOusz+4LKynI5pmo6cl05ZflfZx6Z6VkafryP
H5ZYBg2DnuK1rbVre92IT0HJWvbweLcZGMOWcEjHu9CkRNrrkqckBcU7SZLuxISBeN5JJPQ47V1i
2sU9uQSCcdW78VgajZ/ZJTcO3VMCMdBz/OssxxjVmvmOGFipGtpus78s0ZVduCF7VcjmLFoSpBVO
78sOuSaxLEYUMihVZOiHk+/tV5JljkCSS5OMAn09M15yf1pps6qT9lKxqWeoNbLnIwB0Wi71eaTO
44HTBrJ+0BDtR92TVud4miVCRnHPNd2G/wBmVkbVb1IaDX1B8MHOBjGTXParPM0vljgc5Na91Gsu
5FfkAbax9VadZhA6DAIye9fZYTHOeGa8jwakZRlqbnhPW7q1kUE8g5A+tes+CvDN54piWeRHVCAF
TH615d8L9Ak1zXEV03IH5z3r6f8AB+lW+kaeixqF2xjJx14r0+GpYrHYhwqP3EdEMOnDme5wPiz4
YQNpcwNpzyowK+YPjB4C1Hw1cS3ENs4UNgHbx1r7e8WX9k9uYlcZK/dz1NeVePfANt4ntJA0SkuM
EbcnFfTZzw5hcdSdWg/eRw1W4SsfKXhSRsqOh43FhyTXcWQdF/e5OPSrHij4XXPhm+MlvCfKzxx0
qO3VEtfKeQgY545P4V+U4pVaEnTn0PVwsElzIz9ZnEgIb5iARnNcN4iu2U7I5mT1212Oq3kKOykf
eQgcfzrj/EFvDdeZ5MijP8PtWGGpRnU5Gc+JqSauYQ1IrCRHjcDhietUr155VCKz7j0qa6tWiYbl
PoMHHeprGwWa48zc2Q2cHvX00MukqRwRqc7sUY9NuGs979cksSK5rxBOumoZTLxk547V6Ne2MEdu
26LcQp5BI615n8RlRoTHAASScgVyywcYu7Q5OxyHiHxHFIwuIJVBDA8sOMV03gjxjbTQKGlJfOcb
cgV5B4ru760uSyNkKfusuBUvw+8V3VneC2mkxubgg1dOagttiacZN3TPqbwcY72XzWZWLsG6102u
TxpaFBGTsHIBrhPhVq8ElmjmQltvUtXVeIb+NbVsNj5MjA6mvlOIcRKtW5Ynq4aMYxuYcfiYWmpf
ZiSqFsrx3Fbh10yQNhvvDg5rzy7vlNw8yk7t/c1q6Zq8rRqjr2POa9PJKdShRVmcFdrnOkuInvgZ
AN3y96yU8PF9TCp9wHJIrb068EdiobBLjA7Ve06zzbmecAZOM4rtxME25SV2FNW1K9h4obw1NHA0
23nt2969w+EvxLS4hj/ejkc5PJr5l8YOW1DZGxG0jgmum+GPjSTTZEjaQk9j6c18xmMFLVno4KvK
jVP0G+DuoWeqzIxIBJGAWr3fS7C3FmjCPgY285zXxB8FPitJaTwF7ncuRkYr6q8EfE2K/wBLVpWX
joc8j6V9ZwhjaOGjaaPrqU1iKaaO3v7q2tY8MMYbJBNV4PGeloPL88DHHWuM8deMvMsi6T7cd/Wv
GtW+Jd1pt+RJdMMtkLmvrcVxCqdX92tzso4RSV5aHtnxA8T2Utk8MU2Q2SAOneviT9pPwkNR1YXq
xuC8h3MB0+le6W/xBHiOISJKR6D1Fct8TtLt9UiyygqSCM9RXiZnjKmKp3b1LxGXwq07I/P34fpC
umPL5q8nJLZzis7ULeLU9Ymjkwy7crgZ/nVjwDOL3RJT5pDdwpGPfB9KxrXXYk16W0nyCpIXnOfe
vnKGIlBpJnwE0p4aKZyfjzRWtNQKqGAyecVwfiexSS2ky/OPSvYPEkEN9GS53Hpz2zXE+JfB7PG/
l45HBr3quKfPFX3OCnGKlzHzV4gtXPiBYl3f6wZwK9k+FdncQ2SMqscAD5qwm+E99c+IGuTaF8YI
IJ4r1jwN4NksLSOKcY3cgV2VpKpKMWOdSKTaMDxZq95bwENHjp0zVLwf8S5LO9+z3Mu0jHBb3ruv
FPhGCbT2bywQF6ntzXhXjuxudG1JpoflAbHy9cVtVyiHJzWMqNbm0PeNO8ZHWJQvnhlPo9dhpOl2
9zYiVF5b07180fD/AMcT2l0gmm+XjrXu3hPx5bXFii/aB26GuH6gqsrR0sOTaldnaaSRZTLDJ1yA
M16P4ct47m2CRqDkHJJryvQdTtr+6Vmlyc8AnrXoOieIrexhAzgg881yZdGph8z5ZrQtteydjF+J
WhStdNbBwVIIG0cg1v8AwR/ZN8ReP2S5MTCMn+JTmm6Tf6br/iuC2upAVedflz71+hH7M3hnwzYe
HoYrW1jJKA5A619/PARxk7rY0y3BrGVrTPnHQf2HprFk/wBEyEXnIrp9T/ZHuYfDjzWUDB9nC7c1
9azwaPZzmJGUE9QBwDWpd6NpM2gyJtQnbzkV89iOFsLUqOXU+tjldBQcbH5NfFHwDqXhHVpob2Bh
hsBiteReIVlvdWMWGKAY4Ffan7b/AIZ0+zmkuEjVST8pU18eyRu95I2AcscAV8hiaf1XEShfQ+dq
w+rVXEl8GeHJNSv443gOS3pnPtXU+MvhrbPpjQtboMpw2zmrHwjtYRqCtccODxXZeNrdpYHMQzj0
FdmCpRq+8jL2kYU3zHynd+EJvDutmKItsLdMV1Hh1QsxkklZHAwueta3iq2t59V854+VP3RWJqup
Q2tyEQKoHPBp4iEKc3I851faSsbUV1bxhxnDDndnk1NoXikWupBDMAc7h8x7VyVz4iieYyqeT2zx
Wa3iGeC4LRAoxP3utebPG887IIxcIn0/8PfE8F64M5DFh/EeK9Ghlt10vapVhj5QtfLfwu8dlZRF
LdAsAASeCD6V63b+OpItPXyLo574NfS5HncKU+Se5NWHu3Z2k80M0BBGCOCa4zxPuiV/JlOcHtir
WleJ7nVD5kzgrjnFU/EQnmQdNpyBn0r5njKvDFY6LSR0YRtQaOE1vWJbMHLlPoeprkdQ8QNqVztV
8kHBOfSt/wAXwOyOiXOSvfFeeRFodRMbscFvvH1z1rz6NHlgpFe0ck0el+FIHYRStwx5wOhFddeW
8CWgwhBIycd65zwEUmgg3EYUjPvXZX8MUlqrqgBAPU16+MgqmDRyQTVQwdBsg2rCXaH+ccY/U/Sv
TNGgbaluXJBPy7ex9a4nw7ZiO8xJb5JIwQa7/S4ZCqOjqTxgkdK4Mvj+7lc6KnxJl3ULS4a38x0R
STgrjJC+/pXE62Gi1AqQQr52RgYAruNTuWW0YsQS6YPGecVwWpSeZqeLhmJDrgIdx/KjBwccQdE2
vZK5HcqhX90wXb90kEc98e9Yk1tcXWoFg4IZshtpwQOOtdjaaSt9GDcjhf4AePrill0m2tZlSNPl
HQEV9tXo1Pql3tbc8uKTqXRzn9k3soRppSFU4ZSPTvTL2wnidWilZy5yABgDHSujktkVXEm8ZPI3
dfpXdfCz4JX3jlEupYcRdFLHtXxlOk61dKGp6tGlKp7qOG8LyymCNJlw38R21d1axt2jkbAc9dx7
V9G6X+yMYdLadrcY28Eng/T0rzD4k/CfUfDEkiR2xaMPgZ6Y9PrVZnl2LhhlLlOiWCrULcy3PCfE
waItKkA29ML396z/AAfpkq+IYLy3QljMNpCmvD/h18Cfjl+2P+1/8U/gxrf7Ueu+B7nwpdpPoWk6
ZbBornTpHKqygMuGUNDk85MntXSfFn9nn4/f8Ezvi/8ADjxX42/aM1vxj4U8Q+KU0nxLaavabFtE
kChXA3NzgswII5QA5BOfpsBwjmFHL1X507rmsbrL6s6ikmfov8LfiV4l8P6JbhQ+zZgYz0re1n9p
bVWI3ztEy8YZu4r5T/4KU+Pfij4Ns/hZ+zJ8A/HU+h+I/iR4mENzq1hgzwaegAdkPbJkVsjGfKIz
ya5/xX/wSA/bAi8NP4rk/b58ePAIjJbTS2jbJGx8oz53cgD8e9e5l2U43MMGqqmkntc+soVqmFgo
yPrLUv2opbqaK1mvAWJ4KycCvcPgN8X5NeijlnuflwADur8f/wBkD4/eK/Ff7P8AqOufFrWnuNe8
E6ne2HiC5m4eQQAuHbsTtO3PcoT1rb/Yd/Z2/bj/AG7fhvd/tGaX+2P4v8HWuo6pdnS9F0OE+RDZ
RSbQ4AdcKCSvTPy5JOTWeX5Pj54+ajK3Judk8ypVKXLJan7e+IdftJ9JMk5UqFwx3dq/Pj9u+z07
UtRkvtPuFDxkjCDdwPX8K+E/gP4Q/bu+LP7bnxI/ZE8W/wDBS/4iabeeC4ormytxM0iX9rIcCQAy
ja2DE2ASPm9qsftu/Cb9qr/gnpr/AIM8f/EL9qTxJ458O694iGkeIrTXoiqW3mxF42wXbkqspBGM
eX716mfZLmOIwrlGSbSv9x4WYSjWoNJHf6JFHDeCeNVB3l8noK9E8IOZvKeQnYwwXx79AK+R/wBo
Pxv8Sdb8VeAfgF8JPFM+la38QPFUWnf2hbr+8tbcuiSSA9QF3hjz0U19BSf8EY/2m9L0RtdsP2+P
GQjSLdbu1htQt/Bk+bwCcc+9fC5fwpj81w6xKmop3Vn5HzmFwlStS5loe1Xmn6YbIuqjMmCN3Fec
/EXw/canI0ESkpjDbuh9q82/YZ/aJ8UeNfgLrTfGLXnuNb8D6peafr13dKFfbBk739WABBJ645ye
a5/9kj9kT9qr/go98PtQ/aQn/aj8R+EbTUddvI9G0PSLTdElhEVVXADrt+fzF6H7mc816+R8P1q1
WpSbs4aPsT9UqV6jp9ixr/wmVr3MsBQlvmIXOea6PwT4Tm0G8hjByhIYsRxj3rwL4K/sefH/AOKf
7dfxJ/Y88T/tz+LNN1PwTaxX+n4h8xdRsZCgWXBkGxgstuSOf9b7V3n7Un7Mf7Qn/BNDxF4I+Ini
n9ovXfGHhvVvE0WmeJrLV7TYttDIMrIBvbJ27yDxyo65rvzfhDFvDS5ZJ2V7fodSyyVGN7n1z4O8
SJpunqJnAbaRnNQ6j8TIdL1QTQXARh8pGf1r5d/bD+JfxD+3+BfgH8G/E9xpXiDx74mhsY7+0wZY
bbIV2X0yWU5B/hxnmvQdR/4IoftFNpp12X9vPxi0TLuSZtOOGPbnzuma8Hh/hbG43BqupKKb0NMP
SrTXNF6Hq+q/Fq41B1SO6LArgfNn8K5PVbg6hcecZSpMgx8uM/7Jz/OvnD9jb4weLPEPww1ux+MG
qNLrvgrWrvTNZuJBhmEIyGc/gy577K1f2QP2Ov2nP+CingDUv2hW/aj8QeEtNvdbu4dE0bS7TdF9
khcL5g+dcDdleecqTXFh+FMdmmaVaTkl7LdmP1evXm49j23xBBZabprXDsEVk3D5hxXyB8dPFY1v
ximiWd1KrSzgIVOcDPNO/aH8K/Fn9kb9qvTPgBD+0vrHjq2m8OSX/iOLVISi2isHEaL8zfNwrZGO
GA9a848PeKIfFPxONvNI+9GHl59q/R8FliyrD2drxRpgMBP68oS1PVb/AMOaXo/hiKFwu8R5eXjL
HHtXkGuaJDdCfUJ4TCqbvnOOTjgAf0r234iWNjo/h/7Vql0sVrbWzT3Msj4SNVGST9BXJ/s8fsff
tQf8FF4pNd+Gt3B4H+G8Fw9vH4jv7fzLrU3UncYYxgkA8bvlUE43MQQOvLY1MR70UfeYmVPDWXY+
dNH8KOL268Tata4to8tGsijBI/8ArZrgLi8TU/FV/wCM7tQkUYC20QQgHHv27V+pek/8G6nw7m05
bbxZ+1X42vJuN/2cQW65/wB1mY/rXn3xz/4NyvHWh+Erm6+Af7S11e3SQs1vpPiWyVIp2xkJ50bM
FJPG4rgZ7V9HGjKO7POjiYp3sfmz4a1vUbLW31dbg/PMccev417p4X8TahPoB1cy7LgKEgjIOfY4
r5x+KnhHx18GfH918JPixoN34f1vRdSEGt2ZQNLEMjLqclXyp3KQSCCMHBr9Q/hZ/wAEDF+IfgHR
/Hvgn9tzWrrSNW0yDULCeHQl2vBLGro3+u7qwrnxWCVWzTOqnj40VynkfhXQbLTfDo8Qa3bATY8w
q4wATjnOe+Kn0KPTNY1k6hNMu19xkTeCV4ryvXk+KPwy+LPi39mD4ja5JdX3g/VJIBeSRANc22QY
5D9RtYdfvY7Vc1TV/G+r3Hh74SfDe52+KfF+uw6dp8kY3NEjthn9sZH0GT2r5qeX1lXdO+rPQWKp
uj7Toe4+EbK017WQYIl8m25kPGOOgx616j8P/DN1cTLe2qYkmckxgYyM9/oK1Lr/AIIXeOvAfhG6
8a6z+3V4hsrGC1kubu6bSVVFRELuxPm9AFJ/CvnD9lf9pv4yjR1+G3w80268f+M9e1+e18Cfb12u
bJMg3E/Iwo2scMR918kBa6pZPXpwS3ZxLMac5s/TL9nHwU9pNHc6jFHIUQOxAwcY9a9t8NQI+nXN
8sQMbSNhs5OcYxXx74H/AOCVf7avxR0mPxX+0T+2trmjT3Shm0nwoFt7W3J6xq5dFOOmVXBx+NdN
af8ABGHx/ZxLD8N/26viRbXm4vGr65FcgyZ/uCUH8s161DLpUKXKnqcFXGOpU5j6g0rRhbTJcXRa
ORwXIBztJ4B/+tV3XLZngs9IaJ9khLSsGzXxfrXxX/bk/wCCZfjOxb9rfWm+JHwuubpba78VW+nl
NT0Z2+6ZVADMOv39wbsynAP254XvdF8cw2HjHwvqsd7pmpWaXenXsJJE8Q==</string> </value>
        </item>
        <item>
            <key> <string>next</string> </key>
            <value>
              <persistent> <string encoding="base64">AAAAAAAAAAU=</string> </persistent>
            </value>
        </item>
      </dictionary>
    </pickle>
  </record>
  <record id="5" aka="AAAAAAAAAAU=">
    <pickle>
      <global name="Pdata" module="OFS.Image"/>
    </pickle>
    <pickle>
      <dictionary>
        <item>
            <key> <string>data</string> </key>
            <value> <string encoding="base64">SIGRx7MpBH1rKpQnTjZ9TSnOE1cz/FVhBZ6PH5k6RW0K+ZNO/wBxFA6k8bQBySa+IfDPhrVv+CuH
7YkFlaWlxc/BT4W6l5djEwPk+I9TyATg8NHxknnEY7eYa7z/AIKWfHPxv8TfGmkf8E5P2b78t4s8
Xqr+LtSi5Gi6Vnc4Zv4WdASe+zAAy65+hPhwnwa/4JhfADwr4H0W4g0+We7sdJspZYVkmnurqVY1
Yg8NNK7b2J+6ucDAwO2hRtLmkY15J6I7j9tP4HeEPh5+y/4kvrK0Rrp/Dd/HMTCoUYtZDwAOOR+l
fK//AAR9lSL/AIJ0eBnjl2P52rHIHJxqVyQPxr68/bT8TXfiv9jLWNYv0UTzeH9R8wpwCwtZQSB2
6V+P8Pj34w+A/wDglr8BZ/CHxJ1Xwn4R1Lxpqdh4y1zQ+Li3STULnymzkEoAsrEZAJCjriqxEZTh
G3cxho36H6dWLwRXJuJMrI8hCsW6HPTmoPJjtr02ARiJNzuwYMck8j2r5kg/4JD/AB61Xw2/i/Rv
+ChfxJubOJQwuBECgJAIz/pHQ5H51W/4Jx/HT4ofEPwD4o8C/GfXXvfGngDxFPo2q3dwT51xEGPl
SNgfMfldd3cICeTXLUoSpxTNo1FN2R9J+LtQu7dksrUbTGPnUjjb6Aim/DVEnvptSRcO52xq+MgY
64r5S/bY8Y/Ff4t/tF/Dv9ir4OfES/8ADl14iSbUfFmtaYo+0W1iinbg5HHyuxGRk7e2Qa37QH/B
NP4sfsofBfXfjL4u/wCCg/xHtrTQ9Fl1GC3MQU3BUfu0H784LuVUZ7mqpUJTtJsiU0tD7Q1GzIZ3
uBv+ULweSSe47VdvLKKXT7aKKJi0ZxJg8A/418q/AT9sDUPgH/wTk8J/tDftfa9c6nrmsRyJpdss
Ye/1jfLIbVSOMuYVRi56KQW5rK8E/Cz/AIKq/t8+T4k1Hxwnwc8IXreZp2iaLZNJqzwN91pW4Zcj
nllH+yOpiGGqOo7bFucFFXPshbBfszSR2oEp4kc9sdK878SadP8AaJsReXKXJBkOSy9zx/WvL4P+
CJHxlCNeQ/tzfE06s2czjW4vmI5A8kTZ689favN/iZ4M/wCCnH/BPuSXxN4p8Qr8YvAtng6vbXtq
Y9WsYAQTIM/OwA75kA7hRzW1TDTXwlwr0m9VY+2/h7oSJ4djk+zgDG19y/Nnjnj61rS6EbaPygpk
VJA3UZGT0Ncr+yL+0D8Mf2jvgcvxY+EOqG+sWhkYxTgLLbXCLloZU6q44z2IORkEGvij9lD4Dfts
f8FF9D174zWv7bfjDQbqTxXqFkmgaLBmGGOFkwUUSKFUb8Yx2HUms4YbmXmaznGm0z9FV8OxKFMV
mQjjlev1PFZPivTfsDxFZIwnmgkbecHjoegr4y/Z3k/ac/Zg/wCCkvhj9lrx/wDtN678QND8U+FL
i/vYvEKD/R5EaVV8vLMUIMXJB5Bweleif8FkPif8V/hh8PPAvgT4T+NLnw7c+OPGkOlXutWaD7RB
AecRE9OSCSCCQMZwTmamGkpKKJjXV22ez+INEhe7+2ugHmtvA3DKewFWpbW3utGUyK2Nu5WVfvY7
fWvkzxH/AMEtf2v9M8IS+NLn/goj4/aySFzDO0DBHZVJ2g+bx90iu3/4JPfGP4jftFfsZ6Z4o+LH
iA6prEN/eWX9oTrh5Y43wrOR1YA9ep4zRUw86auyoVY1JWPW7zSuUUoQqZ2qBwevX0rmdS0GOG/a
e3jBMi4cAdD1zivTIbCNYWWRz8qZkjK4z1GKxZdGt7zUX0rA/fAbQTxuHUfliuWWvu9TRQtqzyf4
i+H7bVNFj1UYEsEoySmDgcVVivbqz0xDZxnfCmSwb/WD09K8Y+M37Svxo+Lfxi1T9kn9gzwxY6vr
FgWj8TeMtUi/4l+jckMA2druORnB54VWIyN7w5/wRV/aC8eaUmsfHb9tnxpPdzqGkj0idLK2GRyE
Mkg4z6KBx2rSng61Ra6XM3iKVOV1qetfEPT7bxF4EtfEGl25klGFuUzyg9fbFeX6zoVxp+qLa7A1
rcx/fAyXOBlePfNVdb/4JE/tYfB7TrrWf2cf23/FImVS50/xGEvLSYjosjKzrjGByhHfFeOeBf2n
PizonxYuv2Y/2tPBkHh/x3Yr59pPbDFpqsQ58yAgleRz8pwcHABBUedjsvqwpub1R6+Ax9J1FFaN
mmugQeCviNOVgIgZtyjYd3J6entWh4osbDVdTh1zSpFtrlD/AKvrkjt9axP2q/2g/CXwittIMegX
OreJNXZoNE0KyQvNeykgAgDkLkrng8kADNN+F/8AwTH/AOCgv7T1tb+Nfjj8ZYvhpp9yvmxeHfDV
l5l3Ap5UTOGUBvUF2Iz0B4Hj4HKcTiJOSVo9z18dmtDDQUL3l2M74keFJNVs31exton3cXFoynrj
rn1rxPQtBh8M+KUk+ysIbiQCUMPun+WOetfXt7/wQK1dLJ77w3+2V4/j1J4yZZXmhlV36AmNZNw+
mTXzR+0V+y/+2V+wpnxD8YbWH4g/D5JR9r8UaTBsvNMB/imjOGA/2juX/aU8V78MqrUqdr3Z89Vz
KnWqaKx6voMGnzeFHs2cPa7CTCSDtxj8cV414v0uXT9de909o5UVywAOADnNN8Q/GG/8H/BrVvih
4D1uG+tJNCll0q927wGwQNwIxkHqpGcjnpXe/s//APBHL4p/tO/AXw38fLj9sjxHY/8ACR6NDqFz
ZxaYJEtvNBOzd5oz0PYVeAwrlOT2sTjcWuWMUX/hb4x0jUbNbWY7w4CmKQjg98V634K0j+zWN5ay
MYB8zBmByD/Dx2FfL/7On/BMj9uD4pfELxN4Ktvi/c+HPAegeI7nT4fGN/bAXmq+U+w/Z487in+2
WC5JALYOPq22/wCCDHjAaG2reA/2y/iCNURNy3LzRyx7xjGY0kDADnoT19q6Z5fVbupWJo5jTjHV
XfQ988D22j+J/CjIkA85E3ABgqkjHQeteeeK7a60jV3s7mPBaXCtnOM8ivm7R9d/4Kp/An4oP+x1
Z+CdM8SeJdVQz6B8QJExaRWO7a9zLxtDIeoYZBwNshI3ew6N/wAEXPjT8ZIz4n+NP7b3jHUPENwN
8y6JcR20CPxjYruCwHPAAzjivmMfw1isbJy5lFHLxDVw+Z0YKGjW50v9jpJALiSPEkg6NyMep96x
tWs14VFAfIK/TOM15b8f/wBkz9uv/gm/pU3xP8MfFC9+JfgTTiZPEOi67BsvrO1GMzxtubIUdSh4
xkqRyO7+HHxB8PfGXwfpHxG8HT+fp+p2weFwuGU/xIwPRlbIPuK/Pc54bx+VVVKfvRfVHwuIw0sM
lc3bKR4YzAyEAHlh396uRandLOI4mPPK1PHozpGrJDuBOAck1L/Zotplh8on5T857VWAU6keRnPy
sikvru4wwlOVIyooXUzJKUmRiM5DZ6VItrIrY2HBP3sdazNXSS1kNwyYVSTj1ry8zy72VTnSNHW5
ocps2Oq+SxQkFByN3WtzTNYRf3qxnIGQBXnf9s7HLqMIvJ966LwzqxmVFE+O5IWssHTve5gqsoNH
pekatbtANw6DcR6cilvR5zCWOHcCWI3Hv1rnEvZIUCiQEE8sTjIrSg1oSKkTSZweAenpXk10o1nB
s9iLcqaaNDTkNuykKpB4YipdTjEEPmIcg5+VV96raZcxSAwg5wvBK4xV65VJYPLWUKSOK9jCYJSp
3ics6nvbmfbaijso8vkDmrD3BknLA9vug1g3U8lreskbkLnjDVe02cMwOcnvg0/Yqbst0a0691Zm
iqSSSFydvHAPrUd3p32m6VQCzc9quRtAse515CZHvVrw35V9fjdgAHnIzW9L2tNqC6mVVRlJHpfw
d8MWmn2y3UkXOCeV9q9F1fxZBpmmvtVVwuck964vQL1dPsEIcBQMnHU1ieNfGVtNm2Sf5R1z3Nfa
wr08myq8dJMnn963QbdePru91k+bu259eBXc6I9lqNgrBgePmOOlePpeW6jzt5JY4JJrpPDHjJ7N
fKjlwMgYrbhnMq8qnOpaN9TGvGFrs2vH/hqxutPkKqCxzt+Xoa8E8Vq2i3DwrGMg8MTyfXNe8av4
khurFniYuGGGJrwX4xlw8slugBK53bqjizLYVa31iK1e9hYbEJJwucH4q8TwxEzb8Fj8oJ6ismz1
aO9t3jBVucOQ3PTtXD+O/EcllM32yYuFzggdD6VW8J+L1e7EG9hg/MSOvpXzCwsYzU0c7qOTaZ6H
LozXa7F4Jxmrdj4fls40ldgdrZbirHhWeK/gWUpkrxvJ611N5o32qyUqPbA719fh5x+rqy1OaMZR
kcFr86xQEA5JFeceJI4jvmKAk5yB2r0nxvpN1bwF4xwDx3xXmmvkLIfnJBB3ccGuOpyzr2asKpKU
Tx7x3DG07jzP4v4l6Vy+nQmPVY5bdSRvH0GT1rsvHkcLyMzLjDnHvXN+Homlvk8t+C2NuK5sVShT
jJIdKUnZn0J8FrlZLKLfznFd14qmaHT2OACEOcV538LQ1rBGElwAFBXFeg69OJ7faIlYEgH3r81x
lNPFXZ7FOXunmxurh7yRJEIG/jPerEGrzW8pUIT+OMZrYvvDmyHzWgPzDIP9K5SbUGbWPJZMCNgC
vp719vldGMqKaPNr7nomg3099BHAWOeMqK6bUtUOmab+9jIwuOD3xWB4GSKW2+0MCMfeHcU/4gXi
wWAhLHd1w1W4e0rtW0NpSjGkcpqetPc3bngsP7x5FT6LqkkEm5SB9DiuTutXQSnemDkgkGmp4nit
yxRt2AOGrzMxyxXuYUcSnsfQPwz+Ix06eKKW4JwRkbsV9R/DD4pxXVrEnn8qBgF6/Pnwr44gkuVf
fhlHKgdK+hPg542ll8szXBIwCuO4rDDwVO1tD7DIsRJLU+s/Eni83Vkx+0BiVHy7v1rxnxzr7rdk
hicMOc9Oa0ZvFM81sku9sBdqjI5rhPFerz3Vy5UA89fSuioppqR7+Ixell0Ol8IeNpbe6EQkyoB6
mtbXPG8E8RaVhgEDhv8AGvFtQ17UdGK3Fs54bL5PUVPqPi+fU9NXqXZsmMjpWletekmdOBxkpx5W
fL/w38+x0Ge3nuAXkTduJ4BxgiuXijnl8ZSyNMpUNyCOhr0ez0SGztHghXqTj1GffvXDanpdzaa7
NIykHufU17uHyOEsXKm3sfljxr+rJpHXafoMN8gaRV6Z4qOTw9azK9ukQye+KqadrLadGqTMc5AB
z04rqNAdtTszeeVndwOOld+IyRKcai6HJTxcZe51OZ0TwhaxXhdoVwCOq9a6K38OW8sYVI9pP3ML
VO+eSy1QQqzICvAPoK6Pw3ia7t4pnzGzDe3cDPJrtrUITcLbmcW3NxOd8T+CidMZoWydvA9q+e/i
p4RYTtvB3EntX2F8U5PD9ldiDw/h4PKHmMBxnFeBfFTTbC7jluIVySpH3eQa68bF4TCXY1FxrKC1
PnmLQLvzGW1gOQOTmorD4sXnhe8+wzzuNrYOT0ruLfTGbVlSLgq2OnWuE+JXwv1D+3XnS3ch2yGA
4zmvn8uxMK9Wx6lSCjT03PY/hZ8TW1orIkmWGMc16xYeKWe1ZmmIJXoOa+a/hBa3OjXSRY68HPHN
fQnhjRX1ezIV8fu85xXn5nV+q4tSlsY0YqorGSnxGvfC/i6K8e4Y7ZMhSe2a+1PgB+2tBp+hQxSX
Z+WPgbvTtXwN8RNKvdM1BrhUYhWyufTPIrf8G6u8mjmWPMcn+zwcV7cM9pUqKXMdWEdTCVrxPvXW
v29GXXIpPtrsjNjZu6V6n4S/bP0zVfD5Nze87em7qa/LHWLrV5LoypOTgAjBrrfDfjbxJo1itssx
OCM85zXHVzGrJucXc9N5xOm9UfS37TvxWh8bzMIZweexzXgkaRhGYAZB+b161u+ErTUfGThryRsM
OeK0fFPgSz0Oz+0qTuKnII9K8h5fisY3VtueRWxLq1OdnHaT49i0a63mULsbk11M/j86np+EuB85
/hOSa8H+Ker3VjeSlHC9MMDx+NZfhL4p6kzfYru4yqjBxxz2NGCnPBzlGa0Zw4hyq/Cd3498RLa3
DTBhzzurzfVviDDJcMJJATnHXpUnjnxRJd20jGQHGSAHrxnWvEc0V+QcnDbmPPGK9ClhPrd+U4JO
pBnsGj+IodTUqrAgMM810EVgl0m4AMMcAHmvDfBHxAX+0VjkfAyFK4+6T0z617X4SvreaBbi4YEg
EYVutY0cjjTvJoPrGnK2aeixf2fdJIi4c87ielei+H9cee1w9wSdvp1ry0aiVvfky6h+VA6fnXpf
hXShNYx3UcRClAQSa5q+VxcualudmGqNytLY9C8C3kmwNwc8DmtXXIcqzHgsORmub8KQPYfN5jFO
vSuj1K5V9P3FdzBeAOK+IzSVVY7lqdD1YRioPlPL/Gdz5TvLEOQBtHb8a89luy+pFHkC45IA712n
j4ajvkljtX2qMAAHFcjo/hvWtYmM32R8Btx+Xt6V7tFyxFOMYrU4nBxd2eh+A9Uh+zIozgcHK13j
SwXOnEhBlcdq4Xwj4dksVVGVs8ZBNehaRpStZu0mUyvGe9evHAYupQ9momaqQvck8Jos1y20gkEb
a7SKO5W3AGRtAHHfmud8KaLHbsJFIOCOc10+ospswFYrzzz6Vx0sPVw6cJqxtpNXMnWbydnWMRkD
BJAb1IrPi0w+Y1ywQsW+QMuMflVw3cOXZ0BbPANUH1r/AEn92u9OchT92veyPK6VSbqzZjVrvl5T
bs2S2ttm0HIxgd81meJdaisONwBUdAKc97KYB8rBRnGDjrXHeMdQWVG8tznB3Amvdz2i1lrUDjoz
caqizS0XWpde1+KyinYEvhx2Ar7p/Zz8MaXpvhmzwqkugzketfnb8O/EMeleLoryRxtL/Nkjjivr
z4bfHmPS9Nh8u4TaEAAPPQV8Pw8nRxDqVUfWZZOjGp7zPs6Gz0xdIKbVGEGBgeleJfGPQNM1OWSD
YjPu4UCvP7/9tPT9MuhZT3aICmGY9q4XU/2qbDU/FayLqIaNnG0g54r7HGYnDV6XJbY+gq1MPUgr
s+bf2pvCE37Iv/BRb4RftMWym30XxyJPCviKVOFWUlREXPTpIhGf+eJPavof/gsj8FW+PX7B2s6/
pFuH1Ow0hNVsnRfmW7sX3tt/2miEiD61zX/BUnwRpn7R37AviDUNE2tqnhjy/EGlMmN4ktwS+D2/
dGT/ACa9T/ZB+MelftafsH6X4kvpFun1HRo571QeTLt8i6T/AL6DnHbJr6fJalOrl0YLeOn3kThC
DTifBP8AwTw+Let/8FBP28PCHxD1SGSWz+GPwstLRvOBKHVJgsLY9Ml5WB/6ZZr9idV+JXg7xbaX
/wAGdMifzoNOMVpKSuGeNTs46gFozg99pr85v+CMn7Jt/wDsrP8AFHVtfsGiuD45vYbGSRMeZZWZ
KW7j1VmkyPxrn/2df25H1j/gst48+FX9q79Oj0S1sNOTzPlN1p7GZwPxnuB+fpXqUMPDDUY0o7Lb
8wVfm3PkP9tzVNT/AGZP2hPjx+z74fspQ3xLn0+88MxQphSbtlMwHpxJLGPda/Yb9kj4eaL+yb+w
rpXhFZY7b+zvDlrp0s33QWSLfdSk9tzmRj7mvlj9vT9i0fF7/gpL8HPiVb6W0ulWUt0+tyKmR5Fr
/pdvu9mkkCD/AHvau+/4LT/tByfs9fsK6j4W0u98vVNYsU0SyQN8z3F6MS49SIhL/OqdOnRcppfF
q/kZynY/NX4FfHrxVo//AAUa0j/goNrNzJF4Y+Ifjy88MSM5IK2RCRxOe21d8R+tuwr9LP8AgsL8
F2/aN/YG8R/Z7UTX9lpH9p2h25ZbmyPmHB7EoHH0Y1+f3xu+BV/p37Aln8NbG3Eep+ENMh1a3KY3
i8jbzZsY6kgyfU4r9J/2F/jLpf7V37CvhzxleNHdSahoMb6hCfmX7RGDb3SEHqN6v9QwPevn8mzm
GcwqStblk18uhx0ayxCfkfmP/wAEk/t37W37dfhv4gagks1t8O/AwLmYEj7dL+53jOfmJkY59F9q
/bg+MPD+tR3Pw1to/wB4tp5cTAg7mUZHyjkcqce4r4C/4I2/sb3H7Jl58WtS1vT3jefx5c2+myzL
hpdOst32Z8/7RmY/gKxvgT+262t/8FqvGvwdGsBtKTwzBpelpv4a+sf9KmAH97Mt0Ce4iFe7RwVG
jRjSgrJbFxpxhFRR8lftxa5qv7KX7TPx9+DejWkwT4qLaajokVuh+Wa6lzOFx0LGWccf3QK/XT9k
X4X6X+yf+xHpXhKcxWz6VoENlcSqMAOI/MuX9xuL8+1fNn/BQb9ilPi7/wAFC/gp8TbLSjNpdlqV
ydbYR5URW2L213eu4ll567MV6F/wWY+Pn/DO/wCwnrGh6Ld7NY1fT00fTUU/Mbq9bbIR/tLD5jD3
Ip/VqNCU5r7Tu/krBGEabb7n5l/Br9oHxPp//BS21/4KCazM0Xhzx14+uvC7ys/yiyKpDErHoVVB
ER7w57V+pv8AwVy+Dx/aS/YL8RzWNqJ9Ss9AfULTC5ZruxBmAHqzorqPdq/NP4qfs/pp/wDwT+s/
hjp9qzaj4f0yLVozGPnW7UtLKwP/AG0lX2B9q/T79gL43Wv7Wf7CeheLNQmW5u7rQYzqig5zdRL5
N0Me5UtjturxcnzeGbU6kl9mTX/buyfzM8LiI4hS8nY/Nr/gmNq9/wDtj/t4+CPG9/DJLZ/DL4eq
1x5q5VtRdTAD+cm4H1hFfs3deMtA1MzfDW3z5sNsI0OR94ZCnHUAshAPcg18Nf8ABHv9jSf9mHxV
8XNb1jS2g3+OLqDTGdMb9PtV3xOvqrNMAP8AcNcf8K/20ZtS/wCC13jD4OtqofSj4Uh0i0j3/L/a
NmftJ59f31wmPX6V6mFwtPD0VSirKL/E6FGMVZHx1/wUEudR/Zb/AGsPjR8KdEtpFX4nWNnfaHHC
mF33ThZceh5uFz61+vH7Ffwr039lj9iPw74HdYrdtL8PQWlxJwo85kM1zISemZGkY/Wvm/8A4KJ/
sSD45ft+/Av4j2ulGfS7DUbhfEUgTI+yW4N7AG9FaQvH/wBtfavSf+CxX7QA/Zp/YO11LG7EWp6n
YDSdPQN8z3V5lTt9SsXmt9FPpTp4alRqzmlZyab87EqMYtu25+UPij4k3n7QHxn+Kv7UN5K3ka5r
0lloBkyTHYwkqn0BURfiDWB+zzo0us/E5L2TZIBISZCvT61Jrr6f8J/g/pHgp5NlzbWAa5BOP37/
ADOD9GJH4Vf/AGSb7T9Q1qe8m1KGP5j9+bG76dK8KvXq4ihVqpaOX4HbklJzxftH1Oy/bUtfGet/
CK98O+DrOS6uJ7hBdxwt88kStlgB+A4r3z4Cf8F0v2XfgL8MdH+D+u/s4+OPBVvoukxWVlAtpBPE
RGmM790bZZuSRH1YnvXjH7Snjxvhj8P28Q6RarfajqN4tpo8Q+YT3MmdoAHLYwTgdcV9Ofsnf8EO
PhTZ+Ebb4vftozXfjPxZdos19YXt6y2FixXPkKiEGVhkgknb6DjJ9XIXUeGs1oevm0YKu9bs+Afi
h/wWV/bq+J/jrUPF3g74/wB34UspL5v7F8L6JosMoii3fIrM8ZLkgDO4nJ5x2r9Yf+CUXx6/aJ/a
I/ZgtPE37THhO903xFHfz2skl7pbWbX8C7THcCJguMhsZAAO0kV5L4s/4KIf8Eof2KdeuvAHwu0H
SLjXNNkaC4s/AfhdZJI5BwUa5wqsQRg4dsd+lfQf/BPz9tbw5+3F8PtR+KHgfwbe6LY2utz6bHBq
MqPLJ5aIxf5OFzv6c9K+gVlfU8pu9tD8r/8Ag4S+Heg2f7eHhjWbe0RJ9e8Dol8UXmSSGa4RZG9T
tKLn0QDtX11/wb0ftRyfEL9nS/8A2c/E98X1j4c3v2RI5nyzadMzGAjPUKwkQegCjoRj51/4L/6O
da/bn+HNkSw3+D59xHUYnnP9K8j/AGCvi/D+xf8At1+EfHtzfC38PeMB/wAI/wCJHkfCxiVkCSN6
BZBG2T0Cn3rOVVKai+ppGk3Scux9Bf8ABc74FRfB/wDam8G/tXWNjt0rxLbHQvFG1cKbiLPkyt7t
Eyj/ALYDrmsL/gip8DH/AGhf26dW+NF9aLLonw9sfs+lEgMr6nP8isO3yJ5reoIjNfoJ/wAFYv2d
rP8Aaa/YQ8V+H9MtDLrFtpLanpGxfmW+tB5qqPQuoeP6PmsD/ghh+zlb/s2/sMaD4i1ywaLWvEVs
+v6qJUw4luP9RGe/ywBMg9GLUpUoyrKoSqslR5FsQ/8ABcL4+al8P/2erP8AZ28A3LnxB8RL1PDm
l28LfOYXKC4I9QQyRH/rr7mvDP8AgjN8EvBfgH9vj4heCdet4TqHhTQtM07TWkA3JbvsE0icZG87
SSP7/vzjeJfiNZfti/8ABVTXPG13cC78L/Bm0bTNLIbMcmpMz+a/pnzN+T/0xXnvVv8AaMt9U+Af
xmg/b1+AvxN8KWfiTTbQWfiXwfreuw2/9tWQUDAV3UlwoHGQ3yKV5GDtCMZL0Mpabn2X/wAFefB3
7et9othF+xl4g/s54LiQ6lDaSRxXM9p5aeUts8g2qFIfcAQxJXBxnP5seHP2y/8AgpB+x/4+0nxD
8a9T+ItzZW98q63o/i+yaazuoQwDCG4cnaxHQKRgjOSOK+8/2XP+DiH9mD4iaVb+HfjOX8PXOxEk
tfEVm89uHAxhLiFTgejSKMDqRX1l4H/aA/Yd/aF04/8ACK+ItLuY7pNjv4f1mC7jORyCgLZHsVrS
xB+cHxU/4K/eIP299E1b9nj4Q/sjav4xm1fRntGTWdYt4ZlhK7d/lIp3FWwwO8kECvR/hZ8W/iZ/
wTC/4JpadP8AtCCOfxmzXFh4Q8OrcCSVpZGJtrckZysYbc23OAMA5Ir179tz/gjN8Avid4Sf4xfA
hoPDXiO3f7Ro3inwyv2NorgfcEyJhWUsACwCsDyO9fEH7B/xJ8fft4f8FBtK0L9rH/TdT+D2gyQW
1m2BH/aUM6I11InRpd2CSMZaNfTFYThzy8kawaUfM+xP+CaP7J+pfAr4f6z+1l+0zcJe/ELxhI2o
eILzUMbod2ZEtAW+6iDDyYwBgL0Az8Oftf8A7V3xE/bB/bV+HfjzQ1u/+FZ6B8XtN0jQLt2xHqV8
LqJ5rkD+L5QAD2Rl6biK/Xv9uL9jXxb+0R8LZvgj4J8fXWi6NfWEdteXukTwfafL3FpkzIQB5hwC
w52nbXxp4D/4N7LnwN4p8L6pH8d/Gd9ZeFPENvq+m6HdahZGzSeKVZDiPftTcVAZlAODWmgj68/a
ujUfsNam+3roGp/+k8tfAv7GX7P8f7TX/BGSy+DdzEnnajYavJpbSLkLdx6ncvCR2B3qB9DX6ifG
X9nnX/H37ODfC0zrHPPYz290YpFDKs0bo20t8pKhu9fkJ+0l+xd8RP8Aglhe/DbXvhZ+0947l+0f
ESx0uTw9damv2FIZ98r/ALqJvLbdtORj+InryMqkHKOjtY0pSjGWq3Psz/giF+0NN8dv2V7f4beM
rp21fRYZPDmsxTt+8S4tV2xsQejGIrk+q180fFPRJ/2Rv+CuLxTAWvh/4y6KyTE/LHFq1uME+hLN
Gp9zce1bvwbv779hz/grhrfg9d1p4c+M9umuaKWP7s6lEzuwXtksZgV6nzF9q9B/4OEPgNc/ED9n
C3+P/gKOZNQ8M3NvrNnNan94sTkQ3IBHPy7kl9thpcqrUrdwsqczzv8A4JOeDZv2pf25fip+1jqQ
abTRqi+GPCskw4WziYGWQHtuSNDx08x66P8A4LffEnVPjp8Ufh7+w54IvHNx468RwvqUcRP7rS7Z
/mdgP4d4kf8A7YNjpXu3/BKj4GD9lf8AYZ0aTUbMw6vJoyXF4XUBv7Qvf3sgPqUDKnuEPvXyh+x0
5/aw/wCCg3xK/a/uiZ9D8LSr4V8HTn5kbZnzHQ/7uWJH/PcHvQ/3VKwkuaY/9nX4Tad+2p/wUi1X
TrywNx8PfgbBbaB4Q0efm3/tNdqtOUHB2skre+yI9q+v/wDgpz+2ppf7B/wch8P/AA70QX+valdR
6bo+lxuVfU7+UcByvzMiggso5JKrxkV4R/wQqWDTvjT8Y9I1Mb9Rh+Kt2LuQnmQlJQhPpyD+dVv+
CwEi6L+33+zdrvjORF0O3+KEy3kkrbI0naawMDux4AGCfYKfwqGkEkTL49TmrnwF/wAFvPDHhs/H
C6+IngjUriKH7bcfDmGx/fGMLuaFXEQzIFB+Xze3BJ4r7E/4J7ftV+Ff+Chf7P8ADca5pjWupLHL
bzW12/mS6bexcSQFjy0Z4Zc/wgAjIwPSPC7G6vZ5ZLgGGGFt0jNwuD3JxjivjT/ggap1Dx58U9V8
PH/iS3XxY1STSgvI8jaScEdeCtEJOUbsucIpI8+8D+HJf+CeH/BT66+DXhiFbLwH8bdFvGi0iNil
vZavCsmQg6DJAUD0uFXoBXr/APwbqI6/B3WATgnxtrnJ/wB6CuH/AOCu8tte/wDBQr9nrTtDIN5/
wsiSYBGyRAktt534YBGfY13f/BusM/B7WMHOPG2uE5P+1BmqSSYuZuNmcT8SofO/4Lp/DjcM/wDF
Bahj6eZd1N/wW5tHW2+B+7lR8VbYI23qML3qP4y7tL/4Lp/CqXcU+0eC9Qiy3O4ia9+X2OMVe/4L
bMl3H8CtNhYGeX4sW/lRZyWGEyRj6j86h29oiop+zbPsz4lx7P2TIyAcF58ZP+zNXwb/AMEO5DZf
sM6XOsY8weI9RC+jAygYNfe3xNi2/skW8m3GWnxj/dnr4F/4IpWssv7B+kXmDHFD4k1F3kLDBxMC
evQDjPascbdUPmaYWN6p9hapAsesLA6ZgnBUbUGOx9u9fPX/AAUN+Lt3+zR+zT4u+I+g3Aj1Y2DW
WkSEcrcTkRIRnuu4sB3K17l4j8Z+D7+KGeXxbpSAKG3R30eSemOG9D+lfJf/AAWzhW//AGJ4dV02
6jurUeLNOM88Eu5SokIxweDnrXnwinNaHbNNQep79/wSP/ZO8Lfs3fsfWPi/U9Jhm1a409NX1y5l
TL3t/OgceYxyW2KyIoPTGcZNfLHx3/bA/bc/a3/an8Y/Bb9k7x3pXhHQ/AN79i8Q+LdTtlnee7yV
aONGRwArI6hQvRCSwyK/ST4TPbah+yDO+ljdEyQOgU5+TbAwP/fI/SvzY/4JleGreL4k/tCaDqT5
1Wz+Kt297C5wfLZ5AGYehZGH1/GvQxVSpTpOUN0cWFpRq11GWwn7OP8AwUo+Lf7Ifx81z9n/AP4K
E/FHRpI7TSU1LQvGUFo0MV9Ex2mF40jUMW+YA7RhkYcjmvBv+Crf7en7Hn7UreGfEP7Oeq6he/Ef
wz4kin0e6sNEmjilty37238xgCy7trgAHow4zXq3/BR74pfAnwx8QNC+GPjX4A3fxD8TPp0l9YWu
n6atxPaWu4gs2cttJRuOfuk9+fmbxh+1R+zrYaPNZaR4F1DwPetbPFGl14aNuqsUIHMfvzyO1eRU
x2LUV+4cr7vp/merHBYZVG/bJNdOv+R9N/8ABIH4K2/7X/7Q3ir9tzx7pHmW9hqQ0nwBaXB3JYIi
ZnnUHgNgoFPZnk9q+g/+CrX/AAUM1r9kzw5ofwk+B3h231Pxt4pujaeHtMlY+Wm0jfcyqMGTBIAB
I55JwCKwP+DcHUdD1X9iizt7YqJ11nVVlfPLSGZW3fipFfLX/BYXW9U8Ef8ABUb4Z+Idbi3WDeDr
qCwDDgXXmXayfUkPGMepFem7UcPeK2Wh53M61f3nu9ThdE/4KQ/8FPvgxr03jf4geMPD3iuxspDL
q/hj+zUh2w5y3lvHGp+UHGctj0PWv1f+BPxO+G/7cP7Ntl46sbOPUNM8RaIX+y3qrJlHUrLbTDox
U7kYHjv3r8f/AI3xabregXnjHTmWER2ksl1H935Np35GR15Ffev/AAbwweI4/wBgjQJ9ZkISW/1O
W0BU58k3J2/UEhj9DWOAr1a0G5dC8ZQpUmlE/OD9rz4Vj9j74z/F/wDZRs2Y+FtS8PN4g8GxykkQ
QyqpMSg91O9M9/Jz3r9f/wDgke1tL/wT/wDh/ZahHvhfwPYbww6gI/5d6/Mf/gvxd2N7+2ppVnpr
/wCl2/w0vJLwq3/LNmuNoPp0OK/TP/glFbu//BPTwNJn5k8A2ZPPfy5ea7VGMW2upyylKVj5E/4K
N/t3/H6w/ajj/Y3/AGUvE1r4TksNNivfFHimW0SWSAygSJDGGUqPkeMk4yTJjI25r0f/AII8/tYf
tGa5+0L40/Zp+PHxJXxbeeGYrK90/wAQrAsT3FvPsDxuFABx5seCckHcMnivmXxsfD2uf8FWfjRb
eKVYKbSwggkDYKkRRDr24Ar1v/glro0Xh/8A4KwfEvTLWfzYE8Gaf5b7s5HnWOORXJ9ZcsY6L2SO
2OGSwSrJa3Pt3/gqH+0J4f8A2O/gtrfxrtPDyXWsRWyxafaMcJcXkz7IlIHQZBdsdQvrX5/+J/jf
/wAFLv2YfDXgv9rT4zfHnTNY0HxJ4hs7bWPAkWlRLHZQXAdlw6xghgit0bIJXJfmvqD/AIOOLcXX
wN0rTUI8ubxhpAdT34kPP4mvJf8AgrnpD6D+w9oWjPGdkPjjSFjcEkEeVNXmZlj6+HxGHpwduZ6n
dhcvoYnB4ipLeC0P0W8Wx2PxL/Z2efxHax3SyRNBJ9oUNvjdSpVs8EFGwQeDivyc/wCCWvhuWD4Z
+L/CdrJI1r4e+I2o2dl833IQIyFx9dx+rV+r+glx+zWVVSRuTJA9AvFflx/wS5guofDXxPmMb7R8
VtT9eu2OsOJYwWVyT6SPiMdTXsbW2Z9Q6d4a/dpFcW3yj7ozkitO38JWCqJposNzsOPzzUdvqkkU
P+mRFZF4DkHB/pWdqPjmCxEhBUKCcOWHWvzDCYijh8Vys8xKy1Lg0KzyoeNSrEjAx+tcv428P2Zh
ZQy/I2MD0PYVman8Y9PhmI3qST8vz1m33j+DVIj5lwGP3tgfgfWvRxeJwdek01qZVfh0OL8ROdOv
GiEhHONlb3hXUc2ww+M4ArlfFFzDd3Akizy/3jV/wncy+X5fUgZHPvXx+FnzYlxiclaPLC56da3Q
liEazAjbzk8kinf2vJGdjOpw2QM9vf1rD0i6YJtgkyOrbh0PpRLcQx3PJzvbOB2NRjcI1XvY6MPV
ailc6221vyXRwBtcZfDd/wDCt6O9F7Gs0YycYA3frXBWDy3BEY446k9a6bR7toAIC6j5eD6V6WWV
VTjySW5M3eV0P1yxlkUXEMZ4PzD0qfRIgQGLZ2j5hmrM6JJaszPlmA4WqtvM2nsEcqu8HHGcV02h
QrNPqaRikrmxdoskaxwowJOAc12Xw98MMEW7kU5IHOK4/wAJafJrGrR75iy8dBXr1lp66Tpm6HA2
qOvFelgcLTxNbn6I0SsmzM8U6xDpds22XhVwAO1eZa94l+3XhUzDrng1Z+K/iqSAvGJCCecV5rZa
+L69LyHDZ7V5fEuMjOSop7GEG2zsj4kubLCs/wApPXPFaOn+MkYeWpII5JrnzELi0SZZVYKRuG6m
myGWcNtJOOD2rxspzKeDej0NlDmdj0DRvEkWpWz24lJctghjjFcn8UbZHs2LsQWThSaq6Dd/2dfq
80rGIDoT+Va3i68tNRsMK2Tsz0wPpX6fgsyhmeEcZdjzq9F0580T5Q+JljOlzNCyyBWJyce9YGka
Zd20olg37VbOD1PFep/Erw4lzOZUgAXcfu5yKy9G8G3hVLi5+VO4xzzXz85LDSaki+R1FodJ8L/E
CkJDcKuM9c9a9StdUt5YcB1c8EDpt9q8y0zQI9Ks0lgcbs54HSr9treow5lB2KSeD1rXCYmUqt1q
NrkjZnS69Z215A4eNSD0H9K8h+I3hM20Utxakjg/IB716Hbapc3kbHzfm7ZPH1qnf+GrzXFYEFx0
3KM17GInQq0NF7xglKc7WPk7xrLcpmKSPOCR+NVPAWmxz36SyRbiXwF9TXpfxw+FkmlRveQIygn5
hs7+tcR8PNPuI7xV8th82dymvDq4hzptPc1jQdPc9k8G6alpEiS/LhPmDDoa6pLUyvFEJGZdwIwa
5zQJ0jtgzPyU5yOprU0fW5J9Sit1YYjb5u1fIVcL7XEaHXGfLE6Gfw7LeaUyhQTtIHNedat4JudP
v/OZCX3AknkGvc/D9rFdwKksgVSMrhetZnjbwjHLCXghOwKTgp1NdOHzKOGxCo3JqYecqbmcP4Ck
mlBt5lC5bJY/pV/xloc2oWzBySR2PTFO8I6LFp2tmDyuV7nNdM+l/bJHhWEbSCDmvRljVLFRjEUK
fPTcTxiDwUsiu8sByrnHFYvijwlNbszRJghedte5HwrBb3IZ4ju7c8VQ8S/D0XMRcQAKw49q+0nl
31nD87XQ540FA+bNKutRs9c5d0Ak6/jX0l8Hb3zraF4JB8oyz+9eceNPhsLGMGK2xJ3wKvfDjxjJ
4cSOydihyBsY9TXxeKo1KFVpLY+lyKrGnNRl1PphvF6x6cJGbkcHbzj1rIutfjuoyqSKSMkmuLtt
fvNYtPNml2Jgng4Gfr3qtaXcsaOnn+WOMMScV62ElRr0bS3PQzKUqNa9tGbPia+iuLIsWBwPl296
r6HqOm3cKxSAEjJDE4x+tYmsajGYGG/5XOFZSML/APrrE0LWpLec7gg5yoLe2K8bG0uT3UtDPCY3
2VT3jyTwb8T4fEk6hb3dufG1WBwuemPWuyuNFh1OJZZLcA5+TeecZ718efspeOtS1LU1aVnDecfv
cg819UX/AI2/s+yiMbkkD517hq+mwOYQwOcyWJ7HxFajOWGUafQ6I+E0ltGaULnIwBxzXTeB9Baz
09xPKqx5wMjJrznRPi1p8lkRcN8wHKl84PrXXeGPGiz6e0sDDByAxAJ6d6+rlneX1JJQRxUMPUjU
5pdCt4ujtrbWAwCq/wDtA4Tmr+gu9xGbm0jLpCMzbDytef8Ajjxk93esIJg4XkkqPmOeor1f4JNZ
2XwQ17xZqkwzLFtiLPz7iuidTCR5W1ua0IVMRiHbZIxtX1e0voXty4Bx82D2rxr4nyGNZVt2YAAk
fNXY6Pr1vrF3IQmwE4zuyM1m+KvC4vY5AoJyMnjjFc2dRjjMMqcWThJyjWbZ518OvCtzrGrtPeNi
NX616TbeBtM8SafJG9ujvFIwHyjJxWLYXFrotu1pEVViwAYDmtj4e+IGgvbqFpcpndyfU18nRoLA
VU+p3uo5u5yGrfDwaDqifZoNuJM4A616j4Ktri10xV8sDK5xU99oserxf2mmGwM8DpVvSY2aFE83
KqOCPSvneJ8VOvFcuh14Sn7OdzkPiTp0N+5JABDHOBzWXoemGCAKiYXHzA8HPau18QaLDOWnlU7B
yGA61zN5exWUhIcKGbAGK8PBUMTi5Qi3otzStXp09bak1ro0RuUSVwSRk4HT2pdbVtPG9RkKuEGO
9Z8/iY24Lu53Y5OehqHVvERvIPMk/iA4B4AAr6r29PDJUjzuaVWXOeu/CDxVZjTFkE4BAwox370f
Fj4jWllpUheUghDsYnoa8CsfiDqXhuR4oLglM42q3T3rkPiV8QdZ8RwmAzyBCpKAnlvyr18tz+kq
XsGgqUWlczviP8SYNR1SeKO6BUufmHGfUVzek+JAt2lxbz4bkfMc/Liudn8L67qlypsImMbHL5GS
KJfBfjTTpBIYJNvTdtY4H0/rW31WnibyWxhCTg7M9ButZiu1WN5FJYAMW7c1wfjHTHlkke0X5lJy
eueauQ6f4itIljniGHwuDnOTXceBvhHfeIIf7Yu7SRYQhPKdSD6VjhXUwtfkimxVoQqRvc8Y0Kw1
tNWW8hgcfPxuXbxn/PWvoTwpc3Vtp8Ezxup2YZj0HFZ9/wCFbPSHLLCoGemwcc1saQ/n2yxbcbcl
gjZHFfR1JU3DU4/Yt7ImGpTSayCrcP8AdGO3c17d8Pb+3m0WLZKOE6AcV4hLHbSSKjgckDfnDDPv
Xc+A9XutMAtRP8u0FlH5V4dXFUMDPnktDWjTqN6M968IWL3iiLzE2554ruNM8CwX7Q2skZPmOAT7
V5l8MdelmuF3sMZ5Ga9x8LXkJjjuRKAVwa+DzvEYTFYr2qR7+EpStqaug/sg2fi6/itpox5bMAw2
mvVdC/YB8M6Xbj/iXQlTz0PWul+CXjfQ7jymlnTzEY55HXivovQtW0y/0xZYXUkrzxnivu+H8Ll9
Wlz3PfpYHD1KabWp8B/GP9kCfQrtrjQLTBRSVCivKNc8E+JdEs5I7m2dTGvK46Gv0+1nwlperyPO
VDMWIAwOBXl3xP8A2fdE1fTLi6WxUFh1Cc19RDCSjPnp7Hm4vJYO/IfBPhL7cW/0pCoUjOa2fEV5
CliSoIx3zXTfEX4fT+A9XmhMJ2GQ5YjAGK8+8b6kiaaFhIBI3NzXyme0uSreR4qpOi7M5vxD4uSK
Ysku3sQT0FVfCXiGC6lMbzZDOcEfWuE8d3moXZC2KMzHlh6034Y2WuxamDeqwXfnDA4xVZbi6OHo
qc9jjVGpXrqMD3tYILiy3JEWbHJA71x3iXwvdXCyMiEYJZwT2ruNE1uwtdGEcuNwXGCfQVzviDxV
ZXc5hi2KSSMA17lbGYHH0EkdksDPDyvM8P8AEcWt6HqxJDKd3BU8Ffeu58L/ABE1WLSEiN1JuRMD
joMVvHwVbeKrgeZAMk4JK1U8XfDa60G0MlopX1wvFeFPKnSk5paEylUpSvHY87+J/j3WGLSpdOMA
7ffiuL8IfF3WRrUay3z/ACsBhh2rX8e6fe3UpVoycZHT+lcdbeCbqK5W5gfaWk6hfzrlxEPZxTWt
zrpY2XI12PsH4bfGI6x4Pk8P6g5ltLqAxSRyqGV0ZSCCD1BBIx71yP8AwQ5+JMnw18W/Er9jPxHf
F18KeJ5brSEkP3tPuRsK+4Dqj/WU1x3w8OoaVp0UUzFiuNpx2ryv4iWf7R3wI/aji/av/Ze07SL2
/vdAbS9b0zWSwimweJDtZSxwExyMbO+a6uGsz9lmMoVZWhJfK6PRw2Of/Lx2R+tnxu1vwj8CfhLr
3jq6LJb2dlNeXjFhnyYUaRgOOpwB+Ir8GvgZr2v/AAs8efDn9v3Xp5Teat8Vrm58SzKTl7K6lCy8
dPu/aMf7/sK9t+O37ZH/AAU2/aI+Fms/BPxd8PvBGm6b4itPsl9fafLKs0cLEb9rNKwGQMHg8Go/
HfwQtNf/AGVB8B9FuovtFlpcI0+5Zfl+0xEMHP8Ad3MGGe26vvK9dSlS9lK+uvpYzxOaYWk4KMk9
dbH7c+BfD3hLxzoWneM9SffLawhZHV/lkVPuk8cjaF+uK/Kv/grL43m/aW/b++H37PNjKJtL8Jxz
eJdeg/g8xiPIVv8AdRFAB/57H1riPAX7f3/BVDwd4N0vwfZfDj4fXUOnWEVpHPd3UpkmEaBAz4mA
LEDk4Gau/sx/Dr4t6v8AGDxt+01+0R/Zv/CVeM5YlFnpjl4rO1QD5EJJwp2oMZP3BWuZPmwU1Sd5
NNI0xGZYVUZOE02zvtX8uWwl067t1khuImjuFfuGGCP1p/8AwQi+KLfDvxp8TP2PNevcnwxrzahp
kMn8dhckI5HqN3lN/wBtRVz4j2wt7RruFmQhcgLyGGelfJfifxh8eP2c/wBqaH9p/wDZ2ttKutWm
0WXS9W0zWCwiniYgjcFKluVQjkYMa9RX51w1z5Xms6dd8sZrrsmjly7EQp1PeejP2e+Neq+F/gp8
Ltf8c3Mvk2lhplxf3s7nISGCJpXPT0XOfavwT+Bfi3XfA3xA8Gf8FBdVeVLrUfixNcatIzcCznkK
sD7Y85Se4I9a9b+Ov/BQr/gpD+0V8J9c+CPin4f+C9O07xPp7WF9ead5qzpBIQJApaZgAy5U8Hhj
XUeFP2UD8Qf2UJvgPpkkaXo0yIWF064UXMRVwxP8IZlIJ9GNfYY7OKGFdFU53vJX9DtxWMhBwUXf
XU/avwX4f8KeO/CumeML9DJJawKpYNhXVRlCf+AnHuK/J/8A4LHfEy5+P/7dPw5/Zt0+4ebT/D8T
eJvEUa/dDsxEEbeh2Rjj0nFP8PftQ/8ABXz4U+AtJ8HL8Lfh/c2+kaZBZJdXV5IZbhYoxGJJNswB
ZguScDJJ4ryj4W+EvjB4i+OXi79o79oqLTo/FXiieONLPTHLxWkCKoAUknAwFUDJwF681jn2c4Sj
ldV0aicmmoq+quXiMXSjRk4STbPedH0uPWLA2eoESRyxlGRhkFT1BHpzWv8A8EKPG7/Bv4s/Ev8A
Y08TXJ8jQPEI1LQ45mzv065+ST6hf3De5kam+Et8qxybOEIxtXqK4D4q/C79pf4aftMaT+1l+yhp
mj3urNob6ZrulazIUimXPyyHDKW4wOoIMYPevjuAsTCjjqlObspJfgeZgcSqNV82ifU/VT47ReCP
gN8J9c8YDekSWzz3byv92GFTK4B4x90e5yK/ALwVda/8P9c8I/8ABSnVXlN7qfxkub3W5ATl7G4l
+cgdAM+co93FfUvxr+Nv/BWr48fDDWfg74o+HPgPTtP8SWL2N3fWV84miifh9paZsZXI6Hgn2rU+
I/7JOn6n+xZB+zbpOqQLdWmhQQ211MAscl5FhzIeuN0gY/8AAq/QMwxsaE6caMr+973od9bMcPHl
cJX1P1I8H6J4U8beHrDxVdv5klsuwyxuCrqPmUnjkYIOa/JP/gun8Zk+Ln7VfgP9nK3uS9hoKyeJ
dcgX7u7lIAeeyIQP+up9ah8K/trf8FXvhJ4J0j4e2/wz8B3cGj6bDZRXd1cymSVIkCKzkTAE4A5G
K+a/ic3xe8U/E/xh+0f8fX0yPxT4m8uH7Fpcm6GzgjRUCJycDEacZ/hyeaVfNcElOFOqnN6JX1N5
4ujKD5JXbPA/2pvEja9qkVj9qcpPqEaOE4G0tggGv1o8Af8ABAX9ha78CWnjFbHxaqyW0JmP/CUM
DudFPA2epr8bvH+l614u1XfYSJ50VyHi87OGKkY+ma/Q34Nf8FIf+CqHjHw7BH4d8LfDwwW8KxIZ
4WUkKoAz+868CuylXwWDwyjUkl6nuYLDYidNckXt0PmHRLm0+GviTQ9Z1m5uZ/Cfw/8Aj7GLqK4k
MpgtIp0bJz1+SNvYlvev6ANaTTfiX8GJNG0LVA0d/YyCO5tHB3RyxkCRD34YEGvxZ8Nfs8eItM+G
niXQvjClpdXni7WZ9S1O105zsgeTB+U9iGG4HtxXTfsz/tYf8FDv2NfDg8D+BtK074keC9NONOst
YuGhu7KL/nnHKGBCjsDvUdh0AjBZjhXKULpK+nY9LF4TEJRk1fTVdTmPDv8AwRu/4KG/CTx5qngv
4feEPB+o2N1euLPx5e6tCoSFm4kaNszBwOoEbYOcbhzX6g/8E2P2SND/AGJvgdYfBOHxGNW1YvJe
atqCptE93McsVU8qo2bVz1C/Wvhfx7/wWa/b58ZaRJY+CP2VdC8L3DptGraxqz3oi7Eqp2DP1DDj
oa8l/Zz/AGk/+CkPwa8feKfjHo3iDSfHF/4wt7ddY/4SaaQxwvAz+WIkV0CBRI4AXjB6V3/WsHB/
EvvOP6viZNe6enf8FwfC89t+3x8K9b1OD/Rbrw3e2sbYyPNV5eOfeRa+OvjX4LXXbLUbSEEzKm+z
HOfMTlTx09Pxr2v9rX4zftr/ALa974W0b4x/DjwbpM2gayLqx1XR5JFnjDAb0JaV8qdo4x1HvRqf
wlj0WWNb4tJLJnzNwwBnnkelebjMXS9tGcJXsejhqFRUJRmrH6T/APBL39p1f2wv2MPDHibWb0XW
q20R0jxEsmC32yBVR2cf7aFJPcP71137fv7RGl/sYfseeKfiHp0scFxp+neVpEaooDXsg8q3RR0w
GIbHohr8hP2eP2n/ANqv9g3x/wCMdK/Z20XQdU0DxLfRXc1triyGK3uFBBaMJIm0kHB9QF9K3v2o
f2jv21v27NA8PeDv2gvDXhzSPDGi6v8A2pcxaD5mbqRUKJvDSPuwGcDpje3tXq/XMNyKXNqedLCV
oyceVnf/APBOzS5/Anwlt7e6nf8AtjxNdNqOrTyrl3klI+8TznA5z3Ndt+wh+zx+yfr/AO1r49/Z
8/bB+H0GreLrnU/7T8I6nq9/chL6yfLsixrKEkYLhhlScBh/CRXDfsqeKJrfxJaG7DLBaMFZSOGX
Py17v+0d8APB37SOix6/Nf3OheItCAm8O+KNLAW5tXHzBcggsu7nGQQeQQarBVlVi29DHEU3Cdj2
P9uv/gjh4I8X+E/DnjX9j3wV4N0bU/Dc5mhtn0ZF0/Vo2Clre6UK3zArwXBzubJ7j5is/wDglT+2
X4/+IOk3nhz4H+CfhTNBfI91r3hrxTdS+Zg53RwCeYqfRFVRkdgc1638Fvjf/wAFlvgzokGm2/w/
8P8AxU0+C3HkapDqP2O+liHTe29AWI6llb8eteh2f7bX/BXvxhaCHwl/wTzksZJODean4vUwAn+I
gGIsv0Jrpcl3MuSa6H254s+I3hz9mn9k27h+LPiqOF7a1FxqM1ywBghRV3O4zw7leFHJLDivyP8A
2Gv2QP8AgoN8RfiH4x/4KFfsn3fgvSYPiDr+p+RaeMXmVzbNc+bvREiYMCxKhs/wHqCK+oPC3/BO
D9tj9uDxBaeIv+CiXxWsdD8F2dyt0nw68HSki8cH5VmkBwFxnkl25ONuc195+F/B/hfwF4S0zwd4
O0e30vTrC1S103T7OIJFbxIAAgUe1Zzm1sb06N1dnwZH8LP+C8Pl+a/jv4LnOc/PPxj/ALYVwPxX
+Nf/AAVe/ZU+IPw1t/2iPFXw5udF8ceObPRdvhy2kll2vNGJMl1TZlHOGGTmv1HniSK0MIgdAVJX
auck+lfI/wDwVm/ZS+Ovx98DfDjxd+z3pWnaj4g8AeOIddXSNTuPJS7C4IGSVHDImRkZBODmo9o1
Jdip0oqOh9C/tGeO/F3hD9jmTxZpmot9rsdLvJ4XlJYM8MUjJnkbgCo49q/MH4S/Bn/gor/wVL+H
Pw5+L/xS8ceAbT4fW/i1dYieCGWLUA1nPLA48tI2ViSkgALAYIJx0r1Lxr4n/wCC2nj7wXqPgHVP
2TfASWWqWE1oxi1mU+WkishZQ10RnBOOPzr6C/Yk+HFz+wD/AME+vD3hD9oTxNp+mSeFbG9vfEd6
tzugshNdzXG3cB8xVZVXjOW4Gciqq1OVWjuTCleXvHkH/BY74K+I9R+BOjftJeA4yPEvwj16HXLK
4iHzLbB4/OxjsCkbn2T0r6x/Zz1bwR+3T+yjo91m3ltNS06O7iiuU8yNoJ1/eQsO4Vw4/CvmT46f
8Fd/+Cdes/CHxFY2HxIXxM+o6Pd2R8NW+kXKzagZYmQRjfGFCvuxknjPTtXa/wDBAb4T/FT4Sfso
aS/xOFzZRMt7fxadeKVaxs53DRQNuwcnDy88jzMdqijzRjZjquLldGr/AMFbPjjbfsbfsXarpPh3
VAmp/Y2tdPkjAUtfXOY4yo7bE3sPQLntXKf8E+/2a3/Zr/ZI8GeALmwSHVri2Go6yxUgm7uMSOGz
/EoKp/wDHavI/wBuvUbn9uv/AIKd/D39l6AG50DwrO/ivxdCDujCpjyY5OwwgVRnH/HwfUV9yNZI
sEUrQtuzlXB4PNTiJc3u3NKEbrmPgvWfEj/8E2v+Como+P8AX7aXT/hv8akguLbUSf3FhrSlS/mN
/CrP5hPtOD0Qivs39uf9kz4af8FHfgo+lWV2YtQaKO4WW1ZTc2N2i/u7iIH74xkEDqKk/aB/Z0+E
n7UfwvuPhL8Y/DsV/pdyUliVflkgmUNtljYco4ycEdjg5BIPx9pv7JH/AAU2/YjnbSf2Tfi1pnxM
8G2sm7TPDHi4mG+tIR0hSQsOgwBsdR32KOK1pVIW5WYzpzvdDof2OP8AgslrnhiX9nzW/wBsLSU8
I3Uf2O71Wz0SQa1cWn3fKY/ZwfugAt52485Yjr9lfsvfBL4Pf8Eyv2eU0YX1vay6dp0kmdQuFDqz
fNNeXT5wrMR0zgD5R6V8oL+2h/wWjNsfD/8AwwDdi65zeHxt/opGMf8APT9N5PtVGD9gH9vv9t++
S4/by+MFl4N8ExTLPN4G8FPvkviOfLlkDEL/ALxaTHZc/MNE4paEcsmZv7JQ1D/gov8A8FCNW/bO
ntLpvh98OtPm0bwbc3VuU+33sokEtwoPU4lds8Y3RjqOOx/4IbeNtP8Agz8Uvij+zh4xu0tNV8L/
ABF1B7mCR8Hybj5FlA/uho056cg9xX2P8NfhJ8Pvgv4E034ZfDPwtBpGi6TAIrGxtV2Kg5JOepJP
JJOSScmvmr9tj/gnF48+JHxXt/2u/wBj74lR+Dfila2yQahFcj/Qtdt1AVY58A4fCouSGVgig4ID
DGFXlnqbSpXgrFv/AIKafsOftDa78ffCP7XH7K/ibTbDxf4NubmXS31mNmsb+2nO5oHZVbYQTIOR
grJ95SAR414c/Zo/av8AjB8atC/ac/4KPfFPwsmmeAC95oHhbwyDHZW8wGftEzsB0ba2Cz52AZAy
K1dN/ao/4LYfDe3HgfXP2GE1e6A8qPUtC8WCC1lI6ybPMbAODzlP6VwXxt/Y/wD+CwP7cHgC/wBb
+I+r+GfB9pbyJcaf8PrTU2B1ORZVOy4lVmBwMt87lSVGFGcjTmpP3mzL2dZ6JaH6S/FPXNJ1/wDZ
Ft59GiZIoFaHJYHewgkJYH0Oc/jX5CfCTVPFHhn/AIIBeKNW8OavcWEreIprdrm3mKPsk1CFHUEc
gMpKn1DGvof7P/wXHfw4fDTfAT4am2+zeSyf2u2SNuzP+vxnHfFbXgr/AIJdfGLSP+CRmo/sZ+Jt
a0q18X6pcyagJI3L20M5u0nSBnHX5Y9pYAgE9Disq3LKKt3N6EZxbujm/gd/wQ4/ZZ+J/wAA9K+L
t83iZi+i2lzqP/FUyJmSSFHbYoQ8cnvXkf7Jn7LT/Gn4Pftafsb+HNYvJbHQfFcUXgmHUboy/Zrm
Nrsx/M3QuYIlYjqOeor2Pwn8Mf8AguP4I8K6b4P0rwX8KzZaXYxWtq8up5ZokUKpPzcnAGfc9q9a
/wCCZP7FHx6/Z3l+JvxP/aQv9H/4Sf4l+I4dSudO0OVpIbQoZyfnIwd7TngZwFHJzw6rg46MmnCo
paph/wAEZf2w/D3xX/Z7b4FfFK4ew8R+G7YaD4p0y7XZNazQgxRzFSc7WQAE9A6kHpmuL/aj/wCC
Y37VPgH9o/V/2mP2JPi5YeF9U8S24TxDbalYm60zVNo4lyI5QpOBn93uBJIPJz0H7Xn/AATEvfiN
8Vv+Gl/2UviY/wAOvijEn+kXUUTfYdYwMYuFXozKAC+GBwMrnDDhtM/aB/4LbfAyD/hH/FH7IOn+
L0gUZ1Twn4mFuJwP4vLDkEn2jGPSrhOE4amcoVIT0Oh/Yd/4JtfGfwR8dNW/aw/a/wDiXbeJPGF/
YLZfb7S1NvZ6badWSLcqbiQABhFAGepJNeS/8Fr/ABn4H+JbaH+w/wDBbSra78W+OdZtjK/kLJPY
2EbbzIzY3JvZQev3EfPWuh8ZfGH/AILb/H22Og6V+zvonw6iuMI2sa/rf22a3Vh95BvYAgHp5ef5
Vkfs4/sOyfst/EC8+MPxV8b3Hjjx9rYI1fxVfozNDuwGjiDklVwAMnkhQAFHFROUYKxrTpzqTvLY
8c/4JS/GqP8A4J2/tYeJf2M/ilcy2GieJdTjv/AV7eNtgM21kkgLMeDIoRR/tRgdXzX2T/wUu/4J
8eBv+ChXgK3/ALH119G8Q6Pdm80DW7aPfLYzkDerpkFomAUkA5BAI9D4T+3x+yL4H/ao8LrqdpBH
Lf2TebFNbKFmgYj5mRh06DjocV4R8Kf2gv8Agp/+ylptt4d8J+IdI+JmiWCeVa6b4hLx30CDIVfN
3K/y8Y+Zun4VlTnFRUam+3qVUpzUrw2J/DX/AAQ2/bh8fa0ngr42/tE+G08KeaBeHw1aTvf3kYP3
WWSCNUJHX5mHAJBr9I7K++Cn7Av7OL6fLeWegeHfCmiCLdLKMW1vGvGTn55WOTjkszdK/PTxb/wW
s/4KBadF/Yx/Yt0/Tr7cY3vNR8SyyQBz0OwbcjvjefrXmXi7wP8AtWft430Pij9rf4swppenyCfT
vBOgJ5dkXHOZNrYJ7ZO9vQjvlPFYTCw3+4dLD4nEztY8u+O3inxF+2F4i+L/AO2zren3VnY32lSW
HhK1nj2lNPiAjU46c7Mn1Z37V+x3/BJSEzf8E8vBgJ2lfh9Zk+/7qWvg+5/Zg8Q/GD4L6p8J/Dul
w6XfPor2enhICI+FIUcfw9BXQfAHxb/wWM+CXwp0L4LeEfgT4Fl03w/psen2kt5dSebJGgKqXKzA
E4J7CubDY6nU53KVux31svrw5FCN9NTC0XwP4f8AGn/BU747WOtkBktrBoGYdG2IP6V33/BODQI/
C/8AwV3+KGk20peOHwZp+MnP/LWxPeup/Yo/Yy/aVuvj/wCP/wBpr9rPw5oumXvjCO1hTT9DuDIi
FAMuOWKLwBgk81N41/Ya/b8+CH7ZfiT9pP8AYv8ADXhXxLY+K/DttZTReIr8xta+X5WV27kJOYVI
OSMMR2rgpzj/AG3Obl7rX+R6tTD1FkkIKPvX26nff8HEl3n4OaHK6cf8JrpHGfZ65D/gtHYxv+w7
oF5C4ZW8eaR93pzHPxXGftC/s2/8FfP2u9M0P4W/Hr4TeBtD0CLxFaX11rOn6izPAI2OScyOWAUn
5QMk4r6I/wCCiP7HvxC/ab/ZWf4Y/CLUbZ9Z07WbHU9Og1KTy0ujAGUxkn7hKuSD6jHANc+a4nD/
AF/D3d1HfyKy7C1ll+IvF3e3mfWHhfSVb9kp73y8n7RGOR/u18L/APBFr4U6f4x+A3xf1Oa1jd4/
jHqiK2DuH7m3P8z+tJpU3/BcVNMXSh8DPhisCRhDG+sEA4GOR5/NfSX/AASD/ZK+K37J/wCzb4m0
L4+3mkr4h8W+Or3Xbiw0q4E0dqssUKKhfuxMbn0AK85zXq46nhcdg3BSTufFVqTi3GaszO1b4e27
yz6PPbDcvEbKuB054r5/+Jnha+0LVpNMlV8SMQg29sdK+6PGPhm0j1HzI41UsTyD3z04rwf48eCd
N1bVE1GOGPegLFNvfpX5hmOVrCVoy7M8bE4duGh8d674E16RmCWjYUkLgDr61nroGr6Wqi6tZG45
U8fjmvsrwp8I9N1uySWa2jwVH3l5H5VpeKP2YdF1PRnSzt1DBSSAOvFebicDWlTcoEUsvnOHM2fD
xE8q7WQAhvmUdfwNanhoATBEI6967T4hfCKbwrqU8KDZtOVBHXnFcZp3+j6iYnYAg8jFeHl8XTrW
lueRi4OnodXpEvlAhm2jnGDUF7dItyRFKMlRgk9aiaRvIzCpLBuMVWMqPOVnTJXpkcV2Y+ryVVcn
D6wdjpdBugNqFScjgjtXR2iFpEbueOBXJ6CzRr5qNkq2FFdNplyryHzEKkdD9a4qOJgqmp0KGp09
uym2MWQCBgknGfyrF1acwzGCM5f0FWrW+a2jzwxz61DFai/1AyuM99x5x+VevVoyrWaNKnkd38Kb
Ro0Wa5Ub+CBXpWpoZtN8zB6DKg1xHgURwxpH5HJUYGeCa7GXUbc2rRMwOF4UHkV72Eh7DDtLdg3b
c8Z+JWjXWoTOxTCjnJ6/SuW0DwIZkaSGcg5Pyk16Z43MBDYUcrnrXKaEzW9wcSheeEP1r5yvlqrY
xuoznnO7siK00K60yLYwDBfvDOKmBiaI4OCOo9a1Li/X51m2AsDnPesi5uY/LYrt+7yAcYrwcbQW
GqNR2N6bM24vlt5SG24RsD5jzTb7WpZ7d4jINoxtANY/iC7RFcYO4HOAa5WXxdLbERytkkZxur6j
h3F8kkm9DlxV3c3bqS2vJ3+0RAjdkqatWNnA7Zh2bWAOCO9cff6yHxMkhHy8kHqaveFfEFyAfMbj
3OeK+nx1LD1Ye1RzYWpNPlsdNqNnHHFuTAO3ALc8+9c9qBjln8iByWLYORwava/rzfZCyfKdvP1r
A0DxAuoX5ifaNh4Y9zXy2ExaoV2ztrwlKxpPZXVgVnKfIccV2XhO7s7eFUdQp7hjziqhtLfULRI1
kViOSMVg+IL2bRJ0JkPTGFPaujD5tCtzrqjShTdCSmzD+OENvqreRbxgcEfNXlnhvwb9nuiwDFgc
jA4zX0v8OvgFrHxtiMtssg3HhsEkV3Wkf8E7vGWjXBurwM0YI4ZDWNGOIq0uflbRs8Jia03NLRny
tFbXdvGP3bkrwwHb3qpod7NFrfmPEAVbjJ4NfdFr+xfo2naH52o2m525JZK8W8QfsweV8Szo+kRk
xOd5AXp7V00ctq0pKpKNjLF4OvTjFdzkvDXiSTzIoHc5UDgiu6MA1W1jZplK+WSoQnI56V0Hiv8A
ZP8AEujaAmsaZYSM0eCwVDWYnhXX/D2mK+pWLiNFwy4Ixz618tmWT4qOKlVXc7qanTh7OotDipNK
+y6u0bg5HXnofWtnSrQk/aJU+8OAWqhfyrc6oI4z0Y8g101pZN/ZsbFc7RgkDnpXNVrTwtWEpbnN
ShFyfLsY18bRJ98kJ3DoDTZL+2nUQFRzxgjis/xTOYJfNSQgL2J61m/2uksyFUOOAzA1+qZZnlOe
BUWYSsnZk/ifw/bapE8iqCPQZJzXm03gqT+2t6WuFRuCR7/rXtOi6VJqkDE8jqABzUd74HdJhJDG
7EnG0J0962xOAw9XDyqLdo3w1SdOtGSMHwn4WZ08mR8LjgKOpq5qnhUW0xMabcrznpXVaF4a1GzT
P2dwpOCGSpdT09fMCLFjA6NzmvzatXrYTEct9j6+tWpYuh7y1PKNX0G7tQ1v5f3myoz90d65rVdG
eyl8603HJOEzzXsWp+HJdQiEowN3X5elcpqfheK4Itmfaqk8qP616VCvLFQae587iaagz47+BHwC
i8E2ovJ4Qrs+Ru6bs/zr0XxZoD3UCwWiMAow/wBfWtzxddWnh2yZ4oEHocY5x94Vz+ia9NfW73Uj
syL9z2P41yYjEzxON9qupwU4xULHHHw7Jp0hJlYkt91eOPfNekeG4JNP8Mean8XzEbuSegrzjxbr
3ma4tvAjhy+ZBnjr0r0eybZ4WRboFcqpKn+DB/nX0WGw8qFWEp9TjnKNS9jivFUdzd3IMDsHdvmA
424Ne3+PLW4+Hv7L1jaCMo162WUnOcgGvLLPwtd6x4lt0RTKskx3EDtke1fRH7Z2g2+mfCLwvo7Q
+VI9upYFt2OOOK9t18RWhNpfCb4GnSp051H2sfNvgZ0eRJACCcEAjpXS+J7prHTZZd4BC4ODjisv
who9vFKsYTBTJOVJNWfGp3QzBRlQuOfUCunArFYjSR5FSVKEeZHluva9exXbvGp2g8VHb+L7qwk+
1iQoZFC7fena7p8s1yRGo+ZjyOlVPEujiz06EPGRIYsluxrlzCLhWipdTno1ZTjKzPXfgj41i12w
m0+4lywXgHrXSW2ryxTvp6sEYEhCBgAeleKfBTVZNK8VLAko2y/L8zYr2m8sRpt2NQyVSVcbiM8m
vmM0owlTdz0qNSr7JMl13VIrXSwJnKk/Lubtx0ryXxlr8ovjJBGWwMMq9B7muy8U6n9rmjtjP8pY
nL8AD8TWNL4atpIXm3qQ3OWOAfSqyLBzqYZyitTPEScmkcH/AMJDe6hPHC0jb14JPPNaXiHWJ9L0
oFmAaRcFqNP8K48QSXKqyQlhk5rmfi9rH2W4+wWzEbNxZSOg7Gsq2GlPENS3Q4tpWRnXniJJw05d
gxONp7Y459qpf2paSqEnkIMYwxU+voa5G58SG0kZ5phvGAwJ7Y6VUm8VQvk7uvJI5NXSy2SleJfO
9LnvXwZ8NaXrZLTRDJcgE/3a9Tv/AIcaMLEb4F3gYV9n8PvXzr8HPibLpUqqJzleGTP617aPi2mq
WKKu7zGQgbOcj8a++yBU/q/JUXU8/GTcZe6Z/wDwrPT7/Wo7ZUBUON6sucnPX8K7u80LTdB0P7LE
U8tUPLkA/XNc98PdTu76/a5uFAAP8Wcn65qr8YPEtyNKe3XG0L1U5NbV6uGVVpLUVBSqaPY8y+In
iu3fVJIdPjBAYgkj3qbw3qjz2oJXIIBG0heO/PFcLfXyBX1LUNzEvkDBGD2HSrmi+LrFLcwR8qD8
y7gRn/GvGUJKpzyvY9OtTX1e0Tqda1SGO6/d4BGA6knr2+tdd4JvpLu4REDE8Zb+8D2ry6/1SDVH
SSOUA4zy/PtXo3wetZPLF7M3yjlea+YzmnPEy5YPUzw0VBJyPc/hbLLHOgb5Rno1ez2mrfYdKZS/
BTCkfSvFvAFxCxRy2McY9K9DWeZbNbbzC245Iz618NXw9ShifZy3PSjV933TpPCfxI13w7qfn2dy
zAtnAY85r6k+CX7Quo3dolrqoPK4yzYAFfJfhK1SS482aHOPXpXsvw9h8yArAdhCEjZ0OfWvrsEq
tKEeVtH0eTwquk5PU+rfCvxMt7y72S3YKMBt5611fiXWLVtBLggBoz1brXy/4Kvb6HUzHJOyrEQN
oYc/rXZeO/i5HoejRwS3G4bRt+cZHNfbZbmNZQam9D0KlaKi3JHlP7UWpaexkJZepYknqa+YfHUz
XFmTCAOMErwK9F+PXjy48Sag7wysyhmO1e5J9q8j1q9eSF4ZCeWzye/da8TNcRKvDn6Hw2OkpYl2
KvhTw9Bq0vmSKrkkbfaugvdCstOtFZECvjlh9azfCMn2OHci/wCtAOR2p3jjxSlvbmJEI2Lyexr5
LE469JUkeplsIUYOc0M1TxgNGtTalgRnDY5OMVxsut3N/qCyW0/G/I5rzz4hfFGe1v3JnATjI3el
cb4e/aAtNN8QCK5Yshk5ZT2zXs5VXUElJOxw46dTEyuj7f8Ag9dWFzEseo7VdlHzk9DXW+P9Ctb+
wdYVBBUlR+FeKfCrx7a6zaRanp5G0gMa9YbxHcXemxvjdt75r7RYylToe67o4aVNVX7254T8SPCv
2SeR3QJIDwFPUVwMjQm6S3ZgDnkA17Z8VLSHUUeWEAsAc8c189eI3vdN1kqA5Ab5Tsr5TMM39m2r
aEPDxU7J7nq/hd4vsqIJgSi457VJrEUN8jQgqAT19BXNeCtSnmtVeUZyQCelasGoQQ3byXEyjB2Y
J4xXFl+YRcuaS6k1IyguVGbfeBLyQia0jUhQSFY1DaaBetC0MqMgxjOMZrt9MuIbi2L+bvB5YLjO
Pard5ZWs0G6IxgsM56cV+rZUqNenGUXc8isrNo8f1vSLrS22I2V+8QjAke/HSuj+HPje7EscOoTD
CnbHuHPsKvat4eTULl4ZV4Ix5irj8OayNI8LLH4jgtTEB+8GTjpzjb+VdFaoqVW0d0Y005Ox6Dr1
tqfiHTTbQwyNuGW2Lkj0OR1rz8/sl+KPFmptqssUojPIO053V94/Bn4C+Hx4Pt7traJg6glnAyOn
t0qXxlovhfwE0kckSAPnDjAUD8a+czenCVSNRq1z6/Lstl7NSqHxVpf7FF608TbZFZMDMnP4Zr1j
wZ8IbrwPbxibgKvoMAdOK9Ht/ib4Pju/sqSwZDHG1gN3OKXW/FOkXtiyRuu5UJVRzt56V8/i6dGy
nzbHVisHQhrc8u+JFwrae8QfBGcEk814nNEx1Z5FdX+YfdOTXoXxe8XRxTzRlhgqdoXtXnOh3UU9
20iMOexrwsdWUlqeYoq+h7H8KNF+22qySR8YyecZGK9MttKsbXTiZo1Viowc9c+1eReAvGMegFEl
kJUEbtvQV1Xin4q2FvpbbbtflweMcD0q8plCm/aJ2ZpGMJQs0ReLvEVho0zhJMKin5vTnrXB+Kfi
hYQwFhf70xk5P9K81+KPxfaeaW2t7wktxwR83PSuIj1XUtUtZIvPLYb5scsqke9dWOzbFOXudTD2
Mb6bG/46+Jcd67jzAAMBcHn6/SvmX9pb4iRmwkWa6Y722jPHqc8fSvV/FWgahY6TNqM91gRpuQkc
+2a+N/2gvGUt5rD2VxNnY5G3cef5+9ejwvltbFY/20+h34Ggp1UkYvhrXm1TX0jDhImkwVYe9foz
+yjoElv8Po57GIY8rqMAjjOee9flx4C1d7jxvaQWEbgGZVKqSSecZ+nev1c/ZcVT8OFhlVQfJALg
cscY9RX1HFEI0ZQij9YyNt6W2Qt9pt5rniW5sLW3OSpLsen4jvVjxBoz+GvDZ0OFUjd485C4UZ96
7Hw54aTTfO1bUpVRnzlSDuIHpWb4isH8Uo0Ojqrxu2WYrjBHOM9x6140alkj2fZJr3tzzS28OyTa
OLZUVuQBzjcxzxn0re07wfN4f0QxC025UEDbke59zWyunaX4eSG0kdmkiUF1Rjwc966Ro7S/0gal
qKj94p8rC4Poat4mSgOjhoym0zgdA8IafDNLr2psNkMRYHGee1Y+p6fH421a9vzavHCgEVvIF25w
Otdf4ige00xNF2FvPlA8uLIIB59Oa6DwR4Mjvre3tIbLy4ScBSMknvkAcVhHEVJSSTN5YZKNmjwP
xD8L49SvY9L0KyJ3TKTKo5Y55/CvTvDf7Od1P4Ye0Fux3ZG1kIz6gd6+ifBP7OVs0QurvSYw0jDy
FbsM8dOtezeAfgDpkFtPBHZhijfMGT/VnAJ7V9JDC4icE2eJP2Km7n58WfwsuvCviuz0ax0tlP2k
M+zoEBHGK+iJPDeuXy2WlW0e1J9vmKDt+XPevarb9lBdT8XRXpswf3hJ+T7pB5Feo6f8AdN0vVo7
y7iVo0UKEaPO0V0UIYqG1zlrUsHe7ZyXwv0q40RRorLsZbJUiI4GPT3r6P8ABOiJD4etYnf7tvjG
cdK4qH4cINSa9sogjRRgAnv9M16R4Ti8rSwkucx8AHoRXuYVzvyyPLxDppe4bVtaR2+lmN2OwKAc
HnFU5bUb4Wibckedq7cEE96s21zGllNbf6wswIz29xUF6yTSRMWdQWwAOrNW9Raqxzw0VhLu4jS6
iUKufNB2OT6VBqEjXd2z7xtUY25G0fgeTVq+mSJRcxxupwAxC9vUmmpEk8XmQkBiOGx1BrOV3Cxd
rszbiQm1jhUNliAMrjP49a8D/wCCo/gm58W/sDfFSwtZGdx4XknRUPUwlZMY/wCAGve76HzbqOOM
BCh2+aW/rU2raLp3inw1daFrdnFeWl3ZvBe29xHvimRgVZHUghlYZyCOQaiO+gNXR8FfsD6r/wAE
+/EH7PHgTxX8QI/A0PiOw8K2Ud24j09LtJoYgjNIZMMr5RTkjPJPWvTv2ov+CwP7I3wA+F1z4N+G
Piez1bVLuMrZ6Fol2L291GY/Kqs0WViUnGSxHy5Cgnimah/wRi/4J0eMGe/k/Z7jsJjMzyx6ZrN3
Euc5ICeaQg5xgADiu1+Dn/BOX9jH9nvxFB4k+EP7Pmg2Woxcrqd1E93cx8YyklwzmM9c7CM55rpd
dcnMkcqw77nkX/BLP9l74ieC9K8VftgftH6Y0PxB+K12t1PYTqA+l6aG3RQYPKFvlJTOQscanBBr
61urKF4I9OjfZsALL3PNak1uiyQWIcMhIUhugA56VR1KGVtQLCJx8qr2yTnNZc3Pq0dKvGNkGnWi
xO0QPOwYOBmkvpnadWG0KWIUt2YdjVi3CLJH+7IDPjcOWYD/AOvUeqWBjuQXB5nBbI4P4dqTS6Ep
tbi3GpJ5aJggbTgAEBj3xitHTGilsdoVQ27JJb9KzLnTpJb5EScbUTLIQe/pWnYhZrUlTGpzt4Gf
xojN81mN8rJIVkuL1nLodvJJ+6BU6xNBchVK7W43KcsRnFMsQkk8u4hQvTHPA6cfnSxO1xKA0ZYF
8g5/EDHam0nK7Lj7qsPvbSSO8F0d5G08huMHpS6NbABS7DC5LhSPm57etS3L7ilr5RO8AsxJxxx/
Wn2bxxyFGiVFB2huo/xpWVx8yGxFY55YV3AqcAMASe5q5fWYm0wSOVOScIzDP5VVmnEd5JMqgkLw
SPvZ9K0kjWe1A2sdoAOfrVWiO9itZ2CS2htmbB25AJ5Htx2qs+niVHSOYuXPAD8cf1q5F/r5JHaM
gABcDrRMWt4Ypw2EDjezJwM0KMWlYXMzKm091kS6twCYnAkjLjBXH86t3Fmk2JnOZVUDJYYx2HFO
lSOGRikWVDBsEYzmi+VlmIXCK5HDAkDjrmjlcb2E+VnM+INPKyPHLCDzgF+VJ7f1rzbxz8PdN1Qk
/ZXJJKuBzjPf6V7hcaKlxZyCbaSo3Elc5rmdX0FPM8yS18xZSAsYXcMdc4pcv8w4vlZ8u+OPgZrH
h65/tfw40io8ZD4Usp9sdq83vP2e7rXdQeaTT2hu3bKSkbRz34PFfd0Xh7T7iwlsZoUGQBgjGeK5
y5+H2lalctpmq2PlqjDy5kTbn096c6SqRRVOagz4x1L9l59etBp/iDwusmRneYxz2znFWvA37Auo
6TdQ6p4Zlka3cgSW7fNj0wK+4NG+G9ppcRW7tVkhYgrkZI9BXU+H/B2n2ciz2FsUQjBVY8bfWvNl
lqqVPe2PRjj4U4e6tTwX4O/swReGmjur7TVlIXAdkwVOa9usvhp4WFkEu9LwQuN4XDDFdrp2l2kH
70xLzgnK98/SrGq6TNtJtAvl7icYrupZfQoq6OepmVSo7LQ8/bwJoVvC8FpGrbwTv2YOfY46/Wud
vvDep6VcfaNKv3iJOfmBZc5wPYV6Bqd3eW0DI1g0hAOzjkZ+leeeKfiI+m3jwXFuoA4ZZhj+dceP
hh4w99WS69TvwFSvUlaLua+keIL66T7HrUUUoZ8MT3+ntUOr+Hre3c6jpQIQbvkx3PYZrD0zxjY3
WPs0EW6QgZODtBPb8jXV2N/ZahF9lkiXG7qSP/118djJUKsGr/ifRQVSi7207HkHxt+I+reENOf7
Bc+W/lAFkY5zjrXCfBr9rnVG1z+ytf1AspkC/Ow447V6B+0j4IhGhz3okyoTDJxlwRwQemK+Lmsp
NI8ULcWjklZf4gRtx2rgp46tRhyp7H51xHRhh8wU77n6JDxNp+saet1AQyP80Um4cDHc1478WPEu
mW8x3XKEkkMSvTI45ql8IfHTap4ZWwurol0jBhyMgjHOea8++OuqtADJ9pzmQttU9RjpXLj8yjWw
vNJ6nmY+UfZpxPVvgz4h0/UIlCSoSo5Xuf8A61enXOraX9gW33Bs8llxg5r4k8BfE/UtFk861uHx
/Ed2P5V2V3+0heWMCW8s5T5hlhyOKjC4yDoWl1OXD46HsrMvftLaVbRXcup2qoCJBhVXpXzhriPa
6u0wIwwyGA6c1614y+LVt4xhKfaQzgfN7mvLfFdiJ5PtcBbplgVwDXxlapLD5nps2eRjeSpqiODW
WnUQxtgp1YHGafbXEn2/LspQYJz71jpJIHMYhP3sZXsK2rLSWuI1ZU54x8+M13ZvDmhGojhwaUW4
tm9ZzMI1kEgVR94Y71uaHcxSOZWk3Luxg9frWJFZtLGscb/vBGML6VbsVmikVCvQ4IU4Jr55fGmj
vg1c61tsI3qwXcPlJwc+xp2lakkN1lScfx7Kxr/UAkAjVsdgoOST9ai0m5mVjcPIY9x5Gc5r7DDz
tBXOerU1Vj0rTvEdvp43mcdcAlscVr6b4oS7zHI/QfwntmvIdT8QrGrbpFIboCeRirvgvxbDc3ux
JCu772Woq46tCqlFlqUWrs9B8a3sEsbPBHkhPmXP5YrjLDxFLZzlJrcnsSo6VtX99bXB2GUsAo+f
PU+lYOrwxy/NaOgB+9k8iuXMKkqbVRu1wjBSnoX5NVF9FuJGc8MRjHpTkto7i3cylQxHOT1PrWK1
0+mkLhW3KByTxz1qwuvwxuQ0y5JAGfbrXz2KkpK7Z6NKjG1zB8W6ZOJR8pCjIJBrz3X4TFclVIzj
Oa9e12a1vovMjbcSoOT79a8+8T2FrJ5k8MeSo6kfpW+W13RqrU5MXh7JtHGPdXXl8seG6E1btNTu
rMxlmYFjjIqKSxiWXfI3OeAOuKuRWBlthvX5Q3yk8YGK+gq4yo2op6Hn0FGnLUvajrkk2lHecufS
ud8Oahu1dokkYPnjjGauagkyqILZwfTNc3YC707X/MkRuCcEngmuLFTioXtudqnGa8z6F8E2iXmn
kvy+OBnvWB430d2Z0KMCrZGO1afws1O3kSIeapzz174rqfFGgx3do8yrl2z8oT2618y6k6FZyizq
XLOn5o+g/wDgnO2kXugC3uoFEqP1IB5r7M1LRNMOkbjGvKkcqDX59fsJ6zc6B4mlsxIyDfgqW4zm
vtTxR4/jsPCct2Z9rLGS2Dk8Cv13hfHUKmUtTie7gIqVBM8h/aD+Lnh3wDbyWEzKrbvl+gryP9nT
xLZ/FH40yXKxq0YGFOAe1eK/tpfGG68Q67JFBMwEczBcNyR71s/8E+PEdxYeMPtl1chWkcAA89QM
V59XHupiOWW1zy6mJ9rmcYW0TP0t0v4baBe6ELO6tImDgBgV9q8J/ah+Evhzw74Hvry1tkHlxMeB
6Zr6E8M+K7ZtEiLyqSUXofavnH9uf4l2lh4OurRJQ26FlIQ/X+lfW46WBeX3STdj1MfSSoybXmfB
1lqSza7IuMBJdvA68mu3025kEKK6gFs9fSvNvDdy+o6283yBdxJH413u2eJYxKuMKPmBr8OznD1q
k+e2iPnsLWSujM8caYslqZY0ByDjHPSuGtHkNz5eCCj8r616Pq0qNatGTlcY3elcHqAS21PCIMZy
T+Nb5bmXLRUb7CrUff5j1b4cwwPaJLsBO3OTXp/gzw3p+r3SiRBgEdDgV4l4K8WW8CGN5MbRghfS
vVvhr8QtKhuUhMo35+UN3r9QyPFwxdFQkybwg0d9qfgvRoEAWBCQMDnqa83+IvhM6TdLIsAQZGzn
tXqV/wCJ9OlhSWd0Hy5GCMZrzr4keL7LVGSKJ1ygwMgckH1rxOJsBRpUZSjufR4SUKjSRytxpccV
iolT5lUk7OxP864jxjbraLHcCEbQeVU+tekjUbHULDyI2HmbCc9h7Zrz7xU9u5ZFI+8AcnINfEZV
jOWpy3NcywseRNHyZ491e01CT7OblWIYhlZgcf41P4I8OQaluaF8L3wwI6CvHoPHc91fGG7nYIzD
kt/WvTfh/wCMn0eBVtRncCMMcjnvX1scAqOEhZao+PblCreXU2tW+DGPEC65aEtEpywcZ79qs+Kr
u107y7AAO20ZDP8ALn0x9K9I8N3EaeGS9ywlcgN0yduOteB/FzxdNZeKHiDbAJAVyAK9vHSSlRkz
KVPlk+VbnrXwX0eLWfGem4UgmdfLCqORkDmvU/8Ago54ms/D+taPoFzfKxjtQVAGNuR65rk/2N/C
2p6vqGn+Nby1JtI3Enm7j1+leG/8FO/ibq998dl0qC882FNsecnIH9K9qVWEKL5epvSpS+o1ObS5
reGvEtrGr6gzAIV4HcY4BqzqBbXbZjC8e3aWAzya8pk1jUdP8J2piUgGLO49T6V1fw48dtcacLe7
YqwbBzycVjTx/wBWrcs9PPoeNVwsnT0KMnh/UIdR8udCEZwPm579qp/EoW0d2lvIQSiKpXpjFd9J
fWGp3MQtlywIJLd68w+J9/FDrsv2lw2W5OPu814OPzajXzSCvdRRVDB8lN23KHhlV0zxFBcwXByH
DcHtnpXuet+IYpPDcFxPkFiMrvzg9hXgGh3W+8W4C5XcMECvUprw33hcFgSqqGUAYHFeLja31vGe
zhsztoU3Sp++ZmueLLe3tvNdlG3JAbgk1ycfxptLW/8A7Flu0dmfA3Pn8OOn41w/xX8fyWDywFwo
jLfIzZArlPg74Z1f4h+OIr2cM1ss4Lbjt/LFfY4OEsuwLb0sZWjONz648IWMM/hV9VkVVWSNihVQ
W245ya+bPitqpufFNwqoSVYhMjvjv6V9Y3+nx+F/hp9jtY4spDhd3pjnNfEXxW1xrDxBc3D3RIMp
3YPJIP8AKvmMFUnj8XOaLUIxWpg65PNMXeFsJjLEnJH0rnZtTuku/sTylcsACWq7N4khvJCItg8x
8sPQVkazdW6X0c8AwSeOPf3r7DD4aUNJDnGNtD2H4UeHXeBZo5SxB5Br2nwYLQR+ROAGUjO0Yz7d
K4H4GW8Vx4f+1MSW28YHIravtdPh/X40RmYs4zntzWNPFewqyS3OOrCNTc9z0W0hsdONxIgVGjxu
789vYVla4nh++jZJwrsxAwGU8444rMTxfI/hN58Abk7sfvY4rwXxf+0PeaH4q+wb2OW2lFOdpry8
HjnicwlJK6RtHDThQ0PYvEvw5sdc0829hpas7Ak/LjPFefXHwI8V6VH9otdMl2D7yJzt9+lepfCD
4maZrOn28t4MhlTknJU17doDeE9SgUTNGzyA7wMZz2zXrwzDD42o6UbKw3TnGm22fF0Pg/WWu47F
rJkbgfOnJ+tew+HdL/4RHwvGsjhF25k3AZxXvT/B/wALeJrtJodPi3Y6jGR+Vc58UfgNqd7ozw2k
mybYViA5H8qSyx0+aq1f0IlJuNjC+F+uDU7pCsyhE+4oPOfevXTJJ9nXbKpY8hSe+K8g+E3wh8Z+
HTm6j8za5KnPT9K9ZGja1HZxrcIgO/ls8jivzjMKNeeYNuDOim1GKSZBb+Oj4cuMSSj5uqseB+de
g/DT432DTeULiNjghtpxx+deC/EbQdXLNbo7ZxwV71zXgoa/pGqK8kkjKZcMGbHH9a96NCvCimon
vZdmMcNC7Z9uaV8SbVrhilwFZsZbftBx0rlvir8UnRVia7LqxwTuJxk/dGO1eO2njG/jgEhu/kUM
CEbByTiuR8a+P7+8uVaO5LOG2qgO4rjjJrz6+JxtWDp0lqc2MzJVKl11PV9T1ey1KxLwum1kON7D
gVzI8MXGoTlSV25BPv71xGlfEC/jtXiuiBheCecrn9a7Dw14ytAVa4lfLLkNjIAzzmvSwlFvL2qz
PHq141K1oo6aDwzbadBvUliq4T0HqK87+K86G3mjiyBsOSvY16ImuQX1s7R8jn7oOTXlHxXuZR5z
owwwIcL2/CvAUMPUxaS2ueh7ScKO581fEyW5vruUMxOBgsxPI9K8ynsbx9WhSNTywUkP05r23xb4
ZN7G4jU73568VzWm/D521FHkBOH6YxX6jQyrDvDc0LWsePHFSg9dz3b9lgagsNpZSTl14B39K+xd
D8GI2kRyQqclCWyODXyF8LLpfCs9msq7AjAsfavt74beJNM1zwhBcK4LeVknI9KWUYCjUqyos3jU
i48x4d8VdPj0a7e3YD5s4ycV4D8Q2t4tSUbFG1weB/nNe+ftT6nHYOL5EIAzkkfpXzPrGvR6trKq
6FwOijsO1fIZrgYzxs4pG8XY6nwPfs5KbPm4YDHArrbrwlc6javNFATjrlfvH2rifAolg1yKAEiM
kAknI6+lfTuk+F7G18MLduiP5i7iSeg9BRlGWe3q8iWgeydaW582v4hv/BN/5GpPIUB/1bNyMnjF
dPpXiq01dBNY3YJyNwHIrmf2ldV0nTLh1iYbtx5HUVxnwU8TyNfYmuHMO/8AvH9a+yw9eGVJqJ5+
IwknLlex71qdjA2nC4iVcop37V+8TXnfjHWE8O6il1Crho5RIQcsT+FdJf8Aj6xtdKDyAbeS3zel
eW+KfHNjq94eSSxOC0mT1xg81vhK/wBaxTqN6M562HlGmuU+zf2f/wBr7TJPCCaJd3qb1XC7mxg8
cc1yH7RHxrvvEZdLCRtoAwYyT+Y6Gvm3wTqK22pRTWcxTMpB2njPHAr1iTTjrFokzAnqWO7+HHXP
1rz+IoVqfI0/dPUwOZVpQ9m+hwmkeI9fvtXaRp5eTlsEjjNeseDdb1Oe0P2yZ/kUgKe9czYeF7SK
4EqRAMTwc9q7TRdIxAluCPn43Z9a8HHUuSjCfc0derWm0zyP493upSSu1pDI4bJIVT0zXn3hTxJf
6bKy3wkV92NrNivvLwl+zFpHinRRqt5ZpIZI+fMX+XrXk/7R37MWh+H7CS40yBY5o03YA25NY1Mm
qV6HtbHWsHUjS9oeML4vf7KsiuFIXkhs/hXMePPiPexWDNFMdhzlM1gazrt5pV9Lp8qBXjOCwPBr
kPE2rXd+QhB5znFcmGy+VB6mSnpZlSTxLc6tqLLcXZIZvlUt939a7Lwtrkdjb75F3FVHzkZP/wCq
uL8MeHJpL4CUEnOcbu1dFrOmm304OQARkEk8VpUoO6cEczknOxmfHX4pWtp4Qmt4LhcCHna205/O
vgD4reK5tZ1yVw527zuXOcc8EV6v+1B8QtQ04SaXHfNgjARTx1r54fU2uZC8kgww5B+tfq/DODdL
C+0ktT6PKaSSbPQ/2cYLAeLYLm8jDSGXjcefyr9W/wBmW1z4YtmSM4dBkBuq4r8ifg7dyyePNPhh
lIDzjPB459q/X79n+3XRPhTbXsg3SrCMLG3PP1rweLE1Xivmfo2Q26G74s1tTqH2PescRbZtDc/z
pbi4i0K0UWc4O5PkYnAGT64rm7tNS1fUFu7k+XEsxOSMH0+mKXVL7UdY1aHwtpO7y1I82YjgY56m
vDpx5kmtj16k+Vu25o6J4efxNrzPNciPy23SGQHDH2Pp6Vo+JrmK3vU02FkaFCCylThSOeDT4JV0
WzTR7ImSc4WWVRyGwevFQ6rpaanfR6JFMdpUGXb1bgZBPaprxnfU6sNJxhfqZ9rpYur5tTuI38tz
8mZOmO9em/CDQWuC2ptETGrhYUJOWPciuHWW3gt5beKUrDCFX5edv1OetegeGdfg8P8AhD+13n2r
CMrHtxn3445rXA0YRrc0gxNVzhaJ9NeCo4Vit9UWX5LaABEDAbvY+/FeoeFbSC10iXVJ1ZWnIYAY
OM9D65r51+B3xDOv2Nhok4klecq7MWPyrmvoJvGmlJqUHhi2GVEfzlxlTjnrX3+FnCVJNPQ+PxUp
Rk00dR4YtrRXVWKs7yknb6nqfrWjdaZG2sELE2xBksDnGOlc94Qv/tlx5rEjEoEe0Dle9dR/aCb5
DK3yoSFK9cH1rrjZ0zyKk3zWJVWAWs6zDG8AMyjJz2xVvRLxbbTmtS6KoTO4HkVSuv32ivOx+U4y
u7Jz2xUd15lroEepoh2ldrKB0OaOtwUlY19P8txLdvIJCXHI7fSp78ylI5oYSwU5baRkEVheHtSS
PTM4kAzyw44JqzDq4VWgvCzKh+8p5OTRFaWLTsazmPydpRS0hyXz0qvpFzGo8qRFChzv656/rTGn
+zwCeIgoBkADJ+lQQXMK3TcBWbBDZ5FNJIbae5a1YGVw0YzsGWJPI9venacyTmVZW+Upl8nH5VTv
NQkWY24U/K4Yrjrn3/CiIvZ3BkinOxzubac8ntzT63F7vcZYzLb3csBTKgsQMDge/vS2wkkAcOiA
MSHzzj0pLpUUyTIMPGN0eB1X39aZo9+l3aPPEwcKTlcdP8aysorlK509ivYS7/EJt/KIIUspC44z
3qa+Vp9WcpNkMcBsc596h3Wceqm7ikXJXDZTGD6Vc1ZhFMPLVQspGSB+OataoOZlexLT3jrIBhR8
g25Cn2oadXvvL37pIyM/P9w9uPrUtuklpBcPkkAblZm4H0qt4ZhcG41KVyzEllkB+Un+tZuVrEvU
mDia+lR5iuyI4dSQvP8AWpbV2ihgiBQb8ggNnHvVRZ2kuWkZwBndjnHoe1WtHljv791SQbIxwduM
mq5F8QE0Mi4kDOpLHBA6ACrtg0b3AdmPKgZ3H7uPbiqNuAgkaJQoLH7w5JxzS6ddSTCfaCUUAllX
kkAdO1XyobkyzE4mvlSV84BBBzkjtiraG2gjkcjk5CENx9KowytKouJYsMvBZl4UegpmoXkc0kNr
anJxl2Ax39BU+6tyk7l6V8IdqIWGMHBPXrVxpRHpoijG3oAV4I54z61nRzyeZDDGu5uc4z09TmrU
988U0NhvVlbnaCMn0oWiuyr3F1FGS1ZbZzkAcn+dSAGXw9I+4hjkqfQD1qK9vlWf7G7bSSMqB2+t
V5tTijzE+Qpc5K8Z/A1SsncQ7Trqa4t2Lyody7Th+WP+FXUa3vLbybgBQTgFe30rntE1d7O7ks7o
opZv3ZyDityCNZzhuDjce/PtU0580LdSpKxW0/UbjSNUbS9QKkHIhJ6e2SafrEYt2+1BDIhT95xu
2j1B7UmrpDLChuJCZMjLMO/NUrp7v7KI3nyxXCAPzjvkY6UJuEWpfIzbaZYhNpcwjySxG4E7gPlJ
6daZJb2rMyXciAlS0eDnce3asrT7y8tXeKVSSCDIoH5fX61fkuLe7wJIvLZRwwPJ9qOeUoeZa1Zt
aHdSA/2dOoYBl+cjpxW3boLNS3kvjJB5/Suf0y7QHynlAdCNhIxmujs78xwgBAQCSQe5x+ldFLWJ
hUk1oWLXVIpVW3vIslVwSO9StdW6jyvtLuCCN2fu8elU7i+tArDyiOSQ3qK5zVvHuh6GJBcSPGcE
gleOPX1p1HyR3JpR5paG9d29tcBriK5ZZB8pXA5/xrlPHPw+0jxRbOmoBSytnKnocVl3Pxf8PyTj
+x77zeATERjNUL74sveTG2S3kjK5y44z75FefWqYSpFxmro9bDQxNOXNTdjk7n4M654auWuNF1F2
TIJjcnLAn+lXtFPiHT7/ADJDII1X516kjccY/GqOufE/xLo92WSVTCeSWBJP14q9Y+PbnVoUuY4G
dGALbV/Tjtmvg8ZSyz2kvZXTXQ+1oVMbOilUs0yr8boJ9f8AB8tvalkcIHU7NxwOx6c18Xalayx6
rN9ukxIjOShXBPP0r7R8WeJrU2jLdwhJDggDgNnr9a+S/j5ZW1trk2q2NwirLIGyM8c9BivmMRGt
JvkZ+c8Z0U5qaZY8I+NX0eaMCUp0AAJHGO9U/idrg1y1LJdb2AIADcDP515/aeLnt5t08iF93GM5
I/Hiptc16a/HnWbDdhcx7sHnpx0NeLWoVFu9D4hYyTp8jKejadrlq4YWj7GbhQTgfQUeIPtMkXmg
v8p6+9dX8NvFWlSr/Z2pxkcfeK5Yn2xXWar8PbC/t2ls9piZckY+6MfzrejhaippwlzL8jKLS+I8
Gs7+S01ADzWU+YM7mzmvQNL0a58TWAhiwS5GPlyelSW3wU1LVNaEUFsxiDAqe4969R8B/DttBvYl
u4jkKFVWHNcWOozeJjJo1p0Zzje255kvwI8SxYurezdx3Kjr+la+j/CTxJPILeHTpDIx4/zivsn4
ZfDnRtcskW6slIK5ZsdT6V3fhn4G+F7O9eT7Am7OVBXp719PLKKmLwaiup6FDJ25c99D4w0D9nnx
Dcw4ezcyhBgY71meJPg34o8Os89xprqcZLsnpX6R2Pwi0LyVkSxjB4z8vWvPv2gfAOg2nha4ma0i
jZI2AYDrWT4TqYajztnbVy6EKbaPzc1S7mtrpraRSDnBxUMmqSWkSq3VAcc1p/EK3jTxPdLbHCJK
cEdOtYa2aXD+ZMrHnqK8KrirVo0kfLOnaWplazr00nHQEEZ9Kj8PeIby1uGk+YE8719R0q3caTFc
X6w7Nyk/Nj0rotD8IWksZS2tldW6bq6aWCrV6iY+ZLQ6TwDPF4tlXTJ7zypJFO2Rz8ob8akudL1b
SNbk0i9++r4DEdV9RxWXD4fvNKuUa1iKMpDIQ3Ar0i206Dxj4eWe5nIv7dRucjJI6Yqs0ws4UbVF
qreh20LVKdlueT+OJbmwtjKjyMFXHUc1xC+OWRws7fMjbi2eR7fSvSfHOkTrA9pPBtYKQAVxn6et
eNeJNEuYLyR3RiuOSqnjnvXg4TDPEXS1IniZ0ZWsdrZeNGvLYEyAe2ep9aoaxr6OAycE/f8Am/Cu
W0yeUwhVDKFXAYrT5dQfymVGYkfw4BPvRUwssNV5nsafWFVg0y39tgaZycdRhs1sW97B5HleaMlQ
CMe/rXCSarKt1umfKdVXPNaljqsu1lVC3zDDGvTwcoVKqUjy6lOctUbl6YVc4AB6Kc9ayWS3lm+b
BOec9BWZruv3sEgNvbTOcZICcCqOnXPiK/lDRWUgyehXGRXu4/D0p4dNJJIzo88ZHrnw1ulsZF2T
ELnkbua9attQi1CwLRZyU25PavEPBem6wsiTPakBuMEY5r1fwzDqEVmY5EOCuQK+Fx8KajdNHq4Z
y57NbnYfA7xEnhfxsZfNCDzBnP1619E/ED4pWU/gqSUXQO6M4IbnpXx69xqOm6v/AGjBIVw+Tgda
1fF3xA8W32g/Y4GJG37o47V7nD2YulQdKWx7dDGxw9KUWjxv46ak2qeMp2E+VMrHGc13P7NHiAeH
tWh1HO0KwyD64rz/AFD4deMfFPiBtQaA7TIcDOM12OkeEde0K1VbdcOv3q2r4iPtvdZ4NL231v2t
j768E/H3SofD8X2rUU+dRyze3Svnb9sH4p2HiJjZ2t4rIepVs15DN4y8d6fY/Zomm+Q5AX+VcP4k
ufHXii+VbuKTj7xYYyK92WNo/VeXm1PYxuOqV6fIkdF4ItIorhLlRuBbnFeiW12k6+Tt4xXEeAtL
v7SCK3uoyATycV2VpYywkSrGQO/PWvNxfspZbJvVnj4ZSc9rDb2x3xOiL1HAFeeeK7aWyujKm4+m
TXos7StIBGM881zXjTSxJE7GMZxyQa/PMHTbqycT0q8lFK55jd+OZ9FkwXK5Pzc1saB8S7gyrcW9
yQU5PJ5H51578SrK5tZHZFYBc9TXH+FvGF/baj9hebjzBjmvvOH8TOjJHh4lpysj62sfjXf3Wlxw
S3hL7QoG7sKgj8bnUZzHdTHapyvPT2ryXRNSEkcczSkbl+bIrQXUpolaeBycd+tfT5m6eLpeZrgs
VUoVU76Hq9v4ntIV2wzZQ+hrI8UXjXMm6GVURsEkkH8K5Gy15DEobhg4Zwox+FaEuqQXMChMuV64
XIP09K/L8ww/1OvdH18MXDFQVz4IvbW1aRZMt1yCBwfp616h4Hhuv7EaSJeVh4XGRXl9xY3wvLK3
uI2Tcfunt6ivoX4V6LYW/hlok2mQoRyM1+q46tQnhYSpHxM51HWtLY0PCfjjULvSmsZ2IMcWARnI
XGK8V+Jkctz4sj77pwu5cn8MV7da6ZDo9lPPJEFLA7to64HFeK63fLcfEGITx5KzZOAQMeh9a+cp
YpV8Z770R1qTcb26H25+wl4oOglfBs6CS3a0VmiPrgdB69a+eP2xvBGi+O/ipqep6ZB+9trnMocZ
PXjn1r279iOa01DxLf3Xm7JbayyuRkV4X8afFM8Hxe1aUFGjuruQNEnc+1fS8s6uHdSk9VY09pJY
BKfU4m4sXk0uOyaAHyo+SRxxxWRbpLpDtdxzbDnAGP4q6HUJzGkipc7iR88eMcHmuW1O6ntJTCUB
UnP3uQa9GvhY5lgYytrbX1PK5lSkdj8M7u98Q60SyHbCec56Vg/GbSYLDWWnaEASNuwegGa6v4Em
E2dxcnO88biMbua5b9q7WItGFtO2dr8YJ6+1fmUKE459Kgjug7x5jjNN1qCOdbdGULuG0BuTXq3h
WTzvCMzOwb9ywIZsYHevlbSviFJd6o0FoVVUcByVPH419JfB+8S+8L3iT3YYiPAYL2IzX008BKhi
FO2zMq9VVFZHzF+0FevJrkllkkGcqGQ4yM19FfsQeA4buytr24jVRu+YEZxn3r55+Mui3Gt/E1NN
tEMgN1tzjAxuH4V9wfsq+Do/D/hG3+0oFIj4VSQRwf1r0+IMZChlihF6yMFSvNJFr9pDWxpHh1rK
EBQIyFXGd3vmvhH4t2suoW8zwxsGJ+UhDkHOfyr6s/a78WRtdNbRSAZG3Yv9Sf6V8+nRE8QQ75sB
m6EZ+UfjV8M4GhSwftZbnPWrVI1bW0PD/D+ha2upNJMhVRztCnn25rU1e0WS9XIJYADOOmK9it/h
reXrNDpmn75Av3EHQVwvi3wzdaTrkem31g8c3m42OcE817SxXtpSaRu5SWrPbP2crcy6F5PRgvcU
74s2sUGsQlcBhKCSPSug+BGlRWmkICuGx830rnfjPZXNzqqi0V+Jsrge/Svh1jXPMp32JVN2bO58
P6fda54XMFvkgRguB2+lfPvxD+GF2/xEF6wIHmDBI+8Pyr6o+AVkw8O+ZqUaqfK2KpHXg1y/xL8L
2Nxqj3UaKPnwGH8q8vLswlhsXUij01CM8OcboAvPC/hnzrdnBEWFzjAwK5bTf2pPG2h+LIdJtZHl
MsgUgNzjv9K7LxzcW+neGjAtxjIPYcYFcd+z18NYPHfxAXUbi1DLHMMkpjJ9a9vJsOsRUc5Lc56n
Koeh9v8AwU+J93e+D7fWNYtWEroPoBxzXUaj8X/DV3erZT6jCWcEBTIAVNed+M7WDwL4LEFuiKoh
O7A6cV8weIfFWt32ufatL1B1G/GC+Pyr9A5amEwyjHex5cajlPXRH6EeD/EOhzod8aOo5xvHHua1
tb1LSShaEIFdsquRxxXyJ8N/iB4rtLGB7vUWIeMKzM3Uetek3Hj7VJLUedeA7UGSDwR2r4zGZhy4
j34K/odC1p2Ox8avYz7nlI3bAVwRxXBXUtna3TJvweCPWs3xD47kWLY0mCcBsN2rmofFDT3G4yqy
h+GbJ4oxubqGH5YrczUGzvrm9kubZAI8EMQCE6nqCawE8LXF9dvNeTkKSXwv8Pt9Kt6LrNtBEscs
gB2/MGOSD/eH+FWIfFVqmrrbCYYwPmUcfT3zXzdL2s4SmddOmpDNQ8GvDZhIYcFR3GVI74rF017m
xuzHNKwUsVVpCcDHP4V7J4L0q38Y3BsUXJKdxz7gVD42+DwsbGaWGD7qgkFck8115fSr4rATfYup
QSmmN+Hti974ea+jmGduH3EnH0rzb4xxz2IYEgZ3F2A616H4J19NL0N7OVtsnK7emcV538R7yLWL
/wCzbiSc8HoK8TCYeaxTSfU7MQ6aoRseXeYblGjMLFQMlSKboVvepqiI1qDH94ZB556V6hoHw+0+
+tQWgG4gcg960oPhnDbHzhDuxwGz2r9ZyjDY76mnJaHg13QesXqcD4k1VbeyRoyxJxvKn7te+fs7
/FSU+G7fT2vR8q7SCe4rx3x74HFvZtPEpGFAY+grnvh542ufDGqC3llxGH5OMe1efiMfLK8TztF0
Wpwa6nvH7THla/4blkhcF1GT838q+VbW6uLPXDBPIVZCOvU8ev0r6F1TxXF4l0cCZ1kjMY3DIBzj
rXz98R4o9H8QG5WIhHlBEjHnHavlamZLFYyUn1PQVuQ9W+GNvBdzx3LBSyKAnGQSeea9bvPiHd6F
oMkLMEVYsFd2M/TPtXgvwW8XwhWL3JICgKg45J68V0PxZ8aPY6HOonKrtbo4JORivosof1dXQ4Nq
ldbngX7TPxIufEHiKWC3uyMSAgJITnNXfhDqUtvpiFt2XwGJ4JGa8q8ban/aniVvJc4ZxkMTzivV
fhhBHJZxSsCPlGQQfSta1OVWro9zCtU5Yq5qfErxZfWVhIlnI5AHzDd0x1ryNfHmpC7McySFy2Sy
ntXpHxPEMheHGSFHHtXmNhZ2z6s24Z3fKxP8PNdtOlOnaK3JoNShqd14X+JV3axI5ZlBPT3r6G+E
vxIj17w+rzOxIQKxLZye1fOGl+E7G4RY0kXaQSCTzmvWfgVp7WVtLazTZCdMMAMZ6fSozqhjp4K/
YUZ0KdVcp7Lo+orc3hWNARuIYDnHPSuztmeGwiuFSRNnO5R6HivLtBmhs9WMKSSFCdzjdkhu9ekQ
3sH9ifO5CsmVHcehPvXi04zxODjGe6NnJRq80T6G+Cvx20DS9FFnqU4UNEF+ZhkV5t+1V8XPD2p2
05sZ4yMEKxcc8Yr568XePL/w7HJBDe5dCRuXk/jXlPjT4k67q0Mn2nUXKKOVU9c16cataNH2R6tL
MVPD+yMHxvcWt74iuLtFBLMcBTxWUmiPqLCSS33BR2HTNZN94hVtQaOSbGHAGRye9egfD4QajaGR
OpHzg9SO1cssN7V6Hm1nyof4a8MxWUSyEAM0eDkc47YrO+KL2mlaHM8IyWQ7iPp2966/VhBaRI1r
hSIzgrzg555ryX49eJk/4Ry4hic7VDZLeuOTmutYSNOUKcjjpv2lRHwb+0n4mOp+NpIkk3KvUA5x
Xmq9AQMc4rofihcSXHjG5eXjD9vTmudBJ79TX6hg6apYaMV2PusBTVOikdj8Fr823xG0zMO7dchS
Rx361+wnwKghb4fW0QJ3Lb525+8K/JL9lvwvfeJ/i7pVpa2hmCXAZ8Lk9v61+yHgPSYtD8GWS3cI
XyIQuGGDz6V8FxdNfW4QW9j7nh2LdOUjm/FmpzLq0Wh2zne/GzBABz7Vcs7rRvDMzWk0SO0hy8ue
CT2rDvLvz/F0uoeaR5UrA7zyV9jWCdQn1nxIZGD7WbbHubPA/SvHhFxp2tod86lpu56Jp9xdatfC
eERheiPnlifersVvHpry3lzLukkIjDyNjB/rSeF4DcaS7RxhAgwWBwDjpx2qbSrSbXrw2xUOkfXe
DgH6+1cs5O9j04JOMUkZVtbtfX4tbeJVVpt0p9fQ12Wo27a/FD4Us0IG5dxI7fh2+tcy8kFhq0v2
XcZJPlIRuARxXo/g7TZdJ0h9cupo3lmUbSx6VthouUrL5kV5qK1PVfgxc6P4Nv7ZdSMLNHGPLXIw
cDpXofhU3viPxfPqYiYI6sEUNn8fwrxrRdAuNS1zT4baUuww7MGGMHqMV9DeCNJttPaK2kttrCIZ
24wV9fc19Zl8pyShayPmcbaV5M6rwJJFpVw0KZYRD5iwBz3yD9K2NS19J4n+zuUZ2+dchSwrA0Wz
t11eVGtnZJMFCWPP1z0q9LbrL58YkYORlMc7R/hXtNyhG3mfPz5b+Z0GmajDeadHGrEIfl25GOlW
nunHhuW3ldCUO07m4BFecw6tf6VbJtuj8rgkkdRn34rpYfEEV5YyxRy74z98HGN3rVqopaIz5Xc3
NIVLrRRaRyYc5xzgA9cVmTarcFJLC73YAKh0f73ufTFU9C8UwaerPc48lzhmUqQp6E9a1JoLa8cS
2843yRln3L94Y4welNNuF0VzWKXhnx2TeTeFb+42lG/dBmxkeldBNeRhP3b7GKdQ3T8q8i+KfhDV
7HU/7b0abbKmCvlHAb1Gfarfgf4lm6tU0/Wm8uaMgbgueg6n1rBV5QlyyRo4q1z024vLiW3W8gfe
0RG4g8tjsahs/Eaec9tcJlXXOwnbsPXI96wI9c3N9qsJAyO370LnAqC7vlv53jt3VZE+ZVKnntW3
MnqybROxs9ctLyT7Ax+X5lBJByD0FZ1rqd74W1Sa0UhoSxIDKRtB7D1rkDqE9oJGiZ45Nu4c4Un6
elXdP8UQa+PKvtqzxdWYn5wB1rOVSLduqCMHE6ePUMSCWWY7ZWDRgDj8QelaGtXpluLdo2BVFDKr
dG/KuIOpXKBbeQ/Ky/u5MqBjP1rodJ1u3v0FtKQssXABA5HpTXM003YHKx0epeUlkLu3iDs4AA/n
TJYTaaOIofkkzzhKdMUns0ZFG3dzzyCD0+lM1y3ZbWF1lGMsSu44YelXayRPNciMd0kGJ1G04XeT
xg/rSaPIkO2CFvkUNnC9eaTUmeCwSGN8l15Y8Y/E1B4XV1jeR+ct24x9c/0pqbvyl30L15cFZfLl
fJaPKtjGO3NTJss9KWOIqZNvzMvQD8e9Y17fyi5N7NFuWR9sbE9ceg7f1qa4vRPshaQqoHCjkZ9C
O9VzWRKNiO9ii0wTrJt+XAUnq3rVDTPPjiutZkjJMnyhO69qgv7+G9hSPaq7QCDsJA/KpZdV+y6N
9onZPuNld2CefQ1MrOV2OM2txPDV/PHfNd3uCythU8wnA9qv2+sw3mrTajKQVjXKAjOa4yxvb+/1
D7RCmyFHwFaQDeCOtX5tRtNF0+S8uLsRvs4+YYbPBpQmpRsylK5paVqUmo+I7m6MZWNXwVD8Lgcd
abqupfa3MdszIUfJDDBx7etcnoXxS8M6ZHKZL5eRmRmY5OTj6VHpnxL8KjWDJLqYZCx2AkfNyepr
FTi7XfU15WzcfUEtrySG7uRgENlTyfoK6bw34oS5gNqJF+VtqqDzjHc18z/FX44vB41FppFw32eM
/M7nGc9cY7Ve8L/HqKzMMst2DiUK4VcEjqK5qeNpQruDNJ0pclz6YumMgeN8uWBI2dV+h6VWlCGy
Ea3e8qPvO2Wx/drzDSv2h9A8zbqEx8vzPmcryM+1dc3jbw9qkA1XSryN0wAUB6d+Qa7fa0au0tjl
m2nsbENo1zNslV1bbtRl7gdM1KIJ4G8q4GQuAp65+lZ1n420toxLHP8AKWC4AOfqfSrqeJbaRBHc
DyyTn5h2zWi5OjJ9oy5aurOTLC+7dkFecY9K2LPVYoVAUkb+qkkg/Wuet9atQge0KsOdwHBz7VYt
9SvZIvPggHAxg9/cD2qotIV+Y3xcJMdsUm8lcfKKp63o1nqtp5d1pwYMMDcvOaTRdTnkfyWiKnOC
MYH1zWzDeyEus1ujY64PIHtVtKcLNlU24y5keM+JvDeh6Pfv5emeRIQT5qqQOvr2qnbXelXMKJcq
BtHzMrZHHfNev67ounalAqvYn5gVZT3z39q4XxB4J0uKORI7Mjc+AxHKkjn8BXhYnDVYyvTaa7H0
eDxNOrG0zm7/AECOW0eaGcSxqpPEoY/lUvhCxhgdY1AQMPmXABBPH8qy/E2h6xolu8un3FxtSM5X
fu47n3/+tXOaJrt9FqStHqDq6kDy2OQwHselfKY6tT9o7xsz6vCQq1afuSujvfid4Hl1Pw5LPpqM
ZgoaLbgsP8PpXxj8X4de0+Wa3u9KnDRuytlSATn7wr668XePb2z0UukmC0QaR9xXJxxx6V8kfGD4
narNfzsHUkHMg2ZHXnrXi+yjUn7krH55xfSV05dGeSQeF9W8QagLXSUl3FtpHJ3fjXdr8DvGdhpx
vZIXU7MhXQ4APpn+VdT+zJe6N4t1xJrmCIMso+VRgDnnPrX2APAnh/UdA2JYx/PGCykdAe3PSorZ
GsRSk4y2R8Xg8CsRTckfn9YSXGk6tHDqGYwrcDbhgf6c17l4KsJ5dJtpDKXRwGY5GRnrXFftPeEY
vC/iqeK3iUoW/hUcjrjOaX4T/FJbCxXSbwgYwI1UHjPQc18lhMXUy/FSpy26nPKlGNTlkfTfw2+H
NgESee3DEqdh2g5rV+JfgSz0fSRqVmoWVPmKovtXLfCv4tWEFusNzLhkB2qDwKufEv4u2dzpEkTX
QIIIBPevoa86GIw11ufR4OOHlhrM6j4DfESCZjp9xIqsjADLfnXumn+LrJJUfzFX5uCT1r4R8F/E
y30bXWeKTA38EP1/KvWG+OgliW4gvlBCZ2k9K7MHnH1bDqPVHTljoVU6cuh9dweNtMjh81plAUck
HvXzx+2T8d9P0nwxNYW84MksZUfPjqa82139pjUbXSXVLsljweTXzx8RvHOv/EPXiNRndlBwoYnA
5rXMc9qV8KoLS5jmVanQi4U9bmFcXMmpvNczHMkkm7d17mmGFoUEfRj3PetF4o42jiZV3AYI20mo
2LyxI8cWwjnd618dSwk3U9qfK1OVu3U58LHFfKrPw5y5Fd34IvLF73axBG0bR61wWrCWL5ltwTu+
8hrS8G6/B9pDvIFYvhgP4cV9zg4+zjGbPPnoexT+GYdQhUQx/exlhToLW+0WQXFnFiNAAwBwG9at
+E9YgvNLURsSc8mrl1LaCFlkk28fd61353g6eKy2Tj1NMFXca/Y53xnYW+s2z3LRqhKZBUZx7V45
4p8IhmZ1THdSwPavdYoE1aGSx2DAXMeTyfauE8VeHZEupEZAeSGFfmuWVHh8Y4z22O/HRlOKcTxl
tOn3sI04yeP7uKiXQ766Cy28RUlsHK4Jr0IeErO3uWkmZYyzHJY5B/CpGl0XTFJVVG0Hkcg/4V1Z
1jMIlyw1Zz0KU3G8jze3+Ft5qF79oZAN3ft1rsPDPwTV518w53HPKdMdqjv/AInaVpsmEEaKBgAi
rmnfGu2TEySDHPIBwT0xXzkK+NvzUkdsFh6fxM6L/hSOhyODI2N4xnaMA+9XdO+HfhTRiPPhh3bT
1A6iuO1P49rDE0cLHCqATjue1eceLPjp4jnvgtqX28429QK7qeEznFx0Yp18JTfurU+lNP07w1bx
7ojEx245I4rRt77RrS286OWPPIAz2r5+8G/EPWNRhRLh2BAAG4gE12tnrV3Lpx3TZZMnOTg+1eLi
MJXpNqbOiGJp7pHXa94i0aO4JAjx3+YVn3vizTUszco67SOpbpjtXlni3Wb+TUFDTkANkqBx9Kmm
1BjocgEwOY9wDHFc2DdVYpQjswqVoum5WO90f4y+FbG5ENwYt+SB844zWrL8UdAvnb50CkjYQQd2
Opr5DvNcuR40ZEnOwSnC5969N0F7l7ZSzkAD5AWyQK+vr4SdOmnc41mdR+4lsezXvjzwvFJ58jxt
v6KWpLP4h+EZwokji355HHHpXjWopcspZJmLJk4I4qXRNHuliDSXDhgPmYtz7fhShhakqHNe5o8a
3O1j3WLX9MZBLAEwxIUdMVt6NdQagmYpVII6GvJfCltqF9aqvmuYwv3iOQe4rv8AwPourzSCOE4V
eCDnJruo4epKlyN9DOlXUpN2OpvtMtoYjJIyglcYFcZ4hjQFoyQVx2rsfEnh7xHZaSLuWNjkfKAe
leealNPOdhB3KxBHv3rwo4eVDGOCVjWvPnV2ec/ErQRdwSMFBXHQCvENU0mTSdW8yPgBsgkdOa+j
PE6JJHJHNjp0xXiXxBtVgunVRkNnjFfS4OEYq549ZNyNjwr4h3WwQTbz2DGuttLxpbXDEKe5968i
8OamLW/WF3KqGGBXo9pqsK2LFxwBzXa6ylIcE0ie41PybnaZ+jEnJ4Irc8M63IIwhnRRtJIJ4JzX
l2ueLoo7xkEucZyce9aGieLoJHAWZmAX51Qc+1fOY+jOtK6R6+X1bSsee/FT4fnStbh+xQtIYz83
HGD3ruPhYVbTHa3XORggn0qLS9esfF16l3NCcHKFgcg/nXTaL4eh0q5BsUIVhk7Rzn+VfR1MXCFC
VB6NM8iV5ycxviB2i0q4PkEN5R+TGc8V8/CC5uPHSXUfADFiBgjjvX0hrNoJtLMRQrkHtnJxXiGu
+Hjp2vS3gjzgHYMcj6V87hZVJVJ1I9Dtuo0bM97/AGIvEJ07xLqckaSSTR2B2xg4GMZx6dP5V4h8
Qb3/AISr4nag8SERm5Y/NxznpmvX/wBiyO50nT/EPiG5Ty4o7FkRyMbvl6fpXhnh3UUuvHd7qcu0
xy3R4zk9fyr7nJqsp4Zt+ROJtDCQ5u5u6n4ZlsLb7WybkkIRjt6ZH61iXvhG6vrrcIG+chd2zIUY
617N4g0O3ufBsKW6hSXH7zrj8KqabY6ZHbrKbhBkY2MMEkD86+kweLorFVcMmtDyK8ZTjzGH8L9D
tdBsZIZXz83zMRyDn9K8f/blhub9bS204sGz65yPWvcoWSa9kECKo3DI29eeTWV8VfhI/jW1juUt
PNbb904yQDxXweWYX65xjP2b2Z0RrOjhnc+IfCPgq6t78sdwJO05X+GvpX4DSCCym00KuCNmSDu6
dabqH7PV3pa+c9tjZnYBgDH171seDvDs2gyNMIm5OA2RjGO9ff5plUvYtp6nmwx6clZHMXnw4sL/
AOIf9pxwrlHPzgjPJ78V9O+BLV9L8Jx2VshVjFhGZhn86838O+HI2vw8lqdz4O3cMMB3r0KXWodG
tVR5No8gL8vJ9a+Gzmg8XmFHDp6dT0aNZqLk+h5z8SfhND4g1gy3riYAkgZAB9vc1xmu/B6z05JJ
rSLBAG75QDj6f1r1i98RW1wzOsoBYgKSvB7/AMhV3TtJ0zWLUNI4fcdqqw59ev41+j4XJ6NPCwpR
ep5bxTdZto5T9i34d2PifxtcWWt26OsYKxPIucn07V5/+3L8IdN8MfFy2jsrdFDSnJRcd6+n/wBl
zwRBofjaee1jAfnYpPQivLv+CgPh2ZfH1peSA5MhyR17VMMAsHltVcuqvqd/tlKCucb8OtMtrDQw
sagZizn3o1DR9L1O98yRUB3AlSuabo179i0uMiMq4QEgdBXN+J/Fv2CGS5iuBkckLxX47y1IY9yW
up1x6I9m8A6RpD26RxyhdowNp/zzWd8R/hjNKkmpac7MY4y2xhwT614t4D/aFn07WvIM3mAyZcEk
d6+jNB+I/h/xX4bZxMpZojwzV7+HyzBulL2mk5MyliKkZW6Hxt8bvEkkM7aIz7XD+WF6d696/Yn8
Em0s49SuIgwkH3sV5R8a/A1v4i+JEQsYmI+0ZwqggjNfXH7NHghNO8L21utuQyoOcAc19NlGDhSl
GPYitWfKkupj/tPak1n4SkijtyEAIkxXyloepJeux2bWM3XHAGa+y/2lvDrv4cm+1wsDsI27c5r4
2ggWy1iS3jJVVkxll6c+wrtzPH06PXUuVCPJqex+E5ZLrSoli2rhMADv7ZrrZ7+V4I4XjBkQgAjp
06Y71wfgG7MkcfmAhEXnGTu/Creq+Mtt25ibaQMBiB2PbFfCYrEQlW5mSoXhyxLviecwTtMW2gsR
gepHesGPV2tVCs/PXOegrUv71NRtVuAqlpG3N17iubazxceVNng/KfQVthMPSxkk0/kY15umrHZW
OrNe2fykZCfKoA7D1IrnNT8T3mm64CbrCAgEb63dAsglnw2SUK89/rXF+OdPkg1Ey++Vx61rTwVq
06bRrTqxVNNM+jP2cviRHY6vZtNN97buIOd1e9eONd0y7sGkLj96mCue/rXxF8JPEDWTxcmOSPgH
d79a9utPH1xeW6ae92XLDBdu/t1rqy2k8vp1afRndCpGcFcq+IbuPTb6eS3dlJYkqAcV5d4w8RT2
t6bzczbc5r0PxU73Fg8yrksG+bdjAFeKeOLstFNEXI253MHz+Vebg8v9vJzWlmzlxNblfK+p23w+
+N2kC5Gn3F3skU4wW617j4N8U6Rr9ggYIeOoXrX5y+KNau9P1c3djJIjqcghjXuX7PXxzuzpCW18
wDIu07m68da+8ynMqmDShV1icdfBylG8dz3n4y3NnaWE0lvhV25IHUV816prnka0djkMTnhiec9a
7L4k/FcajZMjSjbgA7GyT+FeKat4qdLl5VbaxcsMHINfPcQRePxHMloaYWl7PSR7/wCGfGEk+nLC
OCyhWw3J454xXOePrKS7tpZTGsmB8oYc1xngzx6JNpEjSOw2lscAe9dRf+IkvLM+ZuB2YLk8Eeo9
K+YWF9lW5pI6k9OVbmX8P9Yl0ad1eZQkX95SAR6detWPiZ4ukuNGNuxIYjhQ3H51m26hbYSKqkbz
vcA859T2qhrG++tvIkAIz2OfxzX2GAUI4W8hylyKyPLn06abVvtDPJgPmMse1eh+DPFR0mFEMmAf
lZd1Z82ixBNsqDBJ247Vm3Mb2odEIGTkAe1bxcIvmizmqfvkjY8UeLft8pQuAD/HuyawEeeO6+1K
ilf4mHTHrWDe6j5d0SZCD39zXRWbC8s40iA3FQCM5ropzc6l5GqpqnSvEvWHjWO1ATlWDHaqd/w7
V6B8LPiHJNqawRrKpYnOOBkDpXndp4JSS4EjghmBAZRyK67wTo6aTrdsUVncgBtxwfevVx9NzwbV
+hyKajUTaPcPCcuraxqguollKnrt6Hn1r02wme109hOgYEFRmrPwb8G6Zd+HFup7VSVUFYwBnPv2
q/410yHTrRngfgMOEHA/D/Cvk6WCnRoOcnuehzKV7I8N+NE4gkeaOXaMEHjp7149danDKsu2Uv2C
lsgnPUgV6/8AGrTZLq3cJGzbs4YHnOOOK+ZtW1250bWTb3MhPzHcr9iPTvXe94yRnRhWs1Y0PE0E
k2pbrQkMxPy8E/ga9I+Et3Jb6evm8gIAQcA5HXvXl9prsNxfpK8RYHk98eo967jS/FNvYQkI6HdH
+7ZuDnv9OMV2xo001JCrOpKyOo8ba/AIWkhlyd2EC5A984rxv42eIAfC9zeSx53J8q8Yzjp9a1PF
HjaJpsi7AAkyRjke9eY/HjxXD/wijsq7iwPLY+UhevrXNCFXEY+N9jajSjCokfH3jm8+2+I7uYHO
Zm5rJVTgMf4an1KXzr6ST1c8jvzWn4A8KXvjbxVZ+GtPjeSa6mCIi+/1r9MTjRpe9skfc0INU0j6
z/4JSfAy68Y+N5PFVxauYYpQiHaQB+I61+mfjm1i0uwWykULHBbbET0xXOfsHfsqP8APgna3t9p4
gkniVy8ick7c81ofFPVUvhNHasBIoIG889e1fkmd1Z43MufofoeUUoYXAX6s8W16/D6hdIJhF5uf
KJPXnrVbQtSNzfJa2qh9rhCA3fuelHiy2uNQZ4re8YMynBJySM8n2q/4JTTjIJkyBbqS5UHLccfj
XYlBUeXqcL9o63MemyXh0LS4bG3XBEQEisvfH16e/tUvg3WI7S3lufNQCTIADY5PpXAar4rg1Nv7
Pib95Iyr5g+8FzyuOp6V0M00OkWdvpWmxKGZsN5mBs3dO1eZUikz2aNW+xv6HDbya4t2sW/EuCM9
M+teh2mqpq3iO00K2tgkUSAuAMAn1GBzXJ+CtLe2sTq9wFlRX2szsMbiPQ+ldR4OtimpXWvMBygE
a7cD8DXZg6U1OOu5niqsZUnpqj1/4N6al34juDPFlUxFG6gA/nivaPD1o9jcv5z58s4jcLyfQGvN
f2aLSw1HV7i5MC4PKsW4z7Hsa9I1/UltdRCWLjIkAdXb5s9/wr7PB0E6amtj47GVm20dbbE200Za
LhEAGG459R3qZLUh5XtwfmOVAXIUdx24p+nvHLZC9uznEYOHO2kmu0EwVV8tCnyupyCD39q9KUX0
2PJu3ucx4k0Qte7YYARIv7wKeM59/wCVZ8scuk3QR5HCMDvCjg+nHTiunurWca463Ko2UJKk59MV
natp1wzpNFH80c5JBb5sY5HoOOa55wSvJbmqkrGXZ61Z6XfNaTRiaG6/dlABkE85HHtUKfES58I+
KE0bUpQ9i2fssoYsVJ7GrGo6T5Z3swdAvyfLxz1we1cZ400m61u3eyDSMyjMRHVSPQjtSdT2USVG
97nofiLWrK4VIJhtglGUkwdoPcH1rz3xhp0/hy+XVNPAa3PJMZznvU3gXxp9o0b/AIR7XYWEkbFS
3O761q39ompwLpgc7vKIVWwFZT059amp+9V1uSpSTsQ6N4pubKKK4tJyYXwJ493Q9Sa0JPEbyajB
KJtrH5o3TnI7DNedyy6j4Ov30e8j863kYrHvAJGfQ1Pb6sdMc2Uzv9kY/u33DMZ/Ckqlo2B3vqd1
rGv20l5FLM2I5APnj6R57d+KW902We1F7BfI0YbKyxnoOwrnl1A3GnYkIkIjBEpOCBjhelYdr4n1
Tw28j2chETjJikOR9Oa0bjJe8hRk0tTudO8YRxx/2VrEZBQ5DsfvD1rQ0bX0h1FLrzxMgclWR+QO
wNcXZeKfD3iSBrS+k8q4KkNsI5465+tZMepano+o7rfUlZtgJRUxnP1PNRd6Nou6aPpXw7rNvf2c
kZZirDCkPkg98Vp3LGd4kZwVKYJJ6du1eN/C34hTfaFSWYkuThCcHH0r1e01q3leNkbdGAN2Dnr0
Ga7YOFSFmZXlzWRd1KyaS1RYN7Z5dVXdgdjz0qOwtLi2sxCIwUcEvnjDZ9K072xlnhQq4KqASQTT
LcoqmGQFSMhMtnn2x/jScTVMwL+WW71IGS3HlQjCZOAfw9aL26t7VTKFHmSKAqjsPWpfE181jAtz
AfMlK4K7c881xOpeMWSdYomYupG6NQDjPrUTkqTSY176Oj1XW7TS7UKxHmFsh1PQ+hxXO3+rSSxf
23q123lqw8uOM9v/AK9YuveILBUzLeq8pUhY852n0JPpXE+IPEl7fQ70n8srwFVDtYfhXLWruT1N
Ix00Oz1f4tw6PHGIo0E75C7l4FeXfEj4la7eQCV9TZlcf6lX549vrWTcaXrWpP8AbZpmBdtwVm5x
69q5zWfC+oG4kl80SxrKArq2SfUdc4rgrYiryWNo0oyZZfxBfXunSI+oOjKcOC/8PpUelXmsfY99
tehiCSmGweafZxWT2xils2XJHlt2wastp1taQyC2lZkH3hn735VxVJSdmdtNRWhmT291rDLOwMki
ZLkHn06ntV7S9D1C2/fTuFJUMdy9h0q74fNvbLm5hxjc5Lj17cc5rQkNxB/pO3bGpDJuB+YenSly
q6bZU5SbaQ2ytmwHvEIYjLLnBPuM/hXVeHr+eGzNsLyTy8beH5bjOa5WPV4o2Z79QP41JwSM0+y1
6xguwxbnqCxwSvTBYdOldEHGOqOSSlf3j17whoss0W461KxZSVBl9PX1ruNHsb8QvEbverAbt7Al
eOleLaJ4yt7RftKyhd+0/K/b2rsNA+K9osgjmffv5DFs5AruoOmt/wAzmqNPoer6baW8IUTBVVuF
AYV0WkWMZBRAcH5cDquPf0rhPD3xLsN8cU6iRXBGMcAY4Nb9p40VYMWMnLKDkdQM+lehTdJu9zFt
rY7WG1ugMtCsgzhSF5FSwosaxySgB84yeh+tcvpnjh3yWbcyNkK2Rk1or4usZQrz/LIASygjaK7I
ypNGSlJG3cCKXKvF07qazbzS7a9iImtVbzG6gE4wKYurTXNuViCkYyCODWjZmae1ET2/QZPt+dRK
NOSeh00q04NWZxmp+Ci8bO0uYyOEk5x6f1rzvxN8ONPj1JtTtLhI2J2sCOgzyODxXrfiu8urASRy
W7OpX7wOFU5FeV+InnvPEAtyjqhyBKinaCTnB9a+XzvC4aNPmjG7Pqsmxldu3NZHD/G68n0fwkzl
MjB2yAZLADjj0r4J+LHxXNl4huIrlFaM8cMQCT/hX6C/tB+CtZ/4QeR0heRDGGSVfTHUelfmd8e7
OeDxBNHN8pZ+Vx90g9DXx3toYanLnVmfK8aVH7RJao6H4JfH2LwR4z+0w3TiCd9x2t0Ax2r7R8H/
ALYVlfeHhJDdbwQQzg5LDHcV+ZJ0ySNGmt3bKjKqM4B9q2dG+JOveHCtqs0qoPvkscex5/8ArV51
DNm24J7nyOFxdXDLTY+v/jr8UNN8WXEt3J5Uhf5jk8D/AArzDwx4mI1ZY4bgYaQYbdwQP5V5Xb/E
PUfEkbQxXMhPTfkEgeuOlWPC2oarpGsCeeQgueCRnGD7dK8PNsC6vNWitTnr4h1avNax9i+D5Jv7
MNzBcFGC5+9xWP4i8W3c4bT55H3c8F+Rz16d6x/hb8Q4bjSvsFxcAlFwdw7EeverGu3EAvgyDcg6
kjPPXipwdSnUwnJ1R2Uqs1KKT3I7O5ntXZ88lsqCelbekX97NCXnkZstj5WPSubutcsmkj8hdpB+
f1YV0OlmK4s/MVsgRktnjtW9KipS5+iN8VTrYGXNF2uSXWpQyIUnwdvyj5v51lzx6fAGucqCOcmu
I8eeLbvSNReMBl2Eldp6/WucPxM1G+uUhkZVV+oLdqwxteMqakkeesTUrTt2O8fUftepb0mbZjIP
pzXSGSI263DupjJPynPXFcFa6os1stwqgYACZPb1rodH8UW9zGsM3lhtn7wK2d3pXu8P06eJl7Op
szzMTVlB8yOX+JGsNpObiaQhS3IH8PpXH+HfHym/Ecd2U+cquRjP+fWvSfH/AIZfxDpzC3ViXQ7g
rE5rwbVPBGv+G/EBLF9srfKCuMDrj6V7WMwtTBUuXocMa7nO59T/AA38fkWMakEAKdxL9a6C/wDF
TXEbBZC+0bgDkEGvE/h5c3CwpbtMxypye3vXocOoiGLZLLg5UjcenFeC85rUabpPU61ByVzqPC3i
9oNQT7TITuOBu9fStvxxFBe6V9vsYwxZMhR615LPqskN+7W7H2IPGfWvR/AOsR+I9D/sy6mO8Jgb
RkNxXxePr+xximloz2MHJVsO6b3PKvFvii7VGtXkYOg6BT1Ned+JvGeoxQP+/O3yiCM+nr716r8W
PBk9hqTJAdocchjg8e/pXifj60ktkaBYx5ZPySnkKfSumOB+sr2i1OCVWpSfJI5iK81nxLq7RIJB
GY8/Oc8544rtdF0ma0txB5u5V4ZSec4rm/BUWy5ieVMNu+d++M/lXpMtgIdLScbQADltuCxzXp4D
BwqU2trFPWxWtfDVtdWbXLKN6AE55z6cVk6h4URWM0cYJOMlRirtv4iSzlMLyY2qBnd94Vr2MlnN
EXMg3NjknjGa97Byp4ZWM6kJPQxdF2W0wO3YTw2T0x0Ndvo2r2/2GRBMDheh6n3rjb4JHetHCCx7
lVzjnikj1K7ttxYHLKcOOO/Svjs2qxVdq250U6cuTct6y0+paskUSlk3cFR60niqy1DQtDZnyBs4
bOMH1zTfDOv2tjfvNczZUHrnO2q3xj8cac2jMlqitvXby2Mn1xXg4ZKeYrlZ2WjHBvueLWUtxdeL
Xu5nzumYsXOO9eyaHc+VZLOnJ2gKM9TXkvhdmfVJ5T95pC3llcdPpXoEGtJBarvcIQATX2eMTVFX
PFotqd0db5wnKrKmPMbL47VpW8lqtt5N2p5OE28AnHSuB/4S6GAEqfmLZVlOQwH1xjrXRW3iFLpU
Jcs28Hep64rLLMwpUqLpTNa0W5c0T3z4a+HrY6NEyxBt2MjuK9l+GXhOyQM11F1bIIHB5rxr4Ra7
az6PAJHw2SPLJI5A71674R+JWk6U8dj56K5AUKzgnnueK7qWIXNc93CexSV1qdZ4q0qwudPe0S2X
AQjbuz+Jr5z8V+HJ7PxRLBZW527iAPU17l4h8c6d9glvIL6NUKnI6Fsde1eYp4m0m816SdmWQsMj
nOOcelc2PqUIVk3udNbDUsRLl2PIPGcE9qzi7XaeykV4f8Q38y5d1525zivpf4s6dBq4zApX5fvA
V4X4r8KW/nyrKjZxySK6MPSm43S3Pn8VSVGrypnkcV+kepIGc7QwyR16102peNo9P00oCMbTuOaw
9b8NyJq2LY9G7fWsPxldTQ2pX5iOQRiumjQfLJMynJRaGw6vqPiXWBBZq2Hfbx9a91+H3w9soLaN
Z4UaUKS2Rk8+teP/AAR02N9ejuLtenTnp9a+ira5SMeXZmRio5Cd/wAq7sFg6UqX7xXOyhenU5jx
XSo59H03LRZSNvM3gcAGvSPB99HqNlHOD8qgYJPUYzXl3hrxXFruhtZT5OxdqqTxkdTXd+DPHmk+
ErSCWSJJBKpR0KggE8V4edcn1x8m71OXDw53yy0NvxrqKafpn2+BBt3HBPYdya8h8Y3ltqk3+jyb
t5yXQjP0r0bx7dpq2hyoFYKB8kY4K56CvIdKtJ38Qx6bO65a5SMRsMEcjPTisMLF0cBUb6sKq5q0
UmfU/wAP/CEPgr9ma/1F/le5sPNkKgfLkdz/AEFfHt9aatpFrJqWlo0u2QurquM5PX3x+tfdXxSt
7Xwd+zjcMNixmzSMZIwTt6Yr5l+Gfh/RNf8ADDQsFwz5YHGT/hX2GSU70XFLY680dNUoRa1NTwD4
ml1X4fNd6mNs0NqSyN6jv/npXlOjfFHUtR1u5sobvKrIy4Y5K816Xqc1h4c8OahbxXG9EgfA9Dgd
fSvm/wCCc1x4i+LN3bMWYLc71G3dk5PGfSvAoUcVTxGKrylojmhKmqOx9MeFomuo4jOpzIgMiE5I
H94e1dp4L16wv9bOkSbG8pAHAXgDPXP9K5nSILeyhlm8vZ5UJKuc4OB3z0FeF/D745w2/wAUdStY
rwqouzkFsqPm6Hvir4GlVqZpVrx3VvxOTGxgqSuj7B1zw1pjozC3hO4YwByO/wCNeU+Mo9PsdR8u
0iQPuClSMcetdPpXxMg1SzHk3GSwHmEtnGPauG+I2sB7xH02TG8gFlbBbk1+yY7E4engHUlvY8FJ
SqKMVoaPhVBcXIkglBAIU4Ga0vHuiyPaLJDMweJcgEDnI6DFP+G2nbNF+33bYG3eCVx9BmoNe8d6
Q1w1tPNEQ6kdR8uOgINfkGEzDDzz72tV6dD23RcMPZHAudVtZRFdpgAgeWc5+tdf4e8YWmjWmPtA
JRQWJIzUcVhpvieydxdR5J4KDnPXNc/rngBbJfMN0XVydoGflznniv13CYmnOkpw1PG5L1b9D2v9
mT4i6XrHiWWaFushGAOfrms39tuwXVbiO7dF3FiyNnnmuF/ZPtbmw8TTMgKp55BIJB/Ou5/aiguL
7TxISWVFOTzwMVjXrynl9ZS03Ovnskj5w8S60dN08QDP+qCjce9eT+M9evp9PfZNtKhuB3rvvGRi
ntHWHcPLY8tjB/LmubsPB8/iSN9Pgty5ZMkbeSfSvy/CwoQnzSWx6iTUoyPPPhLDe3+tSCdQHLZB
/vDPpXr2oeJNR8E2UZt5nQMpIU9PfFTeDvhTZ+E9SivNQt0DyPggrjv61v8AxE8FnXbERJ0UBl2r
jj0p5rXpvEK+hVON33KvwXvU+IXimHUZt0i7hyoHH+cV9wfCFNP0PTEluiiKFLAMg9K+Uf2YPA40
y8DtalUjcbTjr7V6T8Zvi23gXTNsDbHCkbGPC8e9fU5XXhDC+0exgop4j3jr/wBpXxppl5pEskTj
eSwUD/Cvh3Vr6K21yZud0kpIUtgEZz/9f8a7y9+KmqePLeSZ7ttgYk4bg9uDXj3xHvJ7e+llRACV
bBXO5R6V41dxx+JudNZ3Wh7X8KNcg1m9W1WUErCzBlJ5x1Fc74ovpxqUojLBPMYjbxjms/8AYe8U
WOrePrzTtbtVbGmShQzksnHBqh4i1CR9bvoYlUolzIB8xyPmOK+axuHn9elFbIIqKwy7na6D4gkn
sVfzTlBtP0q8jyzyi4/1it1PY1wWg6s0ikCQjDEE5wO1eq/CjSR4gsZIfMDshOABmpoyqYFe1T2Z
hOnGo+R9SxoGqJKPJD/ODtIYYyaqeN9H8yHzpBgcZA4zXW6L8Lb+PxAk8ibYs5I2dTnrXSeL/AVr
caZtRADtJLFe9fSYPEVauJUmtznnQiouK6HgVrqcmiNujJI3Z+mK7DwH45uNV1iNVcthsBc/eJrm
PiDoenaLchIpm3EknPStT4HaIbjW0vW5CycDHf1r2MRgatCnUnLsYxrrmjDue2a2xfQvOMoB2Enn
pXz943lcavOJ3Cq5wD69efavoDxmEsNBPzJhVO4EV8v/ABI8QI2pOkajcWO4ButeBgXJOSXU9F01
OSb6HIa5ZW76o0l0yEdsk9a7HwZ4Xl03TTeQqAGXdlcVx2kWF5r+uxxGNjukwwxmveNL8JyWvhcq
IfmWMZG32r6ChKjy8smbNtPQ8V8a+ILq0uGtGlYbhjLdq5HUJpb6J41DFNoO4nnrya6H4l6DfJrD
XJZtueENUNDgtRBhkDMVwS3t2pYiC9n7juTrzXsQeE726sZGhWY7FKjDAnafXPpXeHXWksVUHlOW
46/QHtXFo0EF0D8oAIDuT97HpUt14st4QLZpgA7jcM8qO3NeRKn9YlZIylG00d9ZXQl0wB5NzYy2
MjB7UtnIbhzbMvGOVz196wtH1w3FsIkyWJ42H73vU+l6lGNUPmb03HlmPTHOK6ppwwvLY0nHVIn1
wG3DOITjJCrj7tchqNzcyExhicn0r0DUktbpJZNobcMjd0WuPvdNhhvS4IG4HPpXNQo4iVO+xi6k
ISszOt/CE+oW6zx22fm6EfrXZeGvATSQiGKNgpAw68nOOn0rV8HabYz2aI5K8YCt2Nd54fsIdwgh
CEAAcjIU+uK8rFZtXwc7SQ1JSVkcpP4Un063DEpu3ZX5eq//AFq1/hb4fn1/xMoaJNsY4OMlmz2/
+vXfSeFrbVrZYraNSfLAYbfvMOoHpmu1+CXwmWxuPt6Ww2SHLqVwD6Z9MV6eX539dlGF/UccFUxE
7JHovw683TNBW1ggcgDHyAA49/Ws/wAXJf6kyRhWwMiIlRzzXZzWunaZYrbvBGsgbcADyo78+lc7
rWt2FrblbuZcK5+TA4HatcxxzcvZUtkffZNwbPEKM6uh51448LvcaUZWtwHRsHLYIyOTXzD8Xvhd
DLeNeIhR4zxiPqe1fVPinxbZSo4inx5nA54/KvFvilqWnTWju7qOucjkn1p4LFVeZKR9XPhDA0qV
z5sv7aXRbj7OJNu3lQSM+/NXLS+GoQJaw3CplMAgnDc9sVz/AMXdQ+z3cjWbbSTknBOD61x/h74o
LpOoeU5RWDoNzHg/n0r7jL8PhsXSSmtT43Nch+ryvDY9Rufh/qN64vFlJUgbgW+Y+mK4L49fDnUL
TwnPNcTEuoOQznnjI4Nej+Cvihpd/CUjdcqwzhhhh36Vg/tI+LLa+8ESsYmZnRjFgYDcfd969yhk
OCpzVRXufOQoVqVVJo+FLiNo7mQPgnPUetfoX/wRF/YT1H4y/Fa1+I3iPQ2lsrdswo6ErwevFfHH
wC+CXiD41fEy20TSdOla3a5U3LiMkKM8iv6af+CVH7M3hf4K/BXT4otHiiuWgy0ixhTjj8aWK5q0
lRjt1PraTtYz/wBp3w+PBXhGHw3o9oIEWIJEiLgLgY/P618ZeP4206O4e7bawIGXB6/h/OvvT9t+
4SPT2uJD+6VCU2nafXNfnh8cvEMtyGtLdh5rYHu2fpX51m9HlzSy2PvsNVi8uT6nkmsa5PpxmuA5
k3zFQF+b171P4a1ae30ma7ffh15G3LZ7ZPGKfH4YQaK2san5rNH80aLwGH09qxxeXEl7FbQyBiVI
kVlAAPfP9KtK6uefeV9WdX4Cgivta/tG8dkVFyTjO72rvptGgtbb+0nmJMj5TccjHGK43RYJNP06
2hmgeNppCWCD+H1rtdY1XTNPs4I3k/dog8temWwOPevPrb2PSw0rRdz0HS7Oa08CrLLeKC43EsRj
H5V03gGOfUIbWJfuKSGXu59QRXBQ3+oa14etba2LudoyD29vrXpngyC00280nSB5qGVd0j+px39K
9LBxaqRl0OTFVbU3Hq2e2fs9wRaR4a1K5KbJo5m2uvXHbrXQW9893qEc6yxyHDFgx5yefzrD+Glh
Fp1ve2gui8XDEk9f8mt/QzFJrjOQu1TtODgBj3r7DDOSo7Hx+Mmva6M9Blung8OQ3MzFUkUEsoGC
TT3u0m0t5rZCdiAq6AE/lWBq11dWOgy6bczOAoJty5HbkgfnUvhnXlmsoRc3CoZo9qK5wAf613Xu
kjjjNpmjeGbUA13DcHzCmJFPUn156YqN9QW43W+9RJJGF3N3PrxVCDUrjTri7NzaFgXIhYN19/b6
Vi+I9duYIV1KznRSuSxA6Gs6jUNUaKWp1EDD7AE3bs4RhIOB1GeawtQ0ttL1Pzl2TANhVJ+8PTAp
2m6sdQ8JPJBcKzjLbAec89c980/wvqMOq6eJ1bZMg5Zh3HUVm2nFIttnOeLPDFrHLHqmloY3OTIp
bkHP+eKrPfzJahrY7WhOSpHfHWuv1Exy2sojKyseytyOetc3rulQCx+0NDKrM+xii55Pr2rLkUNU
Nyuh8yaV428Prd28arcxk7lY4KkDpXFXuh3VyskMB/eAHdG7HPT7351Ppepv4f1yS3u2aKOVuVYc
bvXPat7WdOdI112xdGWTHmY7iiT929iThHvPE3hu4EayLLanYSMncg/HsKtarcz6naG9ssS4Q/uw
Oo9eMYrpm0iz8QQslssZlKAYReB7GuR1Tw7q/he4kvLQEgcPAehPt6Cs7VbXexXKijE9vdcRzC2m
iYZjbAz7D/Oa29L8QWd9I8N3BJHIgxG8g6Dv3zVdEtvEaC6ghZLlo8NEByD7561Lc6bc6XZGC6tg
xROu7GfU5rGvX9jonuc85xhu9TU8P+Jv7F1JJoZVD8Dp/L8q9i+GGvNrUaq13lg2TjvznOPSvlpt
dnivvtEDuccqu7PHTIr0r4R+OobLX7OSC6yJmCMolxyK6KE+W3mVF9T60Fyq2EcspxIQFBEhwQPS
rMGnmXTFupkyCxI5/wAK4vXvEjRaTAFnQecwEasejdznvXUtrsMfhmKO1mDMsYBJPOSOeRXpXjc0
vZXOJ8baqyyyPblcoMB8EAD0wetecalq0KxPFCj+e+5i7Pxj0475rsvGWo6dHKW1eSNVH3Qrkk15
74ivRdPJHplumSu7AXkr715mJac73N6TXJoYUkVxNdmO9jYq8md5Xj2FRXGmzSlvszbVyQCmdwNM
uLHXkVHnnxCpBeKIcnnj604XTh1UXkwKkkHftx6A56GuVXZtaxl67pN/IjCcSEp90b8YHTt2rCh0
a+gnJFyxCnLBe5HpxXVXcMk9wZvtyuMldrNng/zNZ0l41jfSWtzbOY+sZx/PFY1UkbR0Vyg0KRp9
ontkb/bAIwc9xUwsEjJkcqqjrwORn+VXIbg3GIGQSoCRlxkj6j096iitTb3GcqxJ3ADuPpXNLR2N
YSe7G3GmRlhM67VZtrFGyBmopgyRfZwzqF5UkHaTnrjvWnfzTiAQLFlim5QCMcmoLU20Z8m8EhdW
Hlkjjp054qeW0mau9jA1Oxnkm3SymJcDcSMjn+v8qpy20UpHk4CozKWIzgD69Tmuk+yWt3dk3Fli
JgCruO/tjvxWXrVvZRS+XDbkZ/1jqwbn1q0opbGNW9tGJYarp8EX2WRGYqu1VDccdx3NbmlQjVlI
tpVRUIG5jjHGeMcmuUkt9IiXdLN5TKhA3nkcfdrY8OeIRDcC3Msa+WFyM4yMdPrXTSgranBNqJ2F
hY69aRBrLUiFBxgtkA13nhW98Rw25NzKJAGwuPXuM9xiuP0W5trvy40ZmZ03ZxjvxyK9A8Kw2qqB
JuZHfOAeh6Gu2nBaGTlc6rStbhC7XlDI3ABXnP8AWtaC6sbhFW6tcMqt8yk8446Cs6ztLYjNlHIu
8nGSOOh6dau22n3yKshtUIXcxBTqx+ld6imrdDGT10NrSnt4jEq3G0hsleCW/Ouk0jUo1UK1wpOe
PcehzXJW1hPJ8siNlduQ3c49quW2l6k5AWZgVX5N3Y57Vqn0Lj0Ox1KxsL+2E04DhmOCOzY6nPau
YtvANpf6sH2E5bG7rz9K0dG1DWbaIWl9a+aCMl89R6YruPB2l2M6C6jiAcnJz/C3pWdajCvDlaOm
jXqYe7TPH/2i9C1Dw38PJ7qG1jmiSHDoVz+lfk1+0Z4p+H2q6jdWOpxC0v0LfMmdpOf1r9uvjZpV
jf8Aga9ttSgEkRtzkFQT0r8Hf2+fBHh7TPGt/qGg6uYirsy2zDB4J4FfC8T5fVptTgk1LT0PGzat
LEpczPL5dYsvtDR2mpBlYnqeOMevSrYs4dWiEYcYGACoz+BzXiVn48eyvvszyksTg8j15OK9Z8F6
9HfFXWZGVjhjtI7cV8DHLa1KtzNaHBTUJ0vM9L+HPhWCy2RlkADjKMDlh7V0PijRLGxRriEBGwc4
6H6Vi6FfPaJHetGSr8nJwUqbxf4wzprxb0ChTuCsCRX1U40JZdaS1seJWoyjV5u5c8E+MXtrpbMz
kFJBtZenIr2fT9QbWtDVzJh9gy24c47mvkDS/F9za64nlMeZAVZm7e9fQ/gDxqknh7yXmUM6DKhv
avgFhalCbfQ1nWnTaS3ItT16SDWRDGCVR+7HnHevTfBfiFpNGMkz7tyHHPBryadVv9RxEgdmbHSu
+8L6dLYaWFn3KAMgdB6VvPFxo5db7Tdjpr4ytiopTexyPxEWV7qWa4B2yZYbuAVP0rz+yvVfWY3i
kUAcEN1GK9F8bW0mqSSxx5dSRgHnHtXEWngrVILzcUfByVBXFHLy4eCktTCjKOrXU6eDWVW0Qo2X
z83PTjmqOjeObeyvlVrrChiokPqD0IHWnweHC74K4yMEEnANcv4i8F6uJpX02Ult2cYOF+n4V7WD
bik4o4KsHqfRngbxJp+u6cAsqKWTJGeQf/r03xj8PtO1WL7T9kUuQc7m7Eda8F+FviTxh4W1ZLa8
tZfs+/iVsnH+NfQ/h/UZNWsjK4Ylwu0k53A9K96tnlDE4b2E17xlDCvmTucno+n2vhwi1lVAFJAY
DqDV3U76yltdkN0fM3YyrcY7VN4505rO3k8snpkHJya4Ea5LaS7Z3Ynf2bgV4VOnSjF+2jqaTm1o
mdHK6RODKxIQ5Az39cjqK6PwD4im0TVUMMh8uUgsF7nOe/QfSvPX8VxOWhLqWx0BzxUdl43jiuVW
W6wuPlUN3B/SvnMxwsaztbXobYWu6Uz6H8b6ZYeJtOF55atthAUgnqa+c/iP4OmErQSKcRsTnGBn
0Fe6/DTxrZeKfDqWCtEHVh/rGzx7VyfxV0aO3vpJyiRiVSMheMn09awwGNq0oSo9Yndi6cJpTtue
EaBbyQTKs8AVic7uvQ/yrrr+9u4tNNyJcqYyRkZFVtY8OtFdpc2EeHHDhDjcO54qNoHuYmhuG6AY
I4wc8mvcy+Xs5809mcjaT5UcD4p1e4E4uY5NhTOwBxxWz4D8U3OpKEnl2qQo2E9+9Zfjbw/9ivZJ
BEixv2XsR61H4ShVZfORdrjJ3buK761GnLWOwJ2Wp6Rm3SYOBkHkkMRn2qxdLBc2+RhGD4A9sZri
tX8TTWtkMM3yty+SBmq1r8QInRnedclRjMmMnFRjMuo4jD86WxnTqyU7F3WfNsriQxOwCNkMR3rl
vFN5cXUTLMQAuGLlicjPP5muiGtyazdGZChZ1+UDOAf6Vj+MNMvfKR1sn84LxIoyMZ6ZFfDYXDKG
Zao9CcnLD2Rz/hyWKPUPN3qVGVJDEEt2BrV1XULq3DNHcDzWPzqDnGeMf/XrB0ewuIdQMos3BMfS
TIBx3wOv1raksfNQLKmW2ngD74/nX0mMlyxXMcNJO10jH1DWbiyRMysoBwSV4XPr6mux8FeLILm2
itt6gcclfvjHXNeceNLO4trSQRLgwNnIXGD/AJNL8NdTuZLkJNuUJJgKTy3c/WvOlhIT/eRNrtr3
j6j8H/EVtEjSKK5cDBBY4wvHJPf2rV1Tx5fXh+12d8Sw2kIvBwOp4r58l8VtYTxj7QCmTtBbk8jq
BXdeENVlvLEXU8vmMDvIVyM+1GGx0aE2qhTc7LlZ6RcfF3WpdOWxW63Z3Bfnwc56Gt3wD/aMsgvL
qfmQ5DN71wOiwWUtwL29AJz+7UnkfWuy8P6sLm/htbbckaj52B4A+le9leBp5hiHiK3woieLqp8k
HqbfxD1GRLDeJE+RMdOprwTxp8QNOS/axu5iW6SBeor0T4v69LJbz29gzBQpIYnGf8K+XPERuJvE
5kmlIcsBksTuOa7sZjKdCryUvhMJJzleT1PTtB0m213UHuraL5AdwJ61j/ETwHmB7tIsIWzyK6L4
SmY2oilYMuzIwOcV0vjXT7b7A8TPlfLyB6//AF69GjGnVw/MjBzvUVzxzwNcW+gCSe6ypU5BI689
K9c+FmrTXl0010uUkUkFv5V5kNJW/wBVMBhYoMgccYr1fwLpUWnaUDp/Gw4QtycGuDHV6uFoOS0O
yhU9+ydzzZ/AUXhrS5GtoyhErcAYJPoKwtPurqaQpNKFMDcblxtHXB9677xnq6W0T2rrtRm3Alsc
npxXCapb3VtePHHMjRyYJZV9h1NfMYavUliearu0bVYqCsdB4i8ZzSQIkp3MyDzSy8Nx1FcnpTwz
+LtOe3QjfeLuCgk9RV3WLZdQsQ8AJOAzb22kdwPpVv4P2cV/8TNKgvoCFFxgq7ZAyTjrXsVMFVWC
U76NmUJqVaMep9PftY3CWP7NUNlBu33PlgkKCw+U8V8keCfF/wDYeoNoouCAi4Yqcn1x+tfUv7ZN
5YWvgjS9EsXBZnG5SBkfKf096+K/G0F54d8RrPLK0aysQSpyQM5Br6zASVDL5vqrE5kpVsVGPkdj
4l1W91vTdRs43EjzRYEh5zxXKfsi/Dy70bxHqviDU4dv735WAIxyelbUWt2dhow1eZz5cq7SxGMH
39K9R+Fttpn/AAiMepWaGQSpub5R+dePmahhsirVL61JK36nFTk/axpl29l8vRdTVCTi1bazHnp1
Oa+FRYXnhz4iXerC8IllumYFX6Dcea+y/iXr0mkeBbyXyyryA4bGSfr7Yr4h8T+O9Mm8RzOpQeU5
VsOOTnpWPBlKpSwlWcFu7HXiEpNJ7HunhT4zPYSRmW5ZslQADzzXfaPq8njjU7f7LJkE42Fs7eeR
7V8qeFtem1vVFSF96k/dSTPQ8Gvqn9m7Tme8jmdRuQfdlbIH/wBeu7N8wxcKfs29zGlhaPNzHu2n
eEtRl8LRwWcAIZOSHyBx0r5n/aGu9U8A6kx1YywhxuXK7TnPrX15p/i7TfDmj4vZEREg6sAOf8a+
Fv8Agpn8XtEvNO+y6VeY3kCMh/Q9658m4ahjF7Sb97t5HrezpfV/dd2ZPgr9qiHR782rX653AtuO
Sf1ruZ/2n9Av7P8Afa0gdlyyqRgfjX56WnijVri43vducAbk3kL1/wAK04/GF4ZPsqXTDJwcMSCM
+lfdUMrxGASVKfuo82eEv8S1P1T/AGRfGun+Jbw6hYo5VpM7geR+NeufHpYr7w5JLHlv3ZGTk84r
5a/4J7G+g8ErdTM7FUyzbsAZr3b4meILqTwvPO8h8vad25yMe4rinmCeGqRk9Xc850VCdmfNHiNp
Glmt4YwG807SmNzeldd8Oxpfhy0iutTEayyx/vdwxx6ZPeuSSaCXVJ7ycKNrnYd2Tj6DtXCfFP4r
vYMbOwuCrB+qHnGcda+bwmGlUi0+p6cKkUkeweO/FkGoatFDazKG8wMwHA68CuxLxXXhSNJpIwwZ
S+Rkj8utfPfw+13+2/s91LdbyeXDOSWx9e1e/eF4v7R0W3tmUh843BuvPU14uaYWc6y5mTQqqMme
j/BzS4bTRWnWEKWOW2L7HBrxP9q/V7yS5a0WOR8KfvHOD0zivo7wZDY6PorCeLrDwwAGOPevHPix
4bste1OeeWNJSScKSD245FfWckMHg6dO+9jJ3nPmR4h8N4Lq30Gb7XZZQKMjcM/Qe9ZHifwRfeJI
2ubeFuHwRtIyPSvR9K8O/wBnzTWotgwEmBgYDH6V3tv4CstG8LCaVIVZ13AY7dea4pNUMWn3OilK
Di7s8L/ZS8OzeEvjS4kVwslqyspO3HHQnvUHi5o08eamgO0/a32qOxLHk1618MfDVnb/ABShliQK
H3AkpyTsPvXlvxH0c6d8UNRkdwiG4ZgGfGTn0rujlP1rEzqxe6OT269o49CTS9Mltl82UqE28k9C
a9r/AGaZLe4vXgVc5bJHYe9eIjVVksmiE6/KMsjcEe+K9E/Y61e4n8XzwMSxz8pIODz0NfP4/Byo
4KopK9jdxbqRaPre60iwsdKS/MUa9wGGSBXk3xY8d2+j2ciFiBgn5OMCvUvHV3LpfhYTNcOwx0Oe
3XrXzf4/vD4heaEtliTznIzTweYP6rSk+gVKT9ry9zwr4j/F1J9deASsVySFduoJr2P9mLVG1WJL
pejnjcccV88+PfAcy+JGupIz/rOmOmTX0p+yxoUdlZRWwVRkAuMYyc9sV9BmeYurhkou7ZgsGqck
2tj1/wCIGmxtoDuG5Me7BHtXyT4u0W6v/G2wQ/IXO4Ac9a+t/incJp+huPN+QIQBuGR7YrwHQ9Kh
1jxhFKYywaT5eOQT615uESSvsdLdi18Ofhrb2l39uu4MgYKnHIwK9ZtNGt5tIVFiZc8hW6kYph8H
yadoonSD76/eRfStbwvMt1pzCaPDpx9AOK56spyxHs+5PM2eDfFnwCBeNIY/lxwSeR9a8j8R+Gr2
xjkksVO7PRTX098U9OglmBkUncfSvLPEXhuCVJHCtgZZsdx7VGFrYqnivZy2ZcKsVDXc+fNc16+s
VaO7QpsGBnFcbf8Aji4k1COFnKYfILtxivTPiJ4F1DWruRdNhIPO4lc5yOMV5xcfCfxDaXjSXdqX
iQj5ymSDX1+Fw1GMbsztzPU9R+H/AIphuNOhZ3BOAchu2OeK3rvxPY2yeakqlTygI/rXjE15qPhW
zCksvO4bWK7cdvf6VmD4gaxdzGBg+d3IL+1enGhCpDlUSKtNqWh783j6Fo1gaRcEclWBxVeG6lvb
ncnzb3G7njH415l4Gg1jUp83TMI26Bs56jvXtvgzw/BJCkssIbIGA6/rXnYzE4TBQ945lh5VDc8B
2+ovKF8htucFwK9S8E+Dp7uVCVldS4wVUjA9zWN4D8PXM8628UYGXDMV6gYr6R+Ffwsnu7cSSWm1
QF+VhjIxnnHFfGYvE4TNK3JTWp7eVZTXryWg7wH8G/ttoshjZVTOGJ4zxzxXaabo8XhJPIEascEd
OuD19q0bOeXw8Ps8VtGFZcbR3PpU+paTc38a3aocuR+73cEE8njqK6MHk06Euanoz9Xy3JcHQpxl
JanBeP8AxFqFuoa2VsEkMdvOf8K8t8YeKdTntHihl3OGxuOMH1Br1rxzbQWtjJHLjcPmxkkEenPS
vAfGHimGC9nsolCFXwxJ7+telDDOU7yWp9LUlDD0/d2OR8TeNdZtppI5HBCnGR0X9c1w/inX727t
nZhuibLHaenHc/rV/wAf6xIZmuIkbafvMi559ee1chJr0ktsyyx5LqRtK4yD3rpp0VGW2x5zrSkr
XPJPihNcTvIXhB7nIxuHPv1rwLxrq02mXx+zADY+flbIY19B/EOzKxEQ3Cvy2Nr4P06184+NYkl1
bzI2IRWIcE9s9fT2/CvtMnScVc8PMLSi9bnpnwe8VFriN7mQ+WXHIwATjmu/+Kbyax4VWLT4PNRQ
wba3Yj+H1NePeBjb28KwIzKD6AHPqMf1rrdQ1zWJVi0/RWkZnwqRuCQOe1fVSfLSvY+Mn71Zpnu3
/BMzwxrFz8Q7XTNG8JY3Xg8xzHyQa/ok/Zv8BXGj/D2x+2R7GNqoYE8Lxk1+UX/BEr9nvxZd6xBq
upaM0v7/AHSTtHkAcdz6V+2Wh+GW0TQorFECqsZVgAPTtivDpzU6kmnc9Gn7kbnyV+3ZHCukmztI
FJC7Wz64r87fiN4TubW/e/uYTuMi7I0/nX6w/HL4TP4xWTzI1JwTjGSoPSvlz4nfsdXN8JC7+YUP
H7sjPtXzOY5dXqYl1VE+swmLw8cKocx8B+M9QkhmbTYLdHGPndR9z2qn4R0Sze9FzconznCgpuLc
e9fR/wAS/wBlDU9DR4dP0gs4fmQrj5vy5rF8O/s56xo9k93qGn753J8qPacg46+1eZLC4iCs1qXH
EUZzPI7y1nvPEEVlbwlgrDKqceWPTHrWh4ptk1DWoNFsd+y1AabYpIb2r1fTvgNdeHzLq0tpm8l/
h8rJFaGkfAPUkkkutZtWjlYbty+nXkelcNTCVn7yi7nZ7alBKLZX+EGkI1pNe38A2RqFUM3AI6YF
eh+GdOl1PxrY3NlZBggBKgYwPXk1lab4Lu/DumuoiABcHoRkHpXW+Fre60ySLU9rKYFGA0ec9+vp
XsYCi/ZqMlZ3PMxtVKbt2PWpp9N8L+Vcxw/PcxKCo6A+lPhLeRJeQL/ruQHYDkHnH8qx7mSXWdIt
o5GA2ncTheO5962IXit9PKXBJH2bcuY+M9B/jX06dopI+UnJ8zbOh8YRw3Xhqxu7dA+4YZQD6c9a
5yS7urOxtLgAI0cwKAjgrnrirOm6/b6l4fS3vrlXAbADxggN6c1S1WB5bFZo8lojtYKccH+Vav3d
iU00db4qJi0u31i0APmMBMEPXPc1y9+GewkVpcYnyqZ4A9foKksdSkbw1JbyzysIxvRi4AGO3vUW
ma7Y3entDfFQ7KCwwMDB7VnV1Q1uVvCeoT2GoPpd1JujkbdESOn1q94a1Kz0/wASOkcqIrTj5Dnv
WZd6U0k6lJlKoA0ci8jn9T6VW1e3+zXY1C3fAYgSMm5QrDp9KmNrXZtJ2Wh2t1LLJfyL9oAjJyuW
x+GKit7lLnzbK9CPDL93a2Nh6dc1i6Trja9Z7Hm8q5jbaoZslvx7VHf6sLa2RLuFEKk7zGenuafu
S1s/kZqUrlTxf4Un1RGX5VlQlY3kGM4xg+/WqPhnxbd6ZI/hjxPbvsUBVfYNrduvY12Futn4g0Td
b7WmxtDxnqQOtcr4l0+4VgNRhORgqyDOcdziocPtLqauSRsaZ/YQkeCC943bo1KHGfXiro07TNYt
2j1XG0HBcDAYe1cRdq5m8m3uhDMHBUKcHjtUTeKdYtkW0mlLSK+N5PD884pPlhrImU2lct634Zt7
HWWudPQKofKOr5Pt0ov9bttQgGl3beRMi7HZgDnJ9609M1D7VarJcofMbs75XH0PeuX8aaKl9Eb2
xVI5FTBB+9nPU15FGMsTiHVjsjkhJVq/MZevaTp2xowoDqMxTRjgenT9ay/B+rvpviWIXcQwsgLB
QMHnqPQ+9RvqF/YB4r5sM5wVdeB3z6dql0q0sr7VRqLssbIVIjAGGHfH4V6Li52tudEm7n0tqerp
f6Np92t07xwYYgkHmrUXjP7QV2XLgRnJQn045A615z4N8UJBbR6PNcB0VsqDzuJq94yuLjwxeRah
HGNjA7SqrjGM881dSU4Lmtoa0pRk7M6fxPbC9Xcig9MPu2szZBxjrXNP4ZNxIY5L4wFmfgZByf4f
pUcXiDVZ4hqV6i4IBXyzwSTxn06VBd65Z6lfCU7BvbaqhuF9STXLJqUlbqdqSSsg1XRrrSoPL+2N
d7duDjKj2HvVGewsblF8149wXBjXj5vx71Jq2u3GlL9nSf7QDGcDpXP6jMt/bmWSxkQnDK6vTnJQ
0SHdmhqHh+0eEfZGzKqbQVfAzn0pbPQhcypFKBI2394Wbrk8VzK3+o20+1LuSQM+UXzfut/dIrRS
9mgeO8u7uYbvuKDwfU46VleEvss0TcVqX5dNOi3LxwJhTgnzT3+lQ3aw3DeakyLIcnaAOMduKJNQ
aW3WUH7QpBAQsS4PqAawX1a3t7kxEqkbklRJ0z3JJrnlGN7msaqRpT3882IpMiRSCF8rkge/TFPh
li8tpb6AmQ42bW64GOnTpVcX2j3Fk32R5I3A+by02lvb3+tZJ8RWzXau4LnGz94DlPc1Di4y16jc
7ptF66vbiRPPWJgoO3gcL7+1QWsFveGSV5NjHKHaQQcDsKivdfgdTaQysGfhyozkVVSRjJLmcp6O
yctxTS9+zM23y3KOuWtj5jobgFyWLbATz/8AXrLbVI9JAR7rex+ZD3A96talbz2TiUD77HeGfOOe
BXH66bmOU+c+9yxOCcADNbNygtUefVkz1zwJ8R7OGJIXuFyuFdnbbjPYZr1nwj4/8M3gVIZmyoAM
hbOPYEV8dQ6ne/a1NpIygNlTnr+Zrp9A8a6xZSosErqpYFgBycH8/wAa1p4jltcw5rn3Z4X1DSLz
P2a5QyBBhi3HPbNdZp9ubkeZbgYYdRxnHavkn4a/HfUrCSCyuY5zt4J9fTFe7/Dz422OuwoyyFWU
ncrivVp16MtLi2fMz1K202484M0QPIJQcYGK3NFsomYSNHsCgAKPX06Vh+HPFUOrxGWCMPxg7/Su
20t4rmACSPYm4DCjGOOue9dPLHdMpzjYWw0CJDkqrqG4UqMj610+iafFCuAoCjlgx79Ko6dboGQk
5yvB7n61v2CK/UAnqfoKZm3F7HF/G24vbbwhd/Y4t+ID8oXOBj3r8I/+Ch+galqnjXUb2JZIsljI
mCAOfSv36+ImjXOseHbu1tI97tFtHHqK/G39u74U6xp3jfUJNYtWUMzYLEnkGvnOIORQg5PS5wY1
qEbo/K3UdE1W31wyfaXK7yAG6H0GOor1j4W3uoxLFFdWwLBsFSp/So/iJ4PgtfEbusJUO5LbBxkH
qK6rwv4fu7XT47qCNnAUlnTqeK+WrYb6zR549DzKeJjTk7nqXhS2tNWsVjmkCHGQCc5HY1kfEK0/
scndJkHuRxjrWJ4a8cNZ6tbo8pwOxzzXb/ETTV1nw1HqFrCS+wF+MgAivIrYulSh7KRzYiupyVjx
yzieXWBLHLtXJ3EelegeGPF11Z7bWCQ7sYJz27VyHhrTs3bxSN8xYggD7vpXo3gL4WXWqXqX8xyg
bkf3hXBChDEe4urOavJuSa6Hd/DhptSuoGuRj5+X7V6p4mni03SUWKTDFcc15vpNuvhbUI4gCoGC
Aa3Nf8VJqapbtIMADG4181UwcpZn7J7JijUSpqxf0DR4dSRrq5wp3Z2sa0/sGjpIqTqMqMLng1zp
15NPsWlilAKjn0J9qwNP8f3Ws639hdW37sLn0xX2DoUqFNRmjOhUbm0jqvEOlWUX7+1Xy8AkkN1+
tc9Yvb6jdmzYjlzkAdeOPwrudP8AAGv+IbVLgRMYmHO0E8Gqsfwcl0nUxKGIO7k56fWp9u8JH2iV
4nRUoOb10JvDnw3sJtt4bbgKSuB2962L/W7TwpbRozIu1QCEGMeldJa2keiaCbm4ZQTHgbeM4r5z
+Nnxgih1hrGG5BYsRjI7dq4aFVYjFe0tYynTVOnZHqt54ntNbtJFlc+oBXNeZfEFZrGMzxKV25Yl
en5Vm+EfiTDqsUcTXGCAeN3etjxLY3mtaZMsDbiw4I5PIr26lejjGoSWqOHllHVHluq/EGW28xd4
WXPAI5Iqponj6W6uQJX+gPGK5j4j6fe6JfSGRWyZCCSegxWV4P1B5rzJAY4BDde9ceOwlPk0JoTn
KWp9PfBT4krpGrxJJe7Y5MAA8YNe8eNNOh8T+HTe2ci7ggA4yeR/nmvi2PULyxWO5ibaww2R6ivq
b9m/4nQeM/CYtdQmDSwgqyOMk4HXJr4bFR+p4mNRLR6M+gpp1qDh13OOghkW7ewmJjdH2Yx0/GtB
/B8NxbG8s40DkYIIz19am+KOnf2b4ia6gRhFITjBxkVJ4L1+ykDW1wMHIOD1Jr6u1OphuVfJnlax
nrucT4p8ITXMTSNC4IJyO59R+Fcvp+gXNpfiKCMMjdFPRq9v8QW9re2hji2BnQkFc5rgJtPjtbsv
GrA7vm7CvOoVZzTpJnXK0VcwPEPg2TUtPzIpDcFUQ4578VyVn4Bl065Mb5UmTI+bgj29K9YvLyA2
q+UiAkYBI7965zV47x0ZbeIpkkNhMZr18LiKOFi6UndmUvfXMip4euNE0iNoXMO7kMDySfpXQaff
+GtVVFjUOV4OX4A+nevLNestStrmZpZju24GARj2qDStZudMlSTz2XAAwshLDnnFeCsco452ijd0
0ocze57Le+CNAuIzJZwRhwTkHqM9D24rz/xd4Yk0+6llhUFsYZcHbmus8F6xLqUQkbzZA6r1bOB6
VZ8Raat2rp5YBcZUIO1elLDPMbzatY55V1B2ieLa/ZR6jbtBJaqBtw46VnaDbnSYXCgEqTtAbgk9
cGt3xSi6feSsCxADbQ1c3aX6tdG3iwWbIQ9ifYV5EIVYVXHobzlFpFy00+71nWRcxqSEYFgCPToK
9m8GaXJBpsaqjeYyA7XUZ+lc38OfDZujCsmnbnkOCGUgN3yOPavYIvDVpplkZ2gwpjXhXwefwrzs
VSVWulEuD9nE5oIIGxdYDAEhZODn6eldz4F0pUs/7SvVRUZCd7ZB45rkHEWqapHEIFeJMhjsAYGp
/iP8Q4fDOi/ZIJHTykGUHTGODXprE1qEaeGj6syaSjKo/Qx/iNrsd0ZoIAkm7IbccDBzxg15PrWh
RRSxySR4feNo3D73+FaeneIbvXJp7q9uc/OcBugPbNZPiXxBZR3It2kRCwA3Y6sT1Fc1eriJ1fcR
nFK2p6D8OkgtbVXDqT8pZkPJPp9KueONbDq0UDgMq8jGd3+RXF+FfEZtYDCsgYbc7gcAH0B71Fea
ld3d2xuZtpb5kzycV9tlNOrDDfvDzsQ7TXKy1eatp9mXaFSxyGXjB+ld38Ob+XUrYs+7YFBC9DXk
V1c/2pqi6dHKQSQcKPevZPA9g1jo4Ty2UYwCP4hmuDiSvH6kox3OnBxkqjbPNvEXiO3v4oWdlICg
ktnO7PU81S1F1voxC0e1nG4DHBPr/X8ay9cS6jM2zACkkIqcMPYD2p9leKdGtpfMAZXDMAxGADzy
a8bFUnTqJxO+dTm2HzTy6JAv9oINsjYYFDgn1Oal8D3wg+Iul+VIgR7sfMTwDxjpWR8Vbt38IDVb
dSzwzD5geoNVfAWrQ6f4i0q/uojsVxJIFc84wc/Wuj67Wllyu9UwcIqqpH0L+1nczN420bSrnesA
iRsZ5zx+Yr54/aIsLQzxeWgDGM9FIDEDsO1e0/tA/ETwv8QvGmk6joknmQwWyo7IBw+BwSfcV4Z8
ddYD6usYYEMjBnbgk+g/xr7TL3CeWqW97HHXqt49W7HD3evXl98JZbZZm8+OYqFVvmHPGe9e9/DI
TeF/gfYXV4wEkltzgncxxnHvXgXhHSm1qRNLj+ZJ5wGTb15z19K+j/HUNvpPgKw0kwgBIlxgDjCj
pk18pxLiac1Rw8VpdmtOPJKUn0PPfHmpxa94eTRmuN01xHnax6jPTFfBvxr0q48H/EW9sY3cqXDE
NkY57V9W6H8QB4j+Pz+EbSRfLtbUAqznGcHmvDv2xvBc0fxSs0hjy077SUGAT2FfpHDWGoYPKVGS
s1qRF1PrOpp/sz+GZ7+I6nOm7BOGOTgA549q+t/gfdLp+orEI9q53BHIGM/SvJvgx4AHhvwnFFsX
aYwThcbXI57V7R4A02LQbJ9QuXwoHAYc5xx0618bWnDNM0ajsmdFW9GkkyP9pP4rw+E/Dc1s0n8J
3b5OTgcHFfmb8efH+o+NvEEk91cs8aykYdjj2r6T/bV+LbahczaMlwPMaRldI3A4zyMj3r5G8YMn
ktcRZLBvmZmPJ9a/S8pwkILYMGm6qNfwJptpq1mW8zayH5gxyCegqceE57fxRbL5eUllySDgJyOe
KwPhh4obStVVJ3TazfMrDg817nonhey1rVbW9DeYjsCGTAB79PTms8fiKmCnK+zRrW56Vaze59o/
sT6TFpng9BHKADFgJjgev59a9d8Q+GRrNo0arIiAkNITwfb2rzP9lJI7bw7FAfmOAqFM45/lX0jZ
6Taz6VLNkkmPcrHOeBzx9a/OY4tVITtvd6HBKk3VPh344wL4Qu57WN1TI+fp83PI68mvnfxEbvxT
ryWloZJWmk2quw9AePwr3j9smW+Pi+exgUYVy2FJ4PPNcf8AsxeB49Z1+fxBqke9IU2oGB4P1r0K
deNDCe3a1RTi+dRexrfCzwyfD9sltdMUZEBJILckcjA4xX0L8L0e4ngtxKChYNzjJAHSvCvGviy2
0bxcmj2krcMd209Rn3r3b4HX0OoxR3EcuVki+VWXBB/L+tL2f1rDc8t2zCrDlrto9t8Yx2+l/Dj7
fasFkSEyfKeQcdCK+XV+LUV7q89rcTksrFdmP5k819NeOby2n+GF5ZNlT5WGT1+Xr3r4T0Dw3q+p
fEu8iScCMzHc5xtP0PrXVWwzxEIxtsdlOUfZqbPWdEuhrWrJIgLJ5o/hGOvoBzXrskNjrOjppHn7
CybMBiM459ffpXNfDL4cNLZrOs290yQqJkoOOOnT9a81+I3xsl+F/jpNCvZyqPKQiZ4HPr61hLDN
yaa1Riveeh7RZ/DsaHrVlrFuoUJICcJ8pBGOT/SvI/j98KL+68a32oW9pMibt4YLzuPJr2HwL8Zt
D8YaBbsMeZszjbyfb6+9dt8QLfw1qHhqHWb6FR5tuN24dcD+dc+GzathW4s0VCm57H5/6lYaxpF3
LbSb9uNoJUAnHvXrv7GcWpN4okmWEorN8rnOMZ5Fc98ZpNHk15oNLCKsjnHPA9jXv/7I/gnT4dFt
rkIFc8s+04xRmM/rmHdPZyBWpTSPXPiX52p+FGt7a3BYx5PrnFfOk2m3LaubOVGBMm0gk4PvX0p4
mu7Szil0+JtxPy59FxXkA0D7b4w82O1BCgkKx4wPWvn1h5UcOqb6F1KiVVM8Z+KngCSxvo5Wi2qx
wDgnvXq37N+mGK3UvHwrYYsKr/GDSBfzxR+WAFGMYzk5rrPhXpJ8P6RECfmBye/6V6dCM60FoVia
0ZaIpfHvUWs9NkQthSrA+gA6V4/8IrsXviX95KwCuDs4JHPavZvjXoUmtaS09vGSQCRv46ivMfgX
4IurfX3kIJKy/Lu6HJr1qFCrKmn0OJzglZs920PVbe801tKcKdqEqW65rB0KdLbWLqwbAJYldvcf
/Wrai8G3enj+0ki2s/Dc1x9+8mneMTG4ZcrnJz36nIrhxEorMYxe1yoxlKkVviBatPE0sZUvuwu7
qR715Z4sM0FnLGByMFj04zyK9S8aRyHTGMOG+XIYNyT7+leKeL9fmEX2a5iGckHJ689q9txoQr2Z
FOjKUeaLLXgjw9ZaxM6XiLtYkhyO+a3fEPwn019PaRIQQepC53Vz3w+vbh5lEM/yr1C9j6V6TZ3d
wyeTPGQCOjfxV61DFxhHka0MbVI1HZ6nzL8U/g/deW7WsACAk4CY5rjvAvwbv5rtnurFyxc5ymSR
6cV9c+IPCn9qW2ZrRtu7OccrR4T+F9vBfI/2Uls7hlev4ivUVNuH7uW5P1m1uZHk2g/Di30ayVbu
0YlQMHyxlh2/+vXSeHbMG5S3OwkMAhAwSa9p1D4WRNpr+XbgNjCkH7p61x3hT4Y6kvi9IBbs0Ql3
ADk9fpXwOeZRmVSpeb909PBVaMpKyPYf2dfhNLeSxahcQ7lLZDhclfzr6y8NeCWTSorO2sJGLMFK
rHwOOuccGr37Hf7O13q3hyG5ubHMTZDM4IyPbivrXwf+zxotjFGZLNGIQZZ1xn0/GvYyHhyFOgpS
PvssdPBw5mtWfNugfs1vrhjvry2kWRBgbcMc+/r1rb1T9n1baxazsLAnCjB25BPTnHvX1jp3w3s4
IxtiGUTG4nHPrU134H0+4iOIBkoMueM4r7WOW4WMUktT1Vm1RPyPzi+Jn7PGu4m/0GRsjOGU8jHo
K+bvHv7PN1a3cs01pKrFiCzAZGe2MZxX67eNfhnpuoWzxmyiJJI3vznHY188fGT4C2l4snlWq7u+
3vXhY/KqlL3qep72Cx+HxceWasfmV4l+DdlFassyqXVSMHt7gYrxr4ieE7fSrZyu9vKyRgYDH39c
V91fG34T6h4esplFkMrnymVePdcEV8g/FnwrqEsklq8JCqzAxqvQgdse9eXFzVS09DWtSSjeB8p/
FbVbt4pPs9mCrOWUkdBg9R9cV4D4j0zVLm9eeWBw4Pzlh1B7+gr6w8afDJ3llMsROVyxBJGM9q8b
8b+GrazeS3u0b51IXjnAJxX1WU1YcqPn8w1j6Hl2lateaXcL5BfeFbJUFuM9h619Xf8ABP39mvxz
8f8A4n2FrY6PLJGZE+cx8DJ+hrzf4DfAi8+I3jG1sLPRnuk3hX+TgAn2r+g3/gkT/wAE/vDvwq8E
2fjzV9BjjupYVKI6Y2jqDXuY6rOpBQp6HzMeV1HdXPpT9ir9lXQ/gB8MLTSI7FFuvLDSvsHcD2r2
PVImkV1glG3ZwvTNaTwx21ksERVY1HQcZ9R/9auY8Ya9b6OUvZx+58xUlZf4Aen4Vy0o8hrJp7GL
4kjicPmLc2MAkck+2OTXmviPTSS6i3UN9484wfoa9Q1kedhoH3LwBgbRg9+K4fxBamUyAZYbudgz
/OuhpuNzOTaWh55qXhyw1MqLy0STcuD8gIXnrwOtc14s8DeH7ItJLbq0gk4VRkDj+f0r0DV3jsba
RoLf5iOAOtchcaPqt9KLu9ld1X+ItuXnj86xnCFu7LhWqRWjPOLrwLDqWvrOtqrQpKcs4z161cTw
lDe6sLOS2xChIJK7jgdM9sV1l3YtYSraW0Y3N/rCp4z7+lU9YuLPQ9FljF1/pD8PjJxmuf6vS7DW
JrKW5yXiDwfpWt65Hp9onlxQsC7rHgE46VVvvCsMV4IYICEYdTyvXGa6DwlHLJoN1ql4+ZEb5QSe
fTFNvtVtDpss0ykvGgx6Ln+tZqhRir2Lniakuo6406wh0CK3hjQywSEMXIyDj+VRG3t30R42EZZe
Dzydw5xTvD+oxT6CbmaMFRJli68sT70/XYoYNPe4RSqFCdpGMD1H41qlzQ2MOa8tTmtCtpbaN9Kk
yymYyR4PO7P6VtvcrpeqJBfLHsuV2DLcEkep75qnHFABHcoFKum4FW53Dkk/Wo/EN1DfWUM0k6o0
ZwgDd+tQ4tp2D3WTeI5LXRbyMPclYyCSwGVIx29azfENnc6joCzaC7CdUG3j5ZPXp6UeNb+W70q0
uNyq/CSDAPHrzVXRfEFvpii3mfKqpMImbgjvjnmiUWlrsNWK3gvxrLcSCw1FfLmjBXZv5Hvj0qbx
HrLWmpxPGrssgIK78KTjr6CuJ8Zah/YfilvEOkgokrbwhyCe3A6Y/Gti/wDEegeKdLSaC5KzbcNG
zYAOKlWas+gpSSl5HRWcscV0L+ODqoVkzVrVLu3kfJ2B5UG6MHkD2weT9a86Hj6ewu/7O1GQKCD5
cik9OxJ9ar6n8TLZ41i84twdjgBSCOp61UPZxdzOVVs7nw34zm8O6gVjvA0RYkxuM898jt9a3fEX
iJdWslms9ocHLKvcdTjPT6V43L4uTUrdpjKXJG0sr8gfhVJfiTrXhuQRvMZIc8Nt3YOOM/hWcqnu
6ExqPmPRdc1O2vfLhvJBHuz5ckX8OOxpdLlu3mS0uIY5FwSsobBI9a4y1+IWj63Y77iQsWThVOfm
7nrwa6L4eXDy6ZLdW1x5qBiAZBkL7Z7VyY6rGFD3N2ZVa0lB2NrWNel05QNOUPLAnCKDkj+tZA8R
vrMYmebaT96Mj5s1heKtZvotXklR32/x+WxOw56fSi3v0uZxIriFuctnIJ7fQVjl0HSoJNl0YclM
0tatb+e2DvCrEsBG27OB6kVg25vNNnLgbowx+mc9q27TULqCA29wFkUAbZAAwOfXNVruaGMgy2o+
/k4x8oPcHNds0mdEU7HUeGdQttQ+ymeV0Kk8/wB0ds113j7VDb29tIZ1ZJAAzseG4x1rzTw7cTwS
+aFSSN9wkV2+6M8d+td42vxPo0en30JkiDfuWY5wcc1Dm1B3OimmV3ndbKPN23luAu1iSMegpk0O
nwK0vnurbgWLHkH3OKuR+FLy/YtHGVtsAlRJjB9c1Hrfhy9061NwY2yMuoJyOnBJPWuGTlJnYtI2
ZnNbpq1v9nhuS8yORlwMbs8kHsDXP6vbeKokOmw5ARSHbnoTyd30q3qepaxCWzJhgoO/ZjLdxWLN
4s1MSPFOGwyd+fzyaz5oPRtlXaL9np15piCXWEXy5BxgAn2z71Nq+vaXPYJC12yyDPygfK5H8q5H
xHr90HV/tjbFYFo1yAOOBzVODUIZ4y13tkl2gEqcDJOMDHb1NJyinZCbtqzp7DxLJHBtF0ScZJz0
6+9Z+oajeNIXK7mAJ4bkj1rnb3XHs4Rbw2bDGVO48Hnr1z3qW11qR5FY5RQCWJ6ke1Q3Z2FCo3qb
NlqEkfmSTr5ecHLrjHvn0qCfUYwjCIqUVtwYsMqf6iq7+Iobl2sngwxXaWbguD0zzWcx0+W4kdXO
1ThycE+4BpNRWiL509zp4dQ+2R4iPmCN+JBgHAx3FTTX8MEoJhPzL85Vt2M9KxtNuvIt1FtKVXby
jrjj3+v9Ks2bWdzLvnn+XOSqNz6cev41UW5E80r2TKuvaxI7PGY+rbRgnGPxrGubaMwuZhuKryXG
QR249a6S9s7aWQvBMjsG+bJIIPpgU1tIN0rPFsGQQA0Y6/U1DnOSu2T7Hqcu+nwAhxHmJRlnBxjp
0xVnTLONZA4ZCjHAVmO446fWrUemTrdvBdpgbQB6ZzXV+GvhlJqhEoGweZ16+/H41EKjc1pczeGm
ndaFXw7dpaTbjCGAG4kE8Z/CvXvh9dNqYVYoo0kOzay4yPriuQ0z4UXEdz5jQYUqAz/w4weuK7bw
X4KutLkWSG9K4VSm1iBx0r0qCqKV7aGLp66s9f8AAd9d2AjCwsfmHT7te0+ENcjurZUYYkKgYHPH
tXjvgdpQrLcojMVX5geAe9eoeE7RIhDMsihWXoE5r16TujNq2h6XpU/nxrg/dXOR1/OtywVg+5wB
njKnsa5jw8imBYwMjHOK6izcjbGRnvgdfpW1nYzem5beBJIypiGCMHFfHP8AwUA+EHgXVdMn1DU7
CITiP/WeX15/z1r7MiyEwByeorxr9r/4eWHiT4Z399Jbl5IrVgi9Sea4MxoQr4WUXFM48ZGUqd47
n4YfG7wj4S0TV52uNOyodmVgo+XngH/61Zfw+8SeD9X0+fShAS5JXagA5HSu1/aJvbSbX73R7+wM
bI7KCy9OcV5N4RitdB8RxT+UrRySnIDZX6818Vgqk/ZOEUkj5HE1JxqK5xXxatLnwv40W6tnljSS
TJUdB9K95+E0sHjHwIsExU7YRv8AUriuP+MvgyDxXZNqdlbjcmMHBGM1R+BHie+8Pag2jXDMgDYw
x4XmvlM2oSg726sui3Vp3HS6N/Y/ix7NQFDzc7vTtXv/AMO9PtLXSY4zGq/IPxJ715N4v0QS+Kot
UUZLkdTXpeh3z22l/uyCUQEFfXFRgKv1SHtJC55TfKU/iLK8uogRPgqcfKcZFc7JfXEF4kssjbVI
xkjrUviTV577WEDsG3Yzz0rD8c6q2mW3mgjheeP85rwI4mVXHOs9ynH3LI37zxJHd2ZjJwApJBau
g+BnhC08WeJfNZgPLbIJ6nAz+VePeHfFSatHKu7JVfvA8/SvS/2e/FV1pHicRKGBD8f7pFfSYWq6
8OaoisNTgsSuY+7/AIe/DzStN8I7XKs6xA8gYHHavObzQnudblKltqS/uyBjA/Kuk0D4gyN4aS2Q
uxdQF46cVlQaiissk0QX58vzyeaMw5OXki7JnrVnRm0lsegeFv2cdP8AEfw+uNb1RSHMTGMMc44P
Nfkr+3Yr/Dn42Xmh6dK7KJWztPb8K/XPU/jHPovwyls9IfDpAQPTp1r8uv2pvhtqXjvxzd6/OS88
kzMG9eTnnFe9isBg8JgKDhH32tWedOpTnPljsjz/AOBXiDUdf1iDTxvYyOv3m9q+7vh78HmvvBn2
66t1Z/KB6c9K+IfgbYr4Q8eQwXcYCeYACPWv0Y+HPjXR4vAy2yAbzCACOe1fNKVOhVlNvZXPVweF
w1WF5HxZ+1p4Kt9Hu5BBEATwQByDXi3geyntbtWeJ9u7AYj+f419T/tEaGPE+qT7I1Zt3HPXPavG
tV8O2+hQ4NuNwXDAt1xxV4XH0sbTknueFiaMaOIsloSRQfaY1H3srwpYV6x+zBqGj6J4ieLVdR8r
zMlVGOuK8R07VTtIeUxkMdpx1x2rpPC2rf2beRX6ygFZAxOO1eDmUFtKKfb1Oyk+WVz6o+J9hb6z
pfn26MzDkORwOK8ct9SfS9WAEpBQkbB6deOcV7J8Ob6z8Z+C471GDMEA3M3Tj0rwz4zxP4Y8TtNF
MFjaQ7j9K9fh2k8fRVCppJHHj/3M1NdTs38Wi6RUD7SAduD94cdap3cdxqMpCkAn7rDt9a4rwpra
6kI1eY5P3eOD/nFdtZ3NvCqSI7AlQTXNjqaweN9kiYTdSm5Fm1sYUBDqflHylucmqclvAsyqQqnJ
JOOopuqa7Haq8jSEjPUismTxL5kiqHBYDCkn1Nc+aUXhFGrE3wrdWPIzL8faXbSxK6RgYGSSfm3e
lcOLQPeRpgDD9R0wea7bxnK89t5jEncMtg9DXI2KyG7ETEbVXqRXy1PGOriJNHc6aULHqnwqs4rY
KDhgQevJI7Yrp/FNjZvbySwsFIGG7VwnhbVV0+1GM78Dbg07XvG0sMRWQ7iR869Tmvr8DmkqFPla
umcFTD8zuecfEGzNxfz2+58lT90965z4d6HcX3iYadMpJeUDD9/XtXV61ONSuzLCVO4/MBnIzUvw
40W5sPFqXTKwQyDf35qaUk05dBt3mkfQngL4d29vpcF9KTlBkHHK8cc4qfxxBmJbW3kDLjkE9AB3
q/Dr0NroaI2Y3dCH5x6YrB1PUTfXCxgqT/ET04rgpUnLFc72RrX5aaSXUxvMttE06TVtSWNfmBjL
NjNeI/Fr4iW+rXzrEQQxO0h/4Qe9an7RXxQmtLhdE0p8Ig2nHIya8K1HUL+8vAZJyC5OcHGK9Cng
5Vq8q7W+g1BypWvsep+H9T3aUJvkLkEZPOB6V5V8SfiALLxAtv54QNMF2gnnnjv0r0Xw/aTv4cbY
Dl04PpXh/wARfD2pX3jpDEG2K3zFh7105fCk8T7y2OWfNbQ9l8FeKTd6fGZFByM5/un0rZ1nXdkI
MRIbZkbmyP1rzrw6l3osaO/QKAOe1auvavI2lmV3AwuWPrXt/wBpQhJU7HBPDzu5HZfDiSC+1+Od
jnBy2DnJr3Z5kttKj8lgpI+Vj355618z/AfW/t3iBYYSAqvgAivoHxPqAtdJjTzk3EjII4/OvleI
rVaygnoejhE1S1PP/H1nZaZJa3ccqP8AarbZKNvUjiuFutQhg8PSBYz+7cqRg8c9q77xRpVrf+DZ
3upf9J0922Ky4PXgccV51fSxP4Pe58raXlw64AyfrXu5jhGsFTqtWM4Salbc2fFfh/W9Q+F9xqsk
StGYlaPBzn3NYGkTtDFY27W4QtBgEHGO+fXNWbvW7mHwrD4dkundZIQFjMmf0FVXgmtLmGHAGYcE
9OfbuK+Za5KDg+7PRvGdmjY8MXpe8klCHcXITf3A9u1cB+0trr6VexXG4lCuAfMx/wDqrtPCqeZd
zEpt2tgAucEk8nNYv7Qnw3u/Ffgq61S0mbfAvzYx0/nX6VkNGlLLYRlu0eBOU1mG5L+y3pcfi+8i
1R4crHyrDJ5Bwa9F/aP8WNpFoYJZ1QWVuxK5GB8uaofsV+EJdC8BrdXwZSFYAZHY+rV59+2L4ihj
j1GYbsvGyYVzz2zXx9bCvFcSxorVRPSp1FODb6s+cP2T/Hd1r37Sd5qt1IxFzMyrubjAJ6V9N/Gr
4SQ+LvF1jrq6fuEDq6uU+6Pxr5N/Zj0ubTPi5Z3aqUzMcgKe+cHNfojfWdrc+Eba9nIWTZ0b5iNo
r9BzzFUcvw8o7O1hybnXXLsea2GnQafJb6fbnaCcFV79v5Vb+MfxDtfBngswNdZKxEAHOSPXimpq
dn/bk9xLKhSHgZXBA79OK8F/al8a6p4tu/8AhGNIleRiQsYQkHHYkCvn+GMGre1kaVpKc+Vnzf8A
Fv4iX3irxRLeXR43tjLDHXjFeeeJNbF3GEGRgcrmvcfE37M+saX4TfXNQjcSNHvcDHXrXz54ls3s
dQktHYjaxyCc4r9SwPK6aaO/AxpTq2T2E0jUXspxOBhTwfzH+FfR37O+rnW5oLENvORgk5Ck9Olf
PWgeDtY1q1M1nbyyRq+Mp354r279mSHV/COtR3uo6dIsccoJOOMA965c7p0K1B3eppmEaUpJReqP
0W/Z8sW07TLUXGVLqdyjIHsTXu0OtD+ymtYduXTAUNyO3/168S+CPifRPE/huCWww0ioRwcY9c5r
rdZ8aQeGWBmm4HVF6gd6/FeR08fKmu55VWMoVG2eZfFv4PnX/Ed3q2oISrjo/wBa46W1034VaPdJ
aDakit8owOcfrXvOu6xa6t4V/tISLhkywXqADn8a+NP2q/iywZ9M0pjl5A==</string> </value>
        </item>
        <item>
            <key> <string>next</string> </key>
            <value>
              <persistent> <string encoding="base64">AAAAAAAAAAY=</string> </persistent>
            </value>
        </item>
      </dictionary>
    </pickle>
  </record>
  <record id="6" aka="AAAAAAAAAAY=">
    <pickle>
      <global name="Pdata" module="OFS.Image"/>
    </pickle>
    <pickle>
      <dictionary>
        <item>
            <key> <string>data</string> </key>
            <value> <string encoding="base64">KhgDkH6V9jWoUMRThSh8zLDyquSb2KXgyyufiT47uNXuBuiST5PM9c9B9K+lvgxdpoV+LN40KZ27
QcH614X+zto95beG7efymV5wZSSuC5Pevpr4Afs+/F/4jeJRNoXhG6aLIZZGixu+pPat3Rpwpppa
+RpXhUq6Rid34h1OO40f+z4mGLqFoyw47V8ffEL7b8KPiDJcahARBPJmNucL9TX6e2v/AATK+P8A
4v0uIxWkVuyhWzIcAe3PevHv2xf+Ca3xDsvDyWfinR8P5YUXER6noKyxVbF4GtGqoPk66HXhsuqV
aLjNWPBv2Xfi/Y+KtVuNMluVZgn7vDHHOM15t+2L8NrPxB46W8VCFWTKmNeR9K9V+B3/AATg+PHw
q1iPxbZabeS2My5EqxFsAmj9pr4UeN9J1WG9vNFmj2HbI7KcY/HvV3nFyqdHtoc/sJ0p2seR+DrT
U/D9pEbe4dDGAGbcQOnH417z4/udd1j4AWmu6RI2+3iIbBy2ccmvHwZFsjBPGQyoVcAY57HP6V9A
/BWyh8XfDQ+GJIBs+zneBzn2NeGoU/rL00ZhVny1E0fD8954k1nxQlpeW823ztxLj71fav7Nkktj
4ZgDTMAIsFSOBXmOt/BCz07xKbuG0RtkmAUyF61638O7QaDpwtoCfm+Vtq+orDOKn1etDl2Jpy9r
J+RveK7ma6kfChNy5Xnt/jSeHtAi2S3jKvEfzv05xTfsU+o30YeMqHYl93scV21poeif2SInmw24
DjuPeqxCjUpRcNe5cKc5ycmeW6h4dTV9awcOqNnDJwBV2/nTRruGyztDNyAP6V2OoeHrPR45r9iA
fLJGTzXBXPm+IvEqeUrEJJwQRXqYVpYflS1scFaLVW7Oo1vSoL/RvMkVXyuCGH3aw/h/4Og0y/Bj
gzmTO4D3zXqnhL4evrmliG8fbu6Kx7AjvWynhHw74dYq0aB92eT6elelkqrzpzi1p5lVYxlZ3OM8
S6xDp9iLYIFx0Vm5rzPWp4rjUjdsAHRssc84PavRfio2lznzIpE3beGA5WvI9S1BUv8AZDl8n5nP
evl83oxjNyT95bHbCfKkug7xCqX1i8LKRyQApAGOwNeL/EzwzN5gkOFwflLA5r2O9lRo1aQDYSd5
Nch47tob2yDwFWGD5ZOMg++a8/CY/FOslNi+CWhyHwf0SbVNei0W2i2tIwRcDvnGa9j1T4ezeF9W
XTZrnzXxlpFGceorjP2eBb6R4pm124hUi2G4O/POc5rr/GPiaS+ln1mWXdmQtGCwGfavtqEZOEbv
U56kk7s7Dw/8P7K/tfnwWYDaGH3s9+avv8Lb7RiLu3T5cZJAyFOa8/8Aht8cNPk1AWl/PtZJACjN
kKPT2r3bRfiF4c1OxjWW5RDsDBecJg/rXuf2tk+FtCrO0jmp4atK+mhh6Rp/n2r2dyBvzx6E/lXq
X7MP7Mw8eeMor+ezLW/mKR8mdzZrj/DcEPi3xDDp9hJ/rXX5h1AJ9/8APNfpH+yj8G9O8HeFbadb
ICZkUlsDr6ivRjisJmVFUo+8e3lOCmq3M1sdx8KPhTpfgvRYbSztgMIARt4HHXiu9ttOii2jIwPa
lsreOBVKRAH+6ARn3NSzziPBZfyFelGMYx5UtD67mY2RWjBVXz2BHrWZqMqQRM5HOME1ZuL1WB8t
yMHpnFULg7wSxBBPIPOTT1HDmb1Oe1pjMxQRgFmO4KDkZPSuL8U6JDdRsLiBcBCCSO+etehzW0Yy
24jqWz6+tc34msVngbyB8zLnce9NLmjqd1Go4y0Z80/HH4U6d4lspR9nRmUkOw/iGPevjH4u/AC1
02a4uBaGNupVQCCPUV+kni3QX+ztFJbE/Nzt75H6185/HT4cT3NjctDbfKqdSDwuOR7V4eZ5dGrH
njofT5djdOSep+X3xj8OW+lT3ENpbZVNwRduM5I5r5B+Okt5Z6mzrA2yJiW2jhuPWv0c+NfwqjOo
zK8TMFJUbXyAPWvlD43/AAPjaOWX7PjJYIxOcD1x3rjyucqUkpHPmVNK7WzOz/4JGz6R4k+I2n6U
YlllWb7m0HPf8cV/R98F7IaL4KsIIbYIFtowBtxxtFfij/wQq/Za8MXHxBj8S31jue3cmMbDtB9a
/cnTkh03So4IwFVFAwD0wK+ojU9omfGKHLNlrUrlJ4yHdchuu7ArmvEttZ6tpc2lXaqyToyOFOfo
at6vqgIKoSuOQFH3q53ULlrkja0hzgFQcc5prmSsaPU5rwh4gvJbC58ManJ/pmmSmJyzcun8Lj60
3VLSac589mbad3yZIHpx1rN8YWLeEfF9j4tWdvKumFpeqPu8nCN9c8VvS/vcPCAWKnD4yQPWqg29
H0Jg9GmcrcaP9mzMzguVOOPujvVC/sxBbtIiLGZACxPZa6m/tZ7GLzOr9CAQc++K5XW4bm8utrJu
jJ+cBsdsY+g60pJxdyoxTOX1h7aCI+VCXYg8DADZ964XxLp81zaOkKzzEqeB97J4616hqOgQWEIS
JmD4IjBGQB71jXOmefC0t1AGLgbT0Cke1TdtPQHDU88vg+neF49OZdgcjepkxn3NYmo3pSxWweYs
HfaCOw9Diun12yW5vfsxB/1mGA6DI7VzmpWBhY2piMTSZEYA5znuawctFYhR1sWY9ZttP0i4sYpO
c7lKc8ccD8qq+NPGgTR0t4H5mjXdk/c+mOvNOs9NSC1MFxgOfl4z8x9K5XxNNKb82TuYyP8AVrgY
IHA6c027RsKxBD4qvJNOmjnA3KCYzsPQDnNQ3Hixp/DLJKQrCQbWDZI9gOuKzry3uIpngkIJBbOy
TGKz9UmtptCjt4ceZBkuCeW9MVmlJR3E9Fc0dc8aXmueH9trEHZB1AJK4qpb+ImvvDKF02SW4++R
0B4xzWN4W1SG5lmZGI+Ul0JyHqlrUkMWly3lhK55KtGCQV9BnoRWSnJNyQ3JKNy9HrNpq/7q8uty
ZABPUnBzXL+IU1LwxqRltNQL2crgqFcfIe+RWAuu+INHu2tLm23QsAVdQCyg/TvWNr3izUliZZCx
T5sK5B3+nNYzqRlG70ZhOd0dNf8Aj26vGMFyyAhcRybuT7Vy2seMrhGDomxwCEJbIODzXMP4mcXJ
VF3KgyMcEH2xVKbVvtkoMqkAMfMXfnj1rOpWcopIy5tbHUW3xKvLaT7KkyROe+44JP0+ldLpnj1N
asPJvLQJIq4wr8MP7xP6V5lBapdXRIUbk4iBfGR2Irb0SK7glwx3EYBAUD5e9RCTvYUnK+h2EUtx
aPG1uzK8jAhCeC3avUfDXiFdM0eFJp3RtpaTYwHzfTvzXlulSSybUiVgxCttC5wO/Ndu93jSvJeI
x/uwkbgYI7gf/XrHERjNqJNRppGsniKS6keS4RJFZ8uvQHHrV1E0ppi8KiPcp3Ifr2HeuSshKkjB
JyJh1Gcq3qBW5axyMRNLGQWOAA33hjg/n+ddynaKSR1xfQ2RDdWMQuIbhNmRmEtg8eoqdILW+Agm
YKcfIT6dRwazorlmtgVQrIjZbB6n0q+mqWd7brBd4jnjBw6dGHYCrslG5vTd9A06O50G82z3R8pW
OFZMZz/Suos/E1ldaWIyhQls5+8v1z2rlke4miLPcKXUfId2CfX61paDbSND9pS1cMp52nKlf5Vx
uTV+U7KcbyPRPDHiLTL2xMNtdttZyGDjLH0BPp1q9Fez3MrRMu5if3e/kbemPTqKx/B+npdIYGhC
PHwwUHge/FdFa2tzEWlhhdl27kduoI74pRbkdDunoZ+t+DL2W1W4ulAR3I2hAQ3v7VweteEWjeS4
MJITIZeAW9CM9RXp0N3fJLi/DMSucMcj6VleJv7PuE8+TAGcFEXDD29qJUk43Q3Jy3PJdR0G0kWV
f7PfJT5vl+Uke5rKSxtbJnlSyUMMbQRx616VJ4ejvYXuYmCIVOED4P0rifEHh3UI7gqA4U9CpyT6
j8qhxe7RLVzD1K0ilm2TOrgHKoADn6VHapIZfKS3JSPJCYxuzW1pnhqw02fz9VvkZypMeTnP0o1m
YzJHFZsiR53MVwC2O2aPZp6vcyd03YwdYkup4TCtimVA5UZ3Gs3T55oEaO9gX5WOGx1rev7e8Ryz
5AJ5AYfIPUHvWJ4k0+SS3DQxSLu+ZnIB/lWc4pK9gi9R13dS28ccMEuQGydjZOD7Vd0mSYqjMXO4
4kUw4K98mo9D0ee/sgjgKEy3JOcdM1saPJb6Qxt3l7YYnHX8KhwaldPc3g431Jp4YrGzZ33rkllZ
RnB9CP61Jps1td4t1m+YjLcZyQM5x6VNBLcXpdIIUKyHkYOMd8DtW7oXgCFrpLtmZAYyQxUAL6Ad
6zqUnLVHdBwRhP4V1VdRW9VPMVz/AKvBxj8fSu0srDWNNtUn04gKoy6q3qPX/OK3bbw/BdGKOYKx
Vf8AW7Dnp79Ks3OkXtltkVt0AwEyOc/j2rWlR5ddjKtO+hhwy+LbqLzbaRyAQCFyT168V1Xhqz8T
zyEyRSkqQTvBwRU+i6ONPjWe7tAVPOc5Az3z1ru/B19ZSSCGeIKFUBWYAnP064xXXTpuTu5M42ox
WpseANEvrnyt0rnaOCyDv2r1Dw/ourQJ5lrcENnICtx+NZvhDTrKEJD5IUZ3IyHAz716LoVnFs3B
QcMDwuMEjpXoUqNuphNRkWvC0l8ir9oBO7kY7V1li4kA3v8AxYA96y7O2jhXHlMTjPyj9K0raMqV
yB6njv6V1K6Vmck1rY1oXOwexrO8X6Hba/oNxps8W9XjKnjPBq7DNu4BJ9scCpHclNoGPlPPpQ0m
9TOUdLH4w/8ABR/9lDXfCnxLu7/R7CUWt1LIVkjj45OeccV8y6L8HbvPk3m4NnPynnNftB+374S0
jX/BbyPp6ySglmLDpgV+dtronh+01N4ZTEuTmMYz9a8KWR0nJ+80nqfH5ooUK9kc/wCDPgNc614Q
ESRNNiH7mASfc5rwb4ufCLWvhv49jv4rQrDI+ZF28Ae+K+6fhFr2gaOz6VO8BLRkIB19/wAa89/a
X0rw14hE1+fLICFY0PB4FcGcZXRrZckvsGNGCS5u58/6VpravZx3ckJLAYCkd/avS9C8K2MXhxRI
xVimXGOc+9cF4Q1y33yWMgJETfM2BnHpXXnxTBFprQAHDjaMGvybH4epCqktjek4RTOEvLOF/Erx
RIuA3Hvz1rjvj4ZNP08yplcDIx6V3Onwrc660zE5d9oI+tcV+066Q6E6wwktgjOa8rBvmxyiy4JO
J5x8JNXe81RrdQDvblBX1F8LvBsENxDeyRruGMnGK+XP2cPD097rAupomUBvvY5619oeBrSSO1ih
CKSy5z3r6t1adC8GTGLjU5j0bw9qKwWotYYgSMYx2qLxVqy2oHlygLt6M3ejS0i02xLTsoPBPPav
NfHXj63n1lLETNhZeFA6j0rnp14YjEqNR6dC6lVxWh6pFqs03g9nmm2xyQ8DPTrXgfjDT4brULgq
mQzHC46CvVZvEMcfgYJGwB2EANXjsviOO41eWGebJL89hX1+bVUsPTUXokcFGTVSTZwGqfDryvE0
V7YRAHeCxK4/Kvbvh7q1/p2ifZLiZhtABLHgcVzun2tnPq0crlcoQ3TPat7Wb2HTbIPaBRuGSQeS
fTFfnedQnTd09z18LVag9TE1mSLVbqd8K8jEjbnn61554u8JXN7cOYrclsZPoBnk12FvdSC9MkxK
knlsc/SrN9LYT25SGFN5VuSMk1w5RVhTrK70ODE3qyuj518X6fNod9vVyAGYFXrU8Bw3uvyC2jGV
XA356HFdB8R/DDTzmZrckFvmwOPwqT4cQ23htdkke3POGX73t7fWvdxcKbqprVM2oSTg4vc9R+AP
ivVPCWuDwvq9yEil+4pbqB6Zqz+1j4WefTG1e1DYHzL5a5zxXj/j3x1daVrUer6dMyG3kypI5x6V
7Pb+Mo/in8Ilnkl33Cwnj0468f1r0YYZ4arTq0tE9wq8tTDNS3PFfAF+1ooQjnPRuOlegWGvebb7
JCSyjnnnHavO7WNrS7kYnlCQAB6euPWtnSNbUXuZOA0YBG7rx0FeXn75Kikjlw60t0Os1i3a7tMr
Nn1+lZsWjO4We3yWB24I71pJJJc2wlVGBHfIwak0XU7aSRrWWPkN8wzjH51vFQxeU92awkqWIMDx
DMF0/Y67XQ7QzHkGuWtLwfbw82D1UEN3/pXY/EWwhgt2mtYwCDndXmNxqDw3mwn7wySOOQa+Fp00
qr5T0nJW1PSbbUrS3syzOQQMA5H5/SuR8U+II3YlJCwLDLg4rnb/AMZSLb7RIy9QAPSq+hi88T3g
t/MACsA3+1X0dGP7pK2pzOaOz8D4vbgS3EysM4XcOntXdeHtIiiu9wGCSGCg5II/pWD4b8K/2bYC
R4wFADcnnIrpvArS316soQEB/uE4PWuqm7TVHds527XZ1up6lcRwRWjsrMx5JOeMcfSmpY3kemyS
SggsmW/pitJPDg3G5vYwqpGC5IPP41x+t/FnTILm50+J1XywcsASDisqKhiswVFP3Y/EzW6jFOW5
4b8bvCtxFq7aody/NuYgdRmuP07STqd6iKgOCCQFzXZfFTxu2vSvaLuQMMltvBrK+H8NsNRS3diW
4OT2zX22G9h7KUUtEjjxEqqWmh3Og6OtroZLxbQEIAx3rzXU9GiuvE8kpA568e9exeJplsdETyCA
xj2snv615va2c9zeSzlBkE4J618fQqS+s1Ejeb5YxuZGq2yRNHFtCqwHJHI9qreK9PYaKTEuQVxw
Kj8WapFbavFEzk7W+YMetdTpuljXtNVfL3IcsTjqBRVqezknJjSUlczf2bPDd5HqxvnRirOMgr71
7F4+1TDRWqsqru+cOOnHHSsv4W6Hb6LYfLF5fPPvUfiF3v8AWWEb7gCcrnnGOOa4qsnisWncbdoW
RpftOo+heKr688OKEs9RfeYIzgKcngY6ivF/E+sQQeHI42Q7kgLygdAcnsK9D+MfiebxboNvd2rj
zrZgkyZHevBPinq95b6c3lBliWPa5BOOc5xiv0TOaTr450ofDJ8xx4WTnSvLdG18OvFDeIryO9vy
PLhbYu7OGHbFdnrCR3GpxvHjY0G7aDnJ7fSuB+AOlS3Hg37Tc5/eSB0XArt7+C4GoxMzA/uzsXfn
cO/piviMyssQ6a6XPQpqSXN0Dw3IsFwfM3OV5IwSG/Cu40+Kx1Dw9Pp11GP3ke0ALkH61yWkxWkd
qsrXM0bea29C2AfY9vyroNN1CXT2jROAMnMg6D+tfXZZjqf9npQ3ijy61Cf1jm7nonhCytfCnw5d
lXy1wyq3ZcdhnPevj39p/VLi/luLWGPeJGcgOucEn619ZeJ9Sk0r4ceUrkvKvKhu5PAHFL8M/wDg
m941+MHhVPilf2pWyL/KrA855yK4uHeavmtXFb2O+jhqtaUaVNXZ8L/sz/DzXdR8axatc20scKS4
QYO4ivs3xTINK8Kw2Pnk7Yy2Cw5IH54zxXu/7Of/AAT20LQvGo0jxFII453Jjc4Bbp046169+2t/
wTF0fS/hCfiB8OrqV5rKAyXFuzAhwByfY1rn2Fx+ZY7nt7p7kMlxNCg5VEfl5r2p6laGaaADkkNI
BjGfbmsP4d+BbPUfEkmt6oxaQufnlOcj8e1ek+ONEtNN0Y2quI5l+UsRz9K8pPxAi8NyyRwXR3lG
DKr5wR9a+34dwVNZfGUz5PF4mVOrypHWftKax4V0XwZNGixRiO3bagOcnb+lfnN4gD694oklt0OJ
ZsAZ6fj0r6i+LXiHW/H9s2lG42p0IUkDdjOT0rybwb8Ml/4SiM3cbSEy5AHIU9yRXuwq+wpuT6Hq
ZdiYU4OT3PoH9lL4DeHJfAkFxrNood4925k6nIOfc16Zp/wq0C7murKwtIkMeWVV435//VWZpV1J
4P8ABUTwGRBFB0GRjjgcda5j4VfFPVtY8RzRAYzJhZGOCTXz+aV6jw/tUjkVaU5ybZ658BYrrwPr
0lm058mSTGXOQvP5j8q9H8Trd+ML19P0lP3smRGPM4J7ZNeTeGdcnj1rLqxd3xlmPYdc1qf8LE1f
TfG0Mtgd/wC/HKjBYDGR61+fUqMKuYupPRM3qylKnzM+jfhz+zj8RPEXgZtLu9Pd5JFwsm3pn+eK
l+Hf/BCnW/it4yg1vxrq6R2pk3EFe+fQ17j+z38bdO0PwdbSa3GqN5QILY6Dsa9y8Iftx+FLV1gt
tjsiYDRDofTGa++yXCZVUi26mp1YSpTi7z2Nr4Bf8EXP2ePh/DbSatYi9lh2lvMGQD6YORX1r8Pv
2fPhr8N7NbPwz4btLdUGMRxCvG/hp+2XpWtLHAXRVAG47sZIHrXqui/GzTNctxLDdr8wJAHNfR0s
LgaDtBL1PoKE6NRXgj0S3s7CDpAoXHK4rjfj18PPDvj/AMBXumXdgjMYSVdo8lSB2zSw+P4Xzsul
yPvEn+lYupfEOHUdQGnxsGc8MoOcZ9a6KtOlVpuEndHT0sct+ypfeDdb0K5+H+p6dai+0qUxzRSR
j5hngj8K6f4sfsb/AAW+LGkSad4i8H2TBl+Z/IA659B2zXgX7Qt1rPwP8eaf8YfBbsscdwE1JYhw
0ZI6j+te5T/tSaXL4Q0jU/CU8GoX+rIi21gjncxI6/QE15GDnTTeHrRXu7eaOeMoR9yp0/E/Oz9s
P/gkRceHNTurv4TiS7hjhaXyI05j5zjArxb9mPwTqfgLxJD4W8V6XNbzZaKSB1YE8kd6/YvTPHt1
4T0p2+Kvgu/glmJa4v7WA3EOCeMlMsB7Yr5R/b0tfhTqev8Ahr4ofBvVbK8vYL0i/tYcLIU4+8pw
Qc5615ecZZhquGlUpPla1seZjMHBL2q0Phf4qeC5bLxre6XpNmyHzMgY6bj+VdF4Z8M6P4a0RbnU
HUyGI7iDwT7+te/3X7Nuu/Fr+0PFPg7SmN0q82/lHLHGTyBXzL8U/DHxc8IeIG8PeJNCu7NFk2Fp
Uxx04z1r5n6mq+EWIkrroeRVoVIPmitB11rsdtHNcKMFdzMM4x61n+FPG1/rd20UMhECNkDfnJqr
qOlXFzpLaZGzfNGd+1vmz35NR+FNNj8J2TyyHlVLAnAwPf3p4dtKyick5Scex2fiTUvtNgIXck5y
VbjjHNZHg2ysYdR+0LIrZfOMgfhXn3jb4zWdvMYYr1TgnJL/AKVU+F/j+XVfEXlpcY3ZKgfdHr+N
bQjWp03UjHUwnJSqJM+oLTXrmxtlgs34ck4HauZ8f6zfvAVadgQDzmrWm3zyaWh8xVyCQPX3+tc3
401mI2sscwYFVJBb6V5uUZhiK9arGb+R11lTUFY8t8WePry3d4vNJO7BBbPNc9p+pyX96GEoC/xg
nuetc34+8W2sXiCaLeCm8Ec1L4d8SxyqBCi+zMvSscVJavlMIc6eh3mtRyGwJRlVQBgItcPql+0k
MiooKjIwy9+ld7pyprWgu0Lbv3ZHTqa8v8WSPpGoNEpKNncC3cY5H0riwMKcG5zNakm2rLU6P4f6
VLb+HNR1cDaDgMF+Xn8O9Q3upCfSHheY5ReI2XIPpz60xNXOnfCCTUWdAlzPnKr94D1xXBWviky7
xx5bHB+bBwR1Fe5TzP8AewilcfsHJWNDw/phh11ro72xJmYqQK9R0jxX9mscJLgBMOrS7Svoe/ev
LtKvdPhxKbiPa2GbnkkVrjxCtyRBZzA7mH3X5I7Hj0rg4mympibYiKNMJWt7jPrb9ha9j8SfEq1e
6vVaNTj5mJHUevFfr98LFtk8P26WkIZEiQeYD1A71+Wv/BKP9nvVPGniYa/qrvHZw4O4HG85HFfr
NoOmR6PpsVpaKMRKAABgEAd6+y4No1aGBcpx8j6XAU5xu31L9xMbfdv4HWqdzftubauSAPl6n60s
8jkE7lZSOrVUESlgc8k5LZ5r7RHqJDFubiR8CMZJ4BpJJiF3vGeV5IXjH+NSIY4W3PIG2g8YPFVZ
pQyEMx6/KMnDe1XyotNsZcyAhg+3A5Pv7Vm3kVrIknmIu0jnvgUl5qAQKAfm2hsfzrJ1XWzDblxu
UBe/HeiKtIuKbloZ+v21vEhijKqNpy2evoa8N+Nb27aXNHa26hhHwp/iJPU5NepeI9alnLs7FQ3c
c/yryf4l6lay2MpZfmYfuxjGQOaqr78OXY9HDN858c/FTR4pJ2lWPduyAABjPPWvmD4s6RcX2rf2
bDZNvLnA8rOMnH5V9oePNLtJriZHJYGRmck4z74z07fjXheqeEbHXPGcEdvblJTNjaO3I/AivmcV
R9lWTjsz2qso1MK77n2P/wAEgPghd+CvBh1fULBYGuDjcI+XwOntX3beeXDAyFioI9e2K8C/Ya8I
XPhn4c20Mt1v+XkAcAY9BXuuqGXyhGxYrtxgV9BRSVJI+NkkmUCI5XE7zZA7E+xqpcLEqF1g+7zw
cZP1qy9my7pwSr5yoz9O1Ub+4li3BJNhBOPl64HpXQtiTB+I3h+LXvCN9a5KyNAZIPlztlXJH64r
I8A+LJPEngez1GJV8xoNkwTqJRwwI+orpWnmPD/MS3ygADr0NcV8OpjoviPXvCKRERpem5t1JwMS
Dcf1zWcv4ifcm3v3Nq7hvrpM3TlcENgDnPTHFYertBp+6CV1bAGDnlf/AK9dLdzSCPyTLgHJYnp+
dclqUEMl75Srvy2N5/Q/nVydjR6EDi1vGa5kdS28YD5G05+tY3izXrXSSUjjy7MQ6MSQRV3XpbfR
rFkeJWOeF7jntmvPPEGL68eWaRg7ElcY5x6VNSfs1bqxrYr2v2fUr2a9M2C+W3L0Uj0ridW1eG78
RIrBwsMvzO7YB5xXcXVvb6NozTSuqtMPu9Mj29K4TVooUjTUJI2VvNyH3dBn3rmnBxWu5N7O5pa9
qsFm7XRdQDjAVupPeuK8V3inxJayR3AEYwG+bIz1yD2qXxJr1pqmoW8Ms7bVYNyo4PqDVTxDZSTI
LhVeQu25sYO3n25qJzV7R6E2RX8VNZvqIa3OGKAFcfKDjk57151rc2uWOpT3MEheJ+iFs4I6/hXS
eKpdTtLqG7V9ycAZbJx6+1V7a5Ckm6RWjdDuZ+Sp9OlYy9+TjcUkuU83ufE11Z3MjRQ+Vg/KVP8A
nNVdR8bTPaNAJ2Vmf5gr4BI/GvQ9Q0Hw7q0YR7VUKRnDr90fmOCa8o8eeHE0m7cTJ8uON/zYH1OK
y9lOC3MG4tWZSvvF94I8G48zIAwhIwfwrIn8Rw3gZLhAQFO1u6nv61y2pvd2t6Vtpl+RgSucBsg+
9Nt7+4LLHNLhkB+UqQDn+dZSbe7OduTlZGtqdlHcxCSwCggfOFJBA96j0dHZ9t3a7WUBQSOMfzqu
Jbmxi3SsWUsRuCnnP8q6Dw9Db3sZhnCEMQNwbJHHf0qUuZjUXzalu20RSBM0PAOcgZx71s6XCf3a
kMH3DyyD83Tv9a1NL0O5ggRFhXDP8r7cge3FbsXheG7tGFq6+bs4V/rz1qqdJrc1ejDQmt3vYY7i
08qUMBuIPIFd5qOmW9/bC2jdBI4GwhRgD0zXK+GdOgaRDcw/NFjcx6KT19zXZXulokSyW8+wHaVA
XA9sY9a4MRUUcZCLOSrJqpGPQx4PCrSQrFG+JUHGBjofWtBLDUIlW6l08uqgYJQ9M84qxZ/bXGx4
VBT/AFZkIzxVXxl8Yv8AhC7OOW8skaNPlkdUycH0r1nFU7PoepCMWOQWshE0DsrYBMZO4/T2pDax
LOjoQ8iv9xmyM0aRe6J4ysE1LRZDtnQPvZcDP5VZW0CRNaXM4WWPAVwM49RmlUaqWZtTSUiK5axi
fzAspV4iGDHofXIqxpWsXmmSRvaX8jxMAFQnIbn2qxo1qkqfZZo/MimyNw6L+tXfCmk2VtqkmnoC
YlyVBT1bqM965K0ZSkjpp7nZeD/Gt5GDb/ZVUs4EhUDJ5Fdgmr3YtxKVEY5wVbBGDjnHUVy1hpmm
qkfks8b7QvPzZOen4/0rprTRLSFBPHdmZt4Yq3RB3P4U4Qlc1empHczTatCYkzGpwXlLHk+nPTms
bVNJu4bgYKjgDzpMHn06dTXSyAWsLQ2sAYM2XbnIB6dv/wBVUdTs9QMZt4oztPIkYHGcZ6etbqPu
u407nLbtt4YEuVBY/OMZC+1GraHCiyCObcxALOO3bFaN7Yizx9kjG95ACN5Vhxz17e1RXVpHawAu
WErMSVVc9uP/ANVZ+ydxNs4rVvD2nLi5kgaRjxhFzgE81Gnh+ySPfHbyNt5KOAM+w963Nbhjacsm
5nVegXAB+nesa7u9RhPlRoQAScIMke+O3etFFR1MOa2hnXmkK88clzFGACNyn+Idh+FZ2sT2VrYm
NbcErIR856g859Kv65r0is0Nm+9htUtnj6HNc1rF9exSKbnCsp+Z26AHvispwjYl1FHYqXXiNdNg
RYo9nmoCSD2z060/RtQGuXBnEDgjIOB39eaxPEmrxRxmKEfPz5iKc4I649e1anwtg1c72nsSEnUe
UoA9c5PpWMEpT5XsOM23c7rwPpV7czmPzyFBJ6cbs10ut69daLEttNL95eZc7sgH9KpaXbS6ePNu
GKAtuKp8vHf6Vi+Nb+7vYnlwSyrtDbTgDPQdqqpCMdjaFSbOlm+JtrZ6eLf+0MSqgJ57/Wtbwj8T
Y9VtTDPLl+hfdkAdK8Y07wXq97ff2jezlIRywz8uO3Fet+DvAMdhZxXJjyCNzAnhyfcZ6VMFV3S0
Nul5HV6fqeoaoTa6fK5lWP7rNnaPYd88V13w7nnlYW2qxlJFXBCcdP8APrWT4K8NwrcDbL85AXHT
nsM16NY+F7d2iuIDhigG4DPzY5zXVCE5LmRlNrY6zwpf3WlyR2gcuM7gzEn8zXqvhLU3ntiTMM5y
GZs7vw7V5FoxuUYJiQgHoAPwPWvRPCU0ohEkUiksASD2Nd9NuxytJbHodjN5kuW6svJB4J9K0oMO
Awx1HbFc7pV95q4ckHPGT39a27SZnJjTkgdK2VzKS6mnbu6j51GD0YfrUvmRtnntiobd43UFmPP8
PapFKoTuVRz6U1vYzlueFftnR2MXgW7uppmDAHaoz/dPWvyj8R+II5fH0qQTAjzgAW9d3bFfrT+2
Ta2kvw2vJZLVpW8psIg/2TX4+6/pDRePJ7swtEvmEBX69e9cOaVJ0qKUNz5jN4xdZc2hd+Kfj3VP
AsA8RWtxI5EQMxUbWB9sV5ivx31r4jTNDLeOqr8pBYnGeK9P+IXh9fEPh7yJJD8sJ5UZbjtXj/gb
4eromvzI0YjUuCDjlue47V+c1czqfWatNS9TgsqcEmddpGhC1t1uV+Vn5cfyq1bCedDETkAEH2Oa
TV9Q/sqHbEchhgIzY/HmrmkWv2nTjOOd/OF5ycdM18vmE+fV7IlRtIoeG7Qx6pweAxI55yK1fH/w
mi8U6V9pu0DKw5+QHFVPDR2a2EGCFbPB969VW1j1XTXiZcKF2/KK+awNVUsTzNXudtNcysjx/wCH
Xwy03wrOsUNuPLyeQor2vwjpMGxHQAAdDXO6R4TnttRMUJ3LuG4MOg9q7/SLRtKsw00a7VzgevpX
ur2leXMloTKLizO8e61Boujnc4yFOTnnp0r54k1C81bxmLqUtsWTOcHbz3FeyfEGGbVx5SP1bnFc
fc+F7fSrc3FwnKfMOK8qti+TFqEeg5RXs2xPHnjX+x/CotoXy+znHXmvHr3xNeCY3iSc5yd7Y5rq
Nbnuta1ZovnMMeMkfxVj+KtAXyVtrJCHkPYevSvTlmE5TSkzkVO+qLPgf4hT6rqYSR/vMFIU8YHf
NejnV7Ro2a/iDoF3ctyPevOfAfg628LW7Xuo/LIMsWYjGPat2/1SO4PkwTM+/GNrdvSoxdb6zSUU
jbmjQhuPubm9vZ/s1pEf3jdfb2rpvDHgfU7y1E7gkqcMnt610/wz8CWBjiuJ5G3bfmDL9K9Cay0b
QIDMNijGGBYZ/H2r6fKOEJSw6rVdE9jCNWEbvmPLr/4M3NxbO9xa4VOdrDv7ZrhvEnwv/s55GEWD
jgDjr9a9o1j4oaJbJIk12igDGMnaR6n3rz/xL8R9A1mX7PDLFnGHTeOPSvo8TkuBeD5OZXOX604V
bpHz98RdB1MPNFHFgrkZVetei/sySTz+EbzTGdtzxkkEen5YqbxT4ftdUR/KZXLHKgdBVz4TaY2i
Xk0h35lxncuQOe1fN1aEqEVTctmdUKiqvQ43xLbvYXNy7DYwcgoDjH4471zNjqRluxIJQAsgHqM5
xzXWfF+K4j1C5aPI87lQR0579q5Pw5YXN5fAeYqFj1I64rx86jGm1fW48LGbbPR9Bcvp0hXdgLu2
h+vvWFPrP9neIljebGWwSfc1s+HoZUhHnqWK7skHDEfTuK5bxzbGzvBf7wNsg6rgjvXNlldSg6T2
IrxlGakej6pYJrnhh5RAGCqee/SvBPEJks9Ye03FfnPUdB3r3T4e6yuueHzFLglVwqqe2K8X+Mun
Xel+JGcELGW4O3HOa8irhfZYpyWx6CnGrTSOb1aISW5kiz8rfKM8AV3PwK0O2lnEl5gucsNw5PFc
ba2b6oAvk5VBySOtej/DDR5ILnzYNwx1Kn72BXrUbQgpM5220eha7YtbWzWtufldP4R7CtD4aWQG
qRgRhmGNzY+6P/r1WvkmvLRLYBixwCd2MV13g/Q7bw/pj6jKw3uvI9eK8fOMSsK703772NKS591o
iP4weKG0jQH0uzYiUhgGD9vpXyy9zc3vj9LCa9Z8sSwLfKSa91+KRm1DT57oTOOCYcAEj9a+adZn
vrfx5FeKM4kw+5cZXPNelw7hKsqUpT3auzapOFO02eqfEX4e28fhM39vBmTygwITG0V5/wCArSZN
VWBUO5Th+fevfPCumLr3hJY7lxIBEd3c9OBXm8WhQaP4ont/KyqT5xtxz616OX42c/awm7NHPjeW
U1NbGjrhmvwEwT8gUYbPHrVKy0GC10qe8mUsUyPmHtxW7Fpv2oHJ3YU7dy4OP61X8V30WkeHpIQ+
3CYPQ9s1vlGEjNSm11OKvVcpJHzJ8VvFf9leKvs8zlcyjHPGPSvaPgndw65pCoGJ3JgY7/Wvmf4x
x6rr3jiJLcM3mXGQAMnGa+of2b/CVzpulo8qkgLlmJwRxSz3B0qeHjKL1Oqg24O56lBZJpWmFwMB
VznHTIrmtBtUvdaM80m3G4FR1PHWus8YX0SaD5bRYKkD5e5IrlvC86W7PcXMioW+9IFJx/8ArrwI
qPI5otannPxdsZ9F1O7kjLrAcNkcgHHBrzLxFqUlz4NvrOa2EqFg0UgXPX1r2r4rQx3tletG4dMb
UKknJ2k968B8SeLI9N0i48MyPh5JEZQwAOf8Pav1GrFQxMZeRy0FDllod18PYl0zwla21tKmOB06
8cnNbjwSm+hmuGIUxnhh0HrxWn8M/g9ruq/Dqx8QW91CJJUGbZm27hjkjNZuul9J1BbC7UrKg2sW
I4IPTPf61+fZjhcTCvz1I2uztpVYctojBBLfWkkaShhuZlPPy89OtdF8IboXurDSNcCtIhxCz5+b
296yNNCf2WZVwoWRmCjjcT7+g/rUPgq+uoPHmnWsSFmmuDkFuSK0wcnhHzX0sOd5q1j17x8sN/qV
lodvkbWBdW7DHOMe9fZHwh+P+ieDP2XLnSIAqzWkB3AckELxnPSvi621Nr34kywMELQRjaAvA46V
af4la7o19f6A7sbO4yNv1GD9a9Ph/FexnOPR/qdOX4p4HFqr5He/Eb9vqDQvDWm+MtG1IR3GnXYE
4ZhuxnnIPWvpiy/4KT+FfiH+z6LIuZnvbEo4UDG5l596/IL4xaLqlvrc1pBJIlvcygvGT0yevpX0
h+zH4Fn0XwZbm9RzDIu5WPbjse3Fe4vaVXFUpb6M+hxueJ0HK97o8a/am8R3ejajc3GnmRFSZnDE
4PJPGPpXiVz5V9oq6rKxBYkvyCBnk8V9H/ti+FdJurVkt1QrIu1lwcZ9a+Z/Gum3/h/wqyQNtjhh
3BvQDvX18aksDShSsfBxorFVOfuc3D4g0e1naW6mXDkgZYnPoaztD8Uae/jWBLeeM75ckquM/SvH
fE/xAu/tkhjZtwyFG7gc1a+DWs3Or+PbZLhpHJl3DB7V6ssPUlQcpbHoRyurToSqI+zfFviK3tfC
iJNIyAxDaTxxj3rg/g7qmmQ+IWuraRM+dyZARnJ+tc18c/HbaTocNtDcYLrjYjHIxxzn2zXE/BLx
hdT+KIQZ+WlxgnAPPp9K5cXTVTLZRS6HlU6FbldXofbPgbw9HfMZ7kKpc787z0FN0rTrWX4jW8Rl
ATzsDeBgnPXjr+NQ+BvEX2a2hjmf5RBlA44I71u+DLZb/wAcpNIqgK24nbwOf8K/MKkHQm5HWqkp
6SPY/iZ4pvvCXw9juNKvDHtjBDnGD75rzv4a/G7UL+VWOqjeXBciTqM/d9K6j46TPcfDaWztGGPJ
+TAzkfSvlL4W+IdR0bW7qz1RpFSKXMIY4GCeDWdOnXxWAnVpO0kb0WovlsfqX+yr45l1uBfM1EyY
ICru4IHU+vNfU3gTxJcROIBeuqgkoqD9K/Mz9lr4vw6F4giSWQKkzAqAw6+h9RX274S+I9nc+Vcw
XYImAb5AODX13C2NrV8H7Os7zju+562ArKFRxPpN/iALLSzeyybVCkOW5O72rJ8A+Pm1TVZtQkkH
lK5AOByB/wDXryf4m/FWy0/wskDXkXzELuDdfbjvWp8NPEWn/wDCMIYJUUkZU85z15FfVOdqqS6H
sqpTlW5Uew/E7VvDXivwFe2viBE8pYGLGRiCuBwf8+teC/sLahoi/F64vtQ1GR4bIOulQTOSseT1
rjv2ovizqKIngTQNQdpbnidk4OO1R/Dhbf4d63o+p2rFCyD7SykZJPXIzXmYyTrYyPLpy7/5HJWq
+2xN0tIn6Uaf4qtrq2+Yo8XcEfpzXzN/wUK8H/DC98F/8JXp3hqG31SzlJN1ZpsOOM7tuAaTxD+0
ZbeFPCz3rXZbbbkjEgHP0r5++IGv/En4mfDvX/ihc+IZ4LOZjHbWhYlJEHfb/WuLiHN6EKLw0I3q
STfol+RpiqidJ6GV+yR4u+P/AI++IN74W+CPjlbW9tITKbLUZQUmTngcHPSuo+PPxN+IUl23gT9p
P4XW8F6xxDqlvCoD47gjg14X+xf8RNZ+HXx5n8W6ZOYpoU+dQ2d655FfR/xX+IX/AA1F49isJodt
nbbTKf4lbjnpXyuQZxD6hKhOb576K11byPKTjWw9loz5j8VeGbOzISGPMRYtGw5G0kdCOv41hX/w
l8beMtCnfw3pMzhlYBlj6Y9ule8/HLwl4V8LtaaagVE+0rG0zMCEycDJ7c19yfspfADwbo3ws09/
7Ohme5td7yGMEPnvnvXtUMJUr49YalJaatnNhMudeq4yeiP59/in8I/ir4Y8SXI1DRLgxKxYFUOD
g85z3+lYHgHxjrOk+N7ZfJljAfD7gePTvX9GfxQ/Ye+DXxGgkg1XwzbB3YncsIGDj6V8o/GD/gir
4F1HUz4g8GhreZGPyCMFWr6Crk9aNBxpM0rZPJ6nyt8NNU/tTw1FLIUZmQtkgjLHGQD0Ncx8Xb59
N0m6uI3C4QjLDkcd6+otQ/YJ8efDHTlS00l5o1VgVEZyMfTpXzp+0z8J/GGj6BcNd6DKuxDubYwx
165r85wuDxuXZpL20NG9zixGEnyJdUfAvxY8dTL4od4ZQodug7V1vwv8RC30cXuqz4+XgkfermfE
/wAGtT8VeI5bqJWDxy/dCk59iBVfx1Bq3gDQF0+7jwdpCYXqcV9N7PCYmPKlqzOnSqp67H0B8Gfi
npF7q8uhpckk/c3EdfTmsP8AaNsRpdy+otMAp6NjqD1r50/Zw8Q+K4fipFfS3TrCX5EgwA3vX2H8
WPh5P8QvA8V1ZxKf3X7z5s8kfpXzeZYalgcXGMtUyrJVLI8u+KviBPDv7OOlXSsR5z78c4OR+mP1
r5luP2hPsF0bR5wM5CjIBA+vWvtP9sn4OaHo/wCxZ4fGm6jGt/GNjwKpUngdRX5z6t8Oru/kHnqw
YzHDAHrX2WSZbg6+GVR7o1q0/ZP3nueiX/7RjW0CNa3eQEAwOSCTXsP7MvizW/iTrkU6KxiWRVdw
vGcj3r540H4G6hr1xbWFpF5gkYIeOgyMmvur9jf4LaP4B1PSvCMMSm6mdDLIy9TuFdeY0qNSn7FE
04U76H7If8Et/hxbeHPhJa6m9mqNcLnd3PQ/lxX13JPDEiq2enSvJv2WPDkfhn4WaXaLGFKWqjar
YPT/AOvXpk90zDcc5UDALcHivdwOH+r4SFPyPrKEeWkhs8mGViwySRkseM1BJcRZCqx9GyayvE+q
PY2f2qFgPLcAjOPxpySGaNZUlHJBAPI5Fd1ro6Uy1LcmVfncgBPmyME49qpXl1tKoJiGIyCrcY6Y
ptxLBDiRW246DqSe/wCFZlxdt8zRMWPRjvOMe9EYIuxHqDh90TTqo5bggkHHWsDU76MwjMw3txz2
/wAKn1a9uGTyoWJDIcBRwBXN6izuhJYFSAQTzgjiqjypm8dzE8Y63DDbyGP5iNx2KMc9K8M+KHiC
5SV3E4OBkMhyv4ivXPEqyMGjLMCW3MyDIxXkXxI0KacSnduibJDAg9ulZTUpqzO+hpFnhnjDxA85
kh8xMh/mI6j3+lYnww8F6z4h+IcF1awF1SUNgj7vzd/XpTfihpeo2MjybWyj4IUY3Z55zXdfsdaz
q2q+M7aB4vMZJAsoI9DwMGuapTpuaTRFetUgrM/Qj4F6RBong62i8rY5iwSBnHHeux1LUYkTLjGO
NwFZXgmBYdCiLQuCU+6cDI71Z1aOOSPMefmbIyeK7rJfCeNJ3lcy73xHE0X+uYf3sLz345+lYtx4
jHkNHGd7HG3GTg56ZrRvLOFy23CkfxsuRWbd2cEIaNNgz/s4z3qo6PUQRarbqGaa4jDD5tobAY9f
xrzifXVsvj1NZLc/u9Q0gHbz1jOOPzrB1f4tRal8WLX4fW2Qwyrujd88VmfGAXXhP45+B9dld2gu
5ZLSQjOPmBIyfriuOrXvqvstfmcyq8+2iR6pd3tzOphgkCgts8w9AKzZpDZQGGeYMG5B7mrOrXbe
UYdOhLOgG84xk9z+BrNuILxstcPuB6gdCfUE10v4mjrd7o53xff3GpAKrcRgMMLwpPr61x81217q
6R3EiokDE4VSRnv9a9D1m0WxsGvXMbnbwpXJHPf3rjrjSb5I2u5owd8m9Qp6A1hVvzJlNO2hzPiT
W45Lr7Ezp5RXCKzdSO/sK8/8fa5OwGmB9pQ8YTnH+Fdz4p0G5jnRICyM55XOdvfkVx3i/wAPLOst
3KmRFwcA5OR+lRWk5IEjk9dspZNKhv4pGYopUsTxkYx9c1o+GNeFzpxs7ksWQ7pM8AjH61Wn1+K1
tzpV1EAD8mA4+X3xXNXOojTb57CW43I4PllQMjt0+tYxcUiZOx2WueHJLixW60+QNDKzZXIJX09h
XLXrC1f7FcKsezCgvk57mr3gzx9e6TdvaXxVoioADnPGeoFbvj3SNF8TaD/aejjEsYy4Trn1H51S
gqj0MJ1VbQ8l8U6gdOie5tLld+4ALng5PB5ry7xt8aLW0c6P4n05d7kfOM9evXtmoPj54r174bpJ
NGrNFgh8nJPHqK+d9X+P9h4rLQX0CB4uC7r8zNUSn7J2Ry2lUloel6r4m8Na67vazgM3RUx+AqIS
+W4klZnCrwyLnn3714xe+LrG4lzbMI32gkA++On412fhXX7qW3heWb5R3Q8EVzTkpsbhOOrPSFSX
yFWCUsnCtG3cnnrW54eM0AGYGAc5HGSD+dc7od5DPFumDqrDJIAOcdOvSuq0GyeJEcseVzu2ZAGe
Ofepswjqel+CNUTVbMWc38AOMkDPbtzXS6fappyKdjAZ2hlH3s8YGf5muB8OLJbTw3USMqlgAEPL
D+grvpmhvNMM8ByQeNp6GuileSakUX9ItJofEuUijaN/vqzZ6fp0rptWRks0e2JUxnIJH3vcVz3h
MSXF1ayykl8ncW4zXW61ZyrE5yS5OMbjgdwK+WzfEOjmMPU8zFVGqyMueQyQRXtmhLgDcEAwB3z6
VNeaFoHjGw8q/slchtjJIhIIA6VTt/tduTMkZQ7SJI+o69PrVzQ51ivXnjkGAc+UxwSfUCvr4cs6
UZPqj16bcrMueG/DWn+H7N9M0uy2KoyFjXrweMmobm2XV4w+msqzxfeRuNxHt7etbM95DNam/gt+
dv7xTglR2x6VDaacZJ49Zt9i+Z8sin0x6dKbhpZI6VO5zOkQauupSW8A+dH+dlzg+2DXc+E9Oa3u
1n1C3YMwxu4BB78n+VZdlpFxB4pjaAMQ7r8oPDZ+npXq0HhS1eNLmJSxIGVZu+OuOtcjoScb3N6d
SxHptho5t2EVsWYNhXU/7Na+jeGZ7oCPTXHzL+8xngY9qn0a0hQSyygqF79Ao6ZFbNtqFlpNj9u5
aRXwsnHzDGPx6VvCkuXUt1UJa+FVsrfFzcMPlLyw9MH0Hek1IadHaZmtlQkDyzyT+JqvZajca9K1
x5mEAyAMjn8OKvMqyxNcXUoMaHaAAccDr+daKMFG0ROq0cL4mnNjMbqOEF8fIxHGT9eK5oJd25Op
X7B5JjxEB93tn3rvPEWlW8jm6WRVUA4bqrHsOa4/VY3WeTUZEQLEMIrNyp9Kx9m7kzlFrzMW/iYo
WZWUMPvnqPTAH41hau8ix+TDMmxRljv/AIfrineINebUT5Fs5jIzwT1GOuaoW091q2LKGd0iaMqT
u4GBVuNNLQxcrmRfWcr27SgBlUYWRGJyc+3pXG+Krm9KyIrF2PCkLlsDpXo+uw2lnafZoYgGABYo
cZz39K5O7ggEq3V2qYEm0jHoM5rJwTSRk3Z3OO8M+Fr2Jvteqzb9vIBH3q9U+GkFjaIk8loF5OGK
cAelcJqWrRz3SQCZhEh5CYI+nFdd4V8SM0SWkJ2qgHl7Rzz/ADqYwUHeO6LhUUjt7to7yUeTH/Fl
S38IP/6qyNRsbfU5YzBEWBfMgUkdOvFWrqZ5rX7NE0aEryA+cLj7xrLtvEdojSaVY24IjIy4I+Y9
6HFc2p005WRZjkgknWySAblyPvcY98V6t8P7ddR0DZIVI8vgk5z7HAyPxry/R7COW9cgrjOVKA8n
6969a8HW0trpLeTbFQz7SHAyR+FVFSlrY2lPmkdN4N0OVYopoZPMfPOVwfp+VehabZu8IkhRBtIL
fMefbHY1wfgjUWFwZJWVFLfdI79MCvTNORGhi/dAxsoz6gDr1rppQurmU6iS0EsLO5cCIgud2Vyo
GPp9PWuk0Oa408CNgCSuSWB9ayxDFbSxzKzKSeCTwB71u2Tw+QJcLx/Ef89a6YU0kRe6Om0K/d0V
3bcxGAK6Kyv2ycyEcDk1yWkXUVowji3Ecktxya3LDUTGWRlCnqWYcAVdrGctjo7G+jICkkE/drWg
lDHnGcd65y3uVdQEkw3Rig5H4GtqzeQYQg/L39alrUykYPxd8N2/iHwvc2ksKsrQtjPY4NfkP+0t
4Ku/CvxFvkaABfOYqVPy9TX7IeJUY6VKHTII7DnpX5W/8FDbKbSPGt1fWYbBZvMURjk1yY1J0rvo
eBnVNSp3Z4xo/wBn1DTZBckswYs2HwcY6CuQvIbS31RysgyfmU7ScH6VreB9YW90+WXcwRE+VlY4
Y89cV5X4v8bzaT4umt4p87+oVgCmD1r8qyuhSxeZ11Le54WKqeypQNXxvdQrcIkahWk4Y7iRn6V1
HheTzPDhMoCll2qucZwOvFebar4tj1aZZVnz5eNr8Ej1Nd/4VvYrzw8trGqyOVA+pPv1rwM3pOjK
UOzNab5kmSeHmkg1ZpNqKA235TXe+HfEN1ukjdQwzjgYz9T1rgrKW20eKXUdQjRQp+fJwQB3rN07
9obwtBqq2dlcx7jKQT5oOOwrxsFl2Ixk709l1OpVoYd3kz6C8O3i2k6XLQIVAJKjqDWl4h1b7Vbb
xtVNg27RzXIeCfF8PiDTxdRNnfxjIwP/AK1a13dwMhgI2lfl354r36/Pl2X+9qyXV9tIwriV7q9O
2MnYcM2BjPr71znjO2u5wbdSfmBwfp1rrJkgs8ncME8+hOOtZen6WNduUllKqu4s249BXyeX4Stj
ZSrv5F1akY2gjgbXw7LYQCdbQkrnJx04qlcwwxp9pvgQQMhQBx6c16l4li0Hw/ZyNvUs0fClh+df
Mfxd+JOqWmpTWdrK/llyHYdFGeDXqYbKsTVqPU53XjDcs+JvGzapeva2j7Y0YAqO/wDh+FWbLW5N
Mij1C5+YIwyMdB1zXAeGNSlv7gsuQ7knK8kn1rpdehvZtHdYiyHZjc3UjFevg8HKiuSS1uefiayl
JWPRPB/7UGjW9z9kF9IrxsdyK4LY4rQ8e/tG/bNJYw3BCAZ3HGQ3UdfavkW20rU7bxZJcGRwpl5G
TwPXP5VueNfE15baKI5pWAcEFt/B7Yr7fA5rKdJUZvREVsPLlTj1JPi9+0dr1tKxGoy4bOzYent1
4rhfBv7S2prqoj1O/YAPndkke1c5qXh/WPF14Y7O1bBfGME5HrT4P2XfH1xIJbPRrkb2yCUOPrmn
i54Od25WfQ2oUKjiovU+vfg78TLLxVbIfNLM+CcnivU9OWySQTidVY4BAJ69a8C/Zt+B3ibQFhGv
3RRQo4PGPavoL/hGYNItFc3WX2ZfLZwa+bxc51INqN/M6adKNOrocp8TNPtri0dNokKrnKnk8+9e
daY0lrcSQLD5Sk8uy89e1dt4x1mOG+LSThlk6jPTFZFqukziRpFVjjKAGvNrYLE4+mntY3pqNGT8
y94U1yO6k8jy8swwxC8getVfilYRNpsjJGSwOSR34ra8HaVZpqCGBCdzAlDjge1egap8OdM1rTCs
wUkrny8fMOOpp4fh7M4vmgrjqONVcqPFvgv4vWK4On+YRg7QGA6+1S/HjQpdQgF9FBnBO4jqDXbJ
8H/D3h6/NzEsSMfmGOCPf3q9qHhKHxBbNAB5nI567hU4/K8VhFaqi4xS0R5F8NfAs+o6czrE6r90
nk8/4V6FoHhyXQ5Es0jJfgAoccV7T8MvhPoGk+GAJIlDtHuIIHUis7UvBunReIlmSMMqYxgd6Mfh
/wCz8ojXq7sykpTq2iUdD8KxzwI15DiTIwGPI+uK2bnTIbrAli2RRLlQDwQTz9Kvbbe3CzTS5B4H
b86xb7xTb3OoLYWcisrjBwa+DyqjVznNOeeyOnEzWHp8qOO+JQghsJAIvlUYyh5I9K+bfGtjbLqZ
ufLIYMWyG4r6R+JtrM1jLJNKUBJAdWOAK+afiV9pW9MadYycKTjcMV+oZL7KliJ057bHj4yrUdJK
J7X8Gddk1Lw3HZi4zsBL4HIGKxvHWlLba+b1VLNI3ze1cl8AvEE9s32OSTG48sW6Z7V6B45eGdo7
howcnPy9TivGxFCFDNZKOzOhVG8Kri6MUGnB7qDDBSVZmwPwxXnPxP1wSxTW0THnP3Tn5ema7i61
eKDRAgGAw4LKOvYZryPxRJ52ovIyA84wG5HNfTU6EMLhE47s4ozUqhymgeAbfVvESahcx5KsSM+u
a+mPAkVjp+kRWhUbiAWUDtXjuktFpcSXiqoZWIbkA5PSu/8Ah7rxvrsurqNoxhORk/WvGxNGeIT5
+h6Kq6bGz4+1EwxLCtwY1bJJP144rDl1WLStPV5ISxY5KAZGPxrU8V2l1ql0FZshenydDXO/EK2m
0fTozIxX+8F4JOa8SnQ9onTNU9LkHiW4hvLS4jkkwxiKrzy3oSa+Vfi7r0HhXx3DqdxZ+dFCVMqb
RsYjrXv/AIg8SeTftBDIAApUkHj8K+Zf2gbuW91ITi2whc8jk4r9JpShXrx18jmpXi5I9U8G/tUa
74kuC+klrKziUIlujcAdOa6ye9uNUvLW8mnjMkhLOueTxXz58ILIDTp7oXJ3RBQ+9/fpivdtNk/0
Kym8/wAwYwCq5Oa+X4gpylXSvszqwzurNHf+HbO1u9KRwzKxZsxydyOoNO0XQTpPxPsbi8gEcSwN
KmVOCMHkelZuk6nFLZozXH7wSnoMZ571Lrfin7Do93qV1fgyWcEixOzYBz2z1r5mGBruvJN3X4Hd
OrT9nyW1Nj4f+IjqvjrUdShAZd7RrL0AH+RXR6vNaXV8b+UBgvy7liPPqOv615L8C9Wld5Lh1kzO
zMGZsgHPp3+tddYa5PPrtxp7yhyjfIHb5l9wDX0eGwyovmXRK55FSq1OxxfxC0ma88SiO4jXyj88
Z3DHQ8V718EPE1mngRtJmkxJaRja2ck5HcCvN/FGlm6tvNEUTtDkruB3Hj0IrX+EgvZrtLBJwn2l
CjKWx074r6fDUqGHpe2T1TIqVpzmoM5X9qeLU9X0/wC2aYwdxlQyfNkZ6fWvFde0pfFPgO404wiO
QwYIlPOR1B719U6p4Alspbzw/rixuZCXhOzjHtXgXi7wZqmjeK59PtIWWBiT8xyAfaux4+FWsnOV
rHXCjKnC8Vqfnt8S/DV14Z8TXFpcwsuHO3I966H9naxlu/GP7kn5QSAMD/Ir6W+P37JUvjbSpPEe
lsiylS/Azg+hrmf2Sv2fdT0fxLcprtkPOAYICuQRjr7V9Ks3wlTCWjK7PZpVZ4rBeytqeW/tG6pf
R3sdrOx3Z6k+grA+Cet/ZPF9tFI4G+QDlsYr0v8AbY+F+peHfEUM9tbM6M7IuwFs+/Arj/gV8Evi
Jr3im3uLbRZljDj5nQ457mumpWw88A3JpaHO8PTo4CVOT1PqzwnrP2i7tYLchgMAZbIBPv3r6F+G
PhV9PkivsOxcb2ZucH/CvHvhf+zr4otr231XUlISJ1yDkbeODjvX03beBpbfRItRjusvBEFZVyAc
DvX5LnSqzTdJHk0YxbTbOO+K+to+mNZxncrH+If54ryK68D2gt21GBRjcCSBjLfjziur+LHiRNE8
2CeIgq7A84X8j1rzCx+M2n2909rdMGUkKE3YAPQde9dOR+1hS5ZLRlumuVyTOv8ABOsXfh28W5S4
2Hd8pjOCV6/lX1Z8F/jUbrTYdOvLnOzBSTB6deufWvkKaeDWdO/tHSULGNcsA2fyrsfhh4l1K0gx
52IwPmBOSPp6VvWawWLVWixUqs4Sv1Pr34j/ABWXUILGw85Vd5F5C+/XivZvBXjrRNF8FRatd3Rb
ZbkkbjknHWvhWf4kGbU4IZrwk7xs3NnB4r26DX7628HxRy3RYOgO0NgfWvoKuaunH2rjfTT1Ov69
OMW47s9B+H10Pid8ULjxVqOXhsxncw+UnOAPyzWh8R/Eg03xta2elT71uU27THwGzx9K5T4SeIpP
DGiu+W827JckLjavbr1q1q80GpaoviGecKsB3RLtxuYiuTM8bLLMkeJfxyd/vO+lPkoavVmt8S/F
+sWtvZ+E9TvhvkwbhUkyGTtj0o+JXxnbQvh1aafo9wZNMRDDqlipGGXH3wOoI9q4jwfb/wDCfeNp
J9TvC0MZ2pulJCgfX+lbX7QXhbwrong2P+y2WSZsq4VsB8joB6ivJyqGJlllbMatnOffpHyOfE4m
0fd1TOV+A95YJ8VJbywuBLa3MG63bb/Af1r2S08cL8PPEk1wj4abmPOcg9Qa+bPgHqUOg+NH0W8k
jXjNs7Nu4PVBmvdfi5pSSaFZ+IbZhEVXa+zrgEc/lXyWHqxwGdxlT+GWv3nNRlJwkuqO3sPBGsfH
Tw5qt/JLvH2cvGu4A4GTn6171/wTL/aP1+EXX7PPxC1ETS2AY6NO/LNGMfIfpXmP7LPj7w5ofh02
t7sbzIgMjGcEdMY5NcLFq1z8Pfjmnjvw4WjRL/5pFbHyM3IJzkCvpswxE8mr4bMIT1m7TXkexh4z
pxjJdT9U4NZSYkqAcHGDxU4mt7j5WReT0HqK8t8BeOX1TS7fUbiRz50CPu28PkZ49a7K28QQqyAM
RyfmHT0/Ov1bD1HWoqpHZnq2Nu+0PSdRH7+2VgxO7cM5zXAfEz9mT4dfELTJbHW9Dt3SZSrvt554
9K7SDXUIOyQA46EY/GrcepRSyBXPHBJzVzpU6kbTipepMqUJ/Ej87PjP/wAEedGh1qbxH8PrZAHJ
LQl8Y+lfH37XH/BN3xzpUBFzoMpUKwQomQPev3Zims7hSCAQeBkiuU+K3w28N+MdCns9Q0qOZSCO
UzxivHrZHhneVJ8r8jhr5fSeq3P5u9E/ZX8TfD+8F7f6LKkKy/M5HQj19ulfQXw7Cf2Mllex7o2U
o6Eclsda/VjWP2QPhJ4k8Ny2N/oVmXZDkiIZ6/Sviz9qX9mrQvg/qMl14WeMR7zuiC5AGOvvXy3E
HDOJlg3Xi7pdTxcVhKtJqp0Pin9vfVrbS/A9taMSIGXIGTnOO9fGWheIdC1C8a0Yxo24eUB97/Jr
6v8A+ChHhvxHr/wsVtGjd3RTsCKSfoQOh+tfnd8PrTx3N4/i8PXVlIryTAOzI2UH1r1uG+SOX88p
WS0MY4aVenzX1R91fAfwDpiaXceN7uFQkMf7sqgORjOD68969U/ZC8TJ4o+NNpchwUivlCrjnqOB
Xkmp/ES3+G/waTwnDxL9mUZJySdvWui/4JieLv7U+Kdmbtvna+BAZ+MEj0FZYSvOvjJVWvdbNoUo
pLuf0L/BR3g8HWMsshdVhBBx94cDpXW3l4rbhGSD1UHjNcZ8KLrHgmzITaPJA25+77ZromuY5CGk
JyDwS9fcpNo+mp39mjP8cS/aPD8qmPkAMfcA1Lp96i6bDsABMQ2nb7etYvxE1X7N4PvpA5ysJKkS
Dk56Vz3hHxNqlhp2nyahL5tlfxr5ZZcmGTuM9waluzS7l3tM7O81EM7eXIWIQ42rxmsy6uWRTvfq
O54zT725VCu9mK4yBGMBjWPe3AusiGYBQcYyOD/hTOmOuoNe+ePKlTATJXLAEn3rJ1gLKhNupUmM
g8cdelX7ezeR2m3A7m3blOB+FNktQ8bNKibs5yAO1PVmsXY8/wBa066bgDrkJ+85Ax0NefeNRLZ2
sgb51VBliQVU47DvXteuaXb3CmNJNpyWQscGvPPGHh2DUbeSzYgEjghR0/GqUW3c3pTbZ8nfES58
698vyldd52oIzk/nXt37EXwzsV1Aa6NNfflSM8bjn361xHxF+Gc8epr9ghwobBY85HfAr6C/ZI+H
3iDTtOgu1vB5LOAE6FQDWDj7ylJGeIk1ufSlndwR6ekYjC/LtI6YrM1XUFeJlMoK9AVHQVa1BoYL
bypD6AA8VgXcUBXzBKyLjlc8ZzXRHVHm9SrdT+c/mRA4XgFjwfYfWql3LJBC8qqeIzux823jmrN3
dJaq1vFLGzZJVd2KpatcAeH7ma6kGVhLtzkg4oegPRNnyX4Vu1vf2sVRpXEcl023J5zk4zXoP7ZF
4fCT+EfEsrblt/EEKurvgYJx0715V8I7t9T/AGlIrjciobpyN5PA+bjnvXd/8FJdah0r4UaXfx8+
VrMDIxb/AGh+lfPOo1hKs33PNw7Tw8m+57VJMbu2ilt5QivCvRDgBhn8apXkA8rzZAHCAGIKMZpf
B81tqfgfRtVjkbdPp0MhQYI+4KL62u71fLKMqY+QKp59BXsQnenGXdL7z14+9BMydTuxfwPJdx7o
zIdgK4UiqGoW0MEKLcYIx8wzkEdq6J9EaKBSynO7IVmyFx2xVG+05ZLQPcOCxY4VumPUfShu72LS
scLqsE01+ROhZcA/KmPlHp3rA8Q6Xp7wyRywZ3gsCTg46Y9K7bW9JEhN6xDvEMKhb+VcrrF2ir5T
YUBP4s8nPSsmrMn4XqeD69oU/wDaMplwpdyBkckdq87+Kc154eng1IbgAAHC87R1wT/Wvb/GKwJe
rMiIRtyzDoD9K8n+MUban4fLCHaqNuIznI9f/rVhOFoNGdVrcreHNTgvbdLl3CCUDy2UdB6Zo8S/
FGfwXbSwPcBox8rBG5ANYXgO7iPh+ewaTDLGWUsMgZHQY+leM/FD4nXFjq82iX+5F6K79/rUxk4Q
TPPkvesT/tA+PdK8VaFLPpxSeCUkSAuMxnFfGvi21EeszPAdjKSWkj69PX/Oa9G+I3ijUPDVxLNp
8ry2d2C0iB8hPwrz2O6TXLlrqAq4C5XzOSOcYxSq1XPU6qMXFXZV0xZrnUMNmUKw2vySSPSvX/h9
5clkkbHdt+9juT3Nef6bok1vCmNud/GFBOSe/pXpng20FpEPOk5XA2gY+lckWnO5dWfNC1ju/DIe
3dVMu6MfeXd0z7V6TpKxz6UJY8DPGFznH4GvL9MRrexmvYJXbdwnzY3DuBkV6F4BvimlJFLn5hu3
N1A7iulRueeubm0O38G28ktkiDKiNigEkRYlq6S2W+W0azdlLJnBUY6jP0rkdA1kpcqrSMwYbvmO
0++MV1el3cV/K0MMnOwFcYA29+D19Klt9DSLaep0/wAMr2ObVWtb2XcVXALclSewxXfeIwiW6kFg
MAhSME4715/4MW2s9ZgkddhkJTKqMZ7ZrvfEkheyJBXeFARSMEn0z718XxE+XGU2eZjNKiZzV4s5
U3EJLpnHOe/rz1qFdSnssXixl2jH3SBwO4pdMnQwyrMhdWBHDD5WqgJ3iby3YL8x2oxOcAdOP619
thZuWGg32PWpS9xM6GPxHHPao9ruWGTgQqQSRmt7w/cCWyaG2kMhcjcDxjnHf6V5poF7Faak9jeF
Ejmw8WXBK8ev4dK7jw1dTi6h0848qc4WRFHfpW0JymmjdM9R8L+FYdR0iO/jgUOrcMpyePp0rs7I
Kum/bZVYSqmGUL2XvjrUfgXS303Trexnt9ibC5C45PuB/WqfizWzp99/ZxGGkUjcMdOuK6IwVKN5
GnM3ojOvdZaaOO3inkTzWzIg5AH9OlO1a9vJ7OKC1wR0246dwfzrBXVLZ7oXCSk5XHqF/wAa0NOu
nEP2x5isYJXajY7dQO/vWU027pmity6nVWdzBpWlgah/rdg5PHOOgxSxarc6ihMVwVjK7VULgYPr
61zVhqh1m/ST7QSkKbJQzfLz0PfitKK/jWIwRysu4Hb8/GB6D0qrq2hD5rjtUuY0cWYO9EB6Dr9e
a5HxZdyLB80ce1+YkYfe46n09K0NX1KFLwW8Cj7+WG3Bx9awPE14by98gICI8kHGVOR/IUpfDdlL
Y564sLaysze3DhnlXKkcc+3p/KsnStQE8klvaRIjEFCz4yf8frV3xNqCiyFu0oGUAVCOQR147Csb
w7qdnZQvO8i7uR82fl+lRSSfu3M56I27vSba2tgsx3EDAOc7c9a4nxxfWWlxTC5ARQpLHdnd/kV0
b6wILQ30spy6kbG/hHcmvEfjV4za4YxKzCMEk5c4J6Z9Kqo4043MW01YnTxVZpIzWaKzPIxCoMBR
jiu8+GN5PrWzYNrBPmYMF6HoPc14Ho+qQ3lxG0JXYsoMr4Azx0Fe1/CrXrfTNLa4tmRTk4IP3T26
dawg3KXvaCj7rTPRPF14lhpJtbWZFnfO49Tj6jpVfwJ4dWO2d7mRt7fNn14+lYNjqNz4g1ATFRLt
I8wgZ713Wi38VuGSRDyQoYNjcD6U+Vzdzug0kdNoenBIENuIzzu+cYwMdPxruvBUsa6QAU2scqFz
y3v3rj9LZvJWJHCA9FLZJOOp444roPCrBoHhhlCor7V2vkOPyrSN+ZIt1LLQ7Hw7Mryuki8RSfK5
we46Y9K9D8J61FdQtbzSCSdSQhx/nPFebaXbwQTqQ8iDAYhWGATxntxW1ol1NY6j8kgzv+XJwOuM
VtSfK7mPvSPV9MjFxIAiYIUjy17g1NEDYzeXKmV35GRnms7w3LI7pJACBswW3dz+NdHJbJcRhgrZ
2YIAzz7V06vVFqLRZsooWRZIskkHcDn863NJlU5SdVHcfLxntWVpcCRgSG4OSmGXII4/lWtb3MR2
oMBjyePT/wCtRd9Qmro17GJw4lCsRz15IP8AWtqznk2IdzZI71z+nXSoD+8JGdy84zn+la9ndNtV
CM4H3uwFBhJNGhqjE2Dh23bl6Yr85f8AgopaaBp/iCT+0kUNKxCgck89a/RDVLq4/sx5AMYGOF61
+U//AAVJ1/U0+IsUmqX7RW8EhyzOSCAR+WK5sbV9jhJVLXseRmcVKkk+p4HNZ2ug2c93pyjyjkFc
Hb396+a/iTqzzeM5ZnuNpZySHIyPwr7Q+F3h/wAG/FTwiNKsbiJ3MLDzCV714P8AFj9i/wATeHvF
bau8rSwlyzR7MjaT69+K+CwmDeAxVTGP4JdUfM4ql9YjGmuh5l8P7K+8SawiMpZcgZHHQdxXsel3
uj+E7OMSuqliSyqep6cZ5rhdY8X+FvhRA1ncQolxt/dqyjOfTnoPpXHj4ht4t1KSeS7AR1+Qb/u9
8da+IzKNfFV51EvdbOiMY0IJHoXxF8UyavZPBZlxvTawDgHn2ryPSPhZruo+Ko57WR0jWRSdpJAb
rzit2+8V25uEtheqA3oOT6fyrtPhFrFq+pos0KlmPB9fwrkyvHYjBVVTWkW7EVIUqqcup7L8INK1
LRtIVb3PmKm1tucV1h1BrmQO/O3gnGBU/gqOx1G1jEK4yuCA3Wptc0KOxmNxGxEeeBivqs4yLE4n
BwqW0M6VT3tDA8T3DvZmSBiDuAA9Kw7DxfdQD7LEh3s2wEEcf41m/FLxmmjRfZI7lQ277meTXL+G
PEEmtXS3Fsr7Y36lM4yOteHhsLCjJUYaLqFVyUWz1eTwt/wkWkKb6QO7KSSTyvFeW+Pf2f7S/Yzs
jYPLkkkE16HpGs6pMqoi9cbQOOK2NWvYE0wyXsPLJgDHtX1UZZVh46PWxxc1aUb20PmC0+HN14f1
QIEyobALDHP9K6+HwNqurWq2ttaliV7citbUpLG98R5CkJkZUjg17n8FpvAOnQRz6mIxtXBeTH3s
+lebSp/XKrmpKKXUqnGM6mp83Rfs2eJH8/Ux4alDn7uUJGfU+1eQfFf4W+NodVFu2gTKqMFICAL9
RX6uReMPhZJpvkh7UELhgQDxXjPxR0nwJrF/ILWyhbeMAgDjJ7e9epWwOHhR5o1U2d8ZQptWPlD9
m39ni2GqwXviC0+VpNrK7crz/Kvs+7+C3gBPByw2lnCGABRETBFZXw1+HWlWcSm2tlQbQRhMsB71
6RpHhqOxdZXndlI+QN82PwrfD5c6sFKq9Gejh6kIrY8T1r4IalZwObK3EcbDdu4/CuE1zRtW0qF4
72eQ7ThQDwR3z619N/EXxRpmmaKbOK352kFwQTn+lfOPj7Wr29fIhwH3D5hwc/SuPiDCYPAYFTp6
tuxDjB1jw7xtPPPq5c4VQcAK1V9JmeBxlpCcH7461va54P1m91t1tbBwCOWCnqa1fDnwc167dJJL
dhgndwRn8MVeDjFwg0r3SPOmpSk0P8NaxNYSpcZwp4YleldDqvxNntLVltGkmCrgKnUH61M3w3ub
KwAMDqWBwSmRx1qnpvhy0tpzFfxcOMOGUgHntXqV8Q8NS5paJBCk3O1zkNT+IHijWboLFHJtVuWK
4/A16B8OtTu0tFuL+MqdrFg4PNeg+D/gJo+vwG9t7YFUjG4mPBz3/Gszx34NTw7J9jskKAMApHQn
/wDVXzeZyq4ih7efw/kdnLyqy3JtE+JeqT3bWFujLEE24285rXuJ5J7nzcEO4HI7Vh+G9Jj0+L7Y
8JLMpO4twSetbNnMoUXEihWHK7zkGvy/Ps3rZhNUYSvGJrTgoXb3KPja8On6MWgm2sW5z9K4HwZq
ct3qhkV0aQv8wB5A6fhW/wDFLVJp9Nd4MsMbs9MVwHw1v3WaYSMNyS4Zu574r0+F6HslzdTmxbcz
qfH2qeTZybmViucADJI9a8F8UWSardtGV3h2ONw5GfevX/HVz5unyeWcEoQPm614/q169vOFjYFg
ete5XcoVXODszKCUtGix4I0RNMuw65Ta2WbHH5V6AtqmqWyvKzYA+QMK4XR9ScBC0TBgeRngD1Nd
boWsNJB5TxSPgYUA5H0rjWKr1KyqJXaNHGEIcr2Ga/YvaaZNasWyFO0be9ebtoeoXFyx8pmy2MAe
/wDhXq1wk1ywee3yoUllbGewIqq+madYt5wdUKAlAxAP096+jpYrE4uCU1ypdzicKNPRO7PNdf0i
fTtMUyIqkDeqMMnH1rd+CIaVmlVMgP0P8XvXL/HPxFPbWQjtI2YkDaik4A+grc/Z4nupdOPmxEOo
6E89K6a0KEMK3B3ZrGM0veR6w3kyTqJoGbuwz3rhvjIbu8to7a1tTcspHQ4IGevvXa5Kfvgwx1TJ
Oc8Zrs/A/wAPPD3iIfaNSeIjBKs65Jrzsnw0a+KsaScoxPjHVNSF3qDfZZjIVLZXbgAehFeF/G68
ne+jdAA6NgADjr3r2iOSRNVdgAxEjfMF6fWsHwz+yx8Y/wBqP4l/8K4+FXhKe/1S5ikmgt1XZ5gX
klSevGa97AO0+ZrY61TqVpclON2cN+zB4c1nx14ni8KaLZPcXepOsVvDCNxkdmxgZ+tfrp8KP+CD
XxDPgfw544vvFNpczARXGo+GryMxM8f8UYkHQ4z1r5q/YI/4JNfGj4e/GHT774zav/wh9/bsl5ob
zhXS5kibcYzjoScDHvX6N+Jf+Co2t6N8SdE+DVtoflapBOtpqMmwlJcfKceh7it5YXB4jGzqYnSP
Q+iy7LJ0afPWj1Mf9pL/AIIgfC3xh4BHjL9nG4utB1u2tN9xot/P5sUxC5KA4BDZH05r8mvj58P/
ABB4F8NXNprFrNbXi6m1tdwv1BUgYr+hvSf2kPC+n+KbXwNrV2Ib2/slngWQ4MoJwePXkfnXwB/w
XB/Yg0yfwXD8bfhPpUjLd6hnVbK3gJjVjgmTjp+PpXVisFg/YqeFXwnRmWWe1o80ElJa/I/Oz4W+
CPEGkaVb63Fp7y27plZVO5fcHHQ1z2u+OZPCnxFhhvSyxXEmyTc3HXoPSvWfhBpkmj+GZItduZYx
sPlRbtoTB9OmTXn3xoPwu8WqkOtXDQ6rFN/o9wH285GOehP1rw6FajGtJST95fcfHyoSk22ejz4v
9LaSGUYIyroMBgBnr611vgPwCNF8OyeNooT9oRAx3Ekkdceorg/h7ax3+k20Dz72hIVmdfvgDrkf
zrX+I3x8fw1odz4c0dWLSxmAKD0bpn1/GuJ1p1uWgrpdX5CjGKlzM7jxnNHd6DaeKrm8iaWQAALK
p2468Z4/GvKvHFlY6xAbiFd8u4FiwBBPrxWJNNrWmeDpItOu5Z9qbpCwydxHIqt4V8V3d3YrDchj
sb5mbAI9q3zSgquHhKk2aKtUjLXY1rOOOTTvsTwoUxt+Ycr+HvVjwR4V0ew1L7VJEmXcMp4+UdOu
OazzqNxZ6gtsqkxyKdxYAgZNddp/hg22hDVt+wAfIjKMBfpiuPkq0rKle/UKeIqxqXvY5j4r/D74
feI9RQarHA21gV3Yzmur8F+FvhZ4asYLiNbdJF5IDgA+wrxr4+anqugTG9t9T8vB52nj6Yrg7Dx1
4w1VVt7e4lXauQxY5X/GvsMLWqLCJyZhXnUrVLN3PtHxXquhWGjpqGjIrKR82FwCB0INT6N4yS58
GNeW7RHghlHGDjnvXzz4X+JmoPoi+GJkeSRxjKjnHqTmus07UNe8NaNvld/LePcS/K81518QozlU
V1bQMR7Ncqg9TzX9pTVDqrSmL5STnAzjH0r55uswXbIHf5QuJGHB/wD1CvY/jZdy3LkIjAMQeDj6
81ifDf4bahr11PejT1mjkgZVMgyEJ6dOc4rPLJ+zoO+7dy5e9NLodP8As/eIoryxmsJbhR5Z6yMD
27Cu80q8t7W/ubaMoQ5+RcYB+lch8G/2ffGFvdSny9v70lQG6jPWvRdV+Cni7wzdx6lcB3RceZtO
Sw9AMVE8LKWJc9XEdSUHTST1Rh/DvTdT8X/GWLRbZGeC3+eR84CqD+tfSnxA8X6N4R8Mhri62RhF
Cgnrik/Zz+A/g2z0C78TaxqaWOp6iV+xStghF53bqyPjr8OvDF7oup+B9Y8VW098xBs5IZSM9xiv
OnmdPE5tGhHZf0zWhg5TtO+h03wa8aWfxQ1Cz0jRJhulIVm3bcD3Ar0L45eF9V8A6f5Czg25Hl70
PC/SvHv2Zfhhq3wU8Ky30t4/2ycExsZOSv49fwrX+I/xD8S+I9MeLVtVklt4ZgfLkGAOnWvOz7HY
rP8AE+ww38OkrvzsdzrU6VO01u7Is2njCDwlatdwyhHeM4whAHv71g+IPiHqPia2S3lkd98+cE5J
HtXD/F/XpLW0hW2kw0iqhZHyG74qL4b+IjqV2LKVCfITfwOQfxrsr5hFcNQ5dL6M4ZwcJmpPq39m
+KU1a34uLV1ZUU/MAOoPPcV9daDOvxB+E0c9vJGBLDvG3qpxyPrXwv468QzaR4qWWFz+/kAYbCpH
XHQV9V/sf+PE1jwW+gMRvgJZfmOOa+bxtKcMFRrrpYvDNLEyTOu+HulXtnAIEncSK5X5uRjPTIxS
eOZr3TNQ33UvEhBGDySPqelY+s+Kr/wj4xk03euJX3qxG3b29PeqPxi8V2l74bs7tTiRJAjOeoOf
Wvvc+wlLMeGFWpbrlZ7tWqoUVy9z7R+DPxoH/CD6dDPdZeO0RCO2RXpelfFeOfaDdDOefmwee1fD
fww8b6idFs44lbBiUKp5wfXk16TZ+OtSsUR5b0gqRz90/iB2r67JsZL+y6XN/KjvoyU4J3PsjS/i
NaTwx4uMlh8vOCcVs23jm3A2FtiydgTxXyD4P+Nl3aT+ZPO3meYQDvO3AP8AI16R4c+LEGpqUjuU
BYE7C5wPy5xXuU66qLQ1s1KzPo2x8WxzAPHICM9quahraXOnTRb2YBDj3zXhumePpIHDJcxlGXqz
E5HfAPTFdNoXjy0ntCkkq5Iz71tCak2mOyvY5jXfHfiFtRvPDml3OZVYiJW6bc8DgV8cfth6V8Yb
PUJL3xHaGW2lk4kRScD9K98+JvxEHw9+MlhrhlLW9yVSVMcPz/8AXrtP2irbw98QPhFJeWcEO+S3
LLu+906jrXj4ujPEYWrR5mn27o8fF4aniKc+6Pzq0DwBo/xCnh8L69aoI5JejL0BPTnvXLfH3/gn
j8OfAl1F4n8OWSNqN0cRxxBeM9sY5rrLiLVdG1EzaZJ5c1vcEqw6jB6cZrt/gd44HxO/aE8P6D8Q
rkG2gk+dJWwGI6V8bgsypUcJPBzj70nZP1PJw89qeyfU/Pr9p/8AZR+OemGLVZfD06WEqkxttPyj
37k4/CrX7B3ht/hv8VLPVNYcQxrcLjdkbRkV+2n7dXwz+Gl18Fpri30y0RreAmJlVehXtX47eO7K
z0LVbj7ASmJmKsh9PpVZ3jXw/Klho+9dJnViaCp1Fys/cf4DfFjwjrngixW31eIkQrjawyeB1rtT
rVvds/2e+V8kbQrYxz1r8B/Bv7bHxm+FbBdL8Rztbpxs8zkD2/KvqX9lL/grvc6zrlv4Z8ezyo8k
iBXc43c465r6XK+KcPiVGFeDi2dFDHqL5Zn6VfGfVpbL4aaneRybFEBO5n5PP0qbwJFaa/8ACzTY
5mwJ7JCpx0bA5zXknxw+MWi+LPgPLe6LqaO1xEu0BwTyQccV3/wh1xv+FWaM9z8wFlHlFPQ7evtX
0qnGeIjZ39076VWEsQ7dUdBoeoXV5DLpl1IfOgYhhk49icde9WRYF3TzHAGSAQMckc9e1ctrGp3G
keJrXxFCgMMoEV0oPA9GrffXWZw2ch8HH3vlrW8L2O6MmtCyJGtTt8liQAMqcd+tUL28CLyFVnzu
3NlQM02fUVPzJgMXO5Wbkn86ytTvIn+TdgKDyP73oPUUpS5VobR1RV1nW5o4/IR9rZIBGCB9PQVz
OpyT3atNIrFOMkDk+9a1+sckbExKG27mKn7xz2zWRqD26Iwj3DDjbgYzQ+Z7s3gkjm9bsLbV5UUE
F92U+TBx2r274AQT2FgLfc52gYboBk+1eN2dvef26h3MQZBll6DnAz+dfRHw60+aw0rzprcfdGWP
enFymvQ48S2pGrrzfI0jp8xI6njA9fWuYk1W3Viu9g2ex/lXQeJNShMnlm3G73ziuXuxGJTNb20Y
dl/jPC810Rjpqcl2H9mvdT+flsA5BXqDWX8Q7+S08GahIkZJ+zMd54OcVflv7uDdHtIyDgj1+vpX
M/FS6X/hAdUm/iWxY7CT1x2rOtpB+SHJ/umfJnwRgmvfjjZzrLJ8twxz/Eea6X/gqRNNB8H9NhEm
1Tfoy715Udc/nWR+zlZXF18W7EIV2+czPvHOM5x6YrU/4KtXMNl8NdK01ZGeRrgNtz1AP9K+Vcub
K60meVQlyYKT8z3H9mNvN+B3hbUZwzmXSYCATnGEH+cV2093HNlPKwxwcDjGK8//AGRHubj9nPwx
cXLYB0yMK23qMe9d/c3cA3rEqtlSQe4/Gvdy/wB/BU33R7NKT9kijNdo8hMmU2lipZevHas7UFEq
wylD5aJuGY+WPvT59z3pQSiMAY4yd3TmodTvHhfasxztJ4U4I9BXZy2NOZnIeLbr7MSkjjI+bdsy
CD7cVwPifUYILEPNMgO1s7e4z7/0rqviJeNC4QXAcMRyODn05ryH4jeJoomEcRkIUHO0gjPce1cd
TRmcpN7mLrutpeX0qQSHYGwysee3TFea/Ee4Ypc2om3qV3DPVTmtqLXHm1KfzWDr1UAc5rl/HV7F
LFNcm6xlsg9v85rCT5oXOWUnexwGsaw2gWTJFM+3lmCsBz+HWvDfjZfy+IoTqkBYSqcShV547816
F8R/EGZGt5JVk4G0pwB71494kuWuGmPnEhm6k9R7VzVJqKsKOsjzLxDJqGsb7G7JLCQ/Kp6cevvW
H4Zsmtr0RqShLEc8beO+e+a9CudF8xChVdx5wQMZ9a5e00uSy1uVJVChiSQvKjH8qlO9O5vzJaHR
adZl7hF2g8jLq/T8Oea77RLLcEtfLZAzKCyg7sD3xXN+GbOIwm6h3jax5PGT/hXY6BDcMwUIgEag
nnn6jFZciMZTadjpbCzlWza1+dYwf3QCkc+tdPoenbbEOTIQBuznHbng1R0PSzcQ74wBuYAZUE5x
z3rqNLgEUYikO4bCCWPp0rWMnEztzO4/SZUil8i4DPsY4OM54HtXTaHfmK8juo36DnJC47ce9c9B
EAXLSCNoycsO/ToKuI5tY1Zc7wc/MBjaT15ptpRuPkV7npngO5S58SNbu5AXaclsnPfnjmvRdchM
mmxSo5UYJLggcg9c9q8k+F0kr+JEeV0JK/PsQ9c+tev6qXGn7pJVUABY1IHA+p618LxRVSrRfmeR
j2+e5xWhMf7SeTzN3zEZJ3DGevv9aueJtOayjG0oS3dF+9x1z2NZNvc/2d4jkh80KWLYbdwBnoPS
uk8RzSX2j7FdduwDCnrivewmOc8JBR2PXw1SHsVc4+CBWnBlIMkJwjrICQK7rwAwkuoJS4xHKGVm
XG0jsMnp7151bi7a5bbIwaNgeQBn8a9E8BgTTxBztKncxySpyf6V7tJt2aNoyg72PpDw3rFhaaPF
MDiR0O1ScivOviJ4ia4vntbdmXMhDZXknv7/AEqxrervHaxQQooKpyqtkVxep6qrahJOZlYk/Mqy
fdx2IruqNctmVDVlqxmnmYfPIPL7OTk4PpitiKW6vod8IKxK7Z25HOOpHeuYt9SNvBGrQsDM+fMU
khfStdfE4tNPQQS4mPyhiRgZPQY6mso9kzWUuU3Le8t7e38qOIiUs2/cPm9BnFJe6m1rALnYyHII
AOSSOOKytAu4Lu7eSYlmYgM7Zxz7+tW9UNvK628bYUfKF3dCPf3pttD0kQ+ZcWq/2lcuWB3ABjkY
PPNY1qkurXj30KlgG5yp6EY5/CtbxJNCbdbNUDHAD7GNV7dBbackMEWHcbc8jp3qVeUuUb0SOJ8T
zLFfSQsoZkACKV5x9K486hcJK5K/KJCpXzM8euBXW+IZp/7clNyytnPLc4PfnAyK4HWNSFhJOiFV
w3XjJpLlVu9znqqZqa94lt7fSysrZWOHLgHGeegr5I/aJ+NFjp+oCzS7wfMb5fN9+w/yK9f+JvjM
6RoNxNdT52YMZ2DGD261+dn7UvxMuLzxirQXTthz5fuc9KipNzlyBQoyqzsz6i8GfFM3NjDbWMp3
OMu6nDflXuHg3xRPb6BG0TYyoLOTj5sen6V8X/s/+IobnSY7q63eZt2jJ/i9q+oPhhra3tmlpJLh
tg2k9Rzyc1gpxcmmKpD2b1PdPhfrYkTdcEl2cMJC+dvPSvR9GnBuU+0OHiaXgmXBzngcjkV5J8PU
ZbzzljYnORhgcDNdzp/iCSFwjb16kjPIOeK6acrLUalFI9W0fW/KlSPMbbBhVVcgV1fh+8EupAkq
Awwq9APU+mK8i8J+IGaWQ7SrIR8zEgMD6+teg6LqRtrhCHctnJK9APrXSpJWdjaLTtY9S0eBr542
sbdXaRFIQLy2a9c8D/s+eJvEN/bT6ujWdqAG3qQWcdcYxxWN+yj4c0XxHdjxFqjKzRHcyM3G7p36
ivYPiN8cPDHwzvIrDV79Yt6/Jkjpxz16VwYrG0aNNybskzso0pSfuq7Es/gaNO1MrBqj/ZvKJJb7
2aW/8MT6F/qlLRsxWMgYPrk1N4D+MOlePbmc6VceZDA3MgxtYegrrbG40nWwJGKSBWzwePwqcLmV
Kr8M1Z7XHVw9alujh7KIWuI1iIOflcjr71PLbseQ2zOR1711uveH7HUwGtyqyJj7pxkVga5pKaZI
nlyZLpyDg5NepCtGVtTkk5JkVnOyMVZ3JU7eepz14FdBpjCeMLuHBx15zXNQHbdLvOATjcW+8fat
3SphGuN3RsIuO31rbqQ9UaGspOmlyrbglsd/pX4//wDBXXS/Fd94oc/Z5JsZ27M/3u+D3r9ij5U+
nsJDgH76g/lXw5+3b4I8Ja34jWO/SMyHcxBGfbn868TiStDD5TUnKfKjyselyx8j8+/2ItK8beG7
hrm4t5UjPzAyAjcPTBNe4/Ef4m6R4bvItT8XOpt9wErhcBR3rB1r4v8AgL4deLbTwFoiwNcNIEkM
RB6+uPSvX/iV+z/oPxj+C9xLDDG0klkcP2J29elfD8OQzHNaMkp2px1Sf2v+AeFWcXU9w+X/ANpX
4PfBX45eDJfEHhbUYluhHmGSAj5WJzjGea+KPsOp+AtUutIv0BELnY7HHmAHGetbGu+K/in+zb8b
brwHf6xK+mTy/ulkJIU5IyAR7Vc+MOiNrnht/FKHfK0W5vm69+1bZxXwtSrGnGl7OXXs2YOlOGsn
dHkWofFgr4rOnSycK+WJfP4da99+A9/datdwS26OyMFJyDgf5FfEkV6bn4hi2YkH7XgkA5b25r9B
v2Y9M0qy8OQTysqEJ8wzz0oWQU8ROm4LRas56laNKD7s948D6zNoxRGkYKq8D39av+M/Gk92qrHN
8pUkrnoa4bVfEtpYIJLN885CseorAv8A4jGWV1VG4B2ZXjpXr43EU4wdKL0S/E5KEpQje2rMnxxq
cN3rBillyWJDYPQ5rofDt5ZaZpix2bDeseckds81wGh2OqeMvFrkq6ANll2YzzXsvhf4f2saCK7Q
gBccjjNfE0MFisbWcaa3e53udOHxMi8N+MRDdf6XuGCAC3P+RWl458V211ohW1lORySfvf8A6q5P
41Sab4K0WW5sZFEkZOwq/Un6V5L4N8d+IvEsrwXUrGLd85Xg4/rXRiKDwLdKa1MJyvDmi9DtoBe6
lI7W7KzM4O8dsd63dG/ty3cG6u2ROArKSAPrk1meHbq30oAXJVSz8LnPPqa1PEWurJppmsVABBUu
e59OOK8tUnGiLCxbbkb48QNaIrR3pJIwf3pOfetjwyuo6jdpJLHKY2IK8nA5715J4f8AELvf7Lt9
yrjlh0Gf1xXr/gzxbZRoplbcgOAen415OJzHE4eacU9D0KdHm3Z6/wCErhdKtApmYBVG7KcDPTFa
t38QBbQ4RTtUYALYBPvXm6eN9PFqwM+MHu/8I7Ull4p0nUbwW6zKVyO+c11/645rWgoQhodcMPCM
tZHTXtxc6+TOzlg5ySPWuD8RabayeM7fTXVQisCOPvE16LF4i8Pw6OLWyjjMyRkEA5GT7V5usiHx
NNqkxBEbbgpGNvpxXiY/PsXVcaVTWzOlUKag5Hb6d4Q8J6e4a8RA6/e6cVaN14atF22qxNsPGQMZ
7c15B4s+Mumx6jJp9rqB3IeADgZPtUmneLRe2Ky2u95AMZXofr7V9pgs/wAYqKfKkrHlyp+/dHoO
o6votwWt1EbZGSqgFvz6V598RDYLcpNbSgLuLHjkHpjiq1ppfjDxDdsLKzZUTkuy9fYVut8Imu4F
/tzUMNsBC7uAetGN4loSw7jiJK3YlUMRU0gj2X9nrxRoEXhkw3M0f+r5YkZ6cjHTNYHxfv8Aw/qN
4Xs3iYoSyhQOh759cVlaH4W0fw3pSDTdUl4kIA4JZsc/hUt2vhW7gEd88nm7cuWYZ9K+azbi7D47
ArB4VW7s64YKvSlzVPzOahm+0yLb2a5APCr0J9azPGI8SaOsUcFgVidv9YVJPJ6da7/w34W8NyXg
mstSJ+fftl4AH4Vl+OfGNhLc/wBiyWhYIxCsV4wDXDkXDtLE4apipzs1su5lXqTpStynE+JbdZfC
7SPBhimCPfH/ANavH/Cmsi212ZGAXMhIAH6nmvX/ABncxw+GpkZk2OpGOc5wcV85aZr8Ft4klVHy
pk64zxXo5Z+7lY56qk4cyPRPFmpbraTkkLHkYXGa8e8R6y4vljhiBPmZVR/WvRNX1OW60Yh1YvtI
BxivOtE0q41vxIEnikVBjcXUdM9c17SwlTEO0VuKL5FdnU+CtC1XWId0cOIyOQxNd54b8JeS8RkM
gyuCD06/rVmzt7HwxofnW0KhtoP3ACfyqppnxAhjmaS9XZszgY96+oyvIaFDl9u0rnnYrFc7tBHT
Xvga+urGQ6bJhypC/KCCPwryX4gapf8AhW8a31aJ4yv8eM5HqK9n8J/FHQNScWjXSxtxgE43Z7Vy
P7SvhzQPEPh2WYShZVHysG5z259K9DNsrw1WlzYeotN1ceBnH2y54nzd4w8YafrRa3+0xkh/lJOS
AOgJr0r4DqtzaQrA2WYHIA+WvnD/AIV54w1fxi2m2Z/0aOdvMmDcA57eor6j+DNhpXgjTYbS4nVp
iCOeSO3FfLTwEIUeZT0PZr1VUq2SPQ57MRWhaYOJRllDNgCqWm+ONX0fzF83hDsVFfkj1xV3Vr2z
eFZJc48s4Iyeew61zHii0urK2+0PBJAXYFcDnB9M185OWJ9ryYS7l36AuWKcpnzloc5l1fe0ILCU
DJjPzHcMA1+4HgLTfhR4d/ZV8BfE/wAKfCWKTxZ4b06Ge3k0W0CXRcjDDK8spB5BzX4XXmqTaXBP
c2s28qc8nkHNfsp/wTS+NGuTfs8eGPFXim6MsVpp/lXbzwBWABO1h6gDjNfd5Ro5X1uezktWNPEJ
S6o+ef2zfjn8bvCvxNe38ZWE1tZ+KplutDe3nZ/scxxgKSBtbJAIrjfCH7J/xo/aC03X/GXhvxxP
H8SPDs0c83hjUGaK4ngb7s0b5G4f4V9e/tM+KvgJ8bdH1j4c+PoYZ97i98NazbSYktps8qrDpkgH
Brw2z16z+HPxk03xtZ/FTUV1KOwWzeO4sgWlg7hnXhsDpmniYuM2pS0Prqkqblpsz1fWfDnxMT4P
fD/xt8aI7rTPFfg7U44tRnMm557c4GNw6jp+VfTetfF3XviL8K9W8P8Aw10nTNQvpdNZDY6i2UmO
MEgevWvlX4h/tTeFfD92PCviTVX1aLXLZmszHtchsZwcH5SMV4Fq/wDwU18UfCqO60L4c2UTahyi
3EqZ2Hngg+1c/wBcWEblHbqc+KxWGhBubPMfiVperaT4m1HSta0pLK6S8dLi3xgRtuOQB2xXlPxb
/ZW0r4meG21/S9SkFyu5iEb7rD05q3qPxq8Y+OvH914o8TTrNPfTtLcDbwWPPA7Vt2Pit7q4WbR7
7yyB88D/AHWNeXgcXg6uOlKcuXsz4LEP33OmrrsYn7LOoa/4A0u58DeNlW9VWPkT3bfOq/3c+lZ/
jq+8L+KfiBI+gW0VrHGfLlLsCm49/YZq18XNUvNHgOp2Mfku0P7xwSOSOePxrkf2fPAR+JuuyaLr
F24SVsyOHxlSexHJrpqVasm4OS1dk7fqc0bXvy2PQvBumavomh3V3eWsdxBG43PG2QV9f/r1yWu6
5o2n3y6jp0iKsrFpIwB1zwOa9P1z4Z3nwiik0O01Vrq2ZTjc+QB1CHd9K8rvvAvhD4m77Dw5qw0/
VI5cNAZPkd8nselbYi2AqujXhaPR7ouDhXdmzq/DculfEC8jutOCiZFB8sEDJHrUnjPxrdWN+umL
G6CFRldpwcfz5rj/AAtD4p+B93IfEFqEeE8uTkFc44I4r0TQr/wV46vrfxDLMAWIWYNkgfnWmHhT
k1Um/dlomv66mU1Cm3rc8+h+HniP48eIjoljIFVcsT17j/Gui1z9jTxb4TtJIU3mRvuPsx/COa9y
8H+BNK8EavH4w8MIuGGWaM9R9K6/xd8abS88uDVrZQ5XCsV4bsSfTGa+0oZDg50OapJpPaxxfX/Z
pqKPkHwx4PvPC+rY12yP7skFn4JPbtXZ+I/GWn3umC3W0QhIwEKgD6iuw+MtposEI160iVQ6gthc
hj/SvN9Uk0ddMMsYw+Mg4HOR7dq1q4OhGg6UFddzzq1aftHJs8q8fXunR66bHUohsdud68BcdvWu
5+B3iTR9KC6bbhMMPkx0Ye5+lef+JPBfiLx7rLnTLSQAEhWIxuP0NdT8L/gf8QdI1uBtQiYQrGdy
pxg+hzxXzOJwlDCUeaO57FKdSrSimemQ/GDTvCmvGKxQSDzCFXbgEA8n2r0zw94y0z43azp/gq1d
YzcSqZ5T0jXvyPSvLbX4SXN9MbnUYvnL43F+ue1etfCb4Qr8OPDUniacGO6uiWhIxkL0zXzWMz3G
4bBzqSVr+6l+p1Qo0HJJPU634r/CTU/h9ps02g6wt3YWahRJGeFXHoDXiPgDwgnxJ+Kh1y/vZZI7
OQZJztyO30zW14++KGuRXjeGrG/kla8BieAuW3EnqR0GK7Dwd4esvhV4Ck1G9KLcSxl3LEgkn0xX
x9DETwdGVWWtSpovmd8ZQ9naBreNfib4b8I63p1tqL+dHHMD5I646Yx6VzvxQ17TfGMeo6v4dtBH
5iny4Yvun/GvH9W8XXPjHxfPrLyeYInKx789j/I81Z+IvxRPw98EvG90MTAbSBgpnrXsYOdPLaPs
lrOejMsR7STjB7LU3YdY0UWyP4+sEuYYOFReSOMDgdKzPhPfaZd+M9Y+y2yxW6ACJXbGVycDPr7V
geBHfxT4Dl1aS6DSMSxZ2ySM8AYqr8Grx5/GutW1vPl48ERFsDjNeZWlGpgJ0KenK/uCSakm3c3f
HNtZz6lcQzDanSLLYAPbHPWvS/2QfFdh4S8bW0ept5MF1GYvnf8AjHAGPwzXz/8AEjxTeR+I00y1
hY3UsoCpGoJJ9K9PHh3XfAqWD6j8sl5ax3luU+X5gPmX8q9vGYeM8jp09L2F7GcE6yPrL47eGbOW
2ttZDEFHyzbenfIrz7xlH9r8DzSt8xTDJg8k9iPwruNC8Yx/E34ImXcftdpANyPncw28E56815Nc
eJpZ7e4sHdmKhkKgFcewr6HhSv8AX8inhGtY6He6ntKDaPWvhdeW8PgmyMTRoxRfmJBPT1rUn8YX
Ec/O5sHnLkj8fSvLfCOuahaaHb28QdkQgKpYjZxWvZ6zdzu7PlcPhmV+Gx0PvzX1uX5XSoU43TbS
O6g4xij07T/E6RymU3HJXHyOBnjpz2rUh8YXumSrc6fO5yo3J5mAR7mvNbbUkWUyFWJ4EhDevarc
WuyWlv8AuwpAcAlud3+Ne0qaatsdaruT3PdPB/xsLsLW4mwyn5FL/wCNdzp/xEiRBPFcI4XncSee
+ARXyiPEEkQea2mZmLdAT8uPSptP+MmoadKI5Gcor58vfjI/wpqbp0/eK9oz1r9qjxA2seH4tTim
DyQgMWL/ACqR6+9VdP8AjZqmv/BW30mC9ZWiISR2l6rjGPWvJ/HPxcg8R+HpbCS63EgYy3G7nv8A
lXKfCHxtiO68P3crMquWCEnqT29ua8jMKypV+dfaVjzMZUScvQ7GHSVuo7nVAT5qBywKbcHr0rhI
tK8RafqqfEHSkcSW0wfeBtJAPPP4Vu3XxEj0uaW2WyfyLiRklmjjxtz0znpW34e8e+CrjwJc6Bqd
yqyxox3MQSTnoMV8PgcBTlmblJ2a1X3HmUYUqr952N/4w/tY3Xjf4TR6Zc6nkm12Twngg7cc5681
8CfELVsTSZkHzMTjdjB9vWrH7SXxUvfBOtzwaTdH7I8rbPnztGeteUx+PU8SQmeWQsHZhJvGc8cG
oznDyxmOhUetkEpzmveINb1uGAlFAzvYBmXp9a5W48VSaXqS3WnXnlvG4ZZU7HP8/eq3jW5nkmd7
eNskHBQ8H2HrXGWKyy3+y5ZsAnAcdRXsYXCr2NrHMn76itz9Jv2LP2kfHfxM8Ajw7rs8kkVpcqod
yQMY7+tfqX8ItWgm+HumI+0BLRAeeAdvavy1/wCCevwys9K+CC+Jgih7uZtwA+YAdMGvv/4I+PNn
heDSpJGVYIgAAwOMD+tfSZBz+1fO72Vj1suk1XZ7Pr8cmpeHri2hLeYYyVbknjkfyqt4c8Qi/wBC
hvA+2TYY5VJwFYZzn0rJsvE4uIMST7lyCM4OMnp+nSsXw3rU0XiLVPDUaBVEgnjA4DK3WvoK6Uaq
aPoI737nS3+qSmYKtxlUJADdST3GO1VLm+vZ9rSOE2cqAflx6/Sr0Wj4Uzzy4CsT8y9qzNSuIbeY
pblNwbCoDxt9KU4NK9ztgktBh1Ceb5GfCEZwei/Sq9zbW1yA0UwZkI6P3rP1S5mikZzOyhgcbW5H
6VkRarqX20PHcOoGAVwCSfpWTqKO5tax3ngfSRcaqv2Zmd/N+dCvBNfQfhzSjY6QiDAGzOGHXivL
vgPZadqEkN1eIgnIBO09Mf1r2m9lhs7VfKZcbTtyeoropbHm19ZnBeMbiSASnBKjjJ459vWuJutY
leX7MbjBK4wSM/pXR/ErWkhtpBCDycErzj3rzLTNUW61IyXG9uSgwQOM1pUrcs+QVOjzxb7HWRTx
yQhprjgoMFmyxHSud+Mmo22m/DXUZlm3J5W0Z681rrc2ZTzlizgcljyP/wBVef8A7RupCL4fzw20
oUyMACSeuM5rHF1PZ4eU30Ry4iXLRlZHmv7LMttqHxMFxJGgjtYSFVRxk9+enFcH/wAFV/E8l7ru
i6RaMxWCEExDkHmu6/Y+tJ7zxPqeqQs5C7Ii6r3IP6Yryb/goVfQQ/F1NPvWO+KBBGYsq2D6mvjq
9Rw4fk/5pHm8vs8Dd9WfXf7J2pRr+zL4XikjPOnRhQRnHHIrqiPt29Qp+fnOcBQK4v8AZfsGsPgV
4bj1CQqFsUZCxzkY712klzGkgkhXcpI24/qDX0+A0wdJeR7NBWopMy7xGsJkSRtx3Z3ZzgVV1jUm
kICFQY1ySvU57jPStHW5MSBw+07cICM9euawdbkEKqzBREQPkHGTj1PNdkOZsufuq5wHxGvZFmeZ
WUhB87Nja3pj3rw3xxfyXl1Irh12OcKADgV6V8VtYKXrLJJkc+WNvGSfzFeWazcrMZLhcs4U5Z16
47YHSuas1c523I5TVQ9kv2kxn92doyOff+dcL451prS0lRX2u4zt3DaACcD1z3/GvQtStpZ43Zs4
28BeDn1561498WLiWKdrcSkFpM4JJyMdc9vpXG24x8jOa0PMfFRu7+eWQf6vfjevXHcc9q4qfTIn
v2VtxXafmI4UY6CvQZLSSSErIgYuSuwHgE+9c/eaFeWt46SIi7iAu4dPYVyTjz63JinYwIdFhETR
o6MOwYc/jXPX+hbtWcQxxu27sOv09a9DntY490skOxGUncoxnt0/rVCPQre4kS7EIGGBDAnHXFXd
R0Ho2UvDejNHbqIrfgknBB6fnXTaTp/2ZVdQ/QgLgfNn1/Cn6dp0ML7YvKCoCoLDocdjWtbWu+NY
5GJ3r+7ZxyOKUrtaGerNvw7dYtFRSH+bpgZHvW3YsPPdGOV3ZOTxtPYepzWH4SVERVQAnPyqwPOK
6OyhLN5mQCjcKCAM9c0+V2KiXrKwkKLcSpuDcncQcL159BxWhZ2tvPCUMinA3YYck54AFV7KWUzG
ASLmVSu4AYbPY/41esBJaErE53k7CHbcF/pVpJoovfDm+Nt4jjtRuJjOFIHv3r2p58aWC8udxyEK
g5/wrwzwOlrb+N1maP5ZOrsByc+le0NN9ls1EcxzjkbeCM1+c8XNwrRR4+PVqhxniOVdO1gXmzl5
MYAxnPpW010txasmeGUFsDBHr19axPiDgon75AFYsjMTTfCl201qfOlBbYMZXGcnknPevdyiSqYO
DWh0YXWiilbrK2oyGMSJjG5Wi4613vw/uooLRiJFxE25lyCcZ/zxXJz2bQJcXlwuNpyGVh/Kn+HN
YkW2KpCxLud7bcEYr6ejzKUbs9CCXKeraH4gN3bS26KCzAlAx5GPWuUnvg+qGB2AZJTyI+evf8ag
0bW57P5YpSF3ZBfjORyOO1UIL1Rey3HOWl2ZPPvjHauqU+aCNVob51XyytugJ25Aw2Nv4U64vpXt
sw3HCgbCwHD98Y/nWTpMDXUv2yW4OAp3OF7D09602hEsYkjiKKSFR+MZPfjmoNVe50fhC7NpbA3I
DNK25gp71qytHLMphcITksMZwR/WsKwEcsMf2YAY5LEYzjnkVaN21xdbVD7WHzAHAraNuQrW5o3C
Wws3URuxVvvFOT71mfarnIhZiVV8lgenpyasy3dytqZGDK23JOQQO2KqXUkPlqA3yLlgc4wAO/rU
q6Vy9GjkPGMUMGrhkG5D/wAsQeRXmnxEcRv9pQKy8nkfMR3GK9Y8TyxSzCdl3YjDZCjjPYeteWfF
LdbWcpChWySR/e468UTSUbmU9UfNP7TnjV9O0WQso2HpGvc+9fAXxQGo694gklhWQqxJUAE456V9
fftFXLapNLaNKPlBO0sdpGen1rxTwV8Nf7c1TEtnv2yHaSeAc+leb7fkq33PRwEIQhzSJf2fzf29
gkc5OFYbNzEZbuK+sPhNcT2zxkO0gPG0EYOevNeV+FfhZHoMkf2SAgAhnYg4Pv8A/Xr1vwTbpprR
s6LtKncSCQePanTT5rs4sbUhOd0tD3L4c6hFK8lvdcLIdp28YPYZqf8At24ttUksZZCkiS4/fN1H
4VzfgOdLi6hjadyHcHcjbcNVnxJa/Y/E0gieRyz7gRgFvf1rX6x++9medzN1XG2iPRPB+t3BmhMc
rMoJDDPY/wA8V6b4S106hIsU0u/HG4jBB9cV418PmuNWkgtbCBpbuVtixjBMjV9JfAf4DeJNZ8RQ
6Z4z0PULCG4BCzmHbzjFdUsRTowvJnfh6FSrL3VoepfB3x3qfhe0NtbsroyktGp+YHH6Vwvx+8V2
PxnvB4sivbkDREePVLF2O5Uxycd8YzXu0v7PHh/wt4Zl1HR9fV5owfOjuWAJGO1eC/GjWvhVo2l3
Vhr3iw6Nqt1bmITwIT5igHllPBHvXh5zh6eMwz5JpPsz2cNVq4GVpozfgj+2b4N8LfDe/wDCXgnU
kk1GSVo7V/MwdxOO5yK9s+G/7Ttn8PDofh3xnr6G/wBRiBmdXx8xOTnPH41+VXjeb/hX3j6PUNHu
reeFJS8F4BtjlGSTkV2lp8XfiF8XfEun63PGkLaaFRN+VQKO4P0r85qLH4arFQlttqfV4atl2Lwn
JXXv/oftpoHxK0G80+G8TUo380jaA4Jq/rd/p95p8knys+NyNjv6V8ifspaP4y8T6Vp/jbxB46hk
soogsdja/MpPqTX0is0UloYlDEqMnLD+tfpuTyr1op1mktNEfI5lhaVCq+TYv2UjzBY3cDKjOOnS
tzSyvlhdwOTkDIPFc9p1wsSq8qsCvyrgZre065iVS4+mT9K+oPF6Fjxn4nsPB3hebV70F9iEQxKe
Xcg4H51+dX7ZKfEa00m78ceI7trOe8jkaGHkGFM9Oe+K/RBtKt/E159tvUEkMEmY4zyC2Oo7V8f/
APBTX4U614x0ZWhuVjtYwfNy3JzxXg8QZZRzDBTdTVRV0uj9fQ8rHxqTpXR+S+nW2v6x8XIdah86
dUnzJKynkbhn6V+qH7PFvqV38J7a33NJvthuJHC8V8LXnh3w18NGE1zEhmUgs+O/avsT9jv4xafq
vh23gllIChQof7vvzXynCGMnUxkqLVlG1jxbQoaPqfBH/BVf9n3xJoXiY+NotMkVY5g3n+WRheuc
4968f+H0I8Y/D77E48zEZ3FRkjt1HFfrZ/wUM8A+F/iH8D9Qlhtlkka3JLhewAxX5SfAe3j0nxBf
+GpwR5c7psLD5hu6VycZ4KpgKjmuruF6co8qPmTxP8N08PfEk39zabVVvuhdoPPX3Neq6H8Tr7Q7
aCw0knOBgKxXAPHf3ruv2jfhTbybtUtbfG1N4IP8Q6dewrw3wfb3ba4kdw21lb5jnIzn2rjwubVM
Xg+ZaSW4XpujZq9j61+Ecn/CSWCS69cAOwVipfn9a763+G+javeBEjVgxJXbjB5r5T134na54Qt4
YNIncuCqgjg4/wAa96/Z6+Ksup6SsuqXuJgNsaueTxyPrXqYLEYOpR9nWjq9WzycRTrQjzrbsem6
f8MNM0W5W9tl3PnEgVR+Vcz8U/iyPh5bvJdyFAoOQTgD0Jr0bwvqcWozNPcuPKABXp09ea4D9oz4
ORePNIngt1Z90fzEDmvSylVKmHqVcMlvoc84xlUgpvofJ3j79pe++JHigaJppLKJiHCscD616Z8N
9PTTtEF5MpSaQD5R2P0ryjRP2cNa+H3jKa/vLVghk3Dfz3r1G08Q2djbrHgOIxl1I5/CvAzeWIxN
RJL1OiVOlTaSJPE/iq4srwWlo0hJO4nPStCbxhcWmlrG7N8ygKCehxzXJHxHZah4gEbnerjHI6V2
UHhvTdZhhtllQbuSQ2eTU4XB+1narsjpdqdH3epneDrO5vN1xNKMsxJLdSM16Xo2iavPYbrWdgSh
wQfu9x9ax9L+EtzEyCx1BywGMH0r0z4e+DtYsiLa7xJtwqHpnPFejPKcmxcHTm7f5nHGrioSulc8
H+JXjXxv4YvjaSTSRjdhSxIz74q58PfH3iqCzk1a9u2+bgCRiBj2r1T41fAy88RyB4bU5GGIC5wP
qK5K6+BnimXRI4oEKRoQZDgjIFfFYqhQyacqcrOPQ9ei3XgpdT1H9na7v/FOkXWu6g7LEBkFzkP9
KuaqrXkN5HagCSTIWQYOa8wsvi/dfDHRV8F6XHl0QKcEcV0vw5j8UeJj9puWZVkYHg5yK+ExNCvL
FTrrVPY9VzhZQj8zJ8H/ALPC3niGXVvEV0SC4Zt3IUc4HJr0aVfA3gOwEKKjbAQzMBg57VgfEnxv
ZfDTSGkuZ3ZxnIUcn2r44+PX7WvijU72Sx02J4kBbJA7ZwOa6cFhs+zaoqUfdgvkZylQpxvFXZ9l
XH7S/hey8zS7CWNmVxkoece3rXQ+CLnWPiDMmqeTKlt94PtJyv1PvXyX+yH4N1n4gXsWta3E0haQ
Fd556c5J4Ar7h0e00vwp4djjt2ZSqhEwnTjpVZrhaGVN0F71TrfUzh7Sb5pOyRDrs66VbrDbFS5B
3DGCtcle32wPcXs65IzvX/69aN3fjVbzkFs8F815v+0J4xk8K+Gmmil8shCoDDHXiuTLsDLE1lTW
7OerKU/e7Efir4xzaVe+VpV4V8sbHCtx+leofs+R+Gvi/oN9Br90kd3bxM8UjuDzjPevjrwp4nk1
y0aSeffIzlmNe3/s9T6haSlbSWSNZM79vU8dK/TKMoZbQ+rct09zlpQbfM9Tb+MUFzp1pdaZbTDE
akLtb2618tXOoPpniOTfNgGXBU+tfUnxlIjspWIG9lPBPtXyp4isbi58TqViGBJl686hQXtVGmt2
S/dk77HrngnSrPX9NX7ZITgbiepqW/0bw/4fla4dlGw5AJHzH0rkl8cWnhHSAFutrLHlvSvMPiF8
cbq4tJLyGdvkb5FzX22EprBQUpq7MbvEPlR71c/EXQpNPkWS6jVlXaqBgRXmOveK55LuZLSYbS5I
CsRXgPh/4x6tqGubLy5KoJCVXHGfWvQbPxEuoRLcSXIYMOV9q8PiLGY6pJOOiXY0hQo0/M3m8c6x
pZ+1C8dXU9Qcml1D40+INbgOn3t8SG4dy5yB7Vx/ijWrO2g2M4LOMoSeormbPWtt2ZuzEBee9eRg
8PWnS9o5MIyhzqyPZ/C/irSdGsJDGRvdQBnHcVf8HXeo6lq0WrPIxVSQFboa8jstRaV03SFAvJGO
CTXo/hrxnpej6YrTTp8pBOeKMTWxlSDpI6qVSMZt9T2zwvFqPiW/t7EkFVYEooJ465qh8bvi3o1n
rSeG0miZrZAhJbPTntWD8MficEsdS8XR3J+zWNs21sHG7FfOc/jrVPFni6/166nLrcTM8ZxgKMkV
7WBwcsuwyUPjlucrlOvVbnsUfH0xj8MXGpNKRiMhdq4HOeenvXv/APwTg/bk8XeHJIfhd451a6uN
ICmKySMMWGR9wYPvXzp8V3W38ATzIh3buZNuQfp7VW8M3Gt/Dn4WWvjvwzM1vqENyk8EynBBA6/W
vTwM0sIns3I6lXqUqqcT9D/ip8evB3w08Rrq974bury288PGmMGNSRk++PQ4q38fvjb8ONL+F1t8
SvD1wo1G6g3QQ3AUh89COflNfnp4i/4KGfFfxvYvpfi6x025FzD5bz/ZNrLx1znrXJWnxT13xLqe
l+E21OU27zgCEuQo5LECuuphJxlJSWmr+49l5xKnDu7H0N+yD8X9UP7VU+q/Fa/aW2UPLDBcy7oV
Bxxg8dDWx8Srvw5q3xuv7LwsiQWd/cb7dM5VMk9M9voa8++I3hhfB1zo3xItkLMm2O8J4AXsSAOe
lR6/qxHxCt9TttSxCirJHNu4YEe31rxniXX9+CumrbdTiliJVqfLLrY6jUor3QdfktJkzIcBNjbQ
OK1LbV4oEDNEd2cOFP3ffoK5LxV4iludR/tmPUFlWVRGx3dCO2f61XHiAm3WKSVNzNkMzdB05PSv
mcXltdtSd1c55VIxb5WdT8R9bGo6EZ7iQMGG2Pc2T6DIrY+B+nr4bnFzav5TmIZ2cfMRng9q43xS
XNtpunCZGDlAx/HPrXo/gOXw9ZW7f25OIZA4MYilwcdPatcNTlOUaUp2v+hhO3K2zV8UeMrmKZrj
XdSe4hjX90zPxt/rXzH8UfFmo+GfH41vw5cyxLNKCxQ4HJ46V9N/EXwR4Y8Z+FN+geItkjEDb5gy
OOhryO7+BmrRyxzTX0V2sDgvHMeQR9e1fbUMVQr4aKnJOS0d+pFJRhF2O7+FHxL8LeLjFofxbYG2
vrVYUmcBtrEdST0qv8avAmofAiyi8U+EJpL7Q2OQ0HzbOe+P51574t8F6xr+g3Ok6bYyRzof3Xkj
BBHOeK2v2bv2iNd8J3L/AAT+P2hyT6VfL5cNzcocxjoDz0rwqtGvhm6uH1hfWP6o66UIOlyyR6/+
zz+0bpGvaSlpcX2+LYCFkbJXPqK7DxT8Tfh7M32K+8tWCkBwRhs/WvlP4vfB7Wf2e/HL+N/AOpNd
eHL9vMQxnITJzj5adJJ/wsfw7Jqulaq5nCneAep9B3r6PKM/rYTDqMXz0pbX3T6+h5OLy1OV4s+q
oNU8A+OtPXRlnjdEj2gs+Qfbj0rEv/hF4W0aYyvcqqyjIT1HaviaD46eKPhV4nbSNWkdQj/KT/EM
fWl+Kn7afie5EUumao/7o5GGPHFe1VxdbFTUIw0fZmdLAOydz798PeCvDGl2yvp+mxMzKCzhc+55
rVuruxg06eSGz2DaNp2jk5xzX59fDv8A4KG6lY2qWuuyfc4Zlzkn1HvX0Z8Iv2lG+KvhXULxJGMU
MXJIP1H41z42jTwGDdSp9zFKGJdS0lax9C+GNDj1jVLe1MSvGV3yyBRyPXFSfFjxI+lRvHDIY44o
wEixwy4xkelTfAe8mm+HB8T6nFtkvV2xbmJYL7da8i+PHxDdvFdl4PsZzLPcTqHiGR3x/KvzfOa9
POMxhhqWkKerfdnbRpSpQcmtSD4D/D7X/HXxPu/HfiWN2trdsWiuTjrnNbf7WnxCurPTE8KeGkkk
muWVOCfk/wDrV6ZolvaeAfAAkFkUZrcbwp77c5/ya+bZf7c8e/Gn+3ZPM+yWhzJHIuBjqDzivLpx
ji8dUr/8u6d0u3kdlK8I67l3QPA+paD4YW5n2rIEDOHfnOPfqa8T/aj1rXJ7dNFhieUhS2YznI9x
Xq3xa+IF3ceJpNJ0yRfLSLYwRc7eOg6/nUH7Nmnxap4/vbvVdPW+b7IYkinUFTuU88969XK4Qi/r
FdeZLm5VPeE/Zju4dS+Fk0E67dsJJUjO3HBArm/hD4gj0v4vaxEyb96sNqrnK5P4iup+GehR6B4p
8ReGoY1EaOxjjjY/KCc+leZ+AZZ7f9pa60mLkyAq4VTycnA61xRoxqYrFRjs1c1qaQTRF8YvF2o+
H/i9pfim1jkWKO6QMoP3QTzk4r6u8RaxD46+GVlrlrco0tgqyIw67SORj0r5L+Lmu2p+KQ8Ia7bi
KQvmPeucdfyr3v4L3SWnh0aDNKWtpIGVVeU5YEdB1r0MziqWEoSb2X4GkJSlFwT0Z7T+zV8bNJa5
/wCEN1a2RXKGAsG/1it93Prg4rE8b+JdF8LeMtQ0dJAsgZsZOcA/pXkOonW/h542tNcRCkcUhVnY
YVk4wPrWV+0/43vE+IegeJbG4Dw6mojbylJTPuO3vXVwxifqOZVIxfuzV/n2Io1ZNOn2PojwP410
5tJVFzjqGV8g/wCNdTp+tWF84USAszDy1JAyMYIAwO+K+TtN+O+mfDjxxbaR4ieL7LebQ6yngZwM
jntmvSfGHj+6+HlzbXFzMZLC9jEtjeYyrKe3HTiv1HB5hRlywlpdHXGqkkj2TVdW+wKSm4AnHyvz
keorMuvGF1FhRgMcbV3HC9TkfWvO9P8AjXouqxKxvIlyOVHUjB55qGfxzpflFo9TjLHbkk/N3OK9
GbX2Wb+0sz0S08crG2DcBcDmINwCehqDWPEqXFsNzHCoxfcOoz3IxxXHfDueDxZq625ug0Skk4yA
2Omc16pceBrSLRGvVspHiClXlVdyjHPOBWaqJN8xjWxsaO6uee3mqSyRmKBi0ZG1WRcD8PSqnw+u
tXXxd5sDMERcvyT82cA/pVvxd4g0PQrRx9oQDB/L2A7Vb+H19aSaU2rSSENMf3RDbSV9QK+P4oxd
PCYD20Xrex50sx+tVVTSsjr7LxFc6MdU02WFZVvYCVimCsN2Ooz3r5q8beMtcjmuorLVjBIjsC28
knn7pFfQK3sHiIR3ccwdo1KliQQRnrXyj8fb9vBPj7U9NuGGyUllVTgNnkEZPH4V8tXdTF0Yzho2
rmMJyU/JHFeI3uPFWoPaa7cCR93Bd+SPxqlrHhMeGbEzafKcE5k2c7eOOlct4h8exnUi8cyKVYbW
kPzD6etaOveKdQ1XQvPR2crHuypxj866sNDExS9o7nYpQmrEdro7ajEHl+bLZyzYKj/JqNvhzJqO
oxWVoimd5QqgKSck4BGe1WPhFeQ6/qSaVOm2XoV45z619SfBf4Baff8AiK01m4ido7XEjMOBuGCM
V9ThabdFuHzOecPZvnZ9Dfsw+Gb3wP8ABCz8L3KKJY4wx9SSBXt3w/1JIIIlE4VkUAlhgbvz5rza
yvIbe1+xQQhQ0YwrHoOMH3qe18QvpF+tsYsKXCqqjIVj3wa78nnerM6stqvnbZ9F6R4stiqBpxgr
yoGNrHq1W7jX08K+NtC1OZk8jVEa3clurYyp9c5ry3wvq8kl5FK0+MAfMyjd+g4612HxE1O1n8CR
amZA02m3Mc0JPXg89eehr36zapNpH0TqKVI9g1XW7yWKQJKMMQFdT6j/ABrIsLC5vrrfJFkcgqq8
Fqx9P8Wm90uDUIZQBLEjB24yMenNdDpWuRKgd5VYBflHQgd/xp+7USk+p6NOpzR5l1H3ujiOFVzH
H8pEjEjAHpWPp/hJru+8l5Arl8cLkYHp/jW34quUfwzd3FrJseOLfFIBySO2ag8C69Dqkemy3a5k
ljBDHjLc5zUNQVRQki5V5x909Y+Efgufw8iTY/dlcohHKmu81i6jjgy5A4G0f3TiovBJjGjosijC
ofmI61W8WSpHGxhkDHsDXXTjGOnQ8+cm3qcX4mKTSvn5vMO1mxk47cVy954et1dWjiA3n7pwCa6f
U723ZHV4yQMfPjAz/Wsu8uNNJa3lu+QOBnj8Of6VU1B7IuNR2smUodJWKNZJ1yAckDrx0FeM/tYa
tPZeGre0i4VrgkDbyePwr3SKW3toEgjlDYO6PBzkGvmj9trXzd63ZaOkmGVSw2jBweo/OvGzyp7H
LJnJjJuNBrudF+xZa3Mfh2/1Dy2IuJkPBwCRnpgda+av23JLfxF8dL2SZmzGFUDOQpBA5719ffsm
Wo8P/CeSZzGCxeVDu5AxkfSvhT4861ca/wDHG9vVuyTNqgRWUn5gXxj6V8rmsnDI6EOsnc4cSuTD
U4/M/QD4Ix3Evwi8P2ikLs0yIMGXvtHJrqvsZS5E7ksFGFwOlV/hfp0elfDvR9N8xSw02ISEEfKQ
ozV+8fMgkDDaTlsjk46GvtMNC+Fp36JHr0/4a9DF8Qsz/KF/1a/M2eorlvF+oiGxDM6sQoBUHhRz
giuq1cSzbhsx1G/H8xXAfEmQ2ukBoplPzBSQmM/jXS24rTYuWx458WLyTUbtNowSSUdV7+h5rm30
u6kgeRpI2YjrtxzjkVs+ISbu7Cs67gfmZckbR6+9VruOP7DvijZ1wSV3YGfXp0PpXnTqOVVjUEo3
OK1FBZQOGI43b8ngkdecdK8O+JN4NQ1J/J28E5ZiDx7CvWvGGsxRPNFK7ZEnTB5Hp9K8jm0m+8T+
K/7ItTgSPn5Thh7DPBFZVJRUbs4q80kyX4X/AA5GsRT63qaKLaH50DDHP1zzXGeMmtr/AMTybZh5
UTlUwowT24r2z4qNZ/CzwBHoFsqrPcQ5fqCDj6da8B0e5l1G5e7knUrnKtxyR7dvxrz8LKVZubWh
x0Zzk3K+g3U7VJdK2QyHnldx5BHbGOBUGm6abWFInjfDqMAyHJya1FtmvZPJWQZ3DkMTz3qXUbby
bokqQCgCNnI256DHPNaqPPU9C4zabKUMEcaAeUNke4pHGMn8avaNFHcyKVyoCjG5id34VFbkuGlj
LEEhVC7VPpjmrujwrBdJwGZW4KHOO3TjirjHW3Q1UkjY0e0eCeTfs8tVHXI/ADrWnYyvLfZVii7w
zBcHI6DPpUUSguojiLcklj0GfQ9jVq30/aWYSgYUZUtnPNaKOtkXfQvTym01cCIoVByQ64yfatg6
nDKFBX5ed+YwR0/A9a5y6mkt5n3MBk53Htjp7VK2p+TbrLNcBCADlB2zzx60aJaCUk3ob3g4C58U
xqkZYDkbh1b17V7Epkj0lJEcqxXDuy45z+PNeM/D+5t21tbrcTIXLJhvfofxxXtFuGfSVMtvuUnE
jKPun19TX51xnFJxb3Z5mZe9JNHC/Eu8mjSJmIKhssuOcU7QJkktoolTeWGECrzzUfxDtlbTJJWb
+IbZduNwz2HvSfDm7k1J1jSAbl++vp7Yr0cjqJZWmjXByXsDV1uWK30o25TEz43Rs2Bnr/Sn+E7a
Oz0Z7iZgwYEsRjKHvj15pPGUYN4YnjLRqwLErwBjpjisd9aFrpb7GyV3BCowMj/PSvq8HWVeFzvp
zTibF94gjtdHlnXdGeMLtzjPf/8AVWL4N1e71jU2tI0Yl5MGQnBP4Vj6nf3UtsWCcqysqspJI711
Hwo08aXbvq88WScsTIBnrkd+eK3cnKaUWbR956nb6fbxJamJIwccy5UnBz6Z9v1rVQxNYkRFQuSS
OxJ7c+9Z9hdwzxHYhjyTlcZ988HpU168tqizIVUyENjaWwuOgx+db8rSN01Hc2ND320bC5jzEzna
HOcf/WpIYEa9a5iDBXbK4GMD1B9Kh0/U4o7ErPP8rBiF25OeootJxJF9okYrvdQdhyF9vr9KqGuh
d0WdauZLS0Ll2VwcI2OGH+fasu9u4bq0kRbgswO1dz8ZxzT/ABDf20dtiYcEn5cnj0rnvPkaJWDj
y+QAVyG4wD+FaNpPlM3JFPUtUMdqySOruo3yL6ZPT8q8x+IHiGG+tZoN6sGZhhW2hR25xmu712Qt
BIocYBxGc4x68Z5ryDxWM3E0cHz/ADEdcZGaVRWgjCTVzwH4neEjq17NItuBufC7VyOv+eatfCj4
ZKkyTm0YtgA4H8We9eg33hj7ZcpuQA78sW5yPwrqvDXhu30+1Xy4U3hMgMcHHr6Zz+lcVHDJ1rlv
EzjR5UcnrnhGG3slkFuFkVuF8wYwOowOKh8OaYqzhXcnc+QMYPTOOO1bPjHxFZJJ9nVg+4/MANoH
t061X8JRkOLrYjgjIDfLx06VtXpxi1YwVR1Geg/D7RSNQiZlZQHySiAYJPX6VqeNtI267JJG+VQh
TIGwT35qXwagtRDPbITJK44bOdrdqteK1LXsgWMMyPtcDjafxrj9mvrTfkJRSrMzPCWuah4Z1u3u
9HmKTwSrLC65yGB46f1r7z+E/wC2WdS8EQT+J9Hkk1S2iAYwjIfHU4PQ18E6VBFJq6LMAAx+6udp
9+1exeAdWutC1a1vpr+1ttMUYvJ7mUIY/l6rngnpxU5jSpvCyqN2aPZyrEVKOKjFax7HpX7UX/BQ
GDwv5B0bwBqk2qz4WNEiIhz2LAcV5JqttaftHaVN4t8d3irqUULbfIbasRx90Dv9Kuan8Zvhl4X1
q7v/ABLc2t5aSDMF9d478Db61meAV0j45m51XwHaS2OjaXKz3dzbxkCY+gyOma+EeNlKN6jfzP0D
EZThMdFKGrfRPY8c+NH7H3ijTLO3urPxRHPp6BJJQWIxvP3SK9S8FfA/xN4E/s7QItVsrq21K0jV
JnxmDcB1BzmvKP2ufHPj3QLNdO07Wrq4We9SKKJULbVB4z6CvuX9mX4zfsiN+zfpEfxr1zTtO8TC
0SO4t55AsrnGAyHrWNSnGrJN+p4VHLFh8RPnb91o9V/Zo+D+s+BrWPSrjxNbzWykObO1jIGcDBB7
CvfF0W5dQVbBH3tqYyPTmvlH9nvQfiRf6rqPir4WfEW31HSUvCLW01JD5nlg8DPBHsa+p/Dev+Jr
2zX+37JIpdpDKGzkj3r7PIMVJUIxjSevXoZcQUU6qlKonZbFyyVLeQRMGfC/KpbOffNM8XeLrTw3
p0dqZAZ7t1igVD8xYnHQVaT7PLKZpUxjk7T/AEryvwp4iX4oftGTW9ufM03w0gVmTkPOQT+lfV4i
u6XJDrJ2Pj6k1ZWPfvDUf2HR4ICxZtoMhb1xXzV/wUJuY7TwHNc3DFFWNizEcZ7V9KxylIcDGwDs
entXw1/wVz+Jlj4c8A/YpbxleSNuC2N3tWeNTlgKkV1Rw4+0KCPyw+O3xWvLjxKdFtLjdEJ8LnJA
GefevpP9mXxpc6T4Xt8KdrIMnPA4HFfEWuzDxH4tS8jd38yYD5W5PzelfXfwmsZrDwvDEkckarEC
MN047+vPtXwmAwiy+q+R67nylWTnK59FfEf4tS+IfhbcaTPetl4ijR4zwPT0r88LLS5dH+Mt4sC/
up5ix2vtxlvoa+nfFOtXNn4dmUtt+XLhgeh9OK+fLSz1a+8ZPqi2W5FkJeVBkkZquIYvMcOoSu2c
9KvOlUuzqPiVoQ1Lw2y3CMCIjtcnJ9q+abDw1Hp3i+QzRZUtkBVxu9c+1fbnhq60LxFoj+FfEVug
V02rMeqnIwOleD/HP4G6n4B8T/2pDalrWSXdDKc456A1+d5fVWDm6be/Q7pRbV49TzgeALjxBeNc
NaF44uFJXHvXX/CbQryx1+K0kh2xBwTtXAP05rd0S90vS9DM10ij7ymNeTu/rVrwzqMMTy6lbW6h
pfmUKwAz6V0RxVWrW9nEqrGCp2Z7l4RXTruyEUlyFIGCnbFb0msaPZWUsM0yEBMZPU88AV5l4FGo
XcIkhQ4AyoIwT68/jVjxPq8mn27PdM0a5JIkbrx3r77IIYvCYNJdTlqOiveZy/xknt9WSV7IYOCC
V4JrwmO0vn1x0lmZcMRt6becfjXb+NfihZtJJp9sULNzEyHO4965jSYL46h9uvodyFwxOzOCa76l
CDTl1PNxFVyasW18E/ZLdtTkgxlcF8/rXND4kanoOrmCzmdUiOeuc816+97pusaMNPMwG9duVT8q
4nVPhBoXmPdXErEgkls9RXFhKtOnWaaujpqLnor3jpfh/wDGrxDeyhFtHlB6Op7ivb/hv4x8R30o
ae0k3FQ2GP8AntXj3wZ0fQdO1COwtIxI/ncY7D3r6u+Gngmxhto766s8t0246se1eDxPmeAwUXJK
z9TTLsNXnL4rmt4c0u81qCO41GBlXAyhOSKk8ewafoPhm7u4LdAojYgdDmuwsdOSGALDCA44Az1H
r9a4n4yWmr3ujNpVhv3tjDbQQeelfimLzWvmGIu5e6j6xYZUadktWfHV5bT+IviBcX0kWVeb93he
gz39q+jfhjDofhzRhLqtyqZGRhwoQ9vzriH+GcWh6iJJmTzXJJx169K8n/bI+IniLwVosdvoN75T
HqM4yM9697KcdDGZjSpRV4nJPDuFN66n0tr3gr4dePZtuozQSK/3vMYHr/OvP/GP7E3we1OBr6KG
1L8siKg5PoPavjLwh+0l8TIB5MWsSrK2FXdk8+3tX0R+zn43+I/ipzLrWpSsr7du49c/Wv0jGY3C
5dhG3T9PU4FTqd9D2r4K/DDRfAVsbG0gVVXhAuAufSu38R22t/YfOSNvIUkcD2o8J2MFpCNR1Fik
cJBx0DMO1Jr/AI4m8STC1t5FitlOEQdCRxnpX5k8P9Zcq9Zu8turN5TvHlW5i2Noy8sCFQZYelfL
v7ffxOOhaS+nRygLjlT0Jr6w1GK2g0mS4a5AdoyTt6A+/pX53ft66xP4j8YjQ0uRgyLkhuwNfecN
5NCi1UkveOXmlKduhpfs4axL4qtIoIYGdzjhR6+tfafwc+HV1o+k/bbl8sVJGeMcV8mfsjWfhnwf
pEElzcIJlxyTzX1noHxOnutMNvaJiEDlxzmvUzanShU13OmEIRu7nIfGO8jJnjkbd5THJz92vmvx
14t03TNSdoGx8xIIHJ4r6B+Kd2+r2dwkbgSuScEdBzx9a+LPifPqKeKZIJpGUb2xjJrTA0Vh4qbj
e55rk69Vp7Ig+KfxXaQMI5yAFwQGPOOxrgf+E5j1BTFKeGBwN3A9sVifE+9uo28tn5Vs43cGuVsz
exKGZmG7uDk49q+noYb2tBt7sp0uVXWh1sZFpcm6jYg7sx+jetdl4c8Uslp5IcuQM/MTwSK4fw/p
Oq6/NHZ2VpMykY3KvTPX8a9F034U+JYNNErWLKpXo5x0HH6V52OwuHqaTYRjJ7GdqviCfUZUQOSF
bkZ5A7Y/Wr+j6ffTFHeBgm3IJHWoLTw7/ZV0LjVAu1SDtJGRzz9a1da8Z29hpzW1k2QmW3YwVFeb
OjzNU6a0KhSXs23uU9a1qHTCVaZ1wDk7uh9K47xD8T9QnuotMs5HLu6IgzkN+FZvjPxTPMHZ3J3Z
dlPqan/Zr8HXnxH+NOl6e9qZIUmVpF28YHOa9fC5VRpQc5mdK7u2fS+v22oeAv2b9M8MWasdT1so
8iDOQpzniuGj0V9IsoNLubTy5VT94duAT9a+idI0KT4ifGd0+wq2l6BbeShVeM4FeTfHrxXpWg/E
CeDYscZJA2LkcfpXl1levGK9Tpo2ULLdnnHxbmgbwlFoywbnubhEjJX/AGuRVz40wR+G/gtp2hRy
YMyoJFJAGfqORVHxpJFfeINAsJoRsM4MnynLEHOcGs/9rHxIkX9l2FvuGHUuCcEADAyBTwlKdSdG
mu7f3EySlUs+h4q2h6lHLvmiBSNsiTOBj2712vwD0htd+LdmwfzBApLHacA4rA8S6/HdRRmykwXi
AYq2ccV67+w/4RtbqfU/FWoyoyxfLGzseW6V9FmNWVLA1JvtZfMusoReh7H8ZG006Bb+HL+58uG6
IHAzg4Iya8yfw1qfjTR10TTtRWPVNEcpFIoH76Mn+gp3x38f22r+M4NDhnURW6/eDdM8Z+v+NU9O
10+FvFWm+JYZHaN/3V0objb0zn8a+UwGFrUcKmlra5cpwUFodpp/wwi1vwfGy66qX8a4kjcYEjdK
xdY8F+JrG+tLSS3UW7yqsjQtn5R7VreJvF+n6Hq7WyXu1ZVDox4BXFbXws+KWiXurwRtdQ3oAw8D
gEg/jXNisbi6kU6kPdXU5oxjBykuoeJUt18S2UScbUBxITkgDjFZHijUb261BYLaQjYMsC2APQZr
a8QP9v8AHAuo7R9qRsVUPgr7CvVW/Zo07X/BFj4yh1ZVuriIq8CkkgYyPoa87LsNWxdS1K10m9Ta
TUYq54VaxeMo4/tVjqci7kyUycKK6nwhq/iOaWWK9nkb9yRHnnaQPWvR4f2TviJYpDcQafJPA6na
yoQBnoabpn7N/wASXvp0VVtmJJ+Y5zj27Cu7C4LM6eJadJ/cTKVHlfvHjo8f674FsP8AhI54Nzfa
iJGAJOc9CDWtoH7UXwp1zVodP+IHh2AOx/1ksQypA6fQ1s/E34DeN9Y0i+8PeHtNa4v9pkEag/Mw
9MV8ifE3wt458GeJo7Lxl4Tu9PnRiGeaBlDA8cEj9a9/L8GqznKd1JP+tDrw1F1qTkpH6S2elfAf
4x/DGbw94W1iFGaIlLWRwM59O9fE3iTRPF37M/xPbT7yWSTRbidjFIrbggz0zWF4Gv8AxjaW0Ope
GtSnEsSZAQE7gMY5zXsVnql38YPCEuh+NbJWugm0Slf9WfXpSxEKWErapcst7afOxk+bl5TO8efB
vwl8dvB/9taKkYvliyrx9c+vFfHPxU8H+IPBOtTaPq8cgePK5Y4DgHAPNfWfgfSvH/wfvXYwSz2C
yYTBIIU98nqKb8dvh94Y+OXh5dZ0pVW+hViRxuzjuO/NexlOPoqyi/dWxzKVTCVE6nw9D428LeH5
7m4WafcVBO0n6fzr9BP2I/A8ll8IPsn2X97qN0FAbOSCex6Gvmjwt8C9SkMOm2wfz2nw0RjwSenW
v0H+C/gaPwH4P0HTXth/o8avI23o4Gce5rx+MMydTDRhF9TurzUleR6t8TdR0n4feEbLw9piiOKw
slyEbgHaMgk+9eJfDXwbZ+OvH58fXTGcwS5XLfdArH/bN+KOrOlv4M0C7V7jU7gJsQncoJAJ47Yr
0f4OeDT8Ofh5b3mozlpRACzFeWOBzzXwuHSwOWyqNe9U0Xf1MJucppLY5r9tP49Xvw38E/YtKmUX
DoVhRW6qPXNeW/A34p6/4o8CXHijxEEWWYbdxUDA9P8A69eYftdfEPVPGnxQa31KNWshcMsYVeOo
Feg+GPCN/wCG/gszlBEk0e5Qc8fT8K9eOAWX5TTw73nq/MckubVakPxF+GPjjwfBH8RL23Fxp93h
7e8jJOM564PHeuw/Z9vYIbT/AISOJAcSjzHjY5I7cnpVz9m/4yaT4i8KXXwU+JU0clhdKVtJLkg+
UegwT061V8O/CzXfhLquteFhG02ny/vrK6VCAy4PT14xUV6k40pUZR20XoOvTjOkpRextaRaQ/8A
C1by8VT/AKXGXj8oDb0718/y+LbrwN+1RFq1nGnnLec/Lx19O5r6F8JSeb4ksdTKORNbsmfQivm3
4wWbxftP20arsWa5+ViuBndXnZVeWY1qcv5fyRV08FGS3uQftCaifGHx/g1mWIq4UMwRduW/DpXv
nwujt18P248xw+3cq5AGQOgNeR+PPB06fEdb94nYCEEnZ8p+leieDri9udFjSwlZXgJIyQcED/PF
fQYyhTxeXwe9kc8q8YVEup614nTSvEvgO402+RDcQsr2hVBu24wc+prH8Zfs9aP8QfhFYeMfCWqG
W80a6Rrq1lPzYH3mAx+lVrmTdbQ3ccqtHIVZlTjnHIwKu+BtQlsviF/Yi3Lx2t1b/vIskJkj0r41
VKmGqqUH8Gr8/I2VSManNbc+Vv29fDN1Poul3/h+0eK6QbPMX5cnIOT2rvf2Q/iTc/GT4KXX7PPx
jTzb+2UyaLfM2HXAzjPr7V6j8bvhbY+IrZ7OdQwhu9yNwAq+9ec6R8NPDGga5Hf6TrZgvLeTdEy4
G0gcgnuDX6DhMTUzPKUqcfei7p9jpliMPStGbseLfEi8+J/wT16fRNSuy8UMm2OVP4k7GsrS/wBq
9bVhDfaplhnD7+c9sf419G/Hnwtp3xV8AyzLDuvraP5hgZK4xgHv61+a3xI0LVfCfim60a7LDbMx
QnOCM+hr7jJsRHMMMlU+KNkzfCTWJlZOzP0K/Za/aPW7uZEF4ol8zBXzc8GvatO/aa8XeGdYa4j1
KYwM482MY8sqOxFfmr+xd4nlsviANPnvSiSdGP8A9evuXVfClzeeGx4ihMbb0wuckMMdeK+W4my3
FrEOrRm/d6XPPxThh8W6ctbn0Rp+q/Bn9onTFj1B20vVmQYniwIixOPmUdBTPiD4bvPhNoB0m5ZH
SKLEU0TZWVcfeBHY18//AAHtNSn8V+ZFduFhc/OFOT6j0xXtnibxjH4n0t/hx4jufMtjGzWV0rAv
bvjoQOSv8jXxdTHRxzWExT1jqmRKnGn78VqZX7N3iy11o6not3OTKsjPGdw6H1B/pXkv/BQTwvKu
v6ZrFiu1rq2Cy4XlmHArpPglp+p+D/iz/ZN9CHMkxQ5BZSo7j0q5+3NYO/g7T/FMEBP2G+KYxkAH
jmvq6FOFKtCCtZrQyw0uaTjLqz4g1Pwh4lhZ5Zrd3BO7eEPGD2zXovw00C4vtDeBrYMGUBjjhuev
4VF4y8ZaZF4YWaaTy3K8bVBOcfyqX4EeLv7WuxYCQ7nUeWCDgDPvX0UsFCMFJvQ9KFJQ96xs6D4P
fQPECXNh98ycfKOv4819ufsw2uoan4Rmu70AooUAkY24A6+teF6R4a0bTpxf6u0YuZF4D4AbOCMH
8K+q/wBnLQFh+GCy28Ss1zw+TnAzXm1M0oUJexpEYqtSqQ5I7k0hNvdwo4cI7nIP8Q/E9PpUPiuf
zvIvLe6DeW4yFPzDHf1I7VH49uIdLsprm5lZRBGSVU4HXpXDeGfE8R1+KK+mY290odDnpk9M1GAz
BYec0teY48NVVOdj6J+FiXN9axXF2rcg4Yrxj1zmux8da28XhW5sonWTdbsMpH6AcH0/CvOtG8ea
ZpPh+G1suCMKQvb611kWu/2n4ZuL1ysp+xOy5I+XjtX2UJyq4S0n0PZpV/aUm+wvw21Dxdrvhyxw
zcRkZD/wg8dKreOvEHxm8Hq2paUjSxqckKckj3z2qT4FeJifh1bou0P5rDA74OcV20/i2DU4mtLy
0jcKmCFXnHrzWdOjKrhU1Np+R6VGmq1JatHjHhf9uTX7zUJfA/jmze3edWQTNwuRxxX0b8EvEek6
t4cs7q21NZZEQhl3fMP8ivE/i98DfCXirTpfEOm2kQuIVMg+Xnce4NcP8IvGXxA+EXjSLRtZhlls
bicNE6gkDPbmvNpRxuGx16z5oW36jh7bD1mpO8XofpV8PvFt19iET3AYKPkRiev1q3qutzTfJLJ/
HukJGRj61y/wZhute0WHVoVZYnhBQEcjjqfStrWZE0+9JkVmXHBPAPrX1lJL2ZtLUy7+5HntHIdo
IwGwD171XWOwkhed+TGCd+0DHapbqSyukMqD5iOcHBz+Ncz8Q9d0rwx4MvLi5kHmSQkLvOTk8d6i
rNUouT7EX5Vc2PC+s2es2zXNoCUjnKq3QFRwD9etfI/7VniGHV/ire28zKq2wVVY8jIHqK+pvh5P
Y6F8PIptoXZbtId3XpnmviT4pa8NV8Ua1rbMH8y6cDLcY9a+R4kqtZfShfWUr/I4cfP3Uj6a+Emr
mD4FpeyOPLSwkYheCTt4PFfFElsfEXxusLeACQz6qMO5ODls5564r7O+F95oVj+yN9vuSuZNMYZw
BwRjGa+U/gBokOv/ALRmhxRnzY0v/MaMjJABPNeLmqdSOEprqkycZ78qUV2P0U0HRHs/D1mTKMx2
iKHDYHCjmo/3NwrzvMJNgzuI457VrazPE1h/o7HCpt6fqPaqOk2rfYW3xYDD5SV5bj+VfotOCjTj
Doke3ypRSXRGHqDOLKUsyggHcQvX615N8Q7+aey8qRjH8zDyxg4HbH8/xr1fU1EdvKpjy2CGBTGe
a8a+I11JbXchMTBSxCp1DH6UqjlCBk2cbc6fB5EkksRHHGFPPt1rDvWMErIioyquQpODn3B61u3N
w8NmZQ4AYAZCYwR0rj/GF/5DSy3TAnGBwRjj9a82Okmzab5IWPHfi/e/YtTkzOTkd8ctnpkda3/2
c/AlvcLJ4x1K2JEYLIWB4x3zXn3iq4u/GHjSDSrS4kKzSc7E52g9q9T8feJbT4U/CtNNtm/ePDtw
uFOT6kc5rxszrPmVGO8jwMZV/ecqPHv2lvHQ8UeLpoo7hfJhLKefTp09q828PJHNNJIJiylsZX5e
celRa94iub24uLoKC7McyP0Gf51l6Hq4gupAzgluQN36120oeypqKWqNItRjY6awkRdSED71wcnu
CfT8as6nNbCMPJIEDKUxtzj8D6VjWGqvLLIkbCSTcA2Og46E1HfeHb25xLfXZjG/KBSeBUQlZydi
Yvm1NbSGtbuTyLaYMV5ySCMfh05xWlZb7eVjGBh/vMynCjPauf02GCyAS2icAjIHU+5/z61vaYha
5CI4YvwX2HjjOfpWkLvU0v71jq9Fe2liNyZMqFO0vkd/al1K6ETtJBukjk+Vcdj6Vl3utR6XaqIe
w+XLnA9aR9Rhv3iEr4djnIYYOOMg1rZW3NXOOw7V5b2SGFjOSpcEjAO729qj1C6nngP71owhwxYD
Gaui2iu7U3RTO09ugA6fWuXv9QRbh4lU7UkAGFGVOetc0ZuUpGNKtJysj0X4c6kHkhtpW3NuHzAH
8ea97tWP9hrEjHcVAXOeB7180eC78W81u8soOJxhCMLya+h9HuydMjuidx8vjYMfTFfEcaxaw0Jd
bHJjdUjnviDBA+lOwjBYpgAr0BrK+E92tpcrFck/unIbsDnpz1rQ8fXCLZBpgGVgQ3yEkj1PpXL/
AA21a2/txbRZSG80FTgMCAff/IqOHZSq5O0tysF/CaPV9b8O2lxavfoiu6puIYkMR7djXkviD7ZH
qz2yq65ZmBXAwtfREWkJc6KUt2BYxHlk74rwn4k6ZLo9/K7ghHXBkK4JA9K7sgxyq15UW9Ud9NWi
c9Ebm+uBDDI5G7JLcj8cda7jTb9rHRlsrVfMAQLgYBz6+pGK8sfVjZzM0j5ZxkEnAWu28EzPqIW6
u97KMAAdCcdMd/rX1kZcsjoWx6DouuCxREMio7uMAnPPvmtmTV3unBypBHzZHKn29a86h1p31D/V
EImTzgADOP0roNFvmZ2LRncrBcbcgg9/auxVVNKxS1Z0QvDLMbSNGAGNrEdR6nBq3fXwtYooVfCo
4J3LjNYtj5sM8t9JKAOVDAZBHYDtxVuwuo5iXefAC8Zb5cY7jsauCalqXJuRW1jUJJJ/sxbAB/eF
gMD0AFZWo6rb2ULIMksAMJj5eelSalfBJjNLH828lQHIyP64rmdf18WlviIhyoxlifmPrVPVtIiU
lFDNdv0Fm8kUX7yRjgAZA6ck/SvPtT8yaTacEfMAB0PvxW5f6609uI45lG0na3lhgPUEmua1zVYY
HDqwjbIwUz26nFDTsc8p63CKBA+5lABGME81V8Q+L7bRLNkSY5AyoIxk46DHWsrU/GFtDcfYYSzv
IRgoeSP6V4/+0V8cvDvwT0Q+I/Et4k1+6n7LZ7xkYPGc1EsRTw++rfQ5atZSkox3LXjD4hXGna4F
1MuguZSyrIeT716R8Nb+PUIIHSU/MPnwAc+gyea/NTVf2n/G3xI+IkWp6pfMVeXZFCDlY15wAO3W
v0V/ZUFzqnhSzurlW3mJWIKk8+uev4UVoVF8Ss2d0KThFNn0V4bt7q1gti7btsisodc4555H5AU/
WQLrVXcxKV3Ft4JBHoM0y0vTMLeCJmXnc+5uRg+9WMxeWZJQSrsQw2gbcnjJ71yRSlX+ViYtTqNm
NDbtPrMdwke3LYkzyA341+gXgP8AYc+FXxi/ZKl8P69CG1DWbCRo74Ah4pGX5SD2wQK+CTG1vfwM
IwWdxkNyc59vpX3j+z/+1B4atPAeieDbzVEtbi3Rd6E8sFHH4VGNqKnQakrp6HZh5cretj5f/Y++
GPwh8Pa34r/Ze/ax0ixutX8LXDHTBqC/8fNuW3KQxPJwwr0n9s/SPDHwI/Zb1jxL8MtFi0KGXSz9
ln019olyPlGM4PbnrXgP/BUf4l+CZv2ptC8feG7xVuojEupfZ3w06Ae3Xj1rl/8AgpH8cNW+IPgD
w5beFLuWLw/LZxqIDMdrsFGcr0NfB1cZKE3TaTiutjqWZ1KNGS52n0Pc/wDgk3+x5d/HL9l2+8e/
GHbrbeIL6TypL7JkVVwBtbtg817Xq/8AwTX+ADaVceGvEHht/tQkP2PUBK3mRDqFB+tVv+CV/wC0
D4DtvgX4f+Eei3CLe2kLNdKpXacgngDp1r6k8a6mL+e3niYCVF2uMds+1fU5E8FmVNU6kE+VNM3+
uV6SjKE3/meW/ssfANfgJolxpGr6o148jlbad87gn8KkivZElkjnDxgqvXDNnH4Vh2Mr3kpEUbLI
CWztwT0rYguI1QQ3SOSW53DOfavr8LhqGDoxp0laKObFV6mKm51NWO8ceIIvD3gfUteMqHyLRpFw
cEcE15f/AME+dEuLnwJqXj2/GZta1iSXzHPzMucD8KuftVeObHwn8NLq2mQSG4TbtLYJU8dK6n9k
nw9Jonwc0ZBaLCHjL+Xg4G45FePKt9Z4gpwW0Iu/z/4Y8+UVzHqd40cOnPvLEjOSOoxX5Pf8FqPE
sV3JHZXN00f7s8N9fyr9YdWl8vSZt7bhtI54P4V+JX/BeHxLZ2viLzknEWzJXLdPm5r2sV7uEl9x
5uYXdJLzPk/wLYw3WqWg8wSASKenLc+tfXvga2iTQooY0+bYcZbjHt618S/s0aldeItYszb3Zchx
uPUf/Wr7X8Ots09E6cAMwYDFfHO0q7dj5mpHlbGfEKK2j8PziI8iMmTL9B614t8OPid4d0vxHc6D
rTxq5YlZSvD89PWvWviZrEcGnukpUZXAyuePxr5J+JXh7UH8XDVtHmcM0u47T0Pr9KWIhUjVUof1
c8+UlzWZ9H67dBs6lpc+FcBhg/dOevqa6fTfF3hn4k6O/gnxaUFwUJWWVgrH0YdQK4H4Xyrq3gkP
dyM0iqFOTySK4r4lalqGgauusWl5LFJEwwFQcgc4J71+YZnl7+sylDSWrR61GrJSS6Gz8RvhfrHh
vWBoSxGWCRQYZQnr/nrXU+H/AIS2Njo8aXYVJXVTgk5Ix1PrWn8HvidpPxN0GKx1a2E1xEAEkPJ+
h710PinT5Zrdo5InBjUCNgeAM+lfRcOYGliIy9t8aV7eRx4/EOFRI5LX9V1b4T6Z9utrN5rVujIo
6V5p8QvjE/iWF4oYZFLAs2cA56DpXquq6/Dd+C7nRtStg7wghS4zhsHHFfFHif4oTQ+MrjQ54njS
CfCMz/eX/wCtW2Mwmc4Ga+rSfs3rbzHhJUMUrNapnUrpOq3OtDUYydo+Ynt3z1712E/i7SrHS49O
tF8yVo8AD7xYDv8ASvNtb+L9tpmm/YIrmPLfd2t19ea2/hXpFxq7nX9XnPlAbogRyoPOc/SuqOJx
9fCpRXLdasmrhlCrd7HdeDtL1m8mF75pRTyEYcZ7+9dPD8P/ABV4pnTTdOZn3Agnsc/yq18P7DUv
F2opbaFZmSBOJnRPz5r6g+Evw8tNLihu5YvLkbblmjAAGK+fjxHgMvw1T2ibkjpWX1as4t6RZyX7
P/7M6eF5E1DWEEkq/Md65r3yys9Pgg+xwr5eDnIBww9MmtTQ/C41eBZAxiCKDEw6E89frWN4vnTQ
BLGkynoWbjnnHFfmGY43H8Q4zlSbbelux9LRw9LB0VLYW61ex0l7eG4n2mVtjMEyRn1/xrLOnzi9
u01Cfzo0LeTIvG7jgkVR00Qajcs2o3iBQzfM2c4HIIqNte+16dPaXJ3yRSFQ/dlPTJrtzjh3+y8v
hTf8R6tdi8LjFNyb+R5l4rkuLzxFIJI0UR5O3vt7nA/Cvk/9rl38Q6/9hVCzI3C4+9npX1z4ttpY
I31CZhGrKwZi3Y56D8K8Dm0Xwvr/AI2y8qzNv+cFh0HrU8K04YbGe0e0DixlWTXmzwz4cfBm/ubh
dTv7VY4gATvJBr6x/Zs8NadtW3ltVRIwMuO9Ylr4Vl1fWYdC0qH90rAEqv8AP8K9Un8Mad8M/Ch+
wS/v5kO8dOSK+5r1KGaU7y+GGvqeZKpU3Wxg/FD40afpmrN4f0qVykBCsqDvXW/Bu/0XXohe6ywT
K/KG7V4l4htbW1uv7QuY98krjJYZrsPBWpzPZx+U5APGEOOPaihhqNdqcYWXQVKT5uZu53/xn1LS
7LQZhochP7shcdCea/Nj9pLwh488TeKLjxFp+nTPHE/LjOBjnFfog+jtrKeTdR7omHzdTtHfNfN/
7X3ia08N+H5tB8I2yrkkSORyT7YFe3h6/sMVGHNq9jRzXM7rQ+ef2fdY119TFtqspVlfYY+MHFfb
nw41LTk8OnBXf5RBBPTivhH4LaxM2uvFJMTKJP3nA5Oa+pPD+tMlipidgUTLZOAPX60s0p/7bC/U
xdWC2Oi1K5l1PWLiKDKxFsqN3TivnT48+FmtNae/hiwd/wC9wOfY+mPevpPw/ZQ69o93c6fHJJfQ
w7lCAlfcn8K8c+KdmdZtLhbiAsBkOFBJJ6/pXscnLh+XscNLmhXjJPc+K/ihqaway0NyNiB8Ku3n
3rqvgd8LdT+Kt/DZ6ZbMYw4LNzyCcVe8RfAfVfH3i0BGYRh/3jqnXmvo74W6T4S+B3hWO1Xasyxg
qSNrMfWvejOEcDGS7anbVlaPc7f4c/s9fD34b6MsupQxeci7ndxgk4681zPxt8ZaBp+mPDo9hvWM
7UMYGC2PfpVOLxD48+Lupmw8PWd1cecxENvbgs7n2A5Irpx8A/GmjeEtS0nxt4TvLW5jj3Klzbsj
jIznkZ6V85jcfdqyST6l08PWUee2h8na1carq+oyzMzKpc55wAPTPrWdqGn3sjeXJOxG0Ha46DPt
1Nejal4P1S1SaSTS7howWEbiIgDpjnGKxr3R4bO2aa82kuMjJAx9c1sqsINRi7sI4aT+LRHlGs6J
c6jqPkSIQrOdpP8ACPSvor9kD4ZL4G0PUPiRqBEUpLRWjMMZJGBj3rkvh34F03xXevtb53cBFEmN
gJ6YHU17Vd6eLLxb4V+Cmkxs7NLHLf4Azw38WK0xOLmocjehvWowhBRhq2fTHwf8AWvgP4NXPiq6
Cm81RC/mSdTkZIr8/v2ptN8TeI/iBLa6JazSgOSBHziv0J+LviVNO0PTPAumzgBIVEyBRx2x7V4/
4x0XwD8NLk+KPEkdtuuTtBn9OmRXgSzOhh8dzvVLY5VF+0t2PkHxM13N8TtIs4GbEIJP7zoBXCft
PXV5J4jjVZCvlxdFPUk9a9S1iS3HxVtRCm4C1Y/KT0zz+leVftNxRv4q2yhlUwjaVABPcAetfVZN
SSrwb7Ff8vzz601Bbi2wzbyoxgHmvpr9mkx+GfhhcX0jBDO7Ooxzj37V8ueHzJfRKE6yOFVGXgjP
86+gvHmuf8K/+BlrZWreXNcQqpj29Dn26fWu7N6Eq0YUEvikicRF8ySOX1fX01nxneau8Lsgc7SP
Tn9KkPxJiskNheIjW/HmODyB2/Cuc8F3BuNNmv7zc7CI7fckd81zspvr95LJIyOfuhsj8cVpSwkV
WlTXTQXJJrXY98ga0+KPw8MNpMv26wztcZzIhPU/SuY+BWnahafFyO1eaZYokJOMjkZzn2q38EvC
3xB8D6TH4r1fSZU06JgJBOD86t6fzr3bSfAvwn0/Q5vHui+KluNRljMiW5iwEyM7ST1618/jasMN
hquGauuj/QlQZWgS5uvFDTq4HlxAgtySSP8A69e1fAb9rHwv4atR4I1rw4JriN9hLpuBGeoNeCfD
/W5NY1C61KaYFVyobYc7R7dh716Hon7Q/gvwwv8AZ8Pwo0w3iZD3hQb5Djlunpz1rxMinVpZhJKF
7f8AALrxTpXZ9r/Dj9oG012wTSLjwbvgYqI28nnb7dxXZeJ9C+HEemrrlncC3maEmSNwPl9sY5r4
j8N/8FET4c0jVbbUfCQju4Yy1rKIwFCgew65rxvxP/wUp8U+MraWC1u5LSZpNpVT3P8AIV+jPMox
p2mnc4Fhq6jeS0Z9L6T8TtK8MfFe51qV0NvbzvtVhwwz/KuM/a1+KHw2+NYSzh8LWgnHH2nyRya8
78H3mo+K/D7z6pcsZrlNxYtkkkZOK5nUrmCHfZ3blZIZNxIbBUfw18LPOcRKU6MPdTb10O3D0rWs
x/g/w1pPh+Oa3hsI4wv8ODgZrXspoNMvjcwdFIwoAww9DVfTNL1G40iPU0Ejof8AWMp3fTNUdTu5
FBijCfKcMR2HqB+P6V5CjiMRV5qs9I/idM604vlS1Z6PoWr6F4r8OT+G7qwh8+N8wzOPmx0xn0rx
r4k6efhfrUep6ewWN5Sk1vvyOvX/AArZ0TWLjTNTV1LAlgF54x9K3/EHhux8aGLVrvEkEH7yY7sj
Iq6DlQxXtIO6ZCm5Q9nMrfDbRYtY8T6ZNY2AWW5cSMjjBAPpnvX0pdXiaNYq93JgQoxZiR8mB7V4
N+zR4i/4WD8S77UbW1ENjpa+TA4XGSpxXq/xbW41nS5/DmmMY5bmN18xXGceo9KnM1PF46NJk8vI
0n0PK/hVYL8cfjheeLZ4TJaafceVCS+FJ9Qe9et/tC6/4l0/wZceHvBFmbq/MG4QQuNyqOp9+Krf
s9fDWy+FngkxtEqeYTJvb5jzznmvnX9pP9qi58JfFC31bw9eMX0+cKdjEiRc/MMe4rGhhFjs45IK
8Kat6mlOqn73Q4+0TRvifKiXAEWr2dwPOjc8kg+hr6G8T6Y1l8ELezeHc4tucHBzXkLeB9L+Lfir
S/jz8INpsL+Qf27Yxtg2szck7f7vWvoTx9ZxWHwt8m4VgiwAtg5GMYx6iurP5ewxlClF+6mOUnWk
5nxz4t1yfw8q3jXMsEkL5jYDrg19DfAT9p/TPi54SXwf4kkLazaQFY5pBneuMYBFfLf7R+rWVv4X
lS33GWJ93zEZXr1qf9jjVYJ/EGn6zb36mQSCORS+Cc8dK+rxeX0amVOo1ruc3s63JJrY+3PAejxX
ViZUzugnIYgY4Pp7+teB/HPQ4rz9oXRJLW33yz3KxkI3BO7j8TXufhzVF0bR7wvG7ss3K5AIB5Br
w3x/P/aPxF0PXpN6GLUeHBxyG7e9fB/ValHNniHs4Nfga4WUXg/ZtapnrPj7wnZ6XdRtqGnsrqi/
IRg5HT+dO8KaHoiForWUIJR91ezmu2+LHhe78a+DrbUbWVW1CG1QqcANMBzg+/vXifh/X9Q0PXxF
dCQSI6+ZG4wQc8jr6151HE4hU5Rpu6tsaezjO1z0jRdPew1G50C5lVsxb7cMpJLe1WfCdqZ/iPYz
iX5hF86J03DjGO1cZ8WPHt14cmsPFdmCcFTKEz+RPFavgzxddSeMbHWCm2O6Ic/KeNwHFc31apHC
yn33IrqSlG6PWPir4WhurC4Nop3tbkspTPzAevpXyhq0V/b67LE0oyshG7d1PrX2fqCw6hLDBIxZ
ZU3MAmeemK+Wf2hPDb+DPiZcpJbBYpsNGVXGCT7dK9jhXMKkIuh8zLGUueHMuhQ8PalcxMLaWd2j
ZhiI84yDxmvGv2k/2ZtK8b3UtxpkCR3Dq0kLRngnGTXq+lPEiLd7SD3Zj/Wl8eK0elp4ggZj9mI8
6ID7ynqBg8/WvtsrzGOFx/vaJmeEq1KclyvU+JfAvgzxD8MPGP8ApsbxPC+BKVwAPXNfSfhP4/6p
qGgt4clmJKIGRQD856fWqHxdg8Na7o665Y28aykDJWLG4/iK868DzrY+IYjI7ElgBnA5z+texmlb
2s3OPY78VerFTktz7Y+AjjS/BsviSdtss0ZG9nwM5qHw54si1v4pW8Iu8AylNwb5c59u1cvrXxAs
PDfwm8uxuFQmEBQr59M/SuQ/Z+1WfX/iLYXsuogo9x8pDcgg5wTX5XVwNTEUquIkrDp3fupH1n4t
8HQeB/iPoPiNZjtv12uVA4OenpT/AIqeEU+IPgLV/Ds6CRgfOjU8/ga6/wCJml22s+DNOvI1Jl0+
SGRHC5wM9PrWR4Vuvsni64sjJuiuICRubGSR6Hr6Vrw3mE6lKmp7xdr+RGIShO66o/L/APaF0zUf
B/iqTRbuKSOKNyNqnGcGvTf2QdN0nU4JdZhlVmQgKDnccHqD2pP2+9M0m/8AiLdaZb2yLcxyyDay
8ls9RmsT9j5NQ8PLd6XeTOCp+UoflI9cdue9fqWYyqvKZTps6lJrCc3U+lLpotXlTToVwd21CG5H
vX218FdHu9A+E2n6Jq0D+esaPGxj+8fXP0xXw/8ABu1vte+I9lok7sVe5GAV3EgkGv0Cmlax0SHS
bbK+XEigr7f561+fUY1HVaZ5tJuPvI8g/aX1OK38F39yigN90PjPOeeK8r8D3DeIfBttex3QeW3b
BEfOBXY/tieI7Wz8KjQUDRtOwBbAyOeeOuK8r/Zcv3fVbvw9do32cgH5zjAJ7/56V6Fa8bJENfbe
57D4f8Wf6La27T/MXBIMmck8HIr23R3C+A7zn5VtSQSeBx0r5/8AFfg+60PXrOa0CrFvX5lJ6djg
V7r4U1Jk8DzQyxCQ/Y2EhZ8jgctzX32U1HVy+Ta2R6GEnH2Ei78A5YZvAUcWAMXD5BXOM+h713Zu
LaJY/KkCkoVZpDyDmvM/g/rUOn+DktZkCZuCzA8bT7DpWzqHiDMn2aK5QZU7pCAOc5HHavRwllgo
SfY93BVV7FGn4/8AFcdnpsWnQyhmuLlU2hfzFP1DRbXVbO3NmP8ASUIaIqeCR29vrXneoatda347
trHcWS2PmuGbAB6Z5rvtOnuBqMcljckOoGcDhjnHHPSvNpYiWIqVZ20Wh3UKiqOTkfXH7KfinVZv
CcWla/pZt5oIgCQeJOK6nxoZZZt6SKPlwcoeBWB8BJ7+fw3bXN1En+oBVl6sDWp4n1OWG4NtKchz
twzfMPp/hX0eGf7lESUo6HNXMup2sHlxNkMx3FgRj0PPavPfjXpF9q02k6cZkZbq+VXUtkkcZFep
vHPNBnGFHLsBjiuE8f8AhjU9W8V6L9luARHOWIB6AdKnGU3UoOKRjVUpQsjd+JVxp3gr4R6ncoEX
yrIoqheuVxjNfAmuahHcafdyxxgzSFsYOcDJ/T1r7B/a/m1fQ/g9M81wG80hWzxx+HSvkL4b6He+
LL7VljO9LTS5ZwCTx+NfEcRuVbF06MV8KPLx7c60YH0Z4Z1rSrX9hGGbVJsNJB5aBjjBBrzH9grw
hB4l+OB10zlxaQORz0yMA4rb0m5std/YpstFGpRxtJduAhPIAPTHWu3/AOCbPw7g8NR634jvI/MY
yFIyMZHH8q46XNi8fhoW+GKubU/3uLh5I+mL62aCEM0wVHOM7sAnPSp5Xtrey8s4IZQVZGIIrD+I
GsvY6FPPAzYJARTx361Ppd41z4fhmumDOYQW46+p96/Q1NX5e+p7SlHnaRla5PDATA7Hc69GHKnq
M/lXiHxDmkvtTNuszuQ5LqvVR7V634y1K3ltmutxDRtyzHHA/WvK/E89vJqBvY2HzH58NwfwNZ15
NrlQJLmOC8QF7S1ZpDIGweAcYI9a8y8d+NNMtrNhqNy6qoOXOST7e1eq/EGFP7LLg/KEOWVOSc9M
9BXyf8X77WfE+vL4W0bcZZrny/lBzt99ua8+dqcGpP5mWIqpI7L4J+H9EutauvF1zE7RQSEh5VO7
aDn/ABri/jX8evhTrnja40e+vJGjgf7qHhcHvXXftBeJLD9nj9nnyYZQt/PbAO8TAHcRivzo0fxh
rvjfxjNNEkjmSX95jOck+gr5ejRjjKksTVbS2VjxaOGninKs9Ej6o1HWvhNq0khtb/arx5Tj7x6Z
xXn+r6Hb2sr33h29NyiAlghzj14r079jH/gnr8Zv2wvGH/CPaLFJaWFvhrq7nQ7Iwe3T09K+5v8A
iH70jwP4BvtRuPiXI99Dbu0EaJhS2Ogye9dEKOIbvSb5fM7qOXV6zu5JXPzC8D+LLf8AtF7ZpOV5
Y7eSc11954gSScW4k3Ow3BkXPfnpXR/Gv/gm9+0t8Arm5+Id/wCDLj+xEZi9wkfAXPDH615QPES3
F9GC+3j5yCDxnse3NevS0g0XXwU8K1FrQ6q51eZbtCJi2BhUj+XH1Fbeg6ukF453EuV2JkHPTn6V
w+oagIJ43E3ychnOOMYqxa+J4rW5jUykhlO0b8H6+4rWOhzuNzrNV1OaaUs4LJtCqBIMjvmoNK1x
7t0dWLhCFR06nHUntWFqHiG2n0+Qwu25sBDHxkjr34FWPh/qlqkzvLF+7iGdzHIz1xjvWVZxgrmV
mqd2erWs9tJoyQyoGYRAnA5A/rXKatpqpOt3EvLsflLcdc1BB4lkkJhE+OT8rZwPpj+VXZ91xo3m
IS6D5g4GMN9euKxwyjKk2Z4bZtmppcy29vFN5n7zJL75BwT3Br3/AOH+opceGomc7tqhd2e2P1r5
r+2fZdMJgl3Km0BRyR7n0Ne5fAHUV1Pw+st0itlSNueRx1+tfKca03LL1JdGRi3emmX/AB/50eks
yqxxn5MHKj8K84+HerpJrwBl2lGwj7tuBnkV6j45w+mzpDKSFJwQ3PTvnr9K8Psrg6F4lMr3IIll
GA3X8QeBXm8HVI1cJJIjBSfIz7C+HGtR3+hrcXCnAQhyo5P1rgP2h/D8PkC7gXy5CpZATjtzn8K0
fglryTxEtcq0bn5cDAxjvim/HoyyaK8iMWjEZwxXPPsa+fy3FTwXEc4NaNnpwlZHzfq95BZ3YhSM
FTjfg5x+HYV2ngfWYYbWO2WUKrKQTjv/AErzDVPtF9qwhWLJjkyyjPAPrmvQ/h/Yol0tyz/JHjO9
SBwK/XKP7xq3U6Vsdhb+Rb3EbzL8kiAOX6dT/wDWrXi3xsBbDapYAR7uoz1A61xGp69NdeIltIIl
IJCgEYJPXrjpxXdabMLWxS6vQjgry8nVOM/XrXZTTeknsO8ehuC7MeniSUryoUlBz+IHcVFb3quk
sqn5m+4duBgcZxWU+tQzISpwu7GQMbgfU1kat40tNNtpERyW3846jtjnHFdb5X71xSqcqIfFXiMQ
3q2YfIY/NtOMD19q5PxR4gLypCHUqiEjDZxnjFc5qXi7z9Sk3XruVLZCn73PYnoBXE+LPiPbx3jF
7kKoQhiZB0H41jJp3ZztuWp1+q+KbGzzHcSqFAJBVuMEjj86888TePbzU74aZpsplmeXagU8DPHX
8K4vxr8Sr2+kTStJnkkmlwscMLE5bPpmpvGXjbwn+zZ8MZ/G3jG5E2qzRloIXfJJI4Az9a5cXjXh
0ow1m9kcuIqTpJRteTMn44/HbRv2dbAza3cRTazOmbWFJAxXJ718FfHT41eI/i94kfWNYvHkUuxR
C+QozxVD4ufFbxV8WfGF14p16+d2mb90m87Y0zwB6fhXKwwTyv8AvFLfjXoYDBqhH2lTWb/DyPRw
eBdG0p/Ebfw5snv/ABdYRuDsNypYb8Hr2r9bP2YNQs9M8EWSAMdtuAgBxlscZNflz8F/CF5qfiG3
u2tnRY3BDFOBz6mv0V+CWr3VjoVvb2rbVRMZ2EHgVpiJJz5ux0Y1csEfQWi+KJvtshw2YwSOCfzr
b0LU21GXypM71OQyNnPvXDeGryWSN7mfcrMDnBySfSvRvBGgMtqupTWgBKFkCR9B/jXz9TFUsNCU
pPVvQ81SVGLk+5ZhEa6tDPInlhGyo3YMn+FeoWGiWeoeHJr7S5St/BGxtnVyCWA6e9eZXtr9o1Bf
JVfLXILIvU8YNeo/DtY7WyD7wDgNtDHHpzXpYdRxNBxkrpo7Y2qWSPgn9sbU/Hev/E2z8UR2k6TQ
SeS0BJJfjB6dKm1rxVr3ju50Lw5qIm/0KNVW2bkA4A/WvWP25PCU0HxItNU0RPJSbY7RBAQzgcnj
2rm/2SfAdl8U/wBozT9B8R3r26vcqryQjO0ZyOtfBY3C8uJ+rwW7POrU5Osovc+yv+CYXgeWw1p7
ubTHsUTO6RjksMccjivveaSyuWZrGYOnGQD7YrzX4Y/CvRPhjog8PaRAMkbjKwG5j2JrsdEt77TL
kwiIyh8HKkHb9favtsjylZWm5auW57MVaCidHb2UsQ+02SYIA6tnJ9Ku3+oWelaQurX5CKnIXn73
YfWud8W+NtI+HmjnxDqT/uxIFEYP3mPGAO55o0B5/ilfQai6NFplrhxFz+8ftxXq1ZwjU5E/e/Iz
lUV7Hnvxfg8LeILa0sPiDcMJ9augLO03HcqbuPp1r6T8FaVaaF4dsdMtOLeC3VEBPTgCvh34veKb
r4jftmaToFqx+yaVdxxIIWODhuTj8K+6tJaKGFIN2SYgAMcV87kVaGLzLE1o7JqP3bnPSmqrfkXN
VgjfTnDnG1CrNjI6V+H3/BwJ8FdUdZfEQunMaRu21M8kNmv3D1IOdNJiII2cE96/N7/grF8NLfxv
pNxbakvmCVZFAzyp69q+oxSUsNKK6Hm5lUVOCm1sfj/+wdcid0iZWHlnDAsMnn+dfdGkXT/Y47aP
dgrwQVIfj1xnivjz4W/D26+DfxEeFLRo7Uzkq46Nz7dq+uPh3cpqlmtyztwuV8vPI9u1fIwcZ1mj
5vEy5nzI8t/aX+IVxol9Bp8f/LYhADJ29cV4f8Qfit/wjMMN3qQwsuNzAc9P5Vvftu+OBpHjuysl
uAQ8yqSccDJ461wP7SXhWfXPhZFf2Fo3mLCpEsYx1Gaiop+137ExowUYuS3Pc/2cfiZYeLvDxWFk
w444xken+fSq3xduDtuY5WJQ5IG/jcO2K8V/Yon8S6VpiadfwsqpnazgjAycZJr3H4g6ZFrWjzQJ
KSxVm3pJk9Mfzr5XEZdXrYuTSuKtXp0aiuzF/Z18ZR6beNIJdzK5VvlPXPc55r6ZttTtfF3hhbzT
pY5JY1O7a2entXxx8JvCepaB4imhuZlEb5JDHhSf5V7j8LfFl/4P8RJZNMWhmJ+V+VIIxmvRp0ZU
4RqxVpRVvVHn1qi9s4t6P8DoftiwzXVneW4UrkBgvLZ/SvhL9qzVdD0Hx7ciw2JJls5+Xacn86/Q
b4gadbvA+tadB8kkZJCgjqOtflp+19Hrl18Y7mKxhlJEhQAqcHnp7mvoMHXWKhFSKwVN/WHFsqfC
vTvE/wASvH1vbIkkkEDguBkj6fjX1v4T8E+Lbu+svCGjRTIrgBpEGMD0zTP+Cbv7NKJ4dTxH4mi/
fTLvaOUEEdxn8K+2/hr8GtAGvR3FtYRGTcuz5B8g65JxXzHEWbUMsoSS0vpY9iEFWrJLoXv2bPgp
pXgPwQrzwq9yVbzZGHO7jsetelaXYbF2smBn5yeM4Pb8K17Tw7HY/wDErgKswXOU+6B+Fc18SvEe
qaFps0WlabNLJtLq0SdeOgJ6V+FSli8xxL5Fuz6Ko6VGmk3saHiD4jad4UhljW6QFEyT5nQHoB71
5P4z+NOmvJPc3F65AHyxjHzHsTXP6NoPiPx1rbSeImliDHcieZn8M5xS+I/gRpnhudtfvL4gAZ2S
SZAJ9u9fs/CfDkMnwKxFSKcn17HzGPxdfFVLXskV/AXjvxR4x8QG4kt5I7NXLHPy7vQgelemzy2E
e2Tyn3zSKXZW4z0xivnbVvideeF9R8jQbSNkUjMmOhB7Y7V2fh34laneeFBeXce0zOWjLEgg5+8D
X5znka9fiKrV5rxs7HuYWtGnhIprU9G+ImiWuueF5rAXIt2KNtYH7pwetfJ+heHNP+HviG8utY1V
5ZDKcAtkACvpi2e88V6BMbSdmby/l3DDHjuRXzL8QPgb4x1L4ii1a/Ijefc4LHjB45PGBXTlVOn7
KVJqzkZYznVRTS0Pevg/PpX9iyeImVfNlP7tmGeKf4m12HxDrCWLzfuFPzZGO3Wsay0+98FeDo9M
ty0jKmM4xg47etebeK9a8Z6ezPZB90mSCc8V9NTwdeVONKlHRbnkTrJy1PbovhJ4d1qBZ31JBwTt
cnrUD+CrfQplS1uWKl8YX+72rwbwr8ZfiRHqkWn6kZAisFBzwc/jXungy+1LVrVdT1PeUVOGfgZ7
1vmGJxWFppSS7Kx2U5UeTRak/wAQ/EFz4Q8IzJodsJLl4sMAOc4r578c/DTxH4v8Lz61qtn5Xmwt
u3HkDrmt79pL9sjw98OdVi0a4t42JcEuD1I7Vp+CP2hPCPxT8MxWP7tQMOy4AH0rkw2CnhbYqve7
Y6cac73Z8PfD7R9Q8M/Fa/0ubKrDcnBYcHnivpvStRkktEmDKMptYY4FT/FX4YfD+bXT4m0i2WK4
c8mNcg45P1rOtZPs6ZVioUZAPGcivYq4uGMxtOS6HNXpxo0tHc9E+BniS7sfFk1nCYmE8BRlKkk/
7tc18Z/Dcnh7xBc2swcJcHdHgYwD1+tRfDTXZ9K8YW1+0gOGG0byM89q9H/ahtRfeHbfxilsAYk+
aRs/jkgcYr36reGrpvZo4oSUqN+qPmjUr3TfAVnJMiDziC0jMRkg+lbv7J37L3xs/by+JreHfAum
zSQwjLuz4SFScZJrznxYNS8deJU0G0JKO2HbcDtHXnNftz/wQ0/Zk0v4G/BuTx9dzQm41lVBAUHC
jnk+tbSqPG2pQ0it/I+gyfBqvV5qj2PR/wDgn1/wSb+Ev7LXh208UeNtLi1XxMindPKuY4+AMAHq
R619H+Jf2ePgh43upjr3gbTbyWaPY7tApO0/hV3xv4th07wzc39lIqvDEWj5wd3pxXkf7Pnjj4o+
LPFWoav4pneLTUBNsFPDYbufpXXWrYHCOnQcOZPd2/E+qjCDbgloXfi7/wAE3v2XPiN8Lbv4b23w
z02ximH/AB9WtsFkHqQ3XNfEnxJ/4Nt/hxq8Gr3Xhfxrd27eSzabAwJG8DjcT1r9MH+JmhTaRLqN
jdRzBJDGoV9x3+gHetjSdQa/sElnRAZFDbW5x7Vq8HluJrqdPRsxnRg05TVz+dDwx/wTO+LfwF1P
XfEvjKB4U0nVpLS3hP3pcE4K+vHNT/B74OaqPijefE3VLZ3eMbY1kHOcdQK/Xz49/DHS/wBon9ou
XwNoZSPTvDWltdau8Q+VrmRcKpx1OK+CPiLpUPwz1LVfDsMUXmwXUgMoBB+90/KvIjllXFzlaWi6
9z5vMYrA/vOjPEvFuvoPGkv9sqTNvxEAvU+tfLv/AAUV8XeIpNMsntZ3SPzFyqHHHGK9g8f+LJNZ
+NSaPJP1GdgGSDnqfeuB/bz8BTTeFbIw221VkUhl4J5A5HSvmY06OAz6MajvbY8uPM0qnQv+NP2R
5LDx0desNVMQGV8qR8hxnqCMcV8z/tgfDjxb4f12DULnSp2t/JwZo0JTGcdulfSfh34i+MrmKKfU
JpJbaePzLS53blYenHA+lXPEaWHxC0VtL1gwzDaQyOuRjvX6zQwVCnJVIaO1jz/r86eIvKNz4M+F
GmnUvEEVjKhYCZd3oADmuo/aE8Wz+I/Edv4b06MtFaxiHYnOW9cA16D4n/Z51P4UeJb/AMR6OT/Z
jwu8TbD8h64HFZH7PPw8m8aeLLnxHKgeaFzsDruyxPXGKyk7Ytzluj0ZVKbftUro9c/ZQ/ZO8O6p
oMWt/FDVXs7aaAMLcSBS4x346/jXTfE3Sv2YPhYn9nfDjwml/qcZyJpZPMO4DjHHFXdV+GX7QX/C
MImg+G7i688hI3jbbs4wCB1rml/Zw+KWlWKzan4Lv3vVJMs0kLZ+g9aI0qc277vqcVSviEuZLR9D
f0H9ozSde8Ljw34/+GOnzQLCUTysowX3wea8i1b4m2ml6Bra+HdO8u1kuWSz3EnZngqCfSui8deF
/GXw+0CbUtW8JXcZMZFu0ls2Nx65NZvxN+Hl74Z+HHhbw9/Z/l6jqsxurtSp6NhgM/jXkZr9Vp0Y
U2upphlXd5S2L3wZ1e5stIYTZ2SgeYoUHPf3q3rVjqg1aLVdu5WkOSyg454564qLwPppt9Onh8oo
YpecsQNvpmuz8Z+PfAek/Df7RDAHukjYHbjIbHbmvEySFP8AtCrNaWLrynKnZGJ41h0iPwxLcO8U
d0YyAAOCCOM+9fPp8B6Vb6v9tOp4Lygvzw2euK6nT9Sk8aaFrerazr8kD2MYNvGVB3cZxmsX4YfB
T4o/E23bXLKB0sFckzyDBb6cV71SrVxE246WuaQpujR1kfS/wi1NbHSLANKWRiqgsTkcYxxxVf44
eHblLgaxYwFWYEtGiniq3hLRpNH0K20y4cyeQ0ahgedwNeleP/DC+INGs762lETGAb2kJIOOa/PX
Rl9cd+4U5xT1Z594Q+IUlp4UXS5bFgzxjcjxklWwRwe341nws7S+dKrsoB+bGc/Wvov4GfDj4cfE
f4XeIPBVxd29v4iFuZobO7UbLlQP4GPIPfivlS08aah8J/ikfDvidFa383bJHKMnbntn2r2v7Fxt
TDx5WrPcqdelCV92Ta1ePNciOybd8wzsYjYvqMV2XgKe+1DwzqFpeBkWaMxCUphfwJ616D4F+Hfw
q+I051LTpo4ImYNLjnPsPxqP47W9noGkf8In4XSGKEEBDESN7cc4x1rkxNClgoKHOm/ImFRVXzWs
y9+zJ4D0bwH4TmXdslmnZncck5I5yfwrb1a5urv4hQx28YMRJG5wRweuexFXvhZYPH4LtWunVmVM
SYHUceta2l2azavuSIq4GQ2/IIznAxmvHqYucqkqvWxc1rr1Mn48fEnTfhb8M7jVLyVFZoGVAzck
46qOOK/OH4rX2heLluNX0/WB9rmkDmNjwynt6iva/wDgpx8X9Uv7yDwfosj+TCpMwHIwOPzr5C07
w74x1SFNWtRIkYOcMDhh6V91wnlaweB+tTfvSNoYZVFzc1kj6h/4J36/408NeLJZrS4f7PIyia2k
bMUi8jB9q+5vjZHpfi34L3GqeF7Eh7ZMXts3LIcZ6DqPfpXx/wDsZaXHpFhayy2mJ5QpbA5Jz371
9Oaj8R7/AMFapFJaqZItu25ix8rA9cg9eK+KzrFqtnTi1eNzJySvbc+G/iRpuiaxrq6FqpOJlKxh
yMsc15n8Pk8Y/Bb4oC0topDZi6DJJsOAM9q+8PjR+xl4B/aL1O28f/DXV49J1eKZXutMVsRyerJ1
59q8Z/aZ+Dmp/BC+tdN8RC1uZZod8Nzb+nXB44NfdYHGU6+G5KbvFqzR6MJ4dZbKL+I+gfhB4jtv
Fk6W8+yT+0bHPlqvBcDoc5rxrxzqlr4f+Ib2PiHbHBa6kfJlbjYc9DjAxV/9jvxzJreUhuAbjSpV
kx3MfQ9+a9M/bj8DfDM+F7fxjocca3V9g3MCsRuYgZx75r57E4HkqxaWmzPKwFpVJ0pO19iL42fH
x/hf8OdF8X6bMLhAQZFGSJFPUZ9MVgX2t6F8adAtPih4CcrdNGoeBRyxHVceua2/gX+zjrfxM+El
xonj3ww76WU3W81wctGuOMZrqfhZ/wAE+fE3w5sJNe8BeK0udKmJE1i7fcOfvD0PWvMWWYShQvC6
mtr9V1PQp0qzlaGrR4H4z8Xt400ptEeForqNsTJMDww6iu28GX8un6VpPnk/uQijDH6flWrL8Go/
EHxRPhSV7e11J5WX5gP3pB+Xp1NQ+N/BmtfD+9/sbUbbbNDJh9uBxn9KWIoweAlTWiOXFe1dPma2
ep9C6XqTLYadeFhuAUHAOw8c81wf7avhXTNU0rT/ABRZQKJBCEcqOvPf1re8FajPqfgeB/NysaoU
VTyRt61c8aW0Hj34VzRXajzbU4J3btpBH5V8dl9R4fF05Lu0axfNTlfsfMlnujtVMqAqhP3VJB+t
QyyXM1lcpOgkjlBEoHTBH0qrqksum3ktnks6ucZbHr19quWBkudIkdE5KbVKcMK/SMNSi9ZK7PJh
KTrI8h+JNzp3gzRLmxumI2ZaNWYcqTxjjpXlHgDWdP8AEfjaCzS4/ds4GXPv2r6l+I3wY0nx7pNn
e6nA5aW22SYB7fh1ry7Tv2Q7zwX4si8QaO8ixo2TlDgjrjnpX0eFjQxWAnO+trfcevVxeHnanJak
P7R3jKLQPDFpodvMYleMcBhyQPauU/Zh+LuoaZ8TdHinZZI3u4wwJIGTnHNa37Vvww8b6j4dt9Rs
tIklMajiMZY1B+xx+xl8ZvHWvW/jXxDZPomk2EyyC7u48ZweCAe1ZUsHhXk01PfU1oxaourfY/V3
4faxN4m+G0ryWjQOYyhikGc4GQR7YrzybWYtM+IlgRcEqwVGG7BzyK774J3Ep0aPSbSdSY0C+YSC
HUDGQfQ15L8U7HU9H8cHU1iLtDc7sxrwAD2FfkXDz9lmdSlIzxMV7LmPnj/goZ8J9f1H40wXfgjR
Jr2W6haSWO2iJwBjJwK82+Gt3qvhfVQX0S4SUuElBgIKnvz6V+kcfhjTNbvdN8eSWjyXsNoRFLCo
yysvKmvlr40fET4b/DTxheafq2mqlzJIXKSR/Mp+g96/WcDnFKVV4Ka6GlBqVFJK+h2/7LegDVPi
ZYayLBvKxvw0ZwM46Y+lfYt/cLK6tM+wbRsUsMj9K+TP2DfiLp/xC8bXNvp1qPJtocREqVxznnP1
r6u1prWDUI3aRiAmVZlGenevmsTRdHMXGL0OVw5INo+Vv2wfGEA8Xw6XLjbGBhCefrXD/CPxhpXh
zxXHfMBG0u1AAduT+VZ37ZPjSPTfixcM7EgKoO5Mr+ZrivBWkN4nlTVV1yO3LTblbcAdvY816OHw
z+tc81cUIR9ndn3M8EviLwtFqUTgvCAxO3nHbB6Ve0bxVImizQJdLv8AIfcD0rC+DGps+j2ekT6m
rFrYKXJzuFa+ueBbXSXm1K019PMO4rCxAzkZ+lfRZLmChSnTfW5z4eTo8ybG+DNZe000QPMqsSzN
hs9etaen6rBPeIJLrO7PV+RUHgD4b6n4isIjbXaBpwAWEgAJPXBre1D4K6h8PLpdXvr5JI/LO9A4
Jyf517NSusNlMqkd4p/ie7Rq2oJmWEMHiS41KS4AO3ajBMlV9ODXqXwR8vWvF1tYzQs8TsA6MQNx
9ea8ettZF1qMqxxH5SeoOT6cf1r1z9nzwJrmq+MNP1KzuJomSQNuReozzXJlWHqU8Cr/ABS1PTwc
mocrPvDwX4Qs9J8PxLbnavl/KEbG3jjFc14vtrW0uQ9/hEZthlJ4UnpzXZ6ZJc2vh6KO5Zi/lhRv
P0rm/EFjFqFvPb6kSYJBtlVlGSOc4r6VpxpRSWp1yemhWsrJI4kiO0nBDHrgZ61zvi23+zeMtHQ4
Ad2wcd6z/CnjK48NeIn8Aa9I0u/59IvpP+Wsf/PMn+8BWV8W/EOqaT8T/CQdgILu82PuPHPoKyeJ
UqbvutzlnUfs7Hmv/BRbxBFYeH9N0O7uXCyPvkCsRkgdMV5L+yN4W07U/hn8QPF/ngeRpTRxnaMq
SOfqPrWt/wAFOPFAHxE0/QopXfFkT/udevpnFWf2Y7ddI/Y88ZauUIk1COVAMnlQCBXxGMbr8Qzt
9lfoeff2uMb7I+d9K+K19d/B218JWszLJZ37kouSSuR+Nfen/BP3wvPp/wABYdevndpL+V3G+T5s
Zx6Zr8y/haH1hH0izX5pNR2FO67mHFfrZ8EfDf8AwgPwX0nRQAPKsV4IwQTyR/8AXrk4UhUr5jKr
PXlVissu6zb6EPxa1NYVs7FJTuuLwIVABAAIzWrPO9t5VqGUJITg7fbHSuG8d3qXvxX8O6R5gI89
maNwemK7zxKnkQxTn5dvClecfWvvqabqyfQ9SlN1Ksji/HUMdpDMTGTEzE7d2eMehHHNeTa+baUM
YrroSZR5hyPpXpfj7xXBPZXKBIzPGDvTd2rwDxf4iks5hcRuGTc3yq33R+FOrO0bJGsrxepB4v1q
S80iW0gJ80AqqZ4OeuPQ187T+JdF8FfE63sbuZX1CR2lkVmGY0z6GvYvFXibT9D0WfxFcMQAh8td
3zZHc8jNfnT42+LnibWvjR4j8WSXbSC13JC2T8q5OK8THudSg0mediHHEJ9ker/8FAfiDqPxC8Gs
tjeM8cThS8XO4jPPXFUP+CXP7L2t/EL4yeH7uHw8+o2wvo3vd/IWPPOcjFZmu2a6v8CYNY1a55JE
rsTjk+1fZX/BAn40eB017WPDsMqPfDgA4OAG7fhXi1JqjQSe3UvKqynF07aJn61/BT4IeAPg1pjt
4Q0KCya6iVpdqgNnpjjAxzXVXennxFcLHfxh7eJeImP3z64rnY/GyxW5nvnCKi5QMOcYq/oXjA6z
atJp1uFiByrHufrXpYbF04ctOPU9mSk5aIyv2kvg5pnxt+EWqfDO4mW3i1C1MXmBBxkY71+Ufir/
AIIB+NtP8cX8WieLXawW3MtrdyBcFic7SAOPrX6/W/2q9nNxesducgA8VOzWd6r2gjGGO18jjHSu
+XJUWhrTrRhT9nUipXP5ef2svh18Tv2afGlx4M8f6Jc24tZyi3PlfJIM9VPcdK83vPivbz2KSLd7
GJ+UFsE8+or97P8AgpZ+xtpX7QN4ng+++HC3emXETFNVhjG+1fHGT1xmvwX/AG4P2IPjF+yN41vL
DUtLZ9O85mtrkIcMu7txiiM4y916M8uvTgp7WvsXrH4jpawIsswcFvkCPwc9fevQ/B+ttN4an1GM
gAgqoD8gfTrXyTY+NZj5UDyN5jEDoMgD0FfQNp4lh0P4a2xdid0W9yDjPy5zx/kVxY+M6VJw3bOD
EJRhod1oHimOCaW3kkOQ+ccAgfzrr7bxAtxYrH9qAV1OACew56mvmK0+KdnJM86y8qckBs8envXo
vwz8dnxIbe0tVeWR3GETBOCa2p0nSw1uxMaTk0keu3d6kWmP5bE4QfK3TOD+f5V7P+y5qcV7pS2+
TsPXBI+b6/54rF8bfsp+NPB/wasPilewSizvEHO3occVR/Zq1uTS9UfS72PaQ5ZEVcnpwea+b4kj
DE5PJLoRi6EqcbNant3ja3W5sJkjMhOcbsYB47V5h8GfgtqX7Qv7SWlfCDRLsIbybM8xf5kiX7xP
qetepeLrgRaO9+/zsUO7GCAce9eP/sc/HmX4Pft3+HfGMWm3F2s9z9lWG3PzDzCF5B7c18fwdXjT
pzitbE5Wo1MSkfqNd/sP/B/4F+C4tP0O0kvLmBVZru6lyz8cg47Dmk8AfBD4RfELwpqvhrWdAguJ
rqNkE5k+ePPAZT6iu1+Pfj3W5/Ah1GfSpIWnRXSMHOFI/nXlnwS8bHw7NNJMfMnu22QK+Rgnt+tZ
4zH4WhnUJqK13ufQ1Kap1FYwPjd/wSV/Zs8K/C3VvHPh/wAbT2GoWFkZzJezoYy684IAB57V+fja
nLpHm2ULqUTKs6A4bDEZr7f/AGorLxVrXiu0+Her/EORdK1WdG1OOO6wka5ztOOcY4rzb9tP9mn9
mn4KfDXT/Enw31m/vdSvCqWxdt6M2Bnv0zX6XluPp4qmuXSxeKw9WdJTdrnzt4MgkuL5bu62jYQJ
GRug5710fibxnbW9utvDcq0eNrEOBjjrjPJrz0eJv7BgzIHhwM4kXBJ79RXK+JviGsykve5zgjD8
4zk168JKENOp5bjKMtT0DWfHcdkWJn2q2OVOM/7ROeteY+O/i0lnbMX1HJLEE7jyc8Y9q898ffF1
LVZJZZcIuAyb+cYOcjNeA/FP45F5mEF9mMYKnoPb6VLlzaG1OhKqe5638Zbaw0U3Et+gdiRuAKnP
oOeleI+PPj/JFdlor8bST8izEk55HevE/GHx61XVHawgZ2AbBbJ+b6etaP7Pfw61j4yfEmx0iZ/9
EhlWW+kkz9wY/LiiolTpuVTRI6lhKdGnKpPZbn1N+z7Cug+E7j4+fEaVIrW2RzYidvbrzz2r48/a
a+PniH4++PbnV7icrYQyFbOEEhQOm7HvXq37c37QMWpXEXwI+HztBpmlBUuTGMCUgfd4znqfyrwf
QfCk16iKuS2QDtz+tc+DpJN4qru9vJGeUZdPGTliqy329DD0/QLi8ZfkJ5+b5fTpXffDr4L3OvXP
myWx2oOF2HnnpxXTfDL4W/ab+L7VDltxxxkN7Hg19IfDz4e6bb2KZt181cbcLgq3c8f1rr+suo7Q
PaxMqeEp6K7OQ+FnwWk08xtBbE7GyRjAH0PqK+hvAXh+800RoVIYIvBP3setW/CPhnT7dv3kUbhR
uYE9z/Xiu+0/RrKLDwqmPvbWbJH+zVSgoQcpM+bxNWVVXZqeDLG6murfTBsUudoRBzxxz2zzXub2
kOieGRYW6IknlgBgMt7+1ebfCTTDda217JCuY/ukA9B9a63x7r0kwFlbgAHAKucZOecY6V8Xj6n1
rMaeGjtuzx5ydatGl2Kct9bpcJaMRljj5WxtGeeK9D8C3UpjELRnkc7ugHbPtXmmiRR3E6xspQHG
87uo/nXo2mz2Wi+Eb3VrqIBorcsSSd2QOlfcUabp0nrZJX+49lz9ilJdDgPF0dv4z+I2qai8Xn2+
jWbuzHoWA5zn6/pWX/wTc8F/8JP8RvEXjAW+fsTGWKTy8gMGJB9sCtnwDOln+z744+I96gVrqKRE
ZjgjPHeu9/4I/eFkuPAHifWJV3C5k2oQoy2M/l1r5RUVWzKm+rvI46TVas5M+5vDmsjWtAs707PM
eD5mJJzx1ya6GzvIVt1luRtRFHzBc5x0Jrz34J6tb6r4KjinmxLZXUkMgGAflbH5Y5rI+NHxYu9K
0e8tdBuGZbWEtLIB+gJr67E5hRwmF9tPsd08R7OlfqQa94oi+NnxxsPhtYOZdP06UTXLq3GR688V
7prV9b/DzwPeSaeqxRWdqzKR0GFPPFfN/wCwHpM+szax8SbxVNxfTlIN8fzAc9690/aG1c6X8Fta
uGOM2pQZOMZ+leFgMTUqZLVxs/ikpNeiM1zRoOb6nyd+yxJ/wmX7U/8Abt1OzSSXUk56ZwSeDmv0
NhuJIPldEySdu3qB6V+ff/BObRpdb+PWoa1tkeKyshsDL8pyTznrmvvtzA==</string> </value>
        </item>
        <item>
            <key> <string>next</string> </key>
            <value>
              <persistent> <string encoding="base64">AAAAAAAAAAc=</string> </persistent>
            </value>
        </item>
      </dictionary>
    </pickle>
  </record>
  <record id="7" aka="AAAAAAAAAAc=">
    <pickle>
      <global name="Pdata" module="OFS.Image"/>
    </pickle>
    <pickle>
      <dictionary>
        <item>
            <key> <string>data</string> </key>
            <value> <string encoding="base64">hX7wHbOea4uAoy/sd1pfbk3+hnhVKVO5d1rV1s9JeReiqcIx6ACvzR/4KAfF6bWvHDaXdypEkTld
nmZDevSv0a8TxST+H50jQFzEQuOvQ1+Cv/BXbx94++FfxobUru8kS2F2SoB6DPcV9hjpShheaOtz
zs4oTq0lCLtc7XxP4W8N69o7S2qRrMpB3sBkntzj+tN8DahbeGbCSxubtflBGM4OT14r5n8H/tqa
NqXh5LCTUke5ZcYJ+8fXNeh2upv4q+Dx8dWl3JFdi9KSSBuHU+1fmmcZy8uqpxjqz5rD4ask41Ge
WftG/DjxL8WPjXY3OnKGt7a5DEKp5HPYV7LL4M0Ox8DR6Lrtsu5YwpDLweOwPNeead4gvLHUGvUd
nkzkEJyAO3HatqTxtd62gi1FdzImAAMD2P1rzsNxfRk/3sbNjrQr+zUI7Iyb/VPCngvfaaXgNnJ2
EjI9CR9KytP+I41DUC6OXy3IGchc9Oe1R+JPhzc65eLPZytjeWVN3J9/pTPD/ge10GRZrvLhJct1
YEY6/nX0UcypYnCupRd7HjvDP6wlV3O9sdJnvbRLy1jYuV3DOflFXNMukvdQiBlTzBJ8uGz0PPem
2eqI2gmSAKNkRVTznaK8i0XxhrK/GyPR7WKRraUgvgYUce3IFcNHNaeIqSp7WO2WAqT1jqfYmiz2
+r+EJrWeLd5cRUBmY7uO1fLcXwgs/HPxfn+06M58q4wZGXI6/Q19T/C7S0vY5LJWGRbgMDyMn0zX
qXwf+AHg+yurjxT4i02KHch8pWXbl+3Prms8Ri8RRivZuyva/qdWCw3PL3tzgPhL8PX8NaUtnZWx
EUQDb9nY8Hkd69S8Opb2MW2zJk2jKAMBjHvXOeJPiXDoWpzeGtN0hIltpijqOWYZ9e/Wuv8AhV8R
fBD6gfD/AIw0djBdgxNMjACIngEYPrXy+dcO46v+9q1E2+h3YWvB1XTirWOQ+Mf7QXirwDpz3GnO
izKmU8lSWyffPNePaL4h+PPxWlm1rxn4hks9OkDeVGSV49e1e3ftB6D4U+Hshm1WFLqEoXtZ1cHe
v4HrXyb49/bIETz+DbS1eC2KsnmDAYJnAHFdOAyXA5bQhOrG8iqspSm4OR0PiX4yL8E5CdO1FroI
csWkLHJ6n2rzb4i/tbeI/iAiWmn3x27iN4Y8L6HNchf6pcz3VydQmM0E2WLHuCO59a53RvC6J4lS
azJEMq5HI459DXdWzSUKUtPdS2OaNH3ldns3w/8AEUd1apDel3mkVQSQCfzr6J0nwna2PgVTe2x3
eWDHKGyTn144FeCfBTwK3ifxvpuiNbGRDMDIRzxkZzj0r6Y+JVxbeFtMu7CyJeytbU43E4XjA7V+
a4mThUlWj9pnrTXKooTwnq1to9qsCXEW5wuxc8KuPQ9ararpsFxqMt40YaaU4UyKen+eteZeCPGd
xrupho1dkjGF6gL6c9K7jTvEVzc6qkqx5feMnbjA6c125XQndNbk16nNHXZFr4gX+neHdChilZN7
n5ndh81eY634hWW5WGO2RgX+XaAc5qb9sTxdf2Vzp1nYxbfNKnYj+venfCXw7M2iDX/EQUnaCiyd
+a/YcsdLDZdzM+XxEZTxC5RmmeGbO7uY5pdPwxPzjYOldn4g8RW3hrwqba2lIyuAQMZGOlZiX0TX
TzWy7cfdUjr9KyPFkWo67H9lt1wGbBwOMmvlvZ1M1zB1ntHb1O6nNU2qdz89/wBtzxVqWpeOFmDF
gjncR35616j+yRrvn6HbHoGXa2ep44xU37SX7Meu6zby6jaRM0gJPzjnPPFVv2d/D+reFNEisdRt
tsinALrjaScV7GeNLJbONnc9SVOhSmlTle6Pa/EtlJPEl5G7nYBtKnt6+9c7cPN5iuZC3JJJB5X3
HXNd9eCC78LR3Dwpv8sLyMAcdAa841gTiG4WGM8EAHHzAd8e1fI5VJTqKfmck9YNHU+B7myeFppZ
BvUYLAfdGeMc5r07W5z49+F91pFrIJS9s6xow4LAHgjv9a8g8O6Pcaf4Yi1sTkLIP3a7cY/xr0n4
P2uoadZu17KwWRwUUcBv8K+/xVBVcGpR6WPMheFTlZQ/Yc/ZU0vxz8YtO8O+KJ/s/wDaE+x5HI+U
c+tfrbpvgbUf2Vfh/wD8IH4W1Jp7OO2BtC7/ADZAzX5/n9m34+WOlx/Gn4SWYnXTGMyR2WGf5R2A
69azfCH/AAWY8Q23xOh8EftD6Le2V3bSLb5v7fZs28Hr6iuXE1IwwzVOOp9pk050af7yNr9fI/QG
5/aNbWNFs/DGrO8NxczKtwwHIGc8V23jn4xeGvh98LbttLvUSSK0KpsYbi5XOeK+Ffjn+1J4d+JP
h19e+Et6JJVA8iTGGU9+/v1rivht8Z/iF8QdOvp/F+qyNb2JCuvmdSo54zzXy2OzPEYbBuf2rWPa
q4qjTqSgtU+p9rfsw/EKTVdAgl8Xas1okd2ZYUZvmlJyQSD1r6F8XfHnw98MvhdqHjy+vI/s9pas
UJPBbGAMZ9T0r8d/Fv7ZHiW++I2n6b4RE32OydUZYuM479favW/E37QfxA/aQvfD/wAHY5Wis55Y
jdRg8NyD8xrryvMsRhqF29bfizPEYym6cacVds+6v2F7DW7v4Z678WtVwNU8X3st7I0gIZVJJVfo
Aa+Df2vtZ8KeD/GmuX3iPWYne3keSfawJycnvX2D8RvjH4y/Z7+Cdp4N+GvhWfUNTe0W3s4LVMlW
K9T+NfkH+2U/xf8ADPinVE+NSSQarqamaSF5TwGJ4x6V7FPOqmCpwpUo3b3+Z5+aYWOKr06NtEeH
wfGCw8c/tUvfWCFLVDsXB++MjnjpXv3x18HzfFDRLDS7NWK53gkc8fWvinwnf2/hv4txXse9BJJm
T5QO/tX3J8Mtbg1i5hkMocm3yQEPHHrXyXFM3h8dTxC6o8nFYZUn7NdD5k/ZG+LN34eiufh/4x0d
r3TnmLJHMNrRjvtyK9c8WeBbCxsX8UeBLwSW7fO1ruy6E9q+XdO+MVjpvjOK6+yLAPPwcLgdenFe
m+Ivif4m03WbZ/D2plbKW38wxjLBifav1mWPq0KlpRtF/geRisHSVW1Nnsvw+8afBHxx4Tl8L+Ob
yd5nGyaA2xC4wQct7V1Xws8L/szeAXU+CLWxicZJlllVmY+vPSvDvh/+0Xomk6d9k8UeGreESNhL
uCEE+4IrB+LEXhrx9bR678PfE4tbgtsuYo2KBO/41axUIUedtSMqNKrOfsopxXe59j6x4/8AAeu6
OltY63BaXts25HSTlsevNNl/aQ8KX3hqTTLd8avaLiOSQllmBJBwex7/AI1+fek6R4ui8c6X4eXX
ri4/eqZD55O/HJx7e1e8+KpG0jT0OmhDdO4QMpzjPUEdR9a48RmPtJxlFW9D08NhakE4ydzvPHv7
QWqa+dO+GlisbzXk264jnjDlYxyevQe9ec/G5pNe8bxapJKkgsITFCkfOzAA6iuV+Eja1J8Qdf8A
iRrcMjG0h+z2uecHAHHb2xVbVNb10m/1PW4WieeR2ixjOzHpXyWaOpWxUnF3Uf1KxM7S5EJos1ve
6TcNBG0cpVhuXnnp+NeI/DSDxn4/8c6j4HuRJL9lv2Dl+FRCepyPevY/h1F9usY0trgbpJiIt3Pz
H1ra8YyeBfgb4fvNREEA1zUsmUrgMzYzU5biJUHUpRV5StYxUouPLY8u+Mlpp+jiH4ZeDbAEB1fU
LrAy2DypIr7A+Enhrwhqn7Nekv4YlBmtoNtwLcg7WBPy8da/PLTvjWreKLibUrX7XcXFyQRIScAn
GK+1fgB41vvhp8PIrnT7eNRqSF2syPkT/awehr6720MphCVdf8OY4rB1KuG5eaxltpFxpN/cWdym
A8mDvBGM9M131wJYvhmId0Tm2IzIj53E1w+r+J9R8ValeX2qMpcr9yOLGR6+ldJ8MNGu9c8K6npr
yFY45AVQPkqD0/WvicRVVbEOrFWvK/ojnVPkp8t+hhX/AIm1Ow0SHUtClMWr6ddI1vMrHLJn5l+m
K7X4w/sVaN+178CJfiV4b1OLTfF+iThplUgNJG2GxjqeprzzxNoV1p4F2SQ0dzh8DIPOK9m+FPje
30S4OjS62tlDfqsd0Ec4I7/Tivenj1luLpqK5lJWfz/yFhKzlG8uhyfw2t9K+H0Oj/CfS5EkliGL
y6BwxbHzD86d8WFtW8XW1nKTlrkRx+nbmvXtI+FPwF0/xtHr8Fzcxh33RzPITliOSR71T+LXwc8J
694vt9X0fXEljth5oGfvexrwsxyWvBvE6cvXU6ViqNTRbixRiw8K/ZYtqBEC7VwDjjJHrmsPXfFe
n+BvBOoa0zBPIgZwS+QSR0OMdq29VvHs7DyZUT+8p4OPSvFf2mLLUPE3wwv9G0e5KyygsQoAyMdM
DnrXhYWKqSipaLm19OxcbynZnx54y8Vw/FXxpe6jeyq6yXDMictxW3o1jYC3h8PaTYLLcuwCRbeO
e1eX+HLfV9G8SpZPE/mC52PubhiD+lfS/gv4Z30tva6hoNgX1GQb9+0AJX6vCvRwmE5Ht0Imp0am
j0Or8BaXf+Atas7XV9HktJfLBSL147mtTxT4g1XVNamnS4ljVf4ByOmPyr0b4beBNBvEtr74rak9
9cRL8skkhCxDHTA5PpWl4s+Fnw2+JEF1D8PAulapb/J5Usx8m4IGQVPr9a+NrZNicTiJV4x0Zi69
GKs5anm3wt+Otv4Q1u30nxBeKkL4CXDHBQj19K9b+MXwb8L/ALSugLBq9wIr8W4NnqUQBGCOAw7j
3r4S/aY0zxt4A8TNoevaZLa3KyEAHOD7hv1r6Q/YR/aI1PT/AAlDpfxK1JGtoSEtrueTlV4HPbHv
XQsungOStSdn17Fy51FSizG+CX7PHxT/AGcPiXd33inSWbTkODcxjKSRH09TXovxM8P/APCa6Nc6
Fp8y3NvN+/013x8j9duex9q+itSsPDXxC8MhbSWOa1uosDyn3Ad9wxXz/wDEbTrj4F+I7eHynk0q
7Y+VI6ZVXz1HoayxeOrUZyly3uiHTVapGa0cfxOn174r/Fzw58BtNsdC05YpIbcRTMvUY4wfWrfw
F+MPjfw34Hi1vxffMqXLkTAMQD74PbFP0/XtP1bwm8d2i/Z5YyJlxkK/Zsjsa57xJaxTeCoPD1qy
q0su1MKR1JFeLn9Srisvw9SE93bzTPVy6r77S3Qzxv8ACjxh4w8fjxz4F1nJJM9v5bZZWBz1HSuf
+JHi688aKr+JYDDrVm3lajCy/eZeA3PJyK9n+HfwN+Nv7P1lb+NLqz/4SDQJoA7xo2Xi74GeteV/
tIeL/DWva6vjXRfDrWshIS7jkXaWP949uK574ulT9jXi9tJW0Z3YujTWDbv7zOo+CN7b6h4SFn5i
qAm1SRwPbNRWniC1sbzWvCssinzVLp820+wwevSsz9nTXYLiCWGKZH+cYxGBjr1xXF/GnXbzwz8V
pbm2sJX823BBjU/Mc/zr5/DYao8VOjbVao8yDvC7OL8ULb6pLJbMqtcQTkFVGC/Jxn1Nez/A74HS
eIvDcbPZsQzKGeRME89M9q8Ah+N/hrwh4va78VeGbgeY5ODHn8819C/Cz9qi18XWsGm+BdCmb5cb
REV2kY71+iRwSxWGp89Rwtvbc5KMnh6spOPNc7P4xfBnRfhv4e0rxNezCaCO6H2m3XBAQ96h8fWP
hzxF4Zi0vwXoKk3EIIuUj4Bx3rW8WWXiXxR4Ru7bXNSVmkhyIUOcHqMk8VX/AGdvD3iP4h2cWgeH
rNWuIJTHc+Y4+Qjjv9KyeZLBYiVDAw53JWXV+bL5XWm5tJHnnh74R+HvA1t/a/ji7jvpI8sY5m+R
c+x/rXK/Fr9ofSLrwpceGfC8rRwwZRja4AUDgjNdX+2j+zx+1FqGn39j4YFslmkBEskc+GOK+UPg
z4H8RaDoepeHvFFy73PmsJ1kbcQCcE5Fb4TKsypx58X7rb0RtFwgr3ufe37HfjMeLPhzpeoWSxhd
ojAAyTj37U74/wCjXKXc5s2LlifNhOCR+XSuF/4J8JJovhA6FyxtL5gFdQCFPfPfpXtPxJ0Iaxqe
oW8lp5bKAVyDtOV6jP8AOvz2hGeB4lnFLS7/ABOtU3Vwr6rcd8GrHV9Z+HunvodqLiWRNixSHoce
vavzr/b++MmjfDX9oK/0LxBpUT3MMo82Nxkqf6iv0M/Z98W6l4Y0WWzglEU+nXJAV1DADnivy+/4
Kz6Dc+Kf2n7u/gRGubpBvSMgA9TnNfdZJTwuMz1xqu2mpWA9j8Mm0fWH/BL74s+HPiTp+o6zoumx
Wzx/u2KoeenNfX13q0lvZXV8Zf8AV25YSOemF96+F/8Agkn4G/4Qb4c3guHfzZ5d8gBAJ9Bivq/4
i+Krfw/8Itf1ydzGYbOTEmScfKeOela1V7TN5KDvG+hwYnk9q0ndXPkf4vfEwfHLxVqdnb+C3vFs
pSktxBHuBwSOuOteFeKNR1zwXrkMGmJcxRO/ltBISDHzXuv7APxN0qw8SX+p6taQT213ey+cs0Yb
Klj69DWh+3X8MbPw148s9RXTgLHUSLi2mjG0OjYIGfUZruliYus6c90tj1XSpQw6seofCnxNqPhv
wV4Y1ue4ffLGFlDPwBjrXvXi7SYvHPhC313T5wsyRbmMXUjHWvmjxnGfD37Pui6tDMUaKENuXJzg
dOa9r/Yj+K1r8SPB8dhNchj5JjZQ3I9RXLk0YSpSW2u589i1Lm50fF3xV/bX+N/7PPj+68P6bfyS
QRTOqeZKw4z156Gvp/8AZx/aZ8ffEP8AZ3u/i98RtTkWOViIBMSeOnevIP8Agol+x/rXiXxY9/4Y
0wyvLJncFPzAn71e7/Cz9lHW9U/ZX8P/AAmvZDZxxxq16UYAsM7jXoZrUpUaFKEZWcnqvI9WjKE6
MWtzofhrPB4v8EweMLTV3Wd51LWjIQXjP8SnPIr9Cv2EfCFnc+C4tRvYFMowULDlQMcfSvjPwP8A
Drwt8O/sOkWM8TLZQrHDE7jLAD0PHavrj4GXnxK13wrBD4QW3t4I02mQx8n8q93K82o18Q6CeqWn
mejQxLVT3Vex9L+J7zTreJoY5kUrnaAw7V57rXifS0uxZy3JBkUhJWUlcn3HSuVl8F/E+7v1m1jx
KSQCGAb5T78dq07bwNqr2bWl1qiy5ACMQMZ+hr6RVKjaSR0zxOKk/ciO8U+DNL8X6KdLI2XMX72z
ukxuhlHRhXzz+0X8UdZg17wno/iKJ4dT0nVlE8pjO2ZAwAcH3r1EfHK2+G/jWL4ffEqxfTmlcC2v
GY+U4PTBHSuD/bsXRJtI0u8S1VpmfdbXaJu3AgEHNeXmtVxwk5LRrc562I5qfM1ZrofMX/BQP4gH
xF8bDcWSRE29tEEj83g4J7Y96+n/AAfoWj+GP+Cf9xcSwKst7obSyjGPmIOOv86+EPidH4x8WfEI
XepxBv30aB8jG0HrX278RfFmn6d+x9d6ELmMiPRVjDe+3pgdfwr5HKcRDEYrEYpPeIYFc/PN9j4a
/ZN0yfxH8UbLToYA6/2sjkBd2AHGcmv1t/tJptAgsLeRAkUQ+ZhgcY4r8xP+CeNnaxfGD+07pyII
ZWx8vIY88Dt9a/Sex1CbxBeR21qVhtYlzJj+Ku/hKMlh5Ve7sd2U0rU5SfV3PNtNnute/aWgtTPu
Wzt3Ma54z7+lep614khv7aW3hO828hSVCR0A4HHOa+e734nWfgn9sOOH7UsdnLM0FwXIyc9CcV6p
4T8Q6XdeJdcSJ4gq3uYsHG5SM5/WvpMPiIOpOClrcVCtD2kkt7nnXxIvZNE1m7lEZZZEO4mPJP0r
5p+IvxHFtey6NcSsHBOGB6elfRf7R+s2+k6m900qGIjjepJAIOce9fFHx78a6TYrqniKNSEsoC+6
XgdDg/Xis8ZVjQpWT1uLGYlRhpvscx8UPjvfX8l1oGlRyzmKLYu0cMfYnivC/CPwB+IvjLTNXvLD
T7dJ9RumOJblVbBPbnmvlP4lftifEvxj4+nsNA1U21s93sWO24LHOM19qfBTwnqMPwl0mTUrmdri
VlcyO3JOOvHrn9K8PM6lehQpwklZu/mcmKU8NRTlvKxyv7Z0vi74K/s/w+HtRspbedowvDZHQc5H
Y12n/BBDx1d/DDxfd/EvxwTHZ3BZEkkJ+XnqPyqP9rr4eah8WX0PwCsM7RsyGQE5yOO/pXQ6f4b0
v4X6FYfDjw2m0i0JkEalSGA649jxXLj6lKeD9nHdmOHx8cJhk4L3mz9eLz9tr4Za3JaRab4gt5IZ
MK2yUZIHeu5s/wBr/wCFGi21tplr4hgMsgASNJgWOfbvX4V6J8W/EPhzU28OXOrzAdY2MhG0f3a+
9f2GPB2jeK9PtvGni+8F3JCu+ONpc4AGRXzFepjMJWik9FsfQYHGe2tzLRn6Z/D/AOIo8VWi3MS/
JIByeM56V08d0s8o2SKB1ODyfrXztpPxb0fw1oz3LTpaxwRD5XOA35c8V0vw/wDj9YeKlM2nSFxz
+8VSM4r2suzeVKl+9ldtnp1KcKk/3Z7rMbK4tXSaCKRTGSSVxu49TX5if8FddU+AnjjxXB8DfF93
bWsurRPHZXrBT5U5wADk8dq/Q7QfGUOtWrwrl85GwvxX4sf8HDXgGy8LfEPTfEmheJydQmbzgiT/
ADIw5B46V7VepVxkoey26s8jHQkqTu7NH55+JP2B/i9pn7VNl8EtB0K4urjU7vGneVET56kkgjHH
Tmvf/wBt7/gmL+1r+zl4E0e38V+FnEWqokVm1tlgrFQcNjofWvoH/gk9+1Z4F8WePvDmu/HpYU8Q
+E0c2OozpzcJtwMnua/RX4r+K/Cf7ePw/v10u5hY6RK8mmRucB3C9efpXNicxjGzlvFjypYfE04+
3Wq3P57LP/gnD+1l4Y0B/EGueE7mKK4gM8fyEmROvH5dK6v/AIJwTaFpn7VeneDfioDaW8spj2XA
A2nOM4NfoL4G8TfEy91zUNPeC51Gz8PSNBcjyzJHDg4PIGMV8of8FC/gJ4p8OfFPQvjl8KfBN9Bq
DyLK0dtZkRyL3bjr07U6ecVMbCdKWjeq6Hu4rCYKCU6C1P0y+IV4Lb4f3vwTvrqDUNKlgSXR7tgC
AAOnoD0r4yX4c+NvBHi2bxlrcQS1MhjhiUgBlzgGvTvht8TvGHxE+HWgQeJsWt3FbxeZG5O5APvd
aZ8Z/iDoV1er4Dvr+3aFCrxMB8zY9+1fH18xxMOejUWj6f10PAxMXXXPJdLF++vIdR8DmZ8viHCr
s/2fWvnz9nHxR8LPA37aHh3Vvi3qcVppdrqKyGZ5BtRww2gk9Oa9z8MeIYNZ8NSaZbFFjSIqiIee
nftX5t/8FF/E+oeD9Za8sJ5AXnOWJxg+nFeTwbGM81nRW7ueNl0vZYxH9GnxB/aF+GXxG8M29j4K
1e11S3ABjkgcMu0rxg9K8Qur+8/tZm0m6EEkcu6IscBWz61+ZX/BLD9r/wAff8Kct9Ev2LW4ufLh
mdWcnnlcn2zX6J6d4hu/FOk280p8t5RkDb/h7V4XFcKmEzJU3umexXrTVRJ7opeMPh/478NfEjSP
Hevwr4psr66DSaZYuXk6d1GTjmvpX4YfswfDbWtWsPiP8TPA1yk8kwfStL1DLQ22R02HpXAfs66L
d+A/Hn/Cf6pexrAyhQ12+7aPUZ4FfTXiifXviVp+mX3gnxR5KxXSvctHAGVk74zX33Cqq/V3U69j
2qeIcsOofieT/t8/8E2/A/7TPg/T4vhxpdjoWvxXCol7b2oVfLJG4NjGQK/Gz/gof+y945/Yc+K7
fDjxlfrfq9ustnqEMZ2SoR6dj+Nfvl8ef2i7X4N+G4NH0TRbrXvEmoR7NL0myhLNM56M3ZVBxkmv
zi/bT0S68feJYPhV/wAFE9I07SL/AMZwvL4O1ywmDfYZB92CTHQdjnvX6BK3LFvc4qjk480o3Xfq
fjJ8SvGN1dRlY5VZdhG5nxx6n3NfOHjPX9Svb94opnUkkHa+eM49K+pP2z/2bvHP7M3xKv8AwR4h
czWJcvYXkRzHcxEZVlP5V81+ILHaJZ0PzkZyc5+mK6MPFbvU6sOoTScVocbawM14scasTuwuV9eP
zr7A8I6bbfs1/s1PrLxqviDxFB+4Zh88akfn3ryP9jv4EXPxd+KkD38Kpp+nkXN9I6nG1ecV6T+0
F4nPjr4hSw2citp1gfstmiKdpVerfjXDmNX29aNKO0dWKrB4mvGi/hWr/Q8R07wxe6xqL6jqILzS
kzSTOOZCT6/jXqnw28AWlzsgWJABwzFh83H61H4Y+H+qaheLGtqwikUYbAXaR1xjtXpXhLwFqejs
JI7IqP4Tk5/xFZVK05LXZHqVKyhDlp6HS/D/AOGccEP2mK0QAk4VOg/2s16f4e8NS2u2QISRt3gr
94Y9a5rwhcatZKtqLIgnGCq8fjnk16Rpthq8gQ39lJsbH7we/wBeRW1Jx5bo8Kv7RyfMS6XLHbIE
fKqTkkAf5yK6qxV5AEJYFzjfjue/FZejeGpkKyXKKQh43MM11uhaAsupKqHIVNzqUJycjjNZ4yrP
2XI+p5uMtGlodp4ARtC0kzPHlkjBUgliCeeT07VVku31rU2lkkLqHJXLdfX9at6pcS6fo7QeaF3h
WUbdowR0rj4NUniuMRnZh8KwbGK87KMIp151n8jyctTlUlUZ3WjiIag0aMw2DaRjaC2c5BrpPiZq
0Wm/DS5t45Zd11GVymCcd8/hXnnhO/vNS1UeYxjY/M7BeeD6Hj8a6j433kcmi6XoKFybiVTKdw+U
5GK9rG1nSy2cr67Ho4uXLSH/ABktT4E/YDdVJzfOuSABuyx/XpXqv/BIa0e1+BNzqhYqZbk7m6Yr
gf2nbTSD+y3p3hWTUY5GXYfs8eSztyQMdjnFdT+y94r134XfAO28H2mmm11TVHVlgRM7Ae/1r5+n
jcLRxtOfNdRjZ27s5ViKdKzXY9VTx14h0q/1T4e+FmaWa/1d5HkQf6tD9O/FQfHy5ufCmi6L8NdJ
eOfWbyUSXBmk5YEZ2nPeul/ZT8Jm28Talqfii38y5iccsclSRnNeS/Em8m+MX7Z8fhbQr5ilnchG
ZeCu3n+mK58y9rLL+afxTdkvJgoNU1Un8UvyPsD9nXw/aeD/AIf2UTaYtnNLHvniZf8AVuRyP0/W
q37aGtGw+At2wAPnbUACn5jmtr4dqL/wutrqDGVoCbeYdxjvXi37dHjvVtH+G9x4NuDuNtMs0WSM
tF2OPxx+FermkoYHhedOOi5bfNnZVm/qqa6lD/gk9pMl/rPizxDcSE4ljt0JXHTPSvtW8tXw21mP
y5wK+WP+CUGinTPgzd65dQbG1C/ds+w75r6ukwyqVcYYfIc9B713cMYdUMhowXa/3muGdqKRVkkl
XT5NxyVTAPpxX4J/8HCl9fv8R206KzDFn2htp+Y54xj+dfvRrviPw/4d0ye71u9jhUoXYsRngV+N
P/BWDV/hL8Wfit51pKl69q5y0ZGCR1612ZrjsNgcF+8mk+z6nHmFSEXHXY/HjTvh58RdLto9UtdF
ugnBDojEDJ+lfefwAW4vP2Or261YSJOhJAeP5lYDk4Paur0XW/hLbeGYdJvPC0W0IAWMI+bB712F
rB8PLn4aPpOlWi29lO7GRV4xmvyzP84y7M6cYReqfY8WdVyvdHzD4f1OW/fdcmTJxGsi9h6V1Ng6
Bo44MoDIFGcYPHJNdzpXwS8IyyYs9TG6U/Iqj9auy/s2eJvPFxoOZF3Ar9Pr1zXmy4ep46l/ss1L
06HC8T71mrepyZ1W2sYRc3Dg7Yzw3cYNVdLi1LxjALfTLKUI+FaYKQB6Y9q9AP7KPiv7P9r10hAC
RkNwR71Pc+HbvwHpL6fo4WR1+XzSB8rY4r3sk4cxWXUZqrK0ZHJiasZVI33RV8J+E9A0O0Z/EF0h
ZY/ulvz71V8C2/giz+JTX+naUl5LMTtCBfk/HHFcF4g0f4j+Ib82kNyzsZSrnbwuT617H8MfAFr8
NfDRvtQljk1KRd00jfw8dMiuuthsFhYN2SfcnDYjEKtzRd0eseELbwp4Ovf7WuriIXd2w8u084YB
9/pXpera7NqHhAWcl8YzdzpwGyoCnOfy4r4o/wCEq8W+I/i/bmGaRokuBsjDEgAHrX1PqF9dR6fp
+nmV92AxXAJPT9K8rGS9tGFOKtHc7qdSVOV1uyr4q0mzg8UT32395IA2QeOg71zWvas9luWzfLZG
JAOhzxgik8c+M7Wz1IR6jKYVAHnFlOcccVyGs/tG/B6yuv8AhHrW/VpEkO4HpxXTh6cMRpUn7y6H
LV9spuVtDjfiR478bazr32PVbi4a2h+VYskgZ6/5FeL/ALQfhnTLezXW7RSshO7aoyTxnnvX0L43
+OPwmsPDk3iJLKK5MMW4BVyWxXxZ8Tf2ttD+InjKfTLKMR26SEDcmAvbGPaveq0I18EoQV2YYOhX
ninNPQ7Dw1f2+seHGS9YxsrboyeNoxx9a1vh3eac+qvb3jh9vzeYBwOcdf6V5RqvjuxEZttDl/ez
MBgMcdMfhmvRfhhoN7YafHcTIQ9xtJIO3k8da+QzHA+zpWlo2esrupp0PsL9lfTYdI+2eNBIoKr5
UUhHy59q6n426vb2PwWu9Sv74fa7y4EUXzHLAms/4dy2ng/4YadpBuF86YCW449eh55ArnfivrGl
+Ob7R/AsUzHyJTNcSICE4yQMd6+DeHd1F6K50RqKpN6mf8NdPsNF8PSajfzYUpukkf5RgfWtP4ef
E7QvG088Ogzq7WUuyRhKMMPwrxz9r3426X8LfAMnhvS7kfabqHZHjJKkCqX/AATb0/Ur74f6t4gv
p2la4uGbJJ6YOQfrX1eS4GUqUsS9E9EjOoo8jue9/EzwzB418VWHnIrCKMOTs4P09qk1S9i1B08P
aTFtijULhT1I+lSXV7NdWhktpG89U2fN/Dz0/KptDgsdE0/7U6Bp3LGQP0HoPYV61THqnQ9hfU5O
W7v0Rg+K9Rj8EaepA5x0PdveqGg/ETTrlMSKodgAo3cc9hXNfFL4laJq+pf2XLcopUgsS/f29qp+
CvDja3fgWVyDFGwJcP1z7V9TkVKkqC6tnk4qNVz5lseo6lZaV4h04o9kJGZBywzux2xXnupfDa2S
6eeCy8pgxI+XGPTivWNA0uOC0FqZPm28svBP59areKtPs9KsJLye4CKAwAzXu5hl8cVh+Wa09Dkp
VakJqal+Jw+leFpn0OTTGZgHAMZKDGccjFUrvwHZ6TpUelaigNxdMCqAAEr0I5rp/BOr/wBsaPLq
MMYEMU+PMBOGPqay/EV2fFXjuz8uQ+VZJiYEEAnPv2r8vnQoYHEVVB6R1PocPUqVKS5up1el/CfR
ofCNlG0aGKNNsUZx94msXxlrmg+CI4dFtrZprid9qvEmQh/Cq/xe+OP/AArLw7BZSI7AfMEGMkex
/GvINe/bu0OF4bW68KRPKJQqTOOeeOT0r6XKsSsRlcZO/va9znnFyrNH2R/wSl/ay8V+BfjF4i+F
nxSkuW0WdjJpzzIfLUHsCRivXP2//wBkL9lz9pe5XxtLp9ta3cbbzc28IDSHH8RHWvzQ8bf8FA77
4d+MLTRdC8Oos9yiNAUX5zuHP86+l/hd8e/j18S/DVha2tms896AFtixwR25PGK5cVjcNQhFVnKK
flufX4PNazwaoOmnZWR0Ot/s6+CvhR8MfO8Cm5k2IVlncfKc44rGttG1Dwj8F9QGgxmS6uY2bc2M
kHtnrnNeh6x4o8f6LY23gzx5oau07ZZIUOFH+1joPetLSPCNjrGnjStXkjt4XcoDux1PGAfavl8x
9jiMbTo09pO4p0Zez5kmm+jPin4a+Gdb8K+LTe3l+JpbrLSwk8pnoB79a+n/ANmC80vw/wDEe21b
VdUiiuUKsFfk5I4BrmPHfwM034ffE+5urC7aaOOPzMvIDhuw/wDrVi3/APZtndSeJYr/AG3BAVDv
GDj1qszxaw6sl2sjiwmJlTxkZyV1E/WmLxx8LPDfwsm+I/iTWtPQWFl5++WZMZ25wDng+1fz7ftt
/tY6x+1J+0zrXiae8ZrS3leC0VHBBjBODW5+2h+1X8U18ISeDtD8TX7W0wx5MbnDZGOe3FfPHwD+
HfiCS8Gsa3GQ8r5PmAcce/WvqsBUeIwcas4JaHtvOI18U6kklFFvRPhhqnibxlBqckLRpBJnLrgM
P8a+nvg/cNpOofYy7ERwlWCnGPevPPEPiTQPC1tHZ6fLG90yjkHHsRxXc/s46TrHiO5lmtYXcyAs
3lyHdjHHNeNxBQnXox016Hz1Ss8VWc1sfDnxe8OR+GfF13aWXCLMXiwc/JnsT1rt/h14nXXfBqwy
zfNaxlRub5utUviLYTfEVklt1K3pBRkRwAy59PWtrwd8PNI8E6RFa6pdu7yrulERzt/Kv0mnGOPw
qhPR9Ty6tTljeO6ZowWNtqtssIkEalSXKnPNcvqugS6JqNxfafrNwscUakbOEJzyDXUajpFzC7/Z
ArwkkRukg5B6Zwc1Ug8AXfiq8j0ZdTwmf9I8lt3y9e3eli8FhsDhXLm0Q8PWr1Kihbc674XS+Fr9
Y/HKER3MMJKEMBzj6/0rpfGfiu90bwdda1qMyTZtTLFMxAyR0GfWseaLwB8NPCi+DvDzDUbhB88s
wZTnuo9KwxqmmeLvCk/hbVtIgjtlkG8m9OR3wM/hXzVPF0JxvG9vQ9iKjCfK5HQfCy+ul+HFrHNO
4uNVuzczKRlh3AznpioPiwbkW/mxxvJ/o5xjkDj1Her3hu21G+tbWzFhaW0FrAVR/Nxkemf61neN
tY0t/Dt/pv2wNNCH2YYHcMdATXmuaqVHCKer10OWthmr1bnH+DfGtnoFlbPcl1VGBmkUktjP05rw
j49/GDV/GXxqe5kvZDaJIqQRu5C4GOTn1r1b4feFdd1GFPFWo6PcnQYJfKlvRbkojZ6E81wv7S/w
Qt9O1+28Y+CpjdRXcqgwwLu2n147V9pk2BoUOerNJyJwTjCtaa3Whd+GH7OHibxn4ys9e8P6PPdQ
LdRyXDBMgLnLEZ9BX2f4z0jwdpeiWWk2V1M16samdHHyAAdAPWs/9nqBPCPhvTNKhla2n+yKzFSc
tkDr9c1g/FMXtr40uLG6jlikMm9t5A3AjPBIrzcwr+3hHnWxyzr+2bXUv6dAsZfIDjy+M56k98mv
S/gp5IjvIsvslgyVHcjrXlfgm6+0qTKgVguNrIGBz0rvvhzqctlrkFoUO7pIdm0Ln+ea+UhGM51Y
rt+RlK8UW/iD4Im1zS0bT3WMyzbygB6ZyCfTgGvP4bG9uZRepdFFa9EIRScNggYFew694007wjoW
r+axmubhSlozryWIwTis/Rfh9bX/AILsxLGyyQyRyggDlup//XXBUzSpTrQVRdkaKjFUrR6nSeG7
nS5bK7VdQEtzYwoVtgcE4UHnOai0jxJN4pD6m2IYkkwNpIx2IOK88s01bSvH888DMXlcRKoOVcYx
2r0fTLC48P2KQQ2/lncWdMEZJ6/zr08xrwq4GKi93qZ0qSp9Cv4u1EICXlVSqhlcj8jXmWr63HNd
yWpYyJK2CWO9V/DHPNdx41kFp4XvJ7sGOVpCsUMg5KnoeeetedfCr4f+INMvrnxB4tnaa2eTda2Y
l5BznccDpXi1aEIYN2dnfbudNKDlUve1jnrL9mPw3r/icavZWRdyS+Nmcfh+td/p+nHwXY+TYQGR
1ysjhMYUcY9q6KTWbDTrTdFK8TKSUEbbQy+h5zWr4Zj8Q6lFJqenBlTaQzysCoz6qTzXrYXPvY4e
EatJya8zrq5fTxD0qHB2D6pq8b6fHqAaVzywJOOa37RbjwnGi3FrIJhkmQnAbI64qbUf7O0iKfVo
rMC7LELIiAK/qTjpiuQfxYupahDNe6i8i7iCC/Axz619jluY08wp88VounY+cx+D+o1eW/N2Zw3x
8v8AT/H3iyfwt49Ia2cqtldygF4mPQZ64/GvB/iJdeOPhlqkvgCaNoI1X9zJGDh06gjtzXb/ABgT
W/iN8cLfwvod226a5REWIjcRkZOSa96/bV+Bvg+9+FOmXvg6xup9b0u1RLtpmD+YdoBIxjH615WJ
xVHD5nChNpqd9D2sPRXsFKT0PXf+Cc/i7wP8VvgadBm1P7JrulwO8SSNnzgP4e1el+JPhn8Ofi74
EvPD3i6Zo5LlmWyuA3NtKOB9Oa+Jf2VvB3if4a2kPjrVtc/stIkzJb79pcfQ10Pj39vbRvC/i9Y7
KFWtOPtQOSzHPLCnWw9fns4rl8t/uIq4inzKVNXkj0nwloevfC3xFP8ADL4ggzRR5RbjZlJEzhW/
lXM/GP4gjwRq7eFNRsAfJZZLOfJw6nlSMY6dK9n8L+K/h78bPAdr4iJW9gKmS3uIpf3sBwM9fT0r
j/iJ8J9K8aQRC9jF61mpNjdbMFschSc5yK+UzLDfUMRzyXNSlqn1TKw1WnWbezD4a/8ABRr4l22j
R+BW8LtcWMcYjBnB2lT0rL+JWteHfG9n/bKaakFzLL+/t9gKgHgjFcvDead4fuY4006OJVO0s0fT
HqT14rLuPFdvf641lYJ5qo2fMGcZrlxOdYvFQ5Ix93zN60ly2bvYZ8H9Yg8HfFN/B95O0cMzk2cu
75W56fT8a92vfG3w60PXrPQfFvhYTz3WGt7lLfdtXODzj+dePXvgDQfFkOoXlxeXEWrQQLcaU8cn
cc4I/wAMV6N8HPGmh+O9Jjh8TwL/AGtpgEdxHLGSVcHAPfj8a5sNi1gcXDGRV21Zo5XFTi49yX4r
/s4fDXxzrUd7YW6y2cmHjQw4wTyRmt7QPCvgb4X6QwstOt7COOPaTGo6euaxPi38ffB3wq0xn8+I
MiYaOI5x+H1/nXyd8Wv2n/FPxssJ/Deh3rWUeXAaPJbnjPWvUnVzTOqt4R9nDub0KCUUmz3X43/t
neFPAQa306RbwiQYWPkAfxEmuPuf2kPiF4DaHx/8KNaltYtXQTNEj8bsdOD718sL8NPGWi6msWrq
2o2UzAStG+4rnk17x4W8MwR/DaHSIrV1+yvvjWXk4PSvZwuRU8vcK1Kd5J6vyKxsHQipOOh0fiX9
rH9ozU9De+1PxFM/nY8xSxOQevfpT/2MfgX8T/2uvjAPA/g3TnnvL+Qm5lMTFYU3cuxHQc1fg8JQ
a58M7ho0GYi33VGR04qb9iX9qf4rfsU/F5PiV8Mp4PP2m3uYbqItHLEx5UgH2rWWLqyx0qTbeump
pl6w9S0quiP0x/4Jc/sfXf7PPxY8Y+Ev2h/hXDeW9naAWV7cwbody5yU3cMCO4r6W8bfGH/gnb40
0m78EeIo/D2n3WxoPMS2VZI2HGdwwTiuC8S/tI+Jf2xvhj4En+GANw+oTRyeI5dPUs1tEcGRMqfl
B54rn/hp+zj+zt4a/au1r4bav8Ov7V03WtK87+0bli7WEhXnGemTmplGLxTlC1n1aVz77DYTBrDL
l2Pm3xJ8PNB8E+KtVh8J+IrfUbKS7LWl3byAq8RJI+vHY1+df/BQr4M3Q/aBj8UiUeRNbq0S7O4J
/wD1V+qP7Q/w28B/BnxzeeCfBev/AG2yWV2AkXlT2X0OK4P4afs1fAH4w/ELSvH/AMdPEqQ2Wiyo
0ulsoH2hQcqx4IwCORjpXj4KU8PnFSUVc+PlQpxzCUG9Lnx9+wtFqOm+CZ5NRsprY7/k82EqGXPH
WvQ/2xNan0X9mXU4oMie8tnSNcnPI7f/AF6/Yjwd4c/Yh/a18N3Xw+8NeFdIW606HyEk0+2SKRFC
4UqQMkdODmvyN/4K8fD+9/Zo8SyfCfVl323ns1s8gz5kXbnFfQ08LGg41079TLG5YqU1Vpu8T4L/
AGNJdZ0ayuINQmfmdiqunr1z619xeFdP0D9rf4FXnws1Ah/EHhtjNpE7sN7rj/Vn0HHbNfK/hO60
mwsE1KwgSIFcgKACw/Cuz/Zw+Mc/w++Pmn6tFLttbplhuIs9Oe9c+bQliKTxNFWa/E5XVblynon7
RX27w7+zjaafdW5iltV2Or+o4IP5GuC/4JefFe6TxnqeiySyoqgvCvmcH5gM5Ar33/goB4SuPFfw
+j1DSbVjHfSKZfJOApP8WAa8m+APwhg+DFhb+JIIMSyYaZyAM855/KsMpkvqM5banNVt7Fxlu9j7
V+JWnz+KvC0Gr6ZZK06rh2KEsUHevJvGnxa+I1hcW3hTw9tSPy8PKOCMD2NetfCbxPZeNfDphScO
kijgNkZxgqetcL430NdO8Uefd2e2NphtyMBMcY+lepiKVDEyVSS2scuFqypNJnjPwU8I/GXWfi1/
bvjXxrczwrcs9vE8h2hc9MZ6V+qP7GvijUD4AaEuqGCbZEqDHYcnNfEd5P4c0rV4bS1f98MMCrck
98H09q+sP2MPEI0/wjqskrbhDcB1yD6Drnv9K3oU6OEz/D+z2s7nv4SovaHvs2oXc0xmZsgHG/bx
15xVy1RJActuIYHcFxyPpXOWXimXVVzaRmNeNo455rasPOlRpbybymUn7uBiv0WMoy1R7kJRkro5
n9oT4MaD8aPB8uj3mz+0IEL2N4MBkYdBur4f+LXxa8ceFvDknwV+J1uZv7HuXWyvZT8wQDAGT1HF
fdniHU7+zV5bZnkK/MRg5UetfMH7a3wjsPiF8NLn4uWVs631mHFwJFyZFHrmvBzynDE0JKLtJp/M
5MwwNarT56a1/Q+cvBGqaT46lCm2WVopTjH3mxXffHyx8z4Ez/2Nr8ktwvBtN2GQAdDXmn7L3wz+
JMni618ZaloF5a6POHMFyqfu5SB930zXrfxQj0feIoGZVuYfngbruzya/H28fk9GtVivckrfM8tw
xGGpXa3JP+CV/wAF9L1zw/rHjnXiIhbXoAMh64Xn8OK+pLr4qC51Sbwh8GvDc2t3sSFZbjdttoW9
C3fAr59/Y/8Agpr/AI1vb3wta+N5dO8MmcS31tbsFkmb+7kdB+VfZPhnwX4d+GGjJpHhvT47e3xj
5PvsemT6+tfofCUquJyeny2it7nt4KTqYZW0R+dvjpfEup/tIXQ8c3UFvdxahmWKB/kGWGcHFew6
Jres+D/iTqOh+HNJa9juoEe3dp8pGSOpPpXkv7Vmm6sv7SXiHU9FthcKshaRhuO0Fup+ldV8B9T0
6w+IWnywXz3Et9pn73zW34cdh7+lLD81HMJwjrrvc8elb6w4vuaPxuvrzw9EJfFTpqExUMwKkBD3
VT3r4a/bg1W5sfgrr19oVvKz3ccnlBj8/APFfZf7V+ohZFgcmNix2DdzjqefTpXy1+0HpWl694Ie
z1WQhPKYlfUEd+vavexfsqmLhSXTVhX5Xi4wT03Pyj/Zt+HOreO/i/YLcWpAjvPMfd8oJyTX6teB
vDfl6Vo9lckqIsDbu44XivlX9n/wPoUPxQur/R7ZRbxMVjcICM/419seCNEfUlt3BG0W46gDA9a+
fzfFfWMan0icebYv29aKuR+JtO0rSIn8T3ITzLeH5GY5214b4a8Sv4m+KFxcyb2+U7D5mQAT9a1/
2yfi/JoGm/8ACNaLdqrNEA7Y6g54+vFcB+yN4B8V6hqz+NdZRjApJVJOefYD2rxa1eKvKRxwpN0L
vZHTeMvBGmaBql54u8SsgSIMYRjpx1zXBfCT/gp/4q+GfxG/4QbwrqUr2xmwAZMrkfyq/wDtfePI
dS1YeHbu9eKAbkf5yNo6dzya8V+C37M/hyX4mx+KLW5a4tWYMqOeuR1xXXhKOHr3qYh9ND2cFWUK
F5PToforb/tqeNvG99Y3HibWzDbzBTJGsoAfOM192/stfGv4e6poltp9peRgugJTPJbp1HrX4B/t
ufHC7+GmvWXhjw5qHlzRDlV4wB0Nem/sW/HD49SaXZ64/jO9j8+QFIEXCnpx75rOtk040Y107LU9
PD4yVFKo3ofuz+0F+06vwO8H3Pizw9cwuwhOYvNAIODz+lfh1+198dPHv7SnxRu/GPjbWJZjLctH
BA8uQq5wAPSvrb4n+N/FXiP4UX914m1KaXy4CZCT8o47fjXyF8GvCll4v+JsN5rVo1xZxXQaeHpl
MnOcGuDKMxn7OtNu0Y6Lz7nJWxn1qb6I4zTdRv8Awz5c2k3UkMsbBtynDHjkV9G+G/25/if8NPgs
ms/DgXUU9oGj1EmUlZBtwTgYxmvnn9pDWvDdt8VL+y8KRC2tYJQEjEoJ4HPbmuu+FiC98FSWdzuW
HUZFVoygIVcdfpXoyhH6sqk3vr95yxxDoTutj7X/AOCX37b/AMObD4C+LtF8d67axa/4g1DcLS7X
IKMRnk/jX354v+Nv7LOr/ACy1S50nSNWn0aySOC3URncccjNfh5e+C/A3gPW20RwInKCW2mB+8p7
5/wr1r9n+TUbi01GOy1mRrOK3Zo43uCQW9cVdOlKhTdVSUotbHVPP51I8kdGdv4/+Lek6l8RtU8b
aVbyWenW0zpDZWh+URA9OOtYml/Hj9kj4pxy2Xi/W/sV/BuUPHPteM/SvkD9uf8Aaf1r4PMPCvg9
k+23wfzZH52Dof5147+yT8BdS/aR0PxP4nvxeXWpW6sYHt5SMybc9B061zUsinXoyxuJnyJvTqep
QjKpRSTP1U+ES+HbO5lsPCni5NTsLiPdbXAYMQPRjnrXxj/wVc+FohurCHT3Z21C5TtnaS2AK6//
AIJk+NtY8PzT/DzxbM6Xels9syzEl9ynjPfNfQf7SPwr8OfEIafrXipVeHS5vOPQs5HzDg89a+Qw
lR5PxNK7utdTx1L6riW5dDn/ANmz4VfD74C/Bfwnocs8MsogW5eLv5rHkH86+yvhn4sGq6dFdwS/
u1QqjCQHjAyAK/Oj4ieN7+z8RaRIZvLE92IoFLnhAeM+5xX3T8AZvtnga2kMJUGLKhzjJIrw+MXO
pOOIbvd3No4irXqe0Z7TrXxR8Oz2ljpXiS6M8EUgUWkJ2l/TPc+9fU/wn+LujXng22i0azEEEcaL
GqDHAHTAr8t/jv8AF26+EFx/bZgS6th8zQ54z22nqK9A/Yd/4KkfAbxXrsegeO/FVvolwGAEVySF
c5wFz2r6Hh3E4qOEVSirnr4HExnenLY/R74w/tK/A/4C+F1+IPjxY1ufK2W7+TmaQ/3FOMjOa/J/
9v8A+NGj/tSeOZ/jT8WwbPStOhaLw7psj4eJRyJDzwenSvev+Co/7Y/w48RfCOw0zwR4qsbu3gfz
ZsJuwQMjDHpX45ftR/tWeLvjFbSeGvC1pNKI0KMIkJGPwPfrX6Fh8ZiMRWVNL3er7F3bfLHY9F8Y
fGvwL+198NNa+EPibVBJrvhZHfw1qcq7pJYAD+7LE5PAGK+IE8M6hd69Jo93CS0L4kViTkjtxXrn
7H6a94C+IEuoeKPAklxDdOqyySIVZMnnBJ5FfZc37Cfwo8dtF8QfAuqRwXkh82406RgHOTyRXp1K
3s5OHN6W6k/XY5bN8+zPFPhN8PT8IP2e3nsbEprHiNRGxTIKxEZzkVnaJ+zNrltp8Ws6pp7mG8G6
OVhkMe/0r6VT4SSan4zg8OSQMsNnCERG4GBjOOf6V1PxAsAk9j4etYDFFZqcRgD5O3f1FeTTxkY4
pU38ct/ToYYfHXrJQd+dt37eR4P8P/glb20aYsUwz4XKZ3fU9BXpNh8MtLNvHFFbIrqRuAUcj0Fd
bpWnRKqxwxCMtjPzAEVrJpjxAh4mKBtrkEgY/KvZXI9D0pNvU4ay+HNraSC4jt8BH3oFAPPrXTaf
4i8H6sqW01+sMyxlCso25YHBB7CrnjHZaeDry8jnEB8ohByD19TjNeM2esXlpfiCeMCPqHBAJ/Lr
XzHEGezyStCNJX7nhZjjKkMQnE99n8L2Om2z3QKPGV3IwUMpHHPvV3wtpDxhJyWbzWL7YztBHoa5
fwb4kjvdHGmTFvIaVUjeQ4wT/D9K9O0i2tIXizCqlSV+/nt7dq7MLm1LOMN9YiuXS1vM8zFYxVIu
+iRh+Np0S02r8jDaow2cKPavOtR1i2sJ286X7xzhnGCP6V1Hxnv5fCsTandSMsTIxVynXP0r5+8L
Xviz40fExPD2hPItqJQLiXbhRjknP0r0XjsNluDipux1YXkp4dKLPof4WyHVJI/sqghlAJQZYj8q
7TxNpMOr6vaSXNu88iDEcSxn5CfXsa1fhvZ+CvhhoMWladCb26aHBbgkkDmr3w2tL2+1abxjdW3k
2ceTFEwGZGHbivj83z+WbpYWgrU76vuTjMRCbtFl/U/AGk6N4Zg1LxZEJ7lWE0ccnIjA9iK739kW
08N/FW6vPGV1dRvHp915VrErA7Tk/kPavPP2hvBvjTxL8A/Efj9Znha1t2a3jH3mA7j0rjf+CLvj
a81Dw7rfhvVb5mmMok+diW3bjxzXfleBlRzClOpC0GvdXfzfmaYDCWqqU+ux9yfCi5sNO1rxamru
I1Ta7T7QpRdvBBrwv9iDwtB4p/as8WeODIlxFFdSCNwOT85AzTv2ififbfDvwr4xjhuws94ERME9
cDsK2f8Agk/bPb6Jq3iq7j2faHAyRw2TnkV6eMrxr5vhsLa/K2zqleeLVPsfUHw+FzpvjnUfDd2d
qSDzVj7D3rwf/gojpSan4p0yzikOZNPdZgrYJXJxwOte8WWqQQfGu1e3nDQ3Vky5bIyRzgmvkb/g
o14p1C//AGi9F8OadcSeYsQBWNmzjPQnsKfF0uXIZxWt2kZV5RjRcX0Z9Y/sT6bZ+Ev2fNH0+GJQ
RFuYsv3yep+tewxXULx7vlZRyozjFfM/7FHxYGreGbj4Y+IHVL/TADF6vGfbtiva4fFkdp8jxhUJ
xvc9B0r6bh/EUsVlNKceis12aN6Ek6SseFf8FMPAnxB8W/C6S48Aa9Pay25JdLaQguME4wDX40+N
rvXtL1qew8SRS/afMImM2f3h+p5r9+/HWr6PqWhzvdBXQqSQWB7Yr8Rv+CwPiTQPh5rkureHreNb
iNmwqrgM39eTXzvFvDEscliaMrPsedjdKmutzgmjS40xXlB2H75SPoM9j+Faet67Bo3hO10i0uQA
+S26fBPTtXzd+z7+078T/E8sdzf+Exc6RFdCCaYISUJ45FfUPi/9nq++N/hWO9+HvidYdStYtz2Z
kBGSOmK/P1wfilU5JTV30PLqVHGSi9F3MbRfHVrazoJroEhwCVYEso9K9u8P/tIeHNH8Prb2aRl1
UDdJycgd/evFf2cv2UPGd1eXOi/FPTr22vIpGAmT7jDtjNSfFL9nP4leDtVnvNKtXuLFCcGL7wx0
4FerkeU4nJMQ1FWUluY4ynGtS+LU6/4i/tXazrdqbK0lbBUqDF0J/CvNLv4k65fuWlvJVZ/4N+ec
56etcfrkXibT4Z7mXT3tysZzvGCf6AmtP9mz4b+JviD4ifxV4ilddMtpMxKGHzEdhnrzXs18xgoO
U3ex5Dy6rJ3lKx7h8MfDz2uiHxHqs26SZCzbu35Vh+Mfia2saw3hTw+vnuflZIhxn8Kl/aB8cX/h
bwjHovh2PN9eEQ26xr0XGOgo/Zx+FA8H2KeIPEmZb6YF3L5yuRz1715sKVTM37Wo7ROiEY0Vueh/
Cb4YWWimK5vY919cBSwPO3kcf/Wr2VvCd1ruvXN7blFh0mzDP6A4zg+nSvD/APhb+kxfErTvBuly
pLdSXA8xTztA6816J+yr8Xp5vil420jXwtxp0zPBcRHJAjKldw68jJrmxqVKXu7RW56GXQhVqqVT
Y8D+Mfj1r06prt5OrGKVxEqscAA4zjv9c18keEvEUnibx7q2qyMQqs5jXOehOcDFfSXxHt7e81/x
Do9oknlQ3sixA9SuT/jXjfhvw3pVjc6hLYJmUA5ZGxk84PT1rmy6EKNafPq31KrV7p20RQ8C+NYb
jWb7wrrcvmQSg+Si8jkfSvBPHPwnu5PixNZaI/lxXFwWUqSMfN0r0nS7W503x+WuJ1UmXJJ4DCtP
xzd2mjeJrbXF2OAAVYAfzr6rCV6lBxjFfEjmhVUXeJz1l8Nb7w7rFhZ3FyGR2BBZM7W49/yr6s+H
/gyC8sdMjUfIsiNMc7sgdR19a+VNd+Jpv/EtrqUgGEKhEUYIxnmvr/4MHVJPhVbeLLyHabwlbXze
u0H7wFeDndOo8VGU3okac0Y4Ztbtnpl34mivpf7Et442cLhfmAwoOAMVnat9g8EWVz4junTzgm2K
EtyD7fjVfwxpZvb5ZYI3JHzmUlR3zjFedfFbxRf+JPiLF4WsZVeKFgJWC54ByeM181Sw/wBcxXsI
R06seEitG2fOnx+8O/EH4n/Ej7dfRO0M02IVbOUyfyxX3b+yB8JIfh38GxaRRbZJot0nzfeOOhxX
Ex/DqwM9pqdzZ8AD5SvJPrxXvfgS8Ok+EHg8kKVjyCAOMemP619XXisHhVTvoicROnOs40/hRwS6
nDp2rzW1wCZUPIHbr/8AWrJ8feLJdM8Pz3SzAu6ZJ39vYCq3iaW4uNWub65ilZQ42SgY389z0rz3
4/8AiGa40SKy08OojYGbacKo9j3rxMHRVXFpT3kzKUk42XQ+Yvjh448W6d4gl1GK/K7W3LiTaAM1
D4A/au8f+EEQGR5Avzuwk5IrN+KcmnzsIrq52sZCAPT868017URpVmY45VYxqQhcA8enrX3eGwyo
JJaNFxoSqwXMr3Pr/wAJ/wDBRFrfT0k1BGaRUHyseRz71i+IP20fHHxm8Qw+DPDEMzG6uAgZCcKC
euB1wK+OLTUdb1PVotM0+FpZbi4CwooJJJ4wM1+gX7BP7GOveBtVtPH/AMQ7OMNPb+bDESAyrjv1
5rTMsbWw2HfPVbdiqWVUOdycdD2O3uJPhP8ACXStEumRry+dHkViM7iPvVzXgjWtQm8TXSz27Hzp
tx+Xg+ho+Ok2t+OfjLZm5tni0TS/kUqfvbcAcGnwFrDX44oovJiYKuXbGfXPrxivzapJexnNu7no
XUUYzTWx1PxD/Z18RfFxJ9YELtFbRfI0UeQ2QODxXhHxF/YY+Ikd9p9+bJIoFulKs0gBYZHbFfcX
hj9rvw98KPAo8P6dY2V0BEqTiSLPOOvrXn/if4veHfjrqlpMdT+xCCUFYojhlI56elfY4XC5jQy+
nGglZRvvrYwhiMBCtq3d+R4HbfsVx658XLf4jeIZbSezsNPiihtAnzmQDDNz7/zr7G/Z3h8O+AdF
k1PU7Qw3cEYS33LynoR2rzbTr7QbzxJLFLfqNkwESBS2Tx+Wa9QHwx8Z+JNPW30XRWELoCJZDtyD
1Ir4jNKeaYmvBuDa8tbHq4fGqn71Ozt3JvBvi7X/AB54s1TW4tRgmtrJCly8xycHnaPeuz8SaX4W
0v4eweI75pjdWzmTfn5W7hckfhXD+APhM/ws8P6td+JyQ7T+YRGxwRjB445qr4t+LNl8VdMs/CXh
+2H2KxfM8wBBcgdK5cLUcsyk9nBWPclmidNzqq7a0R5l8dvFGo2vg3UvE29xe3Sl1bBGwEHAzXj/
AMHPGEOsNaWHioSNDJceXKeoye56194fCD4N/C34t/DTxV4W8aj/AImdxblLIFxlFCn7uevPtXlP
jr9kjwJ8FPhZPq0WqwyTo5DQOqiTGeMZr6LB4COKrxlLXqzzXllejhPrFR25tT5f/aR/Z0tvA/i2
K8uIjPpt8glsZiMgIece9eK+OPFWm+EvMsNHhWG4dcKB0x0zg192aA1p8dPgNJ4WuLUHUdHjLWMm
BuKqPuk55r4H8YfDTx74v8fX2nWWiXLvayGNlCZw3pX2dfDUaSi1KyR8vz1Ks2ujPOPB58T/ABH+
IaaZB5jhpxluo644xiv0H+G3h5vgt4FttK0SBJ9XuI1eUqP9UvGRnFePfslfs0X3w+upvGHj20is
ZGOLb7Q4wfz5z7V9UfD/AMLCKE6tbaWdVupVB+0SyBVx0IA46V4WaYym8VGKV/RHVQhU5OVHwd8W
f2TLTwb4k0CPSL27RryIC7tkQtKsoOG4rq7j4XeE/hJosPiz4maFP9meUKlxcgjePoDxVP8AaL/a
G0mLVZfGemavIhaVpbVmJ3nPUCvJtW+Kd78cNNgs5fEtzOqyZmt50JC+9etSWNnL4rR6nsRhQh73
KjovH/x++B8l0+n+GvDisNjJIjQdfxrndJ+I/wAGvC2jtqt2t1YXUrbvsdq/LY6Hk151qPhO30vX
nnnjRoySQwJBGDxnNa+gX/gTU73d4gtoZjt2Rb1VgPWvdjklOUFz1Gzza2ZSjiXKKVkc/wCNPijP
4k1W4vvDizASsSIjncqkjGTXqvwV/Z/vJrK08Y+M79J1uf3hCSEFPQGuavNM0TXntND8OWluGeVD
5iQgbQM9q9O+I3ieDwV4Sj8M2l4Gn+zgqFc/LjPP/wBauHMcLTw9qNJ6szVaNaHOlqzW1C00C5uL
rTNJcRqzrGsrycpxjp6VgfGT4YReEfAMPii5j8u+aTygVbAkPGOvqDXj3gzx14jh8X3Gp6lOZBCh
mWPd8vFdp4j/AGlda+N83h74YW0tvLaPfoxAXEqMGA2n16Vhh8LLD1FfVJaml3UpWvsegfDv4k+I
fAfgyTwbLp0a2Opwg3VpJCpSTPf61Q1rXtN0SeE2elW0jZU7JoBnb6DivU/ip8PbG68LWt9pkPk3
em24SaAx/eUd68Yl0szXUb7d7o+ThsgkcYFevGFH6vGLW54ft606rcXsek+BdT/te/MxhVD5WWTJ
whAwACMV69p+nfC/9pbwy3wy1e4ttO8Y2ce7R9UkO0XoxkRN79q8u8PaQNM0ZtUO/AjDZZOhx0Pr
9a1dP8beDPCuiQ61Jah9VR9yyKADGeox3Br5qPNXryhHZaHZRmqcuZ9Tmf8AhBfEfw68SS+H/EOn
yQTQ3BidZFODjjIz1PvWjP8A2tpcwvrDT5W2sgYsuMc/eODXfeIfj3pPxq8C2sfibw79m1rTMCO9
RPmnj6YY45Iq14a+LMvg74R614Ig0S1upNTdQpkh3uue6nGQK81QpYXMHBvVo1bjWRwnjG3n1nxD
p8jsTG672Bzwcd69Z+H+mN4sih8HWTk3F28cdusEfmM30XryTWN8PF8M29hjxF4eW4la2Jt5ZpCr
ROOwI+p4Ndz+zB8UPh98IvjPZfEn4h6k9rp+nXCyTlNoEeORweDXiYvDQniKV3ZtnXg+WpVjCW2x
7r8Mf+CRnxd1O0l8ba/p1vZCCAzW82oybWOOg2jp+NfOfxJ1CTRfEmqeG7+8iM1lM8M0kXONpwcH
FesftDf8FiviN8VfF2v+H/gX43eLwysC29uXtBvlYqA21lrwv4GfD7VPi/8AE2w8MeItcW3uNcut
st7OvEbOx5bnmvRxmCo4dRvJ3vs+p6+Z0sNCcKND4rnlGm+LNR+IfxGvw91JLpGkr5cay8ea/wCH
oa2G8Vz2N2tlcSNHGrksMcbc+vpXZftV/DGf9lv4l6j8Op4LQzWxDma0+5cg8hvyryVfiANRaWD+
xra4c4KygsCg78jrj0rysU6k6nNGNkuh5dam4VuQ6+K7OrlorVwdy7WG0ZBP0rrdS1S28MaRHbRS
l5ZLdRsT7w4xk4rxiz+Lc3g7VGc2kdx5qAJEWOcDvjFY+v8Axg8Q6pcm5julhwcLtBO3J+7VYZVO
fnktCpSnGlypnrl1cTXySb5iiYysYUAHivJ/iZqh+HFhca1Fbq3nSkLsU7Tn0J9PyqonxUuZF8m+
nlkYMFBDYJP4dq7H/hNfC0ngefwz450hLqxv4MRkRqJIJOxz39a9zK6yw1eUHopI5p0PbxTk722O
D/Z38Hy+N/jXpHj2G2dxbgiXABw3/wCvFfTfjttVW0vUmuLV50iJFuVGcgHgjFeOfs1+DPE3gRHv
fh/qEl/5s4JhjGHjXJOSBXb3L6nd+Krq51GXfctKPOSTOWz9O9edjsHWnmUK6fwo3nUjClyTPGfB
cHib4z+LLqx17VXsbe1nKpGyEbsHHAzjFS/ED9jbwx/wkJ1SfWIrgMoPlRucH1Brvdd0ey0e5luL
fO6VjhkGPmPJHFYXhqPUPGHjFNDubmUxBgAGDdz+lfo2AoUJUI4h6t9Dxp1ayquFN8q7nTfC7wJd
/DfwzLpXg3Vtixgsqh9xx/EBnjPvXoHw/wDGkiytY6ldMYXI+Vsfu3PU57VtHSvCPwv8MDUbyVbi
6RNwtlb/AFleKW3xR0nxR4tv/J042LK7E2p6gHHI6V89xJhcJVg4xerXw9vMunHEwfNa/mdn+0v4
Zj0/R5PFkE+1Ism6gtwSGyPvV4R4A1S+1XxSsskwFsV/dAZy31FfQN54hTxL4LuNBupPtEyW7iNm
6lMYKn1Ir578FRxab4/Gix2+9VcldjnO30/DvXwuBwrpU6lKrq0tPQ9ObVSkpxR7XYXaaR4n0rU9
qiOR/Ict2z9asfE7wnfWOrfbPCN61tfaghiVoVI3v2P1rO8d2NxZ6LbXYBdopFdgnRWyOa6T4m6l
JL8ONJ8YaY8iTQOnmEKMhxjBz2rjy3D1MXWpqHdkX5Fc+V9et/HeneJb7Qfiok0s0L9JlIyM9frz
XLeIPD0Xh1h4k0bIicnfEuRtHrX1R8RvFemftBaHCdUsIY9XtbcQy3kUA3yYwAxA/Cvmjx1o2t+E
9B1DT762Ytas3yuh9e1fb4HEuFZ0Zq0o7ry8jeMo1GnA9C+GthqV3oVnr0unuIp8NEWXiTB5r0jx
X4/8JwaTZaQNF8mZsLM6R4VsjGeO9eZan4s1rwr8IvCSR7jJcwF1ixztPcV1l9rUs/gy0TxLoAUS
qDDfoNwHGcHPTFYyqzhzOHwanpzknQ5ZdSjqnxn034ZwT6HdXbNbXgI2Mo5JryzUfi/FJfTQ6Xjb
KT5ePXHFZf7SmjnWdBt/EOmSktaSBWYA81xMTywaRFqS4JVBncoPOPzr2qVPD1IwxEVZvT/gnlUK
LpwkpPc/Sf8A4Jlf8Fcvhf8As9fAHX/hVfRGx8W3M5XTLh24uWcYXqeMHFdb8Df25P2g/hL46u7P
4iMt5qHiu5aTS9RlnDJEh52eowB+tfjUL/UIfibp+vQ8GDUI5BtGSMMCcmv0k+OrXms/Cfwf4ysZ
WSaKCOWF9pOGxnGR615XEND6lVpOO1Rfcz2v7QxFOnGKZ9N+P/G+ra3r9z4h126UzXZ86dVJADHk
49BXid9+0nNour3Ej+JBJEjjZBAQXUL2YHqPftWbN+0DH4y+E0WpW0hF/BAsNzCG5VwuDnuOleBe
P/hNrWqaGfFDpd2mpBvtEEPksySJ1J3D9a8vKadVVZOq9Tz8PKdXENy3Z+p/7Pfxg8GeCfA/hz9r
T4KXUum2l1Oth4l0qWXfiRT8zLnOQdv618c/8F5f2x/B/wC0x8W9Im8KQuiWWmrHMJBy7d8Y+tcP
+xl8WfjBqngS++GOlCSbS7WRrua1IZtjjrz6Enp2r5b+NnjAePfjTqlrdOVSC6aNQWA7162BpYiV
WfO9EetiMQ4wdNdjp/hvPczaEIdjFB83zAc/iar6BeyD4rRWsLkgMCSSOOfzrovAWiWdlo6xRxiT
AOGJJGPTisn4feG726+Llze2URKxt8qKhxnJ4xXsVKcY4Znz0E/atn6F/C65t/id8Gv7D1mbzpo7
cRqJJAckdCBivLPirN/Z/h6bR0t3D224YA5GOKufBDxVrfhvU9Kt109njzi7CEgqD359K6H42eH7
C78Tx3sMgjg1EgXG5QQpHfn6V8XRxEsP7Sklu9DGaUqqcuhW/YN8faq2pHRNRkLRNJkb8DjOe1e9
ftD+ETJ4dl1u3uHAZd6bR/F/SvCvg/ZeFvBus79AvRNIoaSRtuQ2O/HQV9Nrd2XxD+Fct3bxKHa3
O5M5xXv0qzxOGlD0CpCNOsmj5F/Zi+Lun+MPilqfhjxVfPJPAjmJGHQhsYr9BP2Qdj6BrkEhQRkL
5RLZ5I7+lfl/8BPg/PZ/th6/rthqTLbRyyF4XPA+b9DX3/8ACr4y6J8K9J1IX8jLJNCPJT+GRscA
n6138kMBjsPUqy011PWVSNOtH0PpvwdqNjDOlpbhJJJOpIPzEegr0fTLC5urmLThbf63au5u+a+Z
f2HPijP8ZPi1JLr7i1iTJgtx35Ffddn4LgbUk1C2kDBEBVdmPxr6jA5xSxcZcivFdT3sDFTpJkNn
8P8ARpbeOK+sI2kA5cL29/Wua+I37PXhbxjoU/h4Wey3uwUuEVcBgT6V3T3Dx3yi3fIXIbByK0Li
5tUtfP8AM6/dGcHgc1nU9lVbZ6Cc4ytY8qT9nDwP4a+FP/CB6PpFu1paqWgBQgxtjqD1/Cvk3Vf2
B/iPrnjC91C4uVgssu1kCmSV6hfavuvT/EFnc6gbMSiU8jYW6ZPStcQ25yssSIpBABXrj+VeJjcq
wmZ0fZt2j5BXowqaVIn5ofDSXVP2dPi/Fo3iCCZLedtjhR9456/SvefiN8V9Q1yxXw18PrJ7jVbs
YQomRAh/jYj0pP8Agod8Fri7soPiBpOnnz7J/MZlGcgEHmsz9iv4jWniR7/V5PD/AJMKRrHdXT5x
uA5AOOleJk9StlOIlgW/dvp5I86hRdOpKn9jofN6/BzxX4Z+Pmt+HPFGqT6hcatpLTeYykhnyThf
QV5z8J9TvtH+Nun6NdgxywXrxKgIBA/Kv1Quvh58KfirqH/CQ2lham9hj2fa4cEr6jj1r82/2mvh
3/wpz9rxIYndYJ5/Pj+U4Yk84Ir6OpR5Y+1pvTmRy5lhadCkqkd0zO/alvP7b8bHw1HMrqjE/MuC
Mjnmvh79sf4iXLXf/CEaHqbKFISd+hI6foc19ceLri88XePdV1KLewiidkwN2SPTPNfDWq/s8+OP
iJ8Xb/xZ4qE8Fst+xSB0Kq2D1pTk5VpSp/M8TCznWrVKz2R1/wCzD8PZLe8SSBcxpGHeZsZLYyTX
1B4KFrpug313IPniiOw7s5FZHgTwRpXgrwNFa2MI8ySLlyOVAxzmk8RJdWOjraQAhr1tvTJKkc/S
vExjcsRyv5nn15RlWuj5ouPA998bvjPeSShzptncHzZn+6eew7jivTNE8UaNoviaLwLoMKxxQDHy
nG45wfpV74mxad8HfCNxaaJbk3l2rPM8RA9OfUfSvFP2dde1DxL8U5r+5aQSeZyx6jkd/SvLqQeI
TqbRW3mbVZN0uyOE/bgNzY+OkDQ7MnKtwPlP1+n611P7KnhO9u9MbxXeq4tbe2ZvMJyBgcHis79v
a0afxhZqz8M4UBF+77e9e2fC7wrN4P8A2UpI4LPE9zaMImWPk7hjP1r0/acuDhbdmkJKNGJ+enxe
t/8AhbP7QuteKtdnK6Rp1y371mypw3Cj619V/sN31v8AEnxRC2n2oGm2ClYkK4PA6jFeE/GH4LeK
nm/4Rrw7BhZJS9/MVxuYnOT6V9Zf8E6PhrYeBfCk0EEq3E4OJJNuQOAcV6me4qNLKGou9kkdlbEf
uJOXRWSPV/2oPEp8OfCOWw3sv2thHC7vjA5JHv0ryf4LWVl4J+H934y1EhmaGRlY4UDI4Oetem/t
K/DHV/ibc6ZZqsqaXbOJJ2VsKfYD15Neb/tH63pXg74W22jWESQiUeXHv43oOoxXxeClH2EKMd5P
U5Yzbpq3U+W/Gt0PFXxHlvLVZHF1cAkKwJLfWvdbHS5NI0KGy0+YEwWynG3ndt6HPGa8f+F9iup+
OUuLaINHDIWfByAPavY7jWRbWE/nyjMj/PgAnpX02LSniaeFXTcJycY3uZ3inSb34keCtOu9T1Hy
L7S7kQzzgDhCeCa9Q+Hemar8KfAOo51QXYmg/dXCkgsp5Ix0zXk/w6vLDxJ4muvC8V06w6hBjPlb
grc4b869s0TwKw+GMvhTV9WKSqhBnfJIXpkenGK5MTUWG/ddL/gTQipWi+5+Yv7W/j+98efF+8ln
nZordzHGD19zXqf/AATG8a/FXw18RrjRfBMTizvwBcOR8gbb6mu8+KPwh/ZU+H2vPrfixZL64aRm
eOVQFOO4BrT+B/7VPw30Px9pXhLwB4KttPt7m6WEzRhR8rcZ6c19BjMdSr5M6NKDtY+npYmFKKgj
62+CX7Nd9ovxf1Dx/wCJ5Yo21BRMot3yC/fIGMZ9a9B+PrJdaPJBAqJHEBuAbljn161f8R+HfC3w
ogtfFtp4gknl1G0WQrK5Kw8DIx+NcX4t8RS+L9Le8RmKFgFKsMH3HrX5LmM5rFxm/I8bMKsq9X3T
zvWfhd8NviVo0F43iaWDxRoswlh01g37+PP8PbjIr65/ZdvUl8GRWkrMGKqjCQdwOQM9K+SfjN8I
fFfw38R+HvimivHayiNkuFXoD1BP4V9t/Au50vV/CNt4h0oLuuIVJj35UtgZOB3qeK8LL+z6al8V
rnZRlOnFQqLQ8q/bL8JWV/4VumW3B+TKv93J/HrX5aw6ZNp/x1j0y3vnhkW6yu18A/N3r9gP2k9J
h1DwhdEKMvCeMccHt6GvyF+O3hzxX4c+PCeJ006V7SG6LSTIDjAboPU17HANRzwUoPsa4WXLXk0f
W/jn4ea38RPCtlp17rH+iwwAS+WxwRjt60/4WfDP4cfDGz+0J4Ygndj/AMtUHzcdSTms/wCH3x20
TxJ4SjstPgdSYVUvIwLFvpTrPxGbZ57ZJ2E6ysyK4wSPTj8/xr7HBYWvVWrsr7HDmnEDwcXGjv1Z
1ssvhbUGnFr4Xs7djgKqQ889Tmu28K32h+GrD+3LuPyVghAR0evBF8Y63PqRkJZJcqgUA5Jz6ele
2634av8AVvh5pelRgrPdTI10PLIG3PORTxsnh5xb2R83Tx2KxNOXtJXvsd14bW71u5k8W2sq3Mlw
n+jkRjcox+tc3PZ3er6tPfajZTQt5pUpKvTHGR9a04/EH/CD6LaWlgSgDhImReAQORT7/wAe6lf6
DeeXpoe4X59zR9WA5xx3FeXw7Gpi8dVxc38Wiv5Hp4DMY5fUTmrkGl6BGskUbWzfI+Q2TwK6W80U
x2uTESVGGXzMZP0AGK5f4f8AxI0/WXSw1m08mdVAdhHgZz6Hp0r0a4tbe9tftAuQy5HzB+CO9fV+
1Up8qPrKeY0MVZ05fI8M/ag8d2nhPw1bWUFv5huHHnpnBQdzjpivJvBM6XlyL6eySaN2BXDk5B9M
V2Pxe/4ul4i1PTLOQFLVNkTn5gr59a84+GFvqPhHUp7zWboLBp6sZjkD5h0zntXwOdKOaYuUnvHT
7j57HYiTrtxPbL7VNH0i1h062uCgAG4t1BOPy+teo+FNYubjQEuLlwQFwHYZK56A/h3r5AtfFWs+
J9eXV7HUd5e4/eW/3gVz29RX1R4Z0W//AOEEtrqQhmVA7KRgk46CuDLatTL6rnJ+51R5uK5pwjBb
vct/GrQofHXw5OhveBWeQESovK/iK4n4cweHvhJoj6Fo1jALidgXu5OWPHPOa75viX4D8JeH/tvi
6IQGGE+WrEbXwO/rzXn3wU8Iap+0x8TX8TwaS9h4eSUndswH285HoDWeIxWK4hxN1eNGKOmPPh6C
ipXOt+Fug+O/H3iV9dk1CSw0S2JZ5wvM3P3RXrWk+MdDTxppvhgIq2pugqiOQDGcDn6+1ZXxX8Ux
eAtGHhbwdp0cjxrtiihwvzYxuPqKwf2f/gL8cNZ8b6X8RPFiwtp63ivIm88rnI9iK9rIsDLFYpRo
r3E/+HCm6kqyUFc+w/H3hOy8SfBjVvB1tAGFzp0iKq4xkrnH1+tfnz/wSA8QWngv9q/xB8JdbYwt
PcSRReYvAZHb06Gv0s0KH7Rm3uosrjgkcHj27cd6/Kb9rfTPEn7Gv/BQiP4meHYWW1vtQ+1wkDap
y2SMjtzjFfoedR9h7PERWkND7DT3ZPoj23/gov4oGnfG++8BWkshWQwu2MYzzwRX2V+wB4Tt9F+B
diktvsluFEpYn7w+vrX5p638QtS/aA/aJPjDVY9st0UZQSRtGOCfUZr9f/gB4VtdF+F2hwWzcpYx
4ZU5yV5r5rI5LMOIqld7RTS+ZwZc5VMXKo9zE8c+I4PAvxE0LWdVmEcMTO3mEcAbc8n8K+Qtb+IW
m/tH/trXHi/QJUlsLS5W3Qu/UDAcggexr1//AIKP/EBdB0BdB0LVYDfG1cSAPhk+Xjkd+a+Ov2Uv
H8Xwktv7c123ee8+0vIUQHfk889+9cXEWNqOp9XWsVJN/I4syxMIYqUOh9eXfiKX4dftKx6l4bj/
ANEmmSOYKSQ2cBv1NfS2q39tEq3SMzLIpYKOc5r4P+F3jnWviR4tn8Yx6fPGsVyspaQklMn0r631
vxe6aBBdrdxyO1uCzMCM/lXfwJi61aWJp3XLdtI2w9ayskZnxU8b3OjaRcWts67VQjgkk8V+LX/B
UXSNf+KHjmPSNMmae4u7jasQJ+ck8H27V+nvxu8dXbaTcW8E67C3GGz27Yr5D0b4IW3jD4rXPxH8
abVstMQvF5kXDv1zzX22bYmFHDc0nZI4cRW5anNLU+dP2VPgppX7NXw91S7+M8Jt3CGe08zlZn6g
c96+dNP/AGp/jX8Kfjle/ErwhqM/9m3V+X+yb8q6bsgY+lfUf7a/xV+Fmp+JrTQPGVzfy6fbkBrH
THCsTkd66X4Bfs2f8E8P2mtOh8O6R471/wAKa1MAudVtVktw57llHyjPrXwuGxmF554ib32b0X3m
FG1eTckfSH7Kn7Xug/GD4eW3iDUdNgju5IwZ1eEZOBzz1rqvEHibwrfFp76BYopMkKW+U+leT+Av
+CdXjP8AZdvJ9Tn8VR654Zmc/ZtS007oQPUkE4PTrXU3974VcLbNfxSMONjPuwBwK4MXxjg8NXVC
cJTn5K6fzPOxWEnCo3zWRz/xf+Efw7+IWlvFCn2dz1kVf14Pf+lZPh7w1ofgPwnBoekRho4AQ0gH
LdiPzzXX3njJvDojt5dH026huU/1M0PK/iORXofwo8Qfsja1GNJ+NfgfU9MN0Nq6hpN9vWH/AGij
DpXB7enm2I5YQdPumTSpzceVyVj5jtfC6+MPFP8AwkurWhZbebbbR7eBz1684/Wtvx7fahp/h+Ua
RaSs5U75AnCj86+2/GH/AATZ8BeKfBZ+IH7HnxUg8S26R+ZPpZdTN0zwFPX2Ir5A8deLU8B63ceD
PFnhm407VLeQpLb38Bjc+uAwGa6M1xE8npRb1j5G/wDZ9X2lpbdGfNPgbTdfh+JX/CYzwTA+blJX
yCB6/pXsP7FXiMal8RfEOovKS0spJ8zILZJyD2rM8UeLbgX9jY6RoccdvPMQzowJBwfSug/Y68Oi
y8X61qdxYgiSfGAME4J9a8PNc3w+IwNV0735S6NOdGtzeqOm8A/DDwz8RviN498DanbomovHJc6R
MWIIdUDFffPNfOOj/BDxvbarq4sdDmkYTMpXYR0J496+0PAvhrSvD/7TkfiCa8ii8+4WPzGfhg64
7elJ+0D448F/Abx3qWlrZRvPLI7RBMfODzkCu/LKFP2yliqvLGUU18kb4ypTqYCKowu4uzZ+Z/i/
w5dW/iw6TrNs9rcJLuCben415t8fdQ1DSbqCwFzko4LMB2x7cV9EftFeMvBfibx42vzYt5GXKqcD
Jx+tcJr/AMJPCfxVtzapIfO2hopAQS2RwK9zDY2gsTC0m09jkSUaSdrHnnwO+G118U/iRo/h61Am
NxeIJSSfkTIzz/Sv0H8b2Vr4ffTfB2hW6raaTarDCFHCvj5v1zXm37C/7NEvwU0/U/ib4phWSSNG
j093TpkHpnv0r1OwH9vvLcXsSkSuWYsvKg/X+favBz3G+1xs2/hjovUwrTbUKcPUydd8U23gHwlP
fN5Yd1wrnqxxzx2rxjwlqS6/4kXWLuXZ503DE/dX3NbX7WOuQi2tPDOnSu5tU/eDduY+gJ9aufsS
/syfE39ofxbHpmj2LJGpLIxGFcqucCuTJPaYWjKtLd7HWqSr2jDc9x8M6Zpl/Zw32oMUgihypZRy
eMdK7C2u0gsBDBCqgoQGLEjB9j3ry39pbSPiD8H/ABJD4I1nQ7qzMM6xs0iMqkDAznvXd6D4kWPS
bG2iALMgVj+RzzXe5VsTJyqfcYV4ypScNn1OQ+NlvL4R0ku8w23DcOEPzD+leR/EfSnk8MrqsUbM
jRAnByFbHrXr3x5uYr6ytZb+ZWIl+WIAMBjP+Nc74bsdM1XRJdPniEtvKpVS6dM9x2rkqSlg8VCr
uzKEudWPzt8dP/b3iue2gDKUkICtIcE5PFed+JBfDUl0xlZed3BHPPTpX158R/2Utb034mySeE9O
mvoJ33rJDFldxzxnpVnwr+wRrniDxxBrHia38q2j2u8QGfz/AMK/QFmuDhg/rU+23melCrBWpmr/
AME2/wBi3Rddu4/iv8UoFS1tCJLVZh98jkYr66+KXx88KeE7OSz8PWLu8a4jQKoA2jAHHsOtZPg3
wqunWVh4UkkOnWEJWMBFCjPTJIr03xn+zz8ANB+Hl54z1XxdbT3qwFoohOpJbHXGelfBUqeLzbGS
rYqfLDt5FYiu5RstEj5J134v61431OOxEDQM0ufLwAQvcmuu1CyGreHkmVystt88hGSWUd68x0PT
o9Y+JEg0wv8AZ2ucbli4xnpmvXbqTTNJu49JN1GIbiMwuwOQO2fzrlr0qUarjTfurZdTgtKWh4zp
XiHxJN46ltre5kl82fiJ14xnHSvU/BfwR8ew+MRql9fR29mh8xkY4L9xge1T/DzwToPh7xNLe3Nu
oS3DMZn+uQRmuk1L4zW9/rD2mkLI8bKRJORgcfQf/rr6d4+Sw69kmla2pxSoQhL3tzuPgZNpEXiP
UWv7O3ke2mVhK5G4Gu/8b/tP+JbB4vDfhKxKpJJs+1ZDba+Uru61+dp30nUHhaWVjuU4bHvzXoX7
Jfw38f8AxE8dqlxby3CWimTE5Jzjvz0q6eJrUsqlUbW1vmVh1KrXUIo9g+I/jPxDB4LlsWlkuZr9
QH3t82TjoO1avwr8I6J4N8KLqmsSRCVog8gdTuH+fSqGr+G77W/Fv9jwOWWzmCzM3QuPc13N78NN
Mv8AwfNP4j8awQxJgybXw23pgE9eK+SynIswxcZVuWzk+p9FGpRoT/fatbI+cPj1+2vd+A72dPhm
GN6pZUeKPcWY9gO2TXF/Dvx1+03+0AHl+JFteJp5yS92oiAOc8k9RivYfiFq/gD9n/SJ/EHwj+Av
9t3aoSNY1CFZFU9dwGDnmvmuT9p747ftBeNGGuiXzEfZBp1nb7EiX/dUDNfW08KsrlyKTcnbpoRj
8yrY6mo20XQ98+DeoaP8M/GpsG8Qxu04KpaRLnI+p61o/GPw6+ja0uqeC9KtrRdRBeeZUHLZ5JJH
H4V5jqvga0+G0Vv8U/jJ4l+wzRlWsrIPh5Tgep/SvZ7+90v4u/BxNY0cJKrW4kiCZBUjkAmvUqUl
iMP+8330PC5Z09jyTVfEvhCArpPiGb7Y0J3SFn4LD6V3Hg3x7f2GjCXTomjtpAPLDuQcdRwc1832
ek6xqHxEmvr7LJFMwETdODXsXh65nlGy5dSYlAZRIAB7da+QxeJoxblF7dTqoyqwPnvxD+x1a+PL
m50bxp4kj0u3EgaMhtzsfYHtTtA/Yp+GHgOznPhDx5PJdvCyul9HhQenG3tXrHjnTL3xPokx06Qw
3qnMMxUgscdCfWvEoPEOueGo5oNYjkF2suGcudwOemT1r9CwmJw1eh7PaV7NdQliq6iux5L8S/hn
P4G1WSz+IFwPs0sp8m4glIVge49az4vgtHf2n9r+C7W9vMYKxCMlXBHXIxxXuHiWPw/8S9M+yeNb
EXEVttmUS/ejb29qmufG0enQW8eirHZWdkirFDD8vmgdyF6fjXp4rHVaFSNGCvcVGnQqw9q9zzn4
UeAtQ0XVZJvEOnPbyWsWQk6ZIGK4P4p+I9RufG9wl4zvDDGSqq3qP8mvorVfEcPiKx/tVLRtqxqh
3LksDwSTXDftN/D3wjomladrXhuPdNJFidyuTkj1xXj4anUq4mrUnrylc0Jv3VofPfhS9abxBqEM
zAp9iYO3Q4rj9FOpaJ4lm1LwuWFxbOJISO2DnIP4V7F4btNA0PQLu88QaE0rqrOZMFXZSeRjFeY6
Fq0Fl4mu9R8MaeTG8pWKFxvwCTgV6lCadOcmjSmnG6aPvH9mr46aZ8afBtnca8yR3qwrDqVrMuGK
gYzz19a2PCHhjwg3xAu7PRdCFzBGxHm3S4Uc84zXhvww8EeI9Vt9P8Uaasun3TRBSVBWN88YbjFf
RXwp0VbGAS6p4nhlnjBLwxSYLEccnvXJi5fU8NKrL1R5vsVGu2tiH4mW9hpOnvp8TrFGWAUL93GO
cYryS/vtDEoW6klljyVVMd+gOa7H456zFPqEdrZkgqpIQHtnv+Fedx26yFYY1J5+Rt2c18JTxmJp
xc1vc2jTh1Ox8MSaLfWZntJmjaEgSRebljn09a7DRvEVl4U3X1xEuTwVfkj3rzTTbKey3Xgn/wBW
mPLkI7n3710kjDU9Ijle4Tcg3Bw2DjOODWEswlPFRqyW36FKhyJ2e56N4g8VaHN4THiTQL+KXMB8
xoSG2nByD6fSvNfhZ4/8LeOJb3R/HVlcz21wrQRNaEMyu3CtjuARmmeBNA0Szk1iysrmRY7yIySQ
swwGI7VB+zbbad4X1LVZdWiQRi5JXfF93nrkV6EatDFVlO1mmvxNqCjhnp3Oo8I+GtE8PeIX8LaW
iyR2se64dovvE9PxxWv49v8AVtNvrFfCWurYXwuUFvch9nkHIwc9sVr+HfCfgbTZ7vxR4R1ie6lv
ZAbhplAw3+ziuX+Iy6bqNubfWtPlljkkOPKkKSRnpkcZP0rjxE3ic3cX8J1uq54lSe6JP2mNO+Jt
zfW+pfFHxAdWuntVWLVFkDCbA4ww69R1rwq0uha30jPfS/KSybD/AB9gR6fzr1WW18Uaj4Uk0ma4
upo7UfKl1yCvY4J64rwHUvEHh+08Xy6JqPiGG2JfawLg456gV218vhUqcsNTJqtOo5S1/Ql1/wAY
Xr6nJdI5jcApgjOPx9PpWNb+Kb65vBBK025l+VYosqzdjXr2lfsqReOjbaroPjSK7smKiaDbtkwP
QGqnxG+Cs3wjgeO2sjdecR9mmSIlgT2GP6VVGOEi/Z31I5lLYwvAHhdfNmutVuFW6Qh0gJxuJ/z0
rQuNLTWNbi0nWrqa3t2lw7QgkquMCuf8LfDP40+MdUS80Xw/eR7GBLTIVBHc17N4b+Cvi23skvPi
AyosShomCEljnjJrsp5fVqaqOpE6nsXuenfs++FdC/Z8ml8YrrH9pyXVp/osbgcg/wCye/FcZrHi
v7T45bVNi+VPIS6AZJPUKCPeuh8O/CrSvGCpe6r8Sxaywx5itUnCAKPTn+lc78S/Aug/Di0hudP8
cW1+7ShpIBMGdcnrwcj8K9LFYDmwy923L/TOH2zk+ZvUm1PWdOtFOoT2BbzGwE6hT6+1eK/Fb9o5
/h/qc9h4Ut40vJGy0nAMY7HmvTvFFqLDQRqH2wPFcxeZEV9e4z6+1fG/xj1NZ/E15FPcOZWLrGXY
knrgU8sr1PYOh9pPT0LhQnXqKTPfvhb+1mPFyJovja6BlDEQzMcZ+p/Ot7UNAutc1m48XeF5Inks
wryxl+Xhz8xxXxZ8P9Z+0yPp93dulxENsTF8fNnoK+hP2Wvixr+p/EP/AIVvrjl55IWjUMpzJGQO
Oa5cflc6SlUTv3PSUFTvBntnhjxOWvo3spwzKyvtHC89c560yTwlBF8T7ae0tP3l4GdAh656gYqn
4W8MX+japd6fcNgW9wQpYbl29sfyrqvDJuL74g6JNCrObW8Ctn5doxn8a+Ur0KkG2t7fgYJ2lyrY
3vFd0/hyz82501LgQx7XgulOCvcex961PCS+F/iZ4QufDVnvhhvLfC2kpy8TD7pU9wD+PFQ/FUjU
Y9Qc3DklnKFTk459a8E1D4mat4AvNFa1upoBBPlmXIJQt+teVlGHqzqqNN+8ndFVF7l2SpaeLPhX
48vNJ1hHKW0hDhiSrJng4/Kux1fQND+JWlpd2SI73MezOMhs8EH6ZrqPHV9pPxF03TvF0unobwQZ
kmCgpcREdz/eHFed/CC5vYPF9z4feOT7N9p/cKB2z1Hoa+qzhfXMHDGUP4kdJJeXcjDxdOV0zqvG
3wi8N6Ro+iah4mvhGukWZFrEDhc+4NeX/Ej4xadZ+GZILEo9vEzKFc9D6ivcv2lPh/qviXwpFqVt
qJgjtoMFFOd31zXzJ8SfCVhF8Prmzsbd5LpYWPC87vUV62RRo43JYuVne9zRynVxUY30RNpbaP8A
EDwr9nLc3KFSu7PI7fWvO/iH4av/AAxpC2k8TLGCShK/dwOMH1r0v9gr4OeLPiPJLrWvRSwaRZSs
z+Zkebj+ED8K+mPGnwo+Dnxp8LS6beeHI4DZboAsICN8vGTgcmvNlXo5VieWU04JnRGajNqR+Xev
Xd5o90t5bqSWYsx28Z/Cv0m+G+v2Xj39kbwxdy3sS3EKRkrJJ6Hn/wDVXm0//BPjwXr9zbx6Nr0m
xZFMkMgzmPPXPWvoD/hVXhDwv8LZvAehRQD7HY4t1Uc7hyW6V5/E2eYTH0qVKlq09+yOity+zVnq
eXeFPDvhM+PBpupeKk06z1ptqLOhETTdvm6DJr22/wDhzp2m+Cbjw/qlmj3VvA8a3CDI2kHBUj1N
edeFf2fdc+LHw3mubGGNPITzY5ncZDLnG3njpWx8APHGp3umXfgLxdK51CwcxRtMSTIgHUE9QK8e
hjFUhy31i7eqMGpRXNsZ/wCzbPL8KVOr2sJTFw8N4Il4kjYkHcDxnpXhPxn/AGP/AB2/7Sd/P4Z0
d3067mFxDcj5lIY7uCK+oLLSbM2urpLGUhViwJ4Pvx3rqNK+IVsfhnFqcenxSX9gfIO9eQnYmvof
r0cFU55/DJfkTQr1ZcylueGaP8GYvB1itl4ofa+3gnIH04rqPh9P8IvAcz399Ywi4JG+R14I6giu
lg0rxd8V7WfUINAZhCh+0MMkKoPBwOleReM9Gn1TXJfDcCnzEJyy5HfGK1o5/l1W3uv1sc1Sjief
mjsegeJ/iRc6jrcOq+BIEYFdq7SBgj0FdN4v1WbXvg7L4mv5lF5YLvnj3ZIwPbpXh2gy61o2qR6f
BMUaFwCG74OCM+prvU8fadFeTfD7X5o4/wC2rV4YxIw2mTb09zXJjKUYVISTvdszjN81upwf7OP7
Sun+K9S8XRWkJkGk6TIwYtgZCk9jx0r6a/4JhftJyfGf4e6jBrRKNDcywpFuAwBX53/s7R3fgDWP
ivphhKNa2U6SbIzyMNg+pFfTP/BJ7xjpcfw9uNY04mP/AE0ifY+CWz/EK9XMaNLL8NOtT+G6/JHf
Xiqjnddj1TxL4C1nwJ+0Br+v6aJEtdSlLhsHgZ/z0rvviFqUFr4QtnmvQr7EBbB+UE9TXqHxE8G6
X4x+Gkniawhje6tpA054Lsue1eVeLfCviPxhpFvoWn6bJdBmCM8S/dPbPavm88+uYqvQ9k7ohTSq
Lm6H13+zb8NtN8B/DzRPitouoZuWRZHZWzn2Ir7i+GvxJg8W+EodShuUV/L+c7uh9K/NP4Map4h+
D/wjk0b4k/EKxt4YiUgsHlzL6gDJ616X8Dv2vLbwZphsr+/kktp3Cq5m4QEnHevYwNTF5XH94rJr
8T6jB4rCyUYJn2j/AMLH0WLWJ7R71UlRxlVYDHbmr/ijxxBpXhefUreMOqxHcfw618MeKP2grkeL
5dfsNTkaCXGwB/vewz1r1n4T/tX+CvG/gq50PWLhYLxImz5kg+cdBxng04ZzWcnF7H0tGjQq1E4u
7ND4F/Hz+0vi1c6ZqtyPKuJCYcj7hzX1LJd2c8IvopdwIBGBwD61+TUvxK13R/jkx0O8lSKO53q6
SHaPmx16V98fDD426fN4Mil1jUCsixYbfL94j05qcpzepSUqdR31ujbH0OZ80ehsftb+KraH4N6r
FDskma1ICsoJB2/Svh/9nT9obT/BHgvWfBl5bD7ZdTMIUQEZLetfUXi/xDb+OtYTSLq6Bsbtishk
kyM56da+fPiP+yddaB8Vxd+HpCLO4zIwVMj6CsMV7TE472sGr2PHrUm0pQO4/ZZ+N9x8Obq80/xb
eSD+0rofZo8k7Segry7/AIKbWYn8UaH4/gGJW3K5GQfbpXbeKfAUOn+CJr3So1F5p7LcCRjtbcnb
gda8O/bK+PMXxP0nRdLtiFdIh5qg8RyDrnJzX0kH9Qyx06j+JXV+54OZ4mMsPJM5/wCA+iSas2oa
5cQFml3/ALxhwPY+nX9K8v8AivbyHx4un6PpWbZZmaQoCBn3/GvYfh34gs/CPwklgghDXd1uUIqY
kBJ7nriuNk0Z9Nt5NR1Fy8k8g82RwcKM9q1i3Sy5Rv70tWeDOtCjhFTT3MyyN09j5jo424GFbjb9
K2ns9Kjsra91Xy12sNpcZ574qvcpZyqkVrKCzjlvauG/aX8ff8IP4Xtn+04LyqFVnwD06Z6185OM
pVnGO553K1K6PnH9uP4p+JNC8VRPoUi7I1yVxkMDmud/Yk8Q3HinxzNfTRnzjywjjOCO59K539sz
Vr+8mtNRjwVYA7ck/hWx/wAE8dXs73xfNCsRjcHLEDvgdBXdPDwWVc0FtudUoy+q8x2v7U/hu58T
/GPRtJghBd7hSUVRjGRXsnxl1Sy+FHwMghYrG6QqqJnOSfapD4Q0/X/jNFrMsEbva4HKg/Nnp6Cv
Hf8Agqr438XeFfD1roujWDiF0G9jnCAnPaowlJ13Sh2M4tycYI+fvEXjTVte1N459WiiSZiRCp55
PevsP9i3RB4d8BIQPNEz7s7up4GD7V+aXw203xv8QPGUOk2D3ElxPcDadxOBnrzxX6wfAPwFd/Dn
wNpug37+bMkYMwKdDx+fFcnE6jSoqhzavWx2YjlhDXdnReM7u81GaPSJJFihjU5C8++M18P/APBQ
f4irpuox2EMwaK0XaCjYwcY59q+1/GZOlxT6m7qqHcIsngn0+tfFv7S/we0Dxt4hlh8VazsLkuuT
jk/Q15HC8YSx0qsvhjohUINxSOI/ZbuxrOgz+ISdu/MceB1PtXe2eo2ms6hMrsCkfG09PSl+HXw3
0/wR4Rg8OaHFHETE0jMHOW9PSqGhWEmj3Rj1AKsrysclsDrmvoKdWOIzKdWGvQ6VQUm21ZLub+g/
Ef4efD/xDZtOkTXc86JhR0yQMY9K9A/aV8feIPBfgj/hK/BqqJNyuEPKuvHHsOa+dfjF8OBqWqWn
jCzuFie2uFaWNMgDBHQ/5619AfFewbxF+zYs7SiQ/wBnhlZMjO3HH1rPMcP7PFUpS67nHiakHUh7
N6LQ8k8f6l8Ov2gPBFtN8RILXR9RjXJuIDu47jitn9kX9k79n/WvFkPiHS9bu9Qn0xjJ907cr69h
ivlcX3iPW9Sj0ixDhmm8uNcEFhnHNffH7Png2y/Z/wDgIdS1a0/0+8gaa5LnB213ZlXeXYPkjvLS
x01faNKTmdp8WP2ifhVol3J4a8Z64I1kjEEEYDEjoBjFaGknSZPD0EOjyyPavBlJJF7/AI818T+I
tbn+Mnxe/tD7FItvHc/umJypAI6elfb3wg0QeJPD6WW51zHsATP7s4/U18rmWGjCFCkldvVnLUkq
dPmT1PS/BmqeDPjr4Gl+EWuXe9dOTdFKSA4I7DPPevU/gN4e074d6F/wjmn6rdXFuFBRZocMPUZ+
nevh7SPEV58LPi7fae9zNHKZ9rln2egBr7M+B/iaXUNPg/tCf58cyKRkggc8da24spwlkv8AeS0/
UxwWOxdXEck3ojsfiLYWOs6JdWN9EWilQeX8uNp781+bX7f2jN4G1BNO0yyZIJZCBL5WQ2fwr9Nf
EcUV3Y4dUYrgAnjPtg96+aP2ovgJYfFTSTomoX9vbrLIz2ks74YH+6eOlfPcEVKaTjKVj0cTVqUa
t09z5G+GFjZ+F/h/F4i1i3UyiIraxxdZXx1x+Iqx8OdTvNYvZ73UDJHtlLM0mQQD2r1L4d/s+eJ7
DxrZaNq2hXDW+iW5nnZ1DwyAA7W44IrjPD2i6x4p8a6xNKsdlZSXrGNMhRtz1Ffov1itWxqhBaR7
Hj1aV8HKbfvPY6DRNWk8deKtK8NR6TbTLbS/PfIu19oPRsda99vp4tOtkt0ZWaEBUJz+ma5H4R/D
7QNHifV9PZZ3QbQ5OPmPWtPxLLdX2uS6daSeW0EWVdudjEZANcOeRq1fcXxNpGFNykuVq7Ria18S
byTxXb6DYwo9tC5+0MFGc49+oFb3w58b6iuuNfXnlPZxXG2RJIspIuOntXB+F/g78UG8WprU8Mkx
uHcQuikDLdB6V2Fz4a1j4XaFPo3iab9/KVkVhxznPHr7172Cw0MPTVOCtypB9XxMffqKyO4+IPgT
SEjj8aeCbJTbXPMkIP8Aq29v14rltY8Za14O8IXeoNceUscLjayfxY4xU+mfFu+u9FGkvEkahPvJ
xx2zXlv7Uvxa+weEbHSUtvLjuHHmSqvyjnnnvmubH8kac5wfvJMrD1p+10Z5/omsasZbjV4714mn
kLEx5IYnsR+NZnxV8Rr4f0eGwktpb43swN4YYsMqEdKr+EfGV3egx2sCNGr4BIxn1rrvCehLrcJm
1ewRk35HmJlXIPQZ6fhXwKrLCSdST95nqzg5yuaXwV+F0cmp2/iSaJY7RFU28JJViTjGa9x8ca//
AGF4fxD1UbVG7IDfh1rhfCmpwWt5Bp6xY3HBC8jHGAPSq3x+13V5dNh0Pw8Qbq4k2BVGWHHOPesa
PtcxnKVRWTOetLlmorch0rw1rX7SHjy08H6lM32OE5kjterZPOSOgr6l8V+Ivh1+y58IWsNNZLWK
3jG2M43SMBjGep5ri/2YfAFj+zx8M5PGviplN9dwebNPOfmVcZIyf8a+a/2gPjFeftDfEaSz0m7l
j0Sw3b3zlZG6jHNbVcSo03Qp2VNde51q80okqfFrxV8Y/inZ3/iK/wDsWnz3atEkbbQFLj7x7cV+
sHwo0HQLPwXYf2VcwyQxWibZIJMpwOeRweK/F/SLzz9cn8iTy0gXbGvoAe9fUn7Kn7aet/Au+i0j
Xp5bzQrtts8G7d5ZHdecdO1e1w5xFQyfFRpVvgmvmj1MHXp0pJNH6T2ckVoxcFtrN8pxgMPWvjr/
AILd/Bmw8WfA7Tfi/oNkJLrQZWMrxD5gpxycdhivX/hL+2Z8MfjLqp8NaAk1rcLnykmIxIvGMe4J
6Vhf8FIfEEVl+yF4mTUUDmazKEAEADbycV+lV8ZgczwMnSlzRt08j2+anUpNxPzl/Zs8Qf2xdWfi
CTVf3qwFAucncvIFfrZ+x78fo7j9muTx3481UW8elI0STyuBlVHH1r8MP2XPH86WzwrqXFvc52H+
Iei+lfXFr4x+MPij4fQeCrfUbiLw/M/mJFCxxKT2OK+CwmLhkrq1Hv0SPnni5YLEtx6nqfjj4j6z
+0z431vVNLuGeKa6ZIN68bBnkDt25rI0bR4vBjPb29lG9yww7OhPzZxXd/s3+A9P8A/D7VPFXiqF
LdorCQxh12kORgH8f6VxHw+mHjPxytlfyvNDLMeFJz16ACvjc7q4v2VOctJVPvMaVKEpuT1k2fSn
7G/gK51XwprGuX8CBRBtjjbgscEkg10Nz4gW78JyQyuEe1BRcElgAa3/AIaz2fgvwOmjiRISFy4I
65B4NeZeM9QeytNRK3EWfMLgoOAD24r7vLcNHh3C4avN2T+J/iepXtSim+x5f8Q9avrzVZYZriUo
HOEzwfQDFcL8afEs/hLwCLUR7p77IRQO2OR9a0PH3jF/DEy6rraeZJdOI7KEScnJ+9zXlX7dXxqs
PhL4a8P+LL3TBcMwDhdg2k554P8AOvNzbPKue11Sov3L6W6nz9SUqlT1PFfB37LWtfHL4iTXet6h
HCXUusdy5XOO2a9r+BkXiv8AZo8ZXej6H4J0pvL+U6hdWwl4HoTXkfw//b/8MeOtWtra2tY7S5O0
FUAQkd/rX1L4K+L3gbxRZCLWLKC4eSP94WZSQTxk4rinSqVaiw+JdodFt63Ol1I0aVktTmNT/wCC
mUXgbxVJbeINfhu9OuojBqmkLCEilU9SAeAff2rwXxV+1r8M5PipNbfDfVJJNMvLndbJL99CwyU/
A8V7Z8Wf2cPgP44Z9Wl0OzR5F+ZflG4+vArwrWf2Zvhd4T1OPUNLsYEaGTMTpJ75Ax7V6MKOHy7D
2vttpc8+daniVyyep7V4U1278XXEdzNG5Hl7lVRjb/8Aqx+tbXiDWtK0eI3FzMkajAA9TWJ4ceDw
Z4D/ALWlQSTNC2FQfMo4x1618l/HD49fHG48Xm9bwrcJokE6lWViSwz1OOcVyYOliK7nWXxMVCjC
dVQk7RR9neHf2gfjl8B7uy+Jv7P/AIlurPUY5UY2KZeG8TOSrocgg19ZSeL/ANnD/grv4Pj+Gnxd
8Kp8OPjjZ2e7SJJQY0vyBuJQj76k5+U8ivz7/Zl+LMfxF1ixtre5czwkP5b/AMBB6CoP+CkHxV/a
P+G+r6F8VLTSX0y70OaOTTdfsj5coCvlfmXBNd+UVJ15To1I6X1i9V8r7M+lq1MPRlGFN3jY2Pil
8Kvih+y/8c5Pg58ZdJNvd29xiGQ4MdyucLJG38QxX0F+xV4b8KeNm8QwicWt1b3YDcdVxnp9a6v9
m39qf4J/8Fpv2X7fwZ8WbWz0j4zeC9PW5sNXfaTqYjHzEHGWz3HrXm/wm0q98HarevpLmC7+2Yn8
okFiOCMjrXyHGOBhllKSpfDNfc77M4WqVLEprW55H+1L8btT+Hv7V3/CIaXqPy2V9Hl1Iyw45H+F
dt/wUB1Ww1j/AIRPx/E7B7+zVLiYx4DfID+dfI/7fGo+Kv8AhsqTULFJHaSOCRpFU53AdTj/AAr7
B/aV8Py+OP2HPD/jvVjF9otNOjO5VGQQvP8Au1z4uPJ9SqSlpJJGkFH6vUUV5nyV8S/g54L+I2nD
XNB1zZewpliH+bI6mvNfhY3jmT4uWfgCxtpHQ3SIJwmc8gZJ9Oa5qDxbr1l4hkl0bWJTDI21omPb
1zmvr79hTwTo3i2/f4papp6JJpkLbJ5IfvPnp9c19tj69HAYFSSV4r8bHjU1ON3Je6e5+PkTw94V
03wNpjLv2qtwzMBk45JrJ0zTJ7TSmkG7dHGxO0cYA9+TUfiLUrnxB4oWZZw5Y4KsvyZzW9o2r2ml
KthdxBjMCjrkbRnuM18XSpwr1qdOrLWTvJ+ZwxUm20fPnhDwHqPxp8bXd9qkDLapeMCWOBtB6Gvs
r4Hafc/CLwql14RtWtiWxBJCAcAd8gVyHhnwxYXeo/2T4LtEiZ3zcNAAB78ivU5/FzfDnwbPvghn
hjQoA0eccfMc/WvalTWHlzX93oexhnePu7nkn7Z37RPin4vyaR4I1OwtLmSC4zPdvbgSEAcfN161
yNm0yJDFJcKAkf7xfvcfhVS7QeJvE8nimyaJhKxGBztXdkVrad4f1+91NLa102dY5cL5h+UDsBzX
bhaixMPeaSODE+0lUtuz58+K2q+PvE3xAk0vTJZY4IJPkQA8f/Xrrfhpe3VjF5V1eSYRgDFu4Dn1
/GvY9S/ZKvNQ1GPUZvEdlZB8MzyXQyQec+5+tYPj/wCFfg74ewlNG8X2l5M5Jm+zkEZHJJNceOoR
pOzlr0NnCUaaurFf/hNYPDOkyM1nG0jnfECuT7V0Xw3WHVLM6vrPyyzK21GIyT1rgX8T6Rp+iy3U
+gx3koXMbs3f6Ec1nRfEbxTpmjya/q0jW9szbliiXAXHTpXiU8TWXvKLny9OhpTjCTs3Y6P43arr
t/qMGj6PKYYZHDG6RcbRwOlclr+g2GlwLb6j4wu9QiKZcPIVUHb61x/iX473V1KLay0ieWaeMeWC
DyM9TmuD8ceO9f1dl0+VjFukDFIwBt7YO05rWnSzTHybkuRdinUpUGopXPYPDjWLRTHRIkRI1Bkk
jP3cDPJqhriatqFjDqNq0j4fMZA569eK4vw/8VfD+geC5NC065/02RNhBfOexGe5r1LR/Guk6T4F
jub/AElQyWow56E4xnmurB5TVoVHObbfmYYitGoktjK1PU9Q1q0t7GxnMbSMPtTMeuBzn3o8K6hY
XGu3Om2MonaOFgijudpB7/8A6qw/CzX+t6RJpmm27y3EkxaNYxuJDHtXtv7Mf7Lk+n6v/aPily8l
xJ0YALCD65r63D0Hj8I6dNa7HHKjP2t9zhbHwZ441DWLaHw9YF0ecGSaUfIMe5/AfjX1R8B1vvh1
Y3GrXgi+3PGokZTsWHjn69aztak8EeFbu58KMUnuFfFr5KALER1z6g1zPijXr7WpofDVnMUy4LgN
j5fQ/hXoRw+HwOF9nL3u/qbYdSpSbZ6JH4ludUuZdQ09Yg5bP2gpnB9cd685+KXjFx4gWxv9VluJ
xltiyYQdsbRxXoFrax+HfDMl9cyBVhh3OSAcKB0Gf0r5k8c/EbT/ABLrst7DpF5IhlYMPMBIAbGc
joK4ZZzToYiKry0WySMq6qVH7r1PafBHxq0idW8GXlqt2oXGwLuCt3z/AJ7VYutD+FfwrsL/AOJO
neFbWG8O6SR9o4IHBA9M1zvwK0fwn4v0S40DQLxdM8TyR7rCxvyF+0t2w+evsfWqXhvw5e/Eo+I/
gX8YYLjTtZid1jJ/hPVT9DkV7dSvTx1OLpJNPr59jShKrShqfGX7THxq1n49/FFNK0++kmRZyI4w
xCIMjoK+xP2SNbl0v4dw+Ebt/OMCfvUkPOSORz1rwO3/AGYY/gp8QbyHVFjkljmdI3cZLc/eHt6V
618Jb+40G4unQYyu1CD8vI/SvnoY1UJS9pdJX3LrJL3VuVPHHhm28OeLb67twFWV2OwNgDcf88V5
P8YPjHJ4XiHhbw5KjTsRJdSjGBzwPavavE5kv2udcvpMJGpYHactgdq+bLH4fXvjfxVf69MSkKTM
EMpOGByBnNfK4ZQxWJkl8NzRLlVme/eANT0a5xp2o3GfMcqAeAOe1cR+0j8CfEzWf/CV+HYvMtUk
AbYBlR6nAzir8N3Hp0t0is4ZQSsjsMk+leo/DPxj/amht4f8QRrLFNHsDMCdykV9vhp0aGN5Zu0m
x0OWUHdaHyb4E8Na/wCLPE9v4VkuIzvYC5kUEbUzzjJ5r6O0r4HfBrRLOP8AtaMXkoXZsmICMfw5
rl4fDPh34R/F2SfU7LNndyEW5ZThMnj+ddtqvhHwJ48jaDR/GUulXbrvQTTbo2bPTnOK+wwOHhVr
OpX1tscmPqTw7UKWml7mFaaV8PfDHihrKHQbJrGWP5oiu5efxrd1LUvgRrNv/ZusfDa1d48KjMh2
/XHpXm/izwh4m0zT7ixsSbp7diHmibIx2wPSuCh8X63aMLfU4ZA0RKmR2PJPTJ9qeDlTXtZRjo2e
XOeJ5r31PojS/AP7JPixzofij4a2lu88ZjZ7eVo2C/U5rhfEX/BLr4LaFq0njn4P+JnkUsZLXSr9
kAZs5ABAH61xUHj/AHacl2L0vOrARsp+YH0qa/8AjF8RPDt2HGvTRmRFKxl+MfjXS8VhqMGppWOu
jjcYla9zz/4g618YIvEk3grXdE/sSxswEVVAG/HfI6ivQPhNNNpegzalcThv3WGZieR6g1wvizxb
qPinUzqep3ryMW5Mig5P1610PiPXYvDfgGK1hG6WaMlZMHjivzzOsVUzDEezg3y32O11JSSTW5h+
M9at77VP7Ue4LkyYBDDbtBxiqukrNfXqW1ujZbJBAP4CvPrDxDc3rSW9237xXYRq3GF9cDrXpfwP
8O+I/iTq0kGkaZNFa2x2ve3LmNOB1B71NXCSdJRibxpa3kyfxDofie001bg6XcLErASSp069Dx0r
d0GKK88JySxRkN837rqC3GMVt+M/FHw6+F2hSWmt6xd+J79zj+z7GTbEp6YJ45FY/ha//tHQJr3T
7RrIOCbaPduaPIwB1PIrz6+CVCFOfS4pzTklE1fh5pXimziggvPB6tHcbt96LZ0kT0+bODXR+C/B
lmdRudOtNLkcO5aaEryxPTGBXj3wQ8RfHnTfjc2i+K/iHqd1ok43QWNxcN5eMjj0x9Oa9v8AEPib
X/BjNq/hHVGtL2SbAZOcc+9dmY050ZQcdtCZ8kazjc6G8tdK061YWdt5EaxgbGUDJHsKyrDwxFr2
oC4mtiYkILE4Ib2BxxWrb6lqHiO3VtcmVrhlBlcpgEnBJ4FZvjLxcnh+D+x9HtCFkQslwjDYx7j6
18vUqV5yfs1rfX0NVam1JnOfFzxSvh+YSaPDEFjISTCjG3PT3NfMf7S/w08HaxYy/EDw1bLb6kjq
7xJjZMvfIHevZXutW8RzXcE6LJh/3asD1HUmvM/HvmmwuvD821lAMkW7kZz7/wAq+ny72uHhCo3d
7P0Eq16rjfQ6v9j34hXUbL4C8V6VLZvdW3mWzN80bYBxtYV9SfDLRNN8Yrcx6pq1iq2gJQXkgYkD
+6T/ACr5e+AN/aaf4l0OW9hDeUVXBBIXJAz9K9T8Y+EtX+H3xJj13RtWVtH1JTvtssPLkPUj2NeV
mVTlzH3Y8rtdebKUKbvLse7X/gSUaTd3/hjxFbqsNsx/0cruHGQQB2r8wP2gP22fjhofjrWPCFr4
58yG3uWj3KmM4PUjkV9zaZ4wvdFtbvQnE5gu4XSJ0OXhyDnn05r45+KX7CXhXUptR8Qj4hyQ6hcy
GYLcQhlck56r0r7vLc/wOLwMXWfK46P1ObDRw/tr1FufPWrftC/EvWna6l8W3gLtl1SVuevPHb2r
oPhJ8XNcg8ZWd5q2tXF0szeVcGeVmwG4GK1NQ/Y08W6bB9r0/UYL6VBu8iIHcV9ff/69c5q/gG58
EbV1HSLqGeNhlJVwQeoxXpKpgMdSapO9/M9CvHDxp2p7n3X4Kng8c/D9vDxcNcwxtJbsv3jg9ADn
PFfLvx68L6JL4xjvLgzJcRMyXETY4IPpjivTv2afiDqsvh6zv7iB4ZEbypdwwdvZhVr9qj4Y2fi7
RZPiZoNqTJbrjUoEHIA6SDHY15GD5KWJcG/eXXyPIjKpCq4t2ueG+D/hBFd38up2OtQW6yPujE5A
wT647V1X7NPw/wBbP7V+i2r3O94523Sxngr0Psa8w1K71HTtDXUdM1SSQQShn/eYJX0IHpXt/wDw
Ts8WHXP2ndG1RlErEniZAcnIGe+RW2dTrUMprVL9D0cPCs5pyfkz6K+IPhfxH4a8Sza5eKVtmu3i
Mcy4JAPXBFdD8LtKSfxvb3EEe6JoWkBCjAwvA+vNemf8FLfDMngi48LX+mxQCC/UvMYiCrMTzzXA
fBVxYWGoatLgeTaNtz2zzkV8DSxdXEZdCvOPZF4yjGjUVmcB4D+J2h69rnibwfreqwwXVvdytbLK
pIkUEjHp+VebeMNJ0rW9SiuNUVfsdu5Ny7cjjpjBzXkX7S3iTXPhz8ZrnxNok/2db2Vnj8s4GN2S
v611FjqOv/F74TvdeBGeS4QFtQgebDZ6/LnmvocFktXDVo4iD92p+ZM53jZrQ9u+BvxG8IG+n+Hx
Ik0aRD5BlkBeJuM4z713nhj4da7pHi2PZoEkliZBLDqCx/KwJzhiOK+Zv2SPgF458b+LvtmsyT2O
m2Uuby4aQgKQRxk1+hdj4+0LVvCKeBfCzqtjp0YWVs4MvHJz9a83iLDVMuc54eejXvdjShGHL+8+
R5H8QNft9U1JvBkU4EiwlpIuhcH0B9DXjWgfCjxHqvxSTw5ciR7F5d7Tuuf3ZPQ8cYr1XxX49sbT
4h2nhzUfhbHqPnOBDrds7JPEP7rHoRXcXGh6DJD5fhF1FwBmfzpMSDvtUjr9K48p+tZbhIyg7wkj
knOMavZiaL4ZsPC2jnRfBsMcaRL+8EKgFmzz0rgNFkHh34mar4V1YvHHqEXmo2wj5jg4/Wt6/wDF
c3gfUEtr9pVuHcbkboy/j0rh/jX4j1G/8V6V4ltLdrfy5gjmP7zA9ANvWvPqUoNyqTupSNpKpJJr
8j1/w9omh6BphMEzM5QlyzA5OeMe3tUy6B4ctrUeMZNdRDqKtFdWTyqoQ4IBwTWh8NfDekapZLL4
q1Ke2tY4Qzyo2Tu69+tUZv2WfhF8V9UktbL9oZbaWVi0cc6goOe57VeVZLmteM68YJxlsuqCVfDP
3ZSszhPh7/wk2nST21pcuILeZzEOdjAk8ZB54rlPiVYa54G8b2HjKXSJoIrl9s8hRgHXPUHHPvXr
vhnRPC3wnvdW+FMfi6016e2Rnt7m1bcHUcc+nNeT+NPjz8R00rVfh/4xsYtR03yibGK8QFrRgT80
Z6gY7Zo/surg6jq1VZNWHSr0pz5Oa53ut/Bn9pD4heH4r/4O+A73ULK8gLGeJQMqMcnPUVP8NvC3
ibwbDL4b8dRRwXd1ZtmGZwQsq564Jx+NeP8Ahb9qD4ww/DqLwZ4b+IepadY2YbMME5XqegYcjgni
oPhV41v7fx/FLq17Ndi6cea91cFiQevLHrRjK9Gph40op88Va5pzR+Z3sWueJPCmr3F5o+vXGnzq
cl7ZjznqDg4I9qsvrPgfUdIk1nxLo72uqbyq6jZv8kjn+J05xn2xWV4xNppviC400QltziRCSTgH
oCTWJax61r8n9j6dYmWZnOxt21ATwNx7CvnMM8ZhXOXM7I2500VP7C8Tar4/gttNtvtYkVFzbJnK
5613/jb4TfsxfCYwfE39rb4i/Yp7BRNp2g6feItw7jlS2AapfDHVPix8P0vtB/sSH98C0OpIFkZF
7qD2FcXrH7Gdt8b/AIjnxZ8TJ5p4yQYhcSnbgnnPNfe5BS+u4qMqi5mk766amkaOHqS5drrc5vWv
h/o/xJ1/xz41+D2kXDWHifQlaxjfljkHAJA6816T+wv8APEnwa+F1z/wkGkTWX2pi7JIhUlj7171
8GfhR4F+D/ifTtH0wQXOmRQqtwkKgqu3+HPeu6+OXxO8P6pYx6X4d0SG0s7Y7o28r5uOhNd+cJyy
urRk9hc9CFGpFy1Nf4A3kXizTJvD+q6lJCjgKWRN3zbTjPPNcp4o8cf8Ke1W90xnkUeaQ2ONxx94
LjgVkfs2/E2yTxbdafJbkxSgFHcck56iqH7Z+rLoFzH4jt7A3ShNzKIyzEd8evFefwxKGM5FPdaH
mYybVO1NXbMDxFaW/wAYfN1iXxeVMc4khTBDN6giu4meLw74J3XsksUkMAZZWT72B714F8I/jXfa
/wCI7dtE8DFbe0cM/nlkWQD1x2NfQlrJP8YfEkl02nC3s7mFEhtklJRT3XnpX1GaUqNSi+ZW5ScG
5U4832jlPg78TNY8Xa2+l6hHJLbZITIPy/SvXn8FahY3g1a0ma2iYDA3gBuKzfDvgbQfhNPJrGoQ
KkMKlkgZOufeuK8S/tKSeI9XufDukF4APuOWwMdMCvgcaq1SfLh9Eup9xgp14UlWjoelJc+C9INx
rF/qqNNGSTh8t0rH1j9pDWGt47HQrmaZlAAKNwE98V5xpPhy68RO11fag5BbIVieT7cc16X8HPhh
p9xqvl+I7ZPLRMxsU4xnqRXnvD16D5ua7PWxCnVoR9nU96RqQ/tZ+NJV0vSNJ0icahHMIwsSEhj6
nua+5fBcWpX/AMGYPEvi5N161sHddvevk+HSfh94W8cQahbW8bGBwyyBRgc9DntX0N/w1d8OtJ+H
VxDqF5ExEJHlAKFB9K+lwEpRSnbdbk04RwWEftp6ngfxU/aJvdOvr3w5oMBCLK8byMOg6EV8nfEP
W0n8WjawI35AK9Py6V7F438e23jTVNQ1nT40jhaVzEVjA65rwi7RG8S3Gp3zkIDgcHJ9vxrLE4ur
j8bGne6ifnuYVXKbd9Lnc2/9r3+jJqGiS+YwJMYL5CkDJHH0riviH498c6xoI0uOFxcBsXBZjuC5
4xjHNPsfi5afDvVoooWhS3nf5klcliD1+Xsa7TXfB1h4utLXxjom6QXWXdwBg+2e1fZSlToUUp9U
eUpc0rdUY3w21Q3uhxyXK5lU+WcknB9815B/wUK1O+OkabYQyFQZV2gKOTkdMV7zFo1to21raAI0
g+ZQvy7h/WvnD9vbUFvNV0yAEu8cq7Fx3GCfpXzWEqL69Lmeh6GGpxdZJngf7V/gTxFrHhLTZDO0
TCJXLq2MMf06Vqf8E1/COo6F4xuJby5DEHJd25OMYwPX3rv/AI92Goa58ObB0Ro43tlGcEkcDPHp
V/8AYn8HSaLetfy243sBtyxOU9a9KnVjUyuUNjqrKEMBZH0Z4d0Tb4jluy6sWcuzleQPT6VR/bG+
C2hfHb4QjzVXzbHALqADgfzrehubTREe9LbAUYuUOfxOenFYnwy8fL8Vn1nwtayKsSl4l3DGcDrm
sqadCKlF7HiQqN+8j5p+B3wx+G3wPkbxnLpyXE0LhbcFssHzjoelfV3w/uZ/FFjFqV9b4eVFdFLd
Fz0P4V81eK/hjcxfG6y8A2s5aytJDLdsf4juyBX1Z4N02C0tTAMARQhBs46f0r5nO5e2rqd9f0O+
tyOCdzxD9sL4mxabqNp4U0a6Ibd++kVuD9fT8a+afGfi3RLnWrePXpPOkjlUx/NnHzY/CvSP2gtJ
13XvihqT2VsWRZekqnDD8K8z8TfAjWtSlj1i201/PLjzMSZBGeuPavrMry6NHLlK1rq7FhsVGjXU
m9ujOl8Saxf/APCOm40rIlZAsCsOmTxWFpOna3ZRfb/EYLT5y3mHOM9hitPxDpWpT6Bb22n3iJMk
yKjTtjkDmu7n+Hmtax4WttR1K0jwsYHmRMMMQOp5q+HMNSlTk1vd+o8fjKk07bM4e7itNW0d4biE
MJPmZV+9nHTnqK9lj0SSf4Arp7IWBsGOwIAOQT+Y6V5jp3hSeLUFjhIKxsGxuIPX/PFfRll4fa7+
HEdoqYLW7Koz1OOOtVxJCUJUpLoedh6kXA+JfgN8FrnxD8YrZJ4GFrbT+dKzdNue5OeeK9d/bM+N
U3hLQk8N6NFE8hURoiPuBjBxzXSfDnw1P4H0/UdSvVSOaaYhDnoB/jXivxB+HHxQ+JvxMl1G30uV
rU/LBvHGOvA7V5HNDMs1vJ+7BfiezrLTojnP2Z5tf8Ra7e6teWIjiHy+WqAc57CvvT9nVbmy8KJc
WzIZIsApIch//r18z+A/h5ceC9Mi0jVIFhumfdLg8jnpkV9G/s6T2zSy6S8oLNGMRxEnBHfmvLxV
X6xmsuXZHn129UUv2mfhzp/jHTD410zTWTVrVg0hhGfOT3/z2r0n9mXWZG8NWL3DgttVX3HIUjv6
/WuR+MXi3WfAV7DexaQbi0eQLPH2AI6c10XwzbT9F+z6jpm5ba8QusSn5lJ7Gs+JXKtlsfQwwTcc
RqfQ5kku7QXK75MDIYn7n0PpXjH7S9zFYeErvUYb0LJb/OqYz+PtXrnh29kuNOVYiQwT94G6cjpi
vGf2l9Nu77QL/Tbe2ZpXQhHH8QI9a+G4XrxoYvlmz2MfHnpJnl+g/G3W/E/w8mu4rqNZ7eJ0bbkM
UwcjPcdK+LtJ+MHxF8ZfEq80LR0Uww3hjZIwSWG7GODX078F/D2pRaRPomuWhiNxdPE6t97aRg4r
1H4E/sCfAfw9q03isX88t5JN5zeaCVyTngYr9Ty2rX/2idJrS1jhwjwsJxhWRtfD3wUngz4Z6W1x
aSpdXNmstwsnzHd6gHoPrXffs1+DNP8AFfiHUL/UdOWdmY580ZA470/4l6T4d0TR10+3vdwitykU
rocAgdAe5qp8C/ita/D0zrMDul6Y6dOtXSxCeMhKrvHX1PUwNPD1M4vf3T1L4g6Jp+m61oGiWcEU
Ykuw5hiIHyjpkelcb+2b4D8PT+F4davlEM8biMs3DvnoeDUWs/HTw7cfFmw8Q+JNSjjsLGJ3lYtg
Zxkc/wBK+Vv2wP2w/id+0l40TwX8GfD1xc2EF2NjRxna7A8Et9a+kp46hyynA9bG1cPVp1YXVnov
l2K3ijxVo+iap/wjFxdmMwxK8c20/MD/APrrgfiTFbePba40Cw1EjEG63aXJ2t/eWvWNC/Zn+LPx
FFprXxAsrPRStuqTl3+bIwM4xXsHgX9mT9nj4c2y6zr9vcaxfxJkSyybYievSvExeJrV8bovdSPl
KdGjRTvufI3wq+FHiye3t9Mh0ma6lRf37w25O/Bz1HWvU7nwX4k8BPDP4q8O3drblcwyzRbSTjt2
Ne9XP7Ynw2+CcePD/gjT4hE2BFDbKSc98nk15f8AHP8Aaz8VftLaIkkmmw2lpaS4gjhjGcepHavm
8fg8PGLne7/I6I4jmjomcz8P7y08S+LYNCa0jjWZxFHMisrA54b0PWvXPC3wJtNO8YDxD4mBkFjI
Wi8zAJOOvIxXDfCjwS1jqNl4jVcTb1Zkc4GPUe9ejftFfEy98P8AhUtp4kSWaMCORVyASOM08HRm
sukorU5qklKqr7nhn7cf7T1zen/hUvg7UA73DbZ2iflB0wB6V5sfhl8QPg18LofEWr+G5zpmrQb7
TUkXKMemCw4zmuf1v4Q+K9MmufiV4ok+0y3Mp8hgxAXPOSPSvv7/AIJV6Dof7Xv7Knjz9lT4n26T
yQI174dupv8Al3kCghVbqBkdK1wWWUMXT9kmrLe/U9SnS5XySetuh8EfDI3Vzam5vLci4nb5AFBD
fX3rsdD8Ja5ft5t+wghgc7N7jKc556V774S/ZV+HHwM/tTU/irrMdzcaPJIq2dq2NrDIBJ4zXhmr
a7qWrahd3OkGZkmnJSMEE4Jwo46+9fPY3ByjiZRT1bsjapRlQir7s7X9n7xE+hfGjRZdDWR51uVD
uJOG7EV9Pf8ABUTxOJP2QNXuLm6C77c5jY/MW29Sa84/Yy/Ze1NLyH4leKm2y7N8FsRzj1ORWR/w
WZ8Wjw1+zvFoy3DxtdMAYxJgNhRn8K/ROGctq5fldT2j+Jnr0Yyo4NuR+aP7LutIviK585GeMy7n
CnJ49M96+9/gF8VobzVrDRIU8y2WZGMMvQAcGvzh/Za8RWsvi+5t5YHVWky+P4R/e61+i/7HnhPw
x4iuZNe0K6NybWBt5ccxk98Usyq0cHCs5WTaPmcfGdSvFo+gfjx8abDxJokPhnQ/9HWZQsqIOWA7
e/196m/Zg8OWMXiePXNQs12QgujFupx93FeN/FLSNT8L+PLAXXlyCWHcBEwOAT/P2r6N+DMkOk+C
o7i8sAnmL8xKkcH9RXyuDwFfNs7pKttFJ+SPQwEkmpM7z4h+JriGxk1C2vR5cQ5VTgquOgz2rzzw
lrl74rt746kcrhmhO8kEDkcVk+IddvPEmoSaRZXU4tVODtbAb6+taHhgab4bvILW5mVXukZIkwB/
Ca6eMc0lmV8FhFeNPWT6K3Y3r4hVqjXQ8F+KfiLTPGXxWittQceRp0oSED+N680/4KgaJPr/AMJd
LhS3ZRGhJ3njjkc9K7+48Myaz8c08HaMrTzx37z3hxjag54P41qftffD2+8d/C2SOx05pVtCQ42b
hjHT64rh4cpQpVac7Wi9rvY8uUeXEJM/KPQPGOk+BtYgvdyiRWAxtBK819M+BfjbHPpNvqthN8jB
dzAnP48mvnb4hfAvxWvia4tLrQ7uGAOWBaMrnnqOKksdd17wjoz6DFYyAqoG9kIGBz2r7PMcJhcZ
yzhJOXqjWs+ZNWep9U3niP4hfEXQ5zo+r3I8lSS0Uh59h71a/Z28P+M9S1Xy/HN5cSiOTcxkOdqg
8A1w37HGqfHDxDpE7af4WdtPUnzr2aNgFX8ule8pbPoMceAI5Zm/elF6D29a+cxccfCr9Ut7r6nP
UpUqNJO2o74seLNYhngttLbZZKCq7VwWx2OOgriDrMM9uIdThjmjK4aNgMYz6103xAubHUNOtrax
RxNhc85PfrisfTPhPqpgGtXpLRkAiIJ8x+vSu9YGeHlFxPHlWlJWQv7Neif2J8YptV0i2ZLfJdVV
RgZPTHetD/grd+0R4k1j4R6b4Il09PLbapnAJx83U57129n+0d8CPgV4Ht9KubSGfX7+RYxEcBo/
c8+tcX+1No+k/HH4PXEKwAziHdC4+Y5Jyf1rx6mJnlWexlN3hOx7VKPPSh5Hyb+yB8Q/HXwi+IGi
654K12aCWO6R/OhY9Q3TjscnNfqd8P7uTWtKn8QScTTsJJWBzgkZ9c9a/OP9h/4B+PRqdw/iLw5I
2n291ujmlXB46BWxzX6FfD+6t9N0a7024naJhag5VOQRXi8e4ihjMcqVCSs+3mdEYqG5yfxM/Zzu
/FPju+8YmCKe7uLZFt2cAcDFeyeBfg7eeKP2Wrj4S+M1Ms0cu0pGdoZG6AEirS694Q8LabpOt3Nj
Ldx3W2K9ErHdG3Zl9q734TTRXepeI9FE0ktkIBJCZG3FVxkY9a6czwOPpZNQqVkkoONkt7d/mGXY
qNSvKnDU+PPGP/BNG9mtbjRPA/7P7wqu0/2lNqagqf7wxXZ6R8PbP4B/C21+HkCxxXSH/TXjOdxx
yuR1NdhN49+I8XjW702TxTJDpts7ZjVj864z39a4Lx54gOqawyOx2o2Y1V/vNjvUZ7mODxNejTot
tOzZxYmrUnBxas0ZujQ3dzfsUjDTNjyxGpGfz716jrf7PnxNh8OWWuaT4K1G5a5iDhzbEqo9RgVw
nhDw/qMt9BDbXIE+3cWIx+ZIr6D+HX7Sf7RfhNbTRIvEllNZQlY4reZEJAB6Z9DWmW4PC46pOVZ8
ttmmjLC+4rcrdzy/4ZeGvE/ge0nbVLCS1mmdk2ygK7E9SR1zUHxD8fLZaHNoFzOJIdp8xSM59a9S
+OPjnWPGGv8A9q+ITa2sqxYkSKLCliOuBXlGqwfD1H8m7T7TKeqyPlXY96wrYnBSqPDutzcullud
U4VISvHRHnuj+Mbiw8u18KaA8ZHzK7x5z9OK6eY/EPXsNe6pNFCMbY40C4xTdT8d2lk8mj+H/DaR
si4DLbgnr056V0Vr4T1PX/CjahqeoG0upGzaI8h2sPQ8dfSunL8NCTUYwf8A287GM605Pmbt6HOa
R4Wt9Zv0fxBrrfMcnzLhmKg8cqD/AErrfEn7KngzxF4Um8Q6N8XNLtDZwM81pdkK+AOgyck/rTfB
3wJttbujL4h8ePbK33/s6qu0AevX8a0vEfwt/YL8BWM1147+Jes6lrKwgi3h1RyGf0K9BzXuf2Lh
2nVryWnfodGDxOFjSlGcb9jwfwfoPh2XXJNF1vXlihVsfaY13qvv0rc8a+E9G8NajFpup+JLXV9L
kx9nuoJOxGQu3HBrD0k+C7jxnLdeGbdk07zd8cU7MSc+p9MV6F4h8V/ALSvDka+PfhPe3iwtuM+m
6m6MD/eANeTkmIwVHMnRurXOSr8N9rnh3xNg8Kf2t9r0ezWIQw7QVT2OOe9eC+MY79Gvb+WN0CR/
IxHP0FfVXizXP2Nte0qaLT9b17RvMjIV7jbKF+vvzXlHxI+E3hq68JLH4C+K+kazAkgJtdhiuTk9
NpGD+desp1fr0uba+g3TTp+69Tz39nf4YXvxJ8R21psZbeKbz5mwRgA9MV9AeN/hlqfjPUYPCvh+
IxxH5ZJgMJHz6Vu/s8fBifQfCMU1qghAXEk8oAwD6etbfiDxja+B1uLDRYleaOBvLmdxySeprLMc
ZTo14ym7IwjT2ilqbHwx+HXw9+BPhaOPxJOqSxHdNeMcmUDkheOtZ2r/ALXC/EvVJfDvws0C607S
7U+Q2oTt8846biO1d7+y746+C/7YPgO+/ZT+NV9a6f4tV2uPCfiVF2EPg/uXI6qc15tpf7Pfjr4F
fEDVvAHxF02KO5066/dXEDFknj7Opx3x6V6UsRXjRTw65YS6o6pYVqnzS1Ol0tI9I0xbuRi8sy/O
7n5gT7kVqfD/AE9LnXhqN+ARkAGRumOPpWZLfwzO0e0RgRhVLp95gevNdT4MhWG3MkiLsDAsB7ZJ
zn9KVPnlBtu5x1HCMkkQftH/ABE0/wAI+EV0Tz0867blM/Ow9CPSvn7UfEImjN3HCIIII97JEo57
5z65rE+NnxI1f4kfGK5nglkSzsX8q2j3fKxBPJAya5z4ja/daf4bGlpMI7hxvkAfAxj/ADxXXhcP
Tny8q1e7MZSd+Y5vxL8SvH+qeMrW40HWHs5oJ1a2lhfBXawI/HgV7rpX7Q/ifXfH+nax8RdZEuqS
2sUM16q7S20cEkck9K+YLZ3u5ftUwMbxMGVoz1Irr7+aXXU0yDQcy3TzoH2tkqfx6Vri8JXoYmOI
hK0Y9DfD4lVKDo93ufbfxS8F6Z8VvCtt4x09w9/Yov2h0I/eKR1xXC+FtCkgJSC2MRcnehXjH0P9
KsfD7xLrOk+F4dHkndp0gCTHOcnGMYB5NdBFAumaa9zcIsLEZbAyd2OxNfHcV5tRqyjRorV7nRha
Ts5zOJ+IkkNv4du4ZNqKY2MjEZH/ANavnTRviTda54sfwv4dhR4bVG8wx/3hXvfjPR9J8SanPZ3l
8UhuoyrhD8uTwMgniuG079li6+FOrya7Y3EV3a3B/duMnBI/+vXr5VhsPg8NGpPexi71pO7Jbmz1
I+KX0+Fc+ax3x5Hc46kV2fheC/067S2MLqwGMbSAMduaoeJJh/bem+IpfKNwCGR4eRIueOveul8T
zRaqsGvW8BTywpmCEbifX2rHMqsJ5lTaevT1O3C0VKg2mdjbfCzwV8cfC81h4hdY7uziZ4nB2ur4
7Z+lfNXiTVLb4f8AjBvA2u6pmSKYpaXbEhX9AR6ivcdG8RXnhnWoNXsJCscqYkXzM49RXG/tI/DT
SfH+pQeK7KEHeyyeZGTgnPPWvscDmE54SUqj/eRVn5+YpRoYjD8klqtjL0rx/H4TuEndfOEn+s+b
cRj071va5D8MPiINuoQRRPIq7jHhdx65I/GvBvjp4l1DwLBDe2t4kfkgAxEnkd+vHbtzXltj+3F4
Y0u6NhqkcocdfJyy59q78nlVnheZq6ep41TC1+dOJ9YX37NXgWILq2haoX2Tj9yx74+tc/44+C+t
adDqGp6tZSeWybrZ2XIIA7V538MP2nZPH+vRWPh+O7ZJBnE0ZAPpj1r6k8GeJfEPxI+HUuk+JdPj
TyomSGN49rYx69TWWM9i8S4zdtNDWhCsuZWPjGz2zeJUs4F/1cuH2tnj6d63fiGPEl5DHZ6XBIUM
JVfLUqCenfpnrXP3fjyx8LfEDXNEn8MzxGxZmE0w9+2e1VvBfxl8W+K7LU9b13y4rSF9lokaAcA/
ezXA8FSo3qy6fmayVWnWVuhufAv9nTxDqni638S+JJUWwkufLnV34UHvg9q7D4x+MPFXh7xBdeBb
LW7aHTYHEUEWn/IrjHB45Jr580/9ofx7qPiq40ux1uRLJyRFCOmBznjmusvPE1/qk63Uk6PMyDcz
g/Nx1ya4sdhsXhqjUutrHZzwkrNanEfHvxxqGhtY6Xp0sn2mQmWZ0kPzAHqRXtP7Nfii98S+GrZZ
QxaQY2nnJ9x25rxfWtFn1Hxda+K/+EVXWIYZCj2pm6rnr6V9A/A/SdE8capHFpMC6A8RCx2rS/IS
Oeo708fhaf8AZ8FfW5dWNqaaR9B+Hvgn4K1fTbPxjpzm2uo0Ed3bOwBQ46qD74rC8Z+EP7Lv1tbg
mRYySkg7/nXUaK2p6Uy6Zrd9D5xbHnxHiTA49q63w34Hs/G+uQ6Je3ESrdAr5rHoSK8+unWwvvPV
I5EnKaPE9c8XNo2nt9lky0aGSRt2doxjJx7V5T8Hvib481PxHqmg65YNcaHc7pbC6ZM85OQD2r2f
42/Da28JeJbzwvHfwzo2R5rNjcB1+lc14E+EMmlaW17YXSTQ2iF0REY8HJOD0rjwMaFKhOmtZSXa
/wAzoxEWqfLI3fg98E5fE07+L/E80tro7HLyr/GB1A7Z6V5/8fPAXhK18TyXfhq3mltkfbEJHBLf
gK9d8H/FTTP+FYx/D69vWs3S4YuBGMkZ45rnvF/gl/Eln5vhnWYWuFABWV8EnrjPY11LEU6NCNOC
vI5IKc6itojxHRBqOiXsP2HTVjKkYbYUKjGMc16pZ+NrzX/AqQa4fMu7RyFUuDlQcg15t4s0D4ha
H4gbw/q+jy/aTt8mPYSJD0yMcGtPSdGufAlwbv4h6xHZpcqVSzSXc7ZHQgdK48c6+LpwjKFnF9Dp
jRUJt3uehafqFrr2jx6lp8qs+AJSvVH9CfpXn/xH0eT/AISO2G3yoLx8faC20Kc8cd+a3/h14l8K
6ReXfh+2IhS8l8y1HJw2O9aHiTQrLXICklqGkj+a3dskLIO4+tebUpqhiJX+GWplT5qM0ild/C7w
34S06LWrXxlFvaMGZJxgn1wO9cL4o0v4b+Kr+KO8tf7Tltn3qWiwobP51a1ifxZJqbw+IIHaJARG
5xuUDv8ASsK2uorWeS5tR8+7O8dvrV4XEVFUvF2sdU4tapm3q+safBpcWkjRooo5WCIlvCAI++Dj
ml0/VZNNt5Fu4TLbzx+TcwOeqe4+ldFpXwi8P+NPDMOu2HiqS2v4wXLy4MRPoQelYUmnRfbjpz6j
FIfuvPHJkbwfbpXrfWFRUKkHe+5nOnGqtWfMXxV+GA+GPxOaSOYvoOtHzLaZF3ABuqdMcV6D+wd8
MdS8MftDQa7pUyT6YYn8uZRtxyOD1xXq3xF+GFt4y8Az+DdXt4/nbzNOu9mWil4xjHY9Pxp//BPr
wN4k8N3euXXiK2MNzazmEK44GDwy4+levmOa062RVL7tWNIy9xuJ037d/wAVdZ0bWLE3FzcSLDD+
7jYkqC3AIzx1B6U39kX4kj4heGNUS/bEy2+xhnjp6msH/gp/ruh3/hfQp4tOjhmiXy5ZNxJZ88f4
1yX7J1lf+F/g7qnj6e6ZUurlUhXGcnp0rzJRovheHNo+nqRJXsyn+2v8Go9c8LPq+n2n+k2khdFV
clh3+lee/sfeE/FGtasNC0FWj81g1wzknYo65x0r6w8S6XH8QvBKXexJZJYcSFVyASuMVyfh3w1o
v7NngWTVb23VbvVNyxOWO5QSBgY5xVYXPJRwH1d/Gnp+o4L2uj2Ou1b4laRb3cPwq8JRgCzT/TZ4
SAJm4yGx716R8F/BV/e+H9S1MQSRqZMNkEHrXE/sy/Avw9Hp9x471O5a6lv33pv5HJ9+fxNe3ax4
sTwboQsbN44g/wAsjBBlx0GR3+tcuaypVME7u99xTcYSSR5h4jsP7CurpYLRWvZVIh8xTkH+8DXn
PwYT4leJfiQnguzkub251O+CW8cSkmGQtjn2+lbWo/FnTT4xe41G6fCyYlZBkAdO/Su2+EfiO08G
/F/RPiH4U0hZ5rG9juJpAow6ZyMZPWsY0lSwajUX7u2j6jws4zxVpn354D/4Je/Azw38OdOuvje7
6r42mjFybVroKhUDOwrnPTOTXgvxd/ZK+HWu+JbrU/D1tCNIsAA1qh4ilQ/MoYnk5zXafF79sDxP
4y8d2nxCtppII7fTzCbZmwArDBI9Sa8wPxb1VfD9xoNg8cUdxdPcOz5YsWyevbrQ8ThKlNRtex9v
LH5PGkqbRn+LfgX+0l8O9AufiP4J8N2GreEBaCW9huZFLIgHDEdQcda+Nf2j/wBqe71lIrXwZ4Ti
0MqzQXjWhwryKeSCK+zviX461zxv4AbwjYeMbmwiuLcw3UVucJIMYPA6V8c+Nf2Xmmvzo8MsjwTT
bo7mM7sHvn61VPOcBQj7OjJxXa/5HzuOwuArS5qMTz34J/FPUtA8dWXiK+ufNWaQpIZmPIJHNfQX
x7+HfiVdFPjvwvJHPbXCB/LeIsCD7ivl/wAW+Drz4c6+dCln3fZJSsUirnPPTJr7+/Zji0b4sfAU
aVrqxXbW8AypkOVH9DXp4mpQnhowk99V6ng0qc3XvE+GNDvdXM95aXMEUTShnQIxAJHXjsa6/wCD
2mNrd0LjV5pbO7sx5kKuAyOPTNbfxs+G+heEfFd2nh6xubcWt2S6u2UKnPOetcX8Qtbh0NtBt/Cl
1Kuq3coSYKRtZd3Q+2K8GthZVm4Rtfe/oejCKUtUfQni3w7/AGlbx+MGl3RtbKjHy+QVHpRYWdlp
vh9Ly5wvurfMBWhodnqd98IYJbndI6fK+U7+nPasywNjeyppOoJLFIgARWJ2OPY+vtXDUwtOvh+V
2TbM7yi24DfD2sfYNZa401pOH/1gywI/untXZ+FvA3izxrrX2nWNVe1sVlDoIpNrSDPK+wqp4O8P
RW9wlyFDRLltrNnDenNTeP8A4g6npVmNB8GI82ozgKlsnBJ759hXbkeBxuAq1FTejMq9dVEkemW+
qeGPD8yaTbyERCRVldcHAJ5ORX0b+038DPA/hj9jO21Pw5pkMtzcvDN9v8sb2Dcn5h2r45+Fvww+
Ig0ua48b3Q8+7iLMsc33SfbpivpSP4zeJtb+COn/AAZ8S2gltrJVWKXPzFVORzXu4bFUMNKrSrq/
MtPU6MPVhSozTV7nzN8PfCmsaRqUd9bW7sFuQSVUn5fr2r6y+EM3w83xXnxG8Ow3oA/drcRBgoxg
jmvOT/Y+kxhJ5ETC7enUZ4/Gu7+H0MGuwbI8su/YNyjA79R0riyamsHV5p9TJSlz80dzoPEvwd/Z
b8RtNrPgT4a29hqsrsPOsxsjGfVelc/B8KvD3w7xqk92nmYyF29fpXQX+k/ECDWItJ8E6NJcSToC
8wAKgEjivVPCH7I99faHHrfxAvi9wQWETP8AKAev0xXRj8VmWPxLjKNora3U/RcqyPAYvB+3rS99
rReZ4T8X/Cei6t8O49VN2JJJmCp5oIP1615PB+y8sE1vraYDF1YFlH3T6V1n7bOqt8L5YdC8P3Mh
j84BU3EgfX0qx4W8X+JdW8G6Kt5byKZESMgryMgY61m6ElGLvp1MKeDxE5uiouy+47DQfgn4WtvD
ylrtVm3He2Bk5H+ea7nw14Z8LDR4rKxAS6K7BJw24joD3x3rmvFOk3nhvRYrl7jyJHj3shbPX17f
hXP/AA2+LGk6F48tU8SXi/Z9ww7AcjvgCvKXspTcJPQ9vA4T2dRcy+E9S1/9m0eMvBtzfaTOEvin
KNH1z39a+O/iNofjrwzc3Xh3xHEVNtNtzk5kGSAfpX3Z8Qv2qvhtoOjC08IapC9yYiJVRuQQO1fM
n7Q/jvw3rHhaXxdctB9pmUbtvU+5rtqYmNCl7CGqPPz7AYOtS9q5crWxx3gbStMvvAzLFKoljTor
Almx0rzfxFpAGrwpe5aDzgJWAzkA8HjpzW38FPH2k+IdMnWOZQ6AkbQflHI7da4740areWly0lhl
FG7g/hivBp4+WAxLny3PzSso1fdXQ4j4z6Zaz+IHuA0RjRgYpPu/rXqH7JniiQK3h+6lM9o+CjOp
woz1B6V4zeeOb+6szbagizoBt/eJlm5/Su++BXibTdPtWt4EEUobduxkAfU17tXiiji8H7N02mzm
WGlGrzHuvxG0U2d4l5EMBnAQ44AxzyK8D+Nfhzw5d67b3+oacLp4zn5xwD9P619E6Hrlh4z8OiC9
mVpYsBlKgbh25zXzz8f0uNP8VxJEg3pIQ+cDIB44HbFcSpN6wNpTcJXW5e8b2Wg3nhqxsdb0aJIC
VVn2ZwpxkfTH8qk8NWXhbRdVGmeGrBUhiUHKkAFT6fUc/jTPigsd38NYLnb8wQsVOSDwOnvWV8EV
e6jYuu8ALsbpj2+lb4WlL2D5X1M6lefsmpbHa+KJXvdGubIt5YeEiJ27cEGuE/Y/8Pa1oXjzWYbm
6R4fOJhlDfM2R/drtPHciab4Zur2V1GyI4YMfvbTzxXBfsu+J1m+JhlkJ2y5DjG3ccda9OVWVKdl
scuGf7uS6Hb+JfhpBYfFe71+R1Juju+c/N+HrXd6Hcm0t5pBGo2Rt93JOMdc1F8Ulij161lkt0DF
fv55xUVtdQLpd4cvtEDnHH3QD6V8zmkKixTl6G89UlufMHxB+Knw7m8dajbXV8LOaKbbJ54K726H
k9am03xFoksAuNJ1CF8jH7qRWyv4GvKdW/aB+Hni74x6h8Dvij4XsBBdXhjttVjQrNG/O0kjqOaZ
r3wy8W/DH4jWfg/TtKkkt5W3Q3EbllaI9DX3Mc1WHw8cLNWly3Xn6HT/AGNh6s/aKVnbY1/jBoq6
38Or64ilC3MU++HaQGxnp9a818BftBePfBGmt4dv/Eby2G3/AFdyQWB6Ec17Z8TvgN8TvEvg6Gw8
NDynZiZfXB7Yr5q+Jn7JXxq8MxNqV/bSyJtP3R71hkVeKoczlyu7OtQjOjyNL9T2PwT8efA3iPVI
tLvNYihuncbQX+/zwB2zX2R4Gs4brwfBITuR0BBHIxjt71+TfhL4Z+Io/F1q89s6+Vdoz7+ApyOc
9zX64/A3S1PwwtLeQEsbVGDMxyDt7HtXRntVVIRSdzx54anh6vNDqfPn7R3xNXwBb3FzaWokMchR
YwuCD6/SvL/hj+0X478QatFJb2ypHLN5ZA4HTqOOa3P2tfFVnD47v/CpjR4gGO9mG76//Wrjf2dN
CGmeK57iSQPaL+8j45B25/KuClh6OGwDlP4md9JzUHLoev6vKdS12e+vAAYkxI/TORnNQfsR/tA2
Go/tD6p8O9e1RfKkm/0GRG6Y/hBPXJrF/aL8V6b4F+G2oeJ7C5CExHyyW5OVr5I/Yl+Iesw/tG6Z
q01zKxnvAHCnGeeK5cjyz6zh6+IfS9h0cP7eEpH63/tNeAU1vws0sLS7gRtdUyVxXKfC6abR4LTT
J77eIIyzGZuQ3ofToK9s8SafFrnwxt9UKswlgVnQnJzgfgK8m8FeA9T1rWJk8mbEs2Gk4JIz0wP5
14+bVP8AYeWfQ5aNGftU0j2r4Y6xNr9m0p3AEFV+bb0rB+O+jNLZPKsYOxSpyxPvxj+ddr4V8Ma1
4ftVs9P0Z47aGPAkZCck9cVa8W/CrxF8QvD1xPpFpL5VuCSeDnj06mvzPD4ef1p8qPdqQc6ajbU+
HbDUPE8nxdsNKSGVUdtzRhTgivrXwR4X1DTNNGrz3NxC6oCiSQ7QR6Z6Vh/s7fsja5q/j0eKvECM
8Vk5IeZAQOeAB1r2H4rWUnhuUaMlsvlYHCsQBz19q+ioZhiIVPq2Cu3Lf1NpZT7LCuvU0PH/AIna
hfavb/Z1geabLDCrwzDuCBXjS/Cn47az4hfUbU/Y9NjcFvOU5Ye2K+kIodPtCJJvKEu7GFG5s+vo
asXGuaZaAXMW2FkTE3mclvpjiv1HKsJPC4VSr2cmtT5WdeMKvMtTzjTfgB4X8XacNH8VafPc78GV
g5UGt2Pwl8L/AIEW4sdOtLHToWjzHMdoYY4xuPeuO+Pn7XugfA7TBNBC8lxdkrbqgzz9euK+YvFv
jn4hftO6tB4m8Q+IpbHSrF90tlHkK34nrV1GqdKTg9C6Sq1Eu12fU3iv4/eCmlEWlXZum5xKjfLn
6968X+Mvx78VX0Ys7WaSCNwcsFIJrgtP8SWkniYaRpfyQRf6oM2QTwD0rX8c+HBJZR75TGCw8yQq
cfQH0r5CWJq1ceovY3dGMUkzzjxx4h1e+sJtUmaSaRV5Z2yAK779mSazvfhpK+olZZZpy3mZ5X1A
FcNH8KfHKa5qFsZxc6ffQ/uNvWM//XrufD3wm8S/Cbwjpsl63lR3dyXRC2SpxyK+ix2BhPDxUH1H
FzgnTZ774Gunj0aNCAymHIyh4xnFSfHaGbXvg8bixt/MmhHOz7wJ6VH8Jpo59Bid5QZVGC3THqK7
bw29q80uitaieF5AyxTKCMk8152DxHsMW6PdHPUaklI+dPh/8F/Euv8Ahgaj471qW10hWVpkvGIJ
HYDJr66/4Jj+ItG0bxXr2leEtGTT9Gt7Bkkv9w3Snaen/wCuoNV+F/wr8S29vpni/wAParqVycEW
cEnlwJ6MccGtrxHrfwt+CHgd7TwXocekvPF++SOdiGOMck8V6NdxoQjQTtJntYOhWgvrk9trPqfM
f7ZVz4p134rXPww+H1u11HqGoyTS3zE5fJ5JGenPSs74ZfCnwt8GdQi1n4iX5u5rbDeVxhW+h966
H4Hr/wALB+KGr/EO6w6W7tFau7D5Tn0HrXpnjD4N+A/ipayL4itGWeUbTLBKUJPXnHFexgchpwpL
ERXNO+l9mejiMPXzB+0pPl7FHQf27fg/odvJJNqrW0UMe0ozcpgY/Gvzr/4Kiftm3Xx/8Zvp+k6o
/wDY9oCIkjztIr2r/goX8GPg5+zd8N4r3Q/EE9xq13KpS2kkzx7+nSvzE+JXju58Ram9tCSqq5BZ
u/PrXq4VY/F1uSskorsZyji6slRqO9ux6/8AsXeCbn4ueOb3T9M8RWdrcpGTBBeTLGZhjopOAfpX
6Y/s2fDrXPgt8I7/AE6SPbfXfLyAYIXr17ivyq/Yr+Efir4m/GXRdJ0O4liL3W6SSNiMIOtft5N4
Os/BfwstNKv7oMUtVRic54XGfxr4jj6th6WIhShrN2MMVTUNYvY8WtNZg1zx/punzyfaX+0xrvLb
gDkcc9q+lvH3ia50fQovCenxCJ2hG94zwBjOM1+cXiz4g6lF8T9QvvD2pPCtvckw7HKhWB6j16V6
5J+1l4w1/wCFtxa6fYz3XiK3i2yOg3Ex4xvHvjFefHNsdDDVIQjapNJLySOSlP2FNruex/ED9pD4
X/A6yDa5rCyXixg/Zo5BuY+p9K8b8Hft7R/ET486CbfT/LsTeeVsMm7rnn0r478Z+JPEvjHxXPd+
JdRl3l/3ouAevcYPI/Csr4Wa/JpPx60aDSptkFvqcZlf159f8avBZLKlgq0Jy96a1MYybqxt3P0u
0nxHZeHv2mvEl5q9p5RvbdRYXKnbjOKqfEH9oZvg9LHcXlu1zHcuzPCxyOmPxzXIftE+JHi+P3h7
TdFRPLvNOhlklUYJ4GSfWsP9o7T9M8QGwivJFYwvklU657H2ry6caFRUKU9IJak1VUVZSudBqf7a
/gPxtq6+b+z9FImD5rCJSCOBnkVZj+MP7GXihoLLx98JLCyeNsk/ZlG72Jx1ry6DW/C/hjRPKvI4
YZCuGJP+fSuF8Q+MPBmua7FbW9v57yPjag4Y+/pTrYWnJuWFc7d7m1PEzg7zPsjx58Tv2b7DwKun
/s66ULO1kizc+UoUMB1U/wCNR/s2TfAH4zade/DPxdZxWWuSAyaffSyhfOPoCe9eCya9Z6FokWl2
ultG13tV0Qg7BjHT0pLPwX4j0u4TxnpVy1iLBPNjnDFSMHPHrShmmKwFam60nL17Gc6kq9RyWx9K
6L+yd8L9M8dx6T4h8TusBmCSTSx/8e4PXPrjHWvIf+CgHxZ/Zx/ZJ8PT2/g/4uWXiDUiSI9PhIyo
IxkEE13vhb4/+E/j34bbwh4u1WTStani+zSXGcC4GOGBH8X+NfEv7U//AASG+Llz8WrG+0nxI99p
eryF3uZJCzwAnoQfUV7+U5jHFZhKOKrWhutPwOjB0MPWptTjY+S/EfxZ+Jfx8+K0Wo6Bp91PcS3I
+zW1upbbzx0Ffpx+yl8F/GmpeBrR/izE1srR/vLV+Og+7zV79mn9i/4O/sqeG0vG02G51UxKLi9u
AGz6kZ6VteMfjgL68/4RnwlOJWBIldeiDPt3xXLxJm1DNakcNhKdlD7TKxNbD0Uo01sdX8S/EXg3
4aeF4NL8J6XCjSShfKhIUnjBHH+eag8KeIr3WLUaibcYmUR7HPOPSuRXSLbx1FDPrmrAJak7Pnyz
cdTW54KiiNpALYsw89ljweRj1z/Svi3Sw0K8FF3bkrtnK5VpQk5djvtIuL7XfDN/4f1K6dMKXts4
IjZeeM/lXoX7JXiZ4fFVzpmoQbmuLEDAly2ccgf4V418Pbm+v/F32O/tlh3zkJvB+b0+ldR4F+K/
hnwd8aLfRbBEtr+xuMSvLISvH3s54Oea/QuLa6eVQhSV1azMeGnGOL55en3nRfGTwLqtjqOq6xoq
s8aSYmPBKDoQe9eTeJNAl03WbCyFy5e4ZX6YwWH8Qr6g/aF0zwbFqCfEDRZnjfUliNxapgwMv8T9
fWvnbUdWsvEvxFv9baUG0gISDAyAVGOM8EV+bYKnTnUdTflVjsziHssZKCOi8QX3grwFpqX+r69b
WyNB8/nygFzjkKOufSuR0b9qr4fXWvQaP4P0O7vZXygmCYReOpJrwr47+LtI8R+K73V9S1oR2dgp
EJL8bhnseMVgfs6/ETw9cXWq6zoheYaZZvJJceWducdP/r134fDKrJ1VB6PrscsZVY07HuXir48e
JvF3xHOgx6ZA0RkMXyM26Qj+ddH4d+FWqxa6JPibe3FhCzhraCOI72B5GM9s96+PvhH4v8YeMvip
/wAJHdarIkSXrSRKjEKuT3zX2r8ev2x/h1ovhTSbvxBO+pavp1okZit4CVyOmSOKdajj8JilRpU+
aT1ultc7KKpTp++9Tevrex8J6qbmy0cLAGVnknADSLxzz1/Cm+Pfid8IZLudINbkGoiy862sI3J3
sByeOlfL/iz9rP45/HvX47fR/Dstjp6kLFBa2uCBnHUZro/EXg/xVpOnR+PtWEGmyWEBN1PqEwUy
L14zyTgdOpr3sJhsRTk3WmufscsnyzUWtDyL9pH9p/8AaZHiJtK8NeGrzT9JY7RLbFiXHI6gd/So
PBGlaummw6t4jaeTUbzazNPIxKjqeteieBviz4Z+Is15aNaLd2yS48xowMkd/UfWqviDwvrniHxH
P/wjscbRRQ7okklC8H0zW1XHqdGNOpFxkt2zadOEIKMEb/w9v1uNs9u207tjr5gB49vSvTX8N6f4
j0xodVv0gixksE3E8V5Z8MdM1bTbhYtXs413EhnQqV59+xr2Lw0BcReQYS0ZO1h6ivhMwxUsNmka
sdky40pOFlqeL67+xbaeIr+WXTvilarDJIWVHj2lST6A1e8DfsWXvw78Wjxj4u15brS4Y9xWIZd+
cep4NdB8Q9LsfAlxP46e9mZUjLR2SDhz2rg/Bf7V3iTVdYka8eQQBdotduQOfQ1+z5ZGnnWHjVox
s7ay6Hz9fFzw0nGSud5dfG6+8S+MIvA/huFrTTbNdrQoDlsdM1wvxis/iT4m8UJoXgS1aaSYFJTu
2qgPByTwAK9G8M/DKw1LUj8UJf8AQWcEzQMMByecgeleP/tD/F3UtF1CTStHvDDBKBjyiAx+b8zm
vmsbhXHMpQetjtoVYPlnHdo4HwhoPxO8G/G+O0t7hob/AE26Us8M+QrAjoynpiv0B8Z/EHxN8TdK
03UNdcTahZaasU1yVJZgMd+9fJ37JfhLUPE+uS+KNQtsxN8yuVBJPHWvqPSbpIr6a0tXGY7ckHb8
pAGCDXRQnWqVXhVomjrqVOSFzDktxCkKkBiz7tqoefr6VS+K/wARF8B/DK/urdis0ymKEkYJalgu
7mS+ljLKuG2q27bj6eteW/GmCL4jeJo/BNtqgiubRx5Bd8I7HruPSvSouVCMact9jy5QVSpzHl3h
B7u91F76CcPMSXkZz8wPv61538T/ABB4h1fxXcaZriywhThXKkA9vy969D+JeheMPgjZJcX2jM0V
w2x7u3YOF/EcCuOstX0rxlILW5xNvUEs3GwevqfpX0eAwqp3myKjvLbQzvBWhXdw8sVnayOu7BIB
J47817x+zz8P0gR/E2t2xRlci3imj5BPANYnwN8HeJ9Q8Xrpemab5tuFDNMiDCgeue9e82lnCt+L
COMrtbkbcDcDyR/hXz/E+bUsNR9mvitqb0KD0aNbwb4bbZ57qfvZJC4Jyetb3izRftegm3tpi0sA
LNzz17fhVOfxBZ6BpLzecV8qHDqSpBOOxrifg58abD4gapqFwsmY7K4Mbh+N/HOK+B4ewTzjMvaV
Vojurz9jS5Tgru8uj4juLGZCVhuMANLncPXpxXc+DPG6a/KfCV8HdIU3x55Jxx9CKzPjH4UTS9e/
4S/RnP2a6x5kbc4PtXLy6rd6Lq0esW24EBldkGCQRx0r7bH0VQkoyV4nBRs3buJqet22oeGtLvtP
jlQIo8xGQja469q7/wAG3MeuaEYfNQsF+YKemR0IrH8YwQf8InpkXkptwONo9Kk8EQRWt/cfZ12f
ud2ATjPHNeTm3LVpqtTVranrUIulUcU9CKeG7smMU1wQ4cglzwv+fpW34f1CK9tG0e6hDbQChc9f
r6Vn+L441nlZVwWAYn1PHNZdnPPBKkkUzgkcncea9PD1KlOEat9ZLX5nPUgoVbI8w+Nn7N2q/Fv4
k2OkS2rJpccpkupBnDAdRz9a+bf2rfhX4MuvjxoXw9+GXhyINabVnaBQPMxxzwM1+kRt4UsZJFjG
427Hd3zivmD4GeFvD+u/tDalr2saVFc3cFx+5mlBJTk9B0r6rKcfOhhartpBaI6KN+f5HXfsz/sy
w+CoofFni62VTHF+4g8nBjHv616vdeO4bPxLBp1ucW8kRjG0cY/pitfxKTFHtj+UBtoA449K8g12
ea3+JmlxwzMqtcDcAx5ya+ZwNernObSq1XotkYzbjTuupwXxt0PTLzXtQttat0R7sskMxADMD6H1
rgda8L6b4L+H89pbBmtre2be2Blzjvx1r239qSwtJvEekGWEHddpnk81wfiCKOOSSFFwjz7HXsVx
0r351JVa0Kb2ev3HNycslJ6nzj8Pvh1qVz4in8TW8byWzRFIC0eeD3FeneG/hv4h1/T4yluUEIKN
v74P5969l8O6LpNvoT6ZDYRrBb3JMKBfu8evWtVraCK/t7eOJVQgHAHetMdzVqycmHtkrux5v4O+
DsPw+tZIb+8SSS5bzXcYO1fQV2ugaVpGlxrc6ZBHEud0m1gCSeAcmo/GckhuIyXbLT7WOeoz0rrv
A+mWDaXI72qsWba27nIxnHNcdT3YOT1Mnialefs9kPt/HOianYxmPUTLcoVRoy/IYHGPcV6WfEVz
4b0GPX45GRYUzmM8jI7DFfOiWFpb+PP3EOzMwJ2sR3r6K1iGNfBUsQX5RbqQCc1w0JRxEJRktyqk
HSqRszw3xND4s+JvjKNbeZnWe433Hmvysdem+JPGUfw28IDwZ4V0aWa+Ftm8mEe5IEx1JrJ+Hlpb
DxNKwhXKyAKcdAeTVn4+apf2ENxZ2dwYo5rYCUIAC49z1Nd2AdHDYBVOW7lePyFXc68tXojj9J+L
/wAP9A8FNovizw61xfXN4droAMdwT6UXWgSeJ9NGpWGunS7fq0yscoPwPpxXn+gQRaj4ntIb1PNU
s4Kt3wMivV7pQvhp4UGE+zfdHA6CuDGVYwnotUZ0YuKjK+54T8av259R8CWQ+G/gaSTWdQhGxNVv
LfLRN0wCQTjPvXJ/Dbwn448R6i3jv4m+IjdXt5goJidsWe3J4r0uHw54f1XxTeQ6jolrMELhS8C5
HHrjNbXwz0LSLxb2zubFHijgfYjZwMHiphjaWKcaFKHL3e7PVcUqKZw0+lXfhzxuzSXK7bblAWyC
34V67omsHVLCO7kC5lxhQ+AD9PSvL5LeG716+huU3rHMAgJ6DFa/wwubgLeRecxWK5YRgnO3jtXm
46EXiOTocVZc1JTe5b+MP27TTHNZXzSQ3PCITnyTkZA7/nXm2u6raaXjTLQgyEEMY+SP8+9eu+Oy
bnw3qMs53NEivGf7reorxSe8uYtKuLtJP3skD73Kgk1rgcJT+8qFWVSjd9DbTx3q/hnwnH4X/tBx
JePtiVG4TJ4x711uh/DDXPho8cvixdt3exLKgkcENu5Dc9eDXzheXE91KIriZmVfmUE9DnrXufg3
X9b1vQ7NNW1We4EVunl+bITtwMDFd/8AZ9KjVcXqrHZg6sasW5LY920/UNBns7d/EGk28rw43SRj
73FdBpllomgWK3+nkIb1ssQuDtJ4yfUV5j4duJ7vw2r3EzOwAwxbkV3s00smg2okcnJQc/WvAxr5
v3P2WzCdTeyPFv8AgoL4R0zxj4fsk1HUmtkhmAR44+CPTNYHxNtNP+En7Mnh7wrYXTp54WZXY4J5
69cYr2j9qPSdNvfBunx3Vmjq1xb7gw65IrzP9rLw9o2pQaJpN9ZCS2islEcLO2FHtzXbl8ni8PQp
z2Tk/uCEnKKXmdB+w945i+IulHRbiSOSW1IJQYIb3zU/7UPgI/EbxlaW2qeKn03StMcb4liLb/fA
6Gq37C3hvRdAuNWOj2Ig5jHyux9fU12f7T0SWtnb3ltmOV2y8iMQTzXl1pxwWc1VFbK6+Z1KmoVL
LqdX8DtT0DQvCq+HtA1Ge6tkG1biYbd5HsRxVH4m+MRK628L5mkBIXeCOn/16p/DS5nfwLHO8mXk
hfexHJ6VzPiL/SvGhS4JdVRSFJ4zuIzj8K5Y4ieKrQhLZsxlTV5WOX1j4dSX1yGtpzJLK26RHXGc
+nc16j4A0jUvCFtbfJ5bmJcP6+x+laGiWNnHDLNHbIrxQq0bBcFScdK0bhRJqEIkG7ced3PavSzv
FTlD6vHRJHPh4uMOe+p1NlqcusQ+Td7htiBPAbA9qy9RlbT4djwlEaRSN3JbJ9q1dGgiXTEdVwQy
rkEjjnipdaijlgHmIGwpwTXzWXVKntuS+h1VYqVPmKGm2rajCspQjn5gD0I61uW3hbT4LRbm4tjI
7qTynPJ46dBUXhuCFrOEmMfNAWPuc9a0/tE5lRDKcGMZGeua6sdgaU6lloy6FWUVc+ePj5+y94w+
JHjWO38K6YgViS020IoHqT3r0P4X/BT4o/s7WkOoQ3cN3aTW3lXlvGw6/hXsO5oy8MZKqkY2heMV
yfizVNRg8TNZx3snlPbksjPkHj3r7zJMNTxmVRlV1aODG4j2Fe0VuedfFT4dx+NUmnjREedD87rk
KD6/Q4pIP+CXq+JX0j4kTfFTSku7aAOltjG98cDPSvQbWytbvTroXMIcLCxUHsay/A2v6zP8O7az
m1KVoxeMoVmzgBug9K7sFgMJLGSUo9DNY2pCin1ZU07QtR8E6ZJ4V1y2d4wxCzBTtznrjGK3dC+G
2l3tkx+zRGKRgQXXPOM7hXd/DzTrLXlu7DWLZbiJbYFUlGcH69a4zVS2j6hLpWmO0NuJiBErHHU1
xTybD06iqdL6LsXDEznRutDlvEVhdaUWstIRI4+QszduevvXW/DXwPoltGmt+KtFsIrgJ8t4JPnb
v+tJo9rb3JgnniDvlhlvYHFeUfGfxLrzyXlj/a04iiiBjRH2hfyolTdOXLF2Jlpqup9FJqHh1rKS
6g1EMkZBcoM84rivFnxNmiv00rw8TI8kgDy9Ao9K5X4AXNze/CxvtdxJL87rl3J4qrp0McnxFtbN
l/dM6lkHAJx7V52EUcTOo5rZ/wCRVWTpxjbqd3p8WoeI51mldligUIxJ3ZY96+gPgHaaDbeC9VNz
fxrNawBnikfBPfIXOc15Ha28VncKlqvlqM4CkisjTL+9g8SzyQ3citvUEhzyPT3qMHWTzGEJK61O
mNb2VKUrH2f+z7+0F4R0LSvK1+0QMjER3DjllGeD3rb+KH7Xvh69097Dw5cITsZQplA2gjjAxXyX
Pqd+PCsl4t04kEZw4P4f1ryddY1OLX7uSO8cEKuP516OPc4wbg7H1nDvEHs5Km4Xt3PWfGmpeF/i
v4mA8XamiyI/V8YbHbNQ/F34teHPhhpenR6ZdW6x2uNwSQEHGMHHvXiWoahfSWl1M13Ju85eQ2O3
tXz/APtCeI9dubhVuNVmcJKQmW6Y6V8xQxFapV5Gz26PEFSnXmlDc+tdW/a7uvirIul2jyiMDbnH
OOenqK8+8feJNRurg2N5c/LGylJEJVhj3zXn/wAAi8lgGeRyWOSd55PFXf2hL+7sTFNaTmNgowV4
pzpKnifZ/wA3XseFHPsVGtUkuwniz4kat4PMEi6jdPJJhY5JZiSQDwCfeuS+Kfxd1tfDsvn67cbC
mWQzEjPesHxdeXOpm0a/mMpWJSN3bmuP+PcskPhEtE5UqUAwex613RwSjTpq/wAR8ziMxxWMlepK
57H+wl4kfxFfXSNKZF34Rg5GAfx5r1D42+HbpIizRthRuwcg88ZJH8q8C/4JtSyPLcFnJ/ef+zV9
ZfEy0t7q1lFxHvwEPJPrXnZrQp0cXyWOKEm5nzhb+D9Q1MmSG2/dx5/e7SAozk9+T71MLm58PXAn
tpxGwxuVcD8SK9X8VwxaX4SuF0+MQhXKrsGODyR+dfK2ua3qzeILkNqEuGnYMN3BGaxlhqcaXMjq
Z9VfDHx9cW6218Ztx3/PkYyMdKxfj7KmoavDqdrNyz7gF5Jz1zx/WvOfgvqd/KRHJcsyg8A10eo3
l1d6r9kuZ2eOOXKKT0y3NdOUc1Xmu9jlxP7qy7nefELRbi/+FkIgh24j4YDHOB2rO+BWn+RoL8bi
Swy4wQa9GsreGX4Rl5E3Hyz1PoOK5H4cqq6FIqqAPMboMdq9PByesfMipFfV7lD4z6hHZ+DLgyyR
oGU4VzyRjA4rxP4I+JItE+JFnIEKhpdrsOnP49a9J/aJkdPCRdTysqgHHQZFeNeAoY08S2cyrhvt
CtnPfNPHvl1Rjg/gZ9u+NFtNT0uyvliAcqPmH6nJ4rD1CBrrQL+K0QM/kOvy8F1wfT1q3as1x4N0
8zHcWgUsfWrvhUCGUSRAA4POK8qrS9vWjd7mydtT8s/EPwJ8S+Lf2mpJ4dLa2kjvhJ5jxkdGHf1r
7yu9T0O00nT4dU063uNTs7UKs20E4CjjNbvxZ8L+HrL4nSajaaTDHMwBaRV5J21xWp2sFzqEYnj3
b927J68V6Wc1uevTi18EbI75V51FFLQl07UtU1i5Ew1D7PG5+fcThgO2B3966G60221PTTp96y3E
ZBUCQbhnHY1maHbwrbOypgoDs56VueHGM810kx3hcbQ3OOK1ymhHEe4+pw1akqTUlueQfEP9lGzn
lXxJoOl4zIHIU/MP8a+gvg7YyaT4AitJky0MAWTJwT7nnPWqfiC5nHhWKBZSFCNgLx2PpTfgzfXd
w8lrPOzxrbM4V+fmx15rTEuVKMYXvZm9et7aya1PEYP2J4f2gfjxqfibxFq7LpkNxzEi9WJ74q/+
1R8IfB37NHiPSdB8D6aY1v7NXLpk78cfhX1d+zRomlSaZfXz2amV79y7knJwa5P9vDw1od54t0We
605JGWzG0sTxz9a9DHVPaYRqeyRSd6StsfC/xabRtfsYPDHiuzE8M2HnjPJUenTiuT+GXwM+Hvg3
xtZeJPD+nSo0E6vGm0nr1+p5r6b1XwN4TvPFUk11okTsIlxuJx+WcV33g/4ceBQkLjwxagq/ykJy
Oa8DCZn9Uowo007SV3qejQwzpq6lpY9w+DTXXiP4awBrbKSIFVWGNvt+Ne9fsd/ss2HjHxMmuatC
i2MDcKgx36E9686+FGnWOn/DWJrO2VCQRkD619E/sY6tqMWjTRx3bKouSoA9ODSVKnia/vLRa27h
lqi63vK9jv8A9oHwf8P/AIfeAZrPTtLh3eWVXanfNfPPwc8ePpFxdaDPE5guwY+ACF+bsK9E/au1
zVruJobi/kZcMducc5rxHwAc+JI0PIdVLAjqc9a+O4gxMaeY/uI8qSPZnKE8XTVtz6W8FfB5Lzwf
I/h2z2PMWIfAO09eleeeOf2IPir4l0i68RNdiMoGdI2BZnwM5B7Cvor4GXE0XhyIxuR+/K/hjpXs
9pDFNogjlQFWQhl7EV9zwdkuEdD6217zPbzBQxFBUmtLH4P/ALS/7RHhT9lixuW8YyP9ugmeHyVU
Bnceuc814v8AAT9qfxv+0drWqazIDZ6RAPLghB5AxnrXoP8Awcu+EPDWieNLSfSdHigae8LzGPI3
sSMk814/+wRpenr8C7m+S2AlaQhpASCeBXsZu5UsrnOGnQ+BrZVSw7bvcf8AtEWd74m8Q6XavGZk
QvlzjA6c47jFc14k1ux8I6JHoulsVj8o7th2rnH613XxKzbXsfksw8tWCfMTjivKtRhjv/EVlbXa
745mAlQnAbnvivlKVerVjCjfSyMaUUos2fgZ4R1PxN4pGtXFq32YEjlSQcd8cV9NeNvDuh+IvhrL
4aisraKbajRXEsYyjjoQPQ9DXF+FdOstJ0yxg023EKEHKpx2rs7wedpKLKSwMWCCe2K2xM44PEU3
GN2cX1iU6kk+hF8D/Ck1/aG58SaXaK1iCFZJAQ5HcY/rVX4xp/wlVpMsagi1JeKMdAB6Vynw61nV
bH4iLptrqEqQSMweIOdpHNexaPYWcts11JbqZNrjdjnrXoV1WxFZSlK1lcmnUck5Hl3we8XQ3Wmy
2rsyskgIHJIPv616PomuT2WoJNFcBWWcMvy8k5614ho881l8QL+3tJDGgmchV45PWvTtHZmnDsxL
bFOc85rwsZ+4zCElvv8Aeaz0ifU3hP4z+GPFnhdvDfiiGC3uvKEcV9BEFc+5IAr5y/4KM6Zqfg2y
8JaP4R8Rfa4dUbdJcqM4AJyCK2/BUkk3iCwSVywLPnJ9xWp+0haW1/4ZeK9gWVbSUyWwcZ8tsjkV
9bUnSx8oc0bOMb37nbhsXXWHUZu6ey7HC/skeEJvDHgh4J8+a9wS4LcPyTn6jNehXXxW8FeG/FNv
4NupTJeSQNKWLj5cDvXnd1q2o6H8K5L3Sbk2820fvI1API9cV5BpN/eeINQkudana4laFgZZPvd+
h6j8K9HG5/DKqNKlGne67nvQxk6MFGKPlr/gpD8apvif8W9Si+2BtO0+UpGu/wCUYHP4/wCNfJng
XwxaePPHkNlOmIZJwGxgfLn8s17X+2Vp1npGo6nDp0XlLJfsHAcnP5muU/ZL0LSb/wAUW4vLMSB7
uMNuY8jd9a9XD4l/2dPEQVnY54ucISqX1Z+iX/BMz9mbwH4b8QN440y1ZjbxlYspn5sc19P/ALTv
iE6D8PNQnwF2wlY2CgEAr361j/scaTpui+FvJ0u0SFdoOF/+vXNft4XE0Hww1ERSEYRjnvn69a/F
MdiKuPzpOq7nBWm+U+JPBr+H4dUmW9UySO7Eu/zfMWz1r0fw/wCKbbQbtr3QbeONxHh3QYJ9uOte
G+Hp5v7V2+a2FjDDnv616BbSybJHDkELkEetfTYnKo1KylzNbbHJVrySt5Fr446NoOseFn8WXFtH
aXQf57gRgebkdOleI/DLw5a3XjK2lhfJa9Rzg53YI/OvoX4XwQ69oesabrMYubdlcmGXlfunt2rx
z4WWsFl8TUtbVSkcOqRrGgY4UbxxXq4SXLh6kF0Vr9zWjT5503fqfYvxI8MfZviR4a8W3MbxLbaC
u5nbGV4+teX/ABI+JIGtSy3YkdU+a1jA5wT7Hk19S/GHTLC81vR7C4tEaGTREV4wMAjA9KxdL+F/
gC98C2epXXha2edLtY1kYHOwkZHXmvm8DgY4ysoN6LQ0xcfZ1HFdD4I+I+v/ABA8bzi2tNHuIoHI
BUgjdz64rsvgd8ILm01SG+1mUiUfOy4wcA5PNfoDJ8EvhO+hNdt4EsDIkeVYxng/nXjfx98K+HvC
dm7+G9KismWzYAwZGMivocXRnh6cadG0YKyfd/M4XG1PnerZ5/8ADbQ7j4lfEKWSAhLSzIVSBkHH
UDp+tdd8ePF2gw2MXgfw9dlNi7bkq2Sy46e3NXv2cbCz0z4S6lqljbrHcNHITMBlifxrxjwI8mr+
Ir/VdTlee4kuZUeSRycqGPHoK+InCeZ5pNXso6W9Dpp01Rj7Lsk/vH/DvRrjWvHOn6HbiRDJeKIp
FY5AyMnPWvvT40WmqeH7fTtG0yczJa6dH9okkOWHGc8dq+dv2YfBnhqTxfp98+lqZY23o5kbhsnn
rX1R8X9KsE1q4mWD5m0mItlzg/hnFerkmFo4nOFQxGsbPbQupzLAuUXZpnyN431rUfFupPpYu7jy
2fEir/L3FUNR8O6f4B8HXOpxaa7yyjA+TOCeM564r2k+G9Cj0e6vU0uISgKwkxzmvY/2WvBPhDX9
Bvptc8N2V40dtJsN1bq+OPevtsbkuEqVYYXDrkTV292zyKCm5vmdz85LPxv4ubWIbKBZYrcnE2UO
evBr3vwSwi8PwQRkmUDJkVs/MeT9KzP2hLh9J+Is+m6ZHFBAtyQsccCgAZ6dK2bWOOPw9FLGgVvt
6JkD+HaOK/N+IsLHD4mNKnp6eR61Ko6iszovh3qVp4y8SrpdgiQ6xaOGazklwZQO6kn9K5Hx98AZ
NG/aHn8S694v8yLUjuaxjcrJEGxkNnnitfxFY2fh74a614w0W3W31OJFaK9QfOhweRnpVK58Ra34
suPB3iDxHqUl3e3VkhubiQ/NIQB1x1r6HF5g8Xwu52tOKSv6nPhYrC4xSj3PoD4s6VYeFvgNHa6d
dyzpa2q7XdjkgkEZBz2rwPTLqCw0KP8A0flwZWK47n9a+gvjAqn4Hq+MFo1VivGQcccV876gq/Z4
xjuD+OK/O6GIdLLqlt72OzGv2uNU3uzjPG3wB+Fvxot/K8UWjWk8oJNxp8nlkY6EpyGP5VkeFP2c
NM+EHgjW/CfhjXxqMWpAhJ9hjkUZ+6w7816NbRoulOVGMEkYOOcVf0G3hmtJBKmR5ad/XrVZPj8x
qU/ZzqXpt7dfvKxEoKNktTzP4WfAX7FYDQdEsFSRsG5uJVwN46ndz+leoWPwz+DXgGFJviXPb6qH
w0lrJ0b1wM5rX1S9udL0oDT5PK2thdqjgfjXiXip5L67nu7yV5ZDIw3SOTxn3r6im8Vmk241OSK0
dt3bzPOVX2avY67xL+1p4b8J6/ceCvhR8NobGzjiOyQoAu3sQQMn25rwvxnd/Eb9pT4iWPhGbW5/
JuboI6LkpGpbk7c11XiiztYreS6jgVZFgO11GCOBXpP/AATt8K+HtT8d3eo6hpccs6t8sjk5GCcd
6+hyDCYOjiHNRba6t3v95rGbrVIyZ9CfDL9kD9nT4PfCxvAHg1ItT8UyWIklnuYhlnIBKnPI/D0q
fwZ/wTq8R6tp01wtwhe5jyobPy98ewroNbtYNL8TS6zYR+VdO5DTgncQFxjmvp/9g7VdR18Xq61d
vchcBRLyB2r2sww1HM1LnilZHs4PDQryakfnR8R/2e9e+B1y1jqGoC4y58yMIRtGfU03w5dpG8bP
KdpXBETHAB7kg19c/t96HpNlrWr3FtYRq7LtZsZ4z718i6HiLYIwBlCDx/tV+N8Q0Y4LEJLVA6Ch
WcE9ER+NfB3/AAlFxBaXCFopWwpQ/Ln8ulc/f/BXwV8KLaXXU0+PVLrZ5qQIvCP24xXrFodkC7QP
lyV4HBxWAM3aTG4JYmVQcn3r9I4HzR1sIqNrK58zmeGhFu255n4N+KOr+L0uhqlmqeWdkcA4CAcY
A714v8TvAGo/EX4sWukwoI4FkU3J5AXBzivfdd0jTdP1uRrO0WPz4lMuP4qp+FNL0+DxIFjtVHzg
85Jzn3rtzbE+xx9WSXwK5OAo+z63Og8FaF/wgGmWelaHpwijMYWWTkYPvxVuw+JuiWXj+20fV5vI
M04QOGBWQHs2OhrovF8MaaIGQEFgM8n0r5g+IYLawJS7bvtGdwcg8NXzFHNq0a8MXbVvVHq1nGpS
5LH0N4kiXRNY1G680yJEv7ncwI5Ht254r558Sajf2Pjo311E3necH3AnO3P+FerXVxPefDnSp7mZ
ndtqs5PJHPX1rz74xW8MWuK0cYUm3Ulh1zj1r7ecva1Pa99TzI01Y73xFLBpPhuyv9V0RLzSJmzf
wXA3qFPcg9PrWYngb9mqx1Jv7Q0o27XO17aS0HBVhkDjqK9G/ZPSPxh4TurbxPEl9G0bxMlwgIKA
DArkL3wZ4YsvjRb6bbaPGsESny4skqvz46E15uXZhi6eKrVJyum7Jdj2q2HpPCKytodR4M07Sfhn
HNH4UlEsdz915E+YKRVozxQyy3cwjDupfa3HWpr2wtH8QAGAYWQBQOOKNaZvOl/2Jgq8dBnpXxOe
4qrjcTeT3Zz0UoxscZ451K8vreTQrZk824iYBSxCjjA6V558H/hZ408ATsJbkM885dkgjLYXPQmv
QtCt4br4h3bXEe/buZdx4Br1OS1trWe2NvAi7lXdhetfofCOSU6mGjNSs0efXrty5WjL0q0tfFvh
WTw9qdkftHlFkWQc59hXAaJ4Qvv7duPDou0iaKQ7NoG48c8HPFez3FlaxSx3EUCq5yNwHauFv7S3
HxOt9seN1vISQSM/Ka+sxeHo1JQbXU5aMrYnkWx//9lQSwMEFAAGAAgAAAAhAEbZufHjAgAAhggA
ABgAAAB4bC9kcmF3aW5ncy9kcmF3aW5nMS54bWzsVt1u0zAUvkfiHSzfd7GTuPnR0qm0G0KaYELw
AJ7jrBFJHNle1wlxgXgRHgMhwTN0b8RxkraUrdLgBiFxd+Lz6+98n9vjk1VdoaXUplRNhukRwUg2
QuVlc5Xht2/ORjFGxvIm55VqZIZvpcEnk6dPjle5Tm/MXCMo0JgUPjO8sLZNPc+Ihay5OVKtbMBb
KF1zC5/6yss1v4HSdeX5hIw902rJc7OQ0s57Dx7q8T+oVvOywZNuMnujZrKqpo1YKI1kXtqpyTDc
wJ0OMYVWdR8tVDWhx567kjO7CmC8KoqJHwWEka3PHXVurW4mdMhx9ubQBdCYJFHY54Cvy+mK7zpa
te0ySbbVt2cuhflBHLGtb69z4G+r73dOSDiU22u8adeWoo9vlheluNBDw5fLC43KPMM+Rg2vYc3r
z+svdx/vPq2/rb+vvyKKvV1on8hTKHauxDuDGjVb8OZKTk0rhQUWuegeTajch3efe10vq7I9KyuA
m6fOHhb/KBqpoiiFnCtxXcvG9lzSsuIWWGwWZWsw0qmsLyXcSb/IKUYCSGzhYq0uGwsE4Klc2XNj
Bwtd6zLD7/14SkjiPxvNGJmNQhKdjqZJGI0ichqFJIzpjM4+uGwaptdGwvV5NW/LDWdpeI+1dSm0
MqqwR0LVXj/3RgUwNyVex1q05FWGSQdcNxoAuBsRTIeQm9VYLa1YOLMA8F4D4A7snxwd0jtwHalN
61bN01WhgfE8hTHQKsNx7I8ZCP4WFs9oyJLE9e/aIgF+RmlMCQQIiAjiIGYRGybcVGq1sc+lqpEz
AGsYpwOXLwHbfrBNyECJfpZuyC0bRVXCGufc8g1x9vTbU2/v6HGSPqBpxoLI/01NR2OaPKSshyVN
B33++pqwiDJyoLMfHNB06McPviaPFXVwQNS+22X35m1V+i+JGt6q/6K+L2ogKo1C1qs6JEnsh/uq
HsNPWjyI2g+YP/5bou7eAPcXYvIDAAD//wMAUEsDBBQABgAIAAAAIQBS4lwK9AAAALQFAAAnAAAA
eGwvcHJpbnRlclNldHRpbmdzL3ByaW50ZXJTZXR0aW5nczEuYmluimGIYXBnyGfIYShlSGJIZShj
MAeKeDAEMCgw+DAkMhQDxYoYvIBkCVAkgMGQwQAITRlggJGFkeMOww0W5vcN7IwMnGDhFAZGBnaG
CCZGIA0iaQVAJjMBMYjGZgsjBwMJPqGVK4eeuVtYGRgWQKIS7HgQ/w0QgwALEL8RZmA4IYk9zMGK
gAQsTpihAilQMX51mIrBT2NNU1BnT4PSJiR4w0GcgeGRAgPDfyBA1obNHpC8EFQRTB4WpiBhmBiI
DcsDIDYIwNShq4HIouqFiQ1WGhZm2NwHSlPIAJ0PkgOFzWAByPGBy02wuMMmD5MDAAAA//8DAFBL
AwQUAAYACAAAACEAvH0y/1EBAABpAgAAEQAIAWRvY1Byb3BzL2NvcmUueG1sIKIEASigAAEAAAAA
AAAAAAAAAAAAAAAAAAAAAAAAAAAAAAAAAAAAAAAAAAAAAAAAAAAAAAAAAAAAAAAAAAAAAAAAAAAA
AAAAAAAAAAAAAAAAAAAAAAAAAAAAAAAAAAAAAAAAAAAAAAAAAAAAAAAAAAAAAAAAAAAAAAAAAAAA
AAAAAAAAAAAAAAAAAAAAAAAAAAAAAAAAAAAAAAAAAAAAAAAAAAAAAAAAAAAAAAAAAAAAAAAAAAAA
AAAAAAAAAAAAAAAAAAAAAAAAAAAAAAAAAAAAAAAAAAAAAAAAAAAAAAAAAAAAAAAAAAAAAAAAAAAA
AAAAAAAAAAAAAAAAAAAAAAAAAAAAAAAAjJJLS8QwFIX3gv+hZN+maVHG0HZAZTY6IMyI4i4kdzrF
5kGSef1703asHXThMvecfDnnkmJ+lG20B+sarUpEkhRFoLgWjapL9LpexDMUOc+UYK1WUKITODSv
rq8KbijXFl6sNmB9Ay4KJOUoNyXaem8oxo5vQTKXBIcK4kZbyXw42hobxj9ZDThL01sswTPBPMMd
MDYjEZ2Rgo9Is7NtDxAcQwsSlHeYJAT/eD1Y6f680CsTp2z8yYRO57hTtuCDOLqPrhmNh8MhOeR9
jJCf4Pfl86qvGjeq2xUHVBWCU26BeW0rrqXZhccLPBl2C2yZ88uw600D4v5UrcDWcIqetNL7sO59
gX97ArevMcBBRCEYHWp8K2/5w+N6gaosJVmczmKSrzNCs5zm+UcX4eJ+F3QYyHOQfxAzsiaE3tzR
PJsQvwFVn/vyc1RfAAAA//8DAFBLAwQUAAYACAAAACEAG9d/AZYAAACpAAAAEAAAAHhsL2NhbGND
aGFpbi54bWw8jrEKAjEQRHvBfwjbe3teISJJrhAsrfQDQm41gWRzZIPo3xsbm4HHwJvR8zsn9aIq
sbCB/TCCIvZlifw0cL9ddkdQ0hwvLhUmAx8SmO12o71L/hxcZNUNLAZCa+sJUXyg7GQoK3FvHqVm
1zrWJ8payS0SiFpOOI3jAXMXgNVeVQPXCVTsH0ClX6LV+B+xXwAAAP//AwBQSwMEFAAGAAgAAAAh
AAJIyuPmAQAADAQAABAACAFkb2NQcm9wcy9hcHAueG1sIKIEASigAAEAAAAAAAAAAAAAAAAAAAAA
AAAAAAAAAAAAAAAAAAAAAAAAAAAAAAAAAAAAAAAAAAAAAAAAAAAAAAAAAAAAAAAAAAAAAAAAAAAA
AAAAAAAAAAAAAAAAAAAAAAAAAAAAAAAAAAAAAAAAAAAAAAAAAAAAAAAAAAAAAAAAAAAAAAAAAAAA
AAAAAAAAAAAAAAAAAAAAAAAAAAAAAAAAAAAAAAAAAAAAAAAAAAAAAAAAAAAAAAAAAAAAAAAAAAAA
AAAAAAAAAAAAAAAAAAAAAAAAAAAAAAAAAAAAAAAAAAAAAAAAAAAAAAAAAAAAAAAAAAAAAAAAAAAA
AAAAAAAAAAAAAAAAnFPdbtMwFL5H4h0i369Ot4JQ5XhCHWgXICq1271xTlqLxA62F1ru4HYvgLSX
QIiJXWzjFdw34qRZ2nSbkOAiis/3fTk/X47Z4aLIowqsU0YnpN+LSQRamlTpWUJOpq/3XpDIeaFT
kRsNCVmCI4f86RM2tqYE6xW4CFNol5C59+WQUifnUAjXQ1ojkxlbCI+hnVGTZUrCkZFnBWhP9+P4
OYWFB51CulduEpIm47Dy/5s0NbLuz51OlyU2zNnLssyVFB6n5G+VtMaZzEevFhJyRrskw+4mIM+s
8kseM9oN2USKHEaYmGcid8DoFmDHIGrTxkJZx1nlhxVIb2zk1Ge0bUCi98JB3U5CKmGV0B7bqmVN
sD7npfOWh4twtfqy+ro6ZxQFDbg+drXdsxrwg7UAD38V3hX4Fq7DZbgJt+FH+I7vm9V5uIzCz3CF
4W98fiGF4D/U33+8fj1AYwQ2tmvRVPkc3LtsLKx/xLFnXcfWfTd+7XrUlL2zaGNW62C/O8ADtrHs
/rcfP+F/3WjrP9QoEBcu7VI7s92bZmSKUujldtcYbSH2RukP7qScmiPhod2kXZBN5sJCisvX8luA
HeMS2bxOMpoLPYO01Twk6r0/bS437w968UGMK93BGN1eY/4HAAD//wMAUEsBAi0AFAAGAAgAAAAh
ADo/0bisAQAAcwcAABMAAAAAAAAAAAAAAAAAAAAAAFtDb250ZW50X1R5cGVzXS54bWxQSwECLQAU
AAYACAAAACEAtVUwI/UAAABMAgAACwAAAAAAAAAAAAAAAADlAwAAX3JlbHMvLnJlbHNQSwECLQAU
AAYACAAAACEA9PUHOxsBAABZBAAAGgAAAAAAAAAAAAAAAAALBwAAeGwvX3JlbHMvd29ya2Jvb2su
eG1sLnJlbHNQSwECLQAUAAYACAAAACEAGIdwsrYBAAArAwAADwAAAAAAAAAAAAAAAABmCQAAeGwv
d29ya2Jvb2sueG1sUEsBAi0AFAAGAAgAAAAhAGQBvYGzBgAA2hsAABMAAAAAAAAAAAAAAAAASQsA
AHhsL3RoZW1lL3RoZW1lMS54bWxQSwECLQAUAAYACAAAACEAfsGK5WABAAB0AgAAGAAAAAAAAAAA
AAAAAAAtEgAAeGwvd29ya3NoZWV0cy9zaGVldDMueG1sUEsBAi0AFAAGAAgAAAAhAI+qwo7yAwAA
9AkAABgAAAAAAAAAAAAAAAAAwxMAAHhsL3dvcmtzaGVldHMvc2hlZXQyLnhtbFBLAQItABQABgAI
AAAAIQA+9ctuAQEAAG8CAAAjAAAAAAAAAAAAAAAAAOsXAAB4bC93b3Jrc2hlZXRzL19yZWxzL3No
ZWV0Mi54bWwucmVsc1BLAQItABQABgAIAAAAIQDjp/9rygAAAKwBAAAjAAAAAAAAAAAAAAAAAC0Z
AAB4bC9kcmF3aW5ncy9fcmVscy9kcmF3aW5nMS54bWwucmVsc1BLAQItAAoAAAAAAAAAIQD0nufw
eTYAAHk2AAATAAAAAAAAAAAAAAAAADgaAAB4bC9tZWRpYS9pbWFnZTIuanBnUEsBAi0AFAAGAAgA
AAAhAH7BiuVgAQAAdAIAABgAAAAAAAAAAAAAAAAA4lAAAHhsL3dvcmtzaGVldHMvc2hlZXQxLnht
bFBLAQItABQABgAIAAAAIQBqtmLP9wQAAJEUAAANAAAAAAAAAAAAAAAAAHhSAAB4bC9zdHlsZXMu
eG1sUEsBAi0AFAAGAAgAAAAhAJeiYfaLAQAABwYAABQAAAAAAAAAAAAAAAAAmlcAAHhsL3NoYXJl
ZFN0cmluZ3MueG1sUEsBAi0ACgAAAAAAAAAhAD0PYI28sAUAvLAFABQAAAAAAAAAAAAAAAAAV1kA
AHhsL21lZGlhL2ltYWdlMS5qcGVnUEsBAi0AFAAGAAgAAAAhAEbZufHjAgAAhggAABgAAAAAAAAA
AAAAAAAARQoGAHhsL2RyYXdpbmdzL2RyYXdpbmcxLnhtbFBLAQItABQABgAIAAAAIQBS4lwK9AAA
ALQFAAAnAAAAAAAAAAAAAAAAAF4NBgB4bC9wcmludGVyU2V0dGluZ3MvcHJpbnRlclNldHRpbmdz
MS5iaW5QSwECLQAUAAYACAAAACEAvH0y/1EBAABpAgAAEQAAAAAAAAAAAAAAAACXDgYAZG9jUHJv
cHMvY29yZS54bWxQSwECLQAUAAYACAAAACEAG9d/AZYAAACpAAAAEAAAAAAAAAAAAAAAAAAfEQYA
eGwvY2FsY0NoYWluLnhtbFBLAQItABQABgAIAAAAIQACSMrj5gEAAAwEAAAQAAAAAAAAAAAAAAAA
AOMRBgBkb2NQcm9wcy9hcHAueG1sUEsFBgAAAAATABMACgUAAP8UBgAAAA==</string> </value>
        </item>
        <item>
            <key> <string>next</string> </key>
            <value>
              <none/>
            </value>
        </item>
      </dictionary>
    </pickle>
  </record>
</ZopeData>
